42.0 APEX_CODE,FINEST;APEX_PROFILING,INFO;CALLOUT,INFO;DB,INFO;SYSTEM,DEBUG;VALIDATION,INFO;VISUALFORCE,INFO;WAVE,INFO;WORKFLOW,INFO
15:33:51.0 (308312)|USER_INFO|[EXTERNAL]|0051r000007nKPL|assh4884@cunning-goat-277018.com|Greenwich Mean Time|GMTZ
15:33:51.0 (356974)|EXECUTION_STARTED
15:33:51.0 (361621)|CODE_UNIT_STARTED|[EXTERNAL]|Aura
15:33:51.0 (1746482)|CODE_UNIT_STARTED|[EXTERNAL]|01p1r000005a73H|SiteController.getTopics
15:33:51.0 (1934939)|HEAP_ALLOCATE|[72]|Bytes:3
15:33:51.0 (1996035)|HEAP_ALLOCATE|[77]|Bytes:152
15:33:51.0 (2010006)|HEAP_ALLOCATE|[342]|Bytes:408
15:33:51.0 (2022304)|HEAP_ALLOCATE|[355]|Bytes:408
15:33:51.0 (2032582)|HEAP_ALLOCATE|[467]|Bytes:48
15:33:51.0 (2083720)|HEAP_ALLOCATE|[139]|Bytes:6
15:33:51.0 (2103245)|HEAP_ALLOCATE|[EXTERNAL]|Bytes:4
15:33:51.0 (2119953)|HEAP_ALLOCATE|[EXTERNAL]|Bytes:2
15:33:51.0 (2141419)|METHOD_ENTRY|[1]|01p1r000005a73H|SiteController.SiteController()
15:33:51.0 (2148228)|STATEMENT_EXECUTE|[1]
15:33:51.0 (2153814)|STATEMENT_EXECUTE|[1]
15:33:51.0 (2185192)|HEAP_ALLOCATE|[50]|Bytes:5
15:33:51.0 (2207859)|HEAP_ALLOCATE|[56]|Bytes:5
15:33:51.0 (2214349)|HEAP_ALLOCATE|[64]|Bytes:7
15:33:51.0 (2233298)|SYSTEM_MODE_ENTER|false
15:33:51.0 (2246914)|HEAP_ALLOCATE|[EXTERNAL]|Bytes:5
15:33:51.0 (2254593)|SYSTEM_MODE_EXIT|false
15:33:51.0 (2276214)|METHOD_EXIT|[1]|SiteController
15:33:51.0 (2287012)|SYSTEM_MODE_ENTER|false
15:33:51.0 (2300416)|HEAP_ALLOCATE|[6]|Bytes:5
15:33:51.0 (2304208)|STATEMENT_EXECUTE|[4]
15:33:51.0 (2305696)|STATEMENT_EXECUTE|[6]
15:33:51.0 (2308426)|HEAP_ALLOCATE|[6]|Bytes:59
15:33:51.0 (2328348)|HEAP_ALLOCATE|[6]|Bytes:4
15:33:51.0 (3046842)|SOQL_EXECUTE_BEGIN|[6]|Aggregations:0|SELECT Id, Name, Content__c, Date__c, like__c FROM Topic__c
15:33:51.0 (7937300)|SOQL_EXECUTE_END|[6]|Rows:16
15:33:51.0 (7958638)|HEAP_ALLOCATE|[6]|Bytes:68
15:33:51.0 (7989599)|HEAP_ALLOCATE|[6]|Bytes:5833
15:33:51.0 (8034079)|HEAP_ALLOCATE|[6]|Bytes:68
15:33:51.0 (8063487)|SYSTEM_MODE_EXIT|false
15:33:51.8 (8088811)|CUMULATIVE_LIMIT_USAGE
15:33:51.8 (8088811)|LIMIT_USAGE_FOR_NS|(default)|
  Number of SOQL queries: 1 out of 100
  Number of query rows: 16 out of 50000
  Number of SOSL queries: 0 out of 20
  Number of DML statements: 0 out of 150
  Number of DML rows: 0 out of 10000
  Maximum CPU time: 0 out of 10000
  Maximum heap size: 0 out of 6000000
  Number of callouts: 0 out of 100
  Number of Email Invocations: 0 out of 10
  Number of future calls: 0 out of 50
  Number of queueable jobs added to the queue: 0 out of 50
  Number of Mobile Apex push calls: 0 out of 10

15:33:51.8 (8088811)|CUMULATIVE_LIMIT_USAGE_END

15:33:51.0 (8121200)|CODE_UNIT_FINISHED|SiteController.getTopics
15:33:51.0 (8371909)|CODE_UNIT_FINISHED|Aura
15:33:51.0 (9458690)|EXECUTION_FINISHED
