42.0 APEX_CODE,FINEST;APEX_PROFILING,INFO;CALLOUT,INFO;DB,INFO;SYSTEM,DEBUG;VALIDATION,INFO;VISUALFORCE,INFO;WAVE,INFO;WORKFLOW,INFO
15:32:17.0 (330923)|USER_INFO|[EXTERNAL]|0051r000007nKPL|assh4884@cunning-goat-277018.com|Greenwich Mean Time|GMTZ
15:32:17.0 (366635)|EXECUTION_STARTED
15:32:17.0 (370920)|CODE_UNIT_STARTED|[EXTERNAL]|Aura
15:32:17.0 (1975535)|CODE_UNIT_STARTED|[EXTERNAL]|01p1r000005a73H|SiteController.getTopics
15:32:17.0 (2235662)|HEAP_ALLOCATE|[72]|Bytes:3
15:32:17.0 (2284515)|HEAP_ALLOCATE|[77]|Bytes:152
15:32:17.0 (2304154)|HEAP_ALLOCATE|[342]|Bytes:408
15:32:17.0 (2320132)|HEAP_ALLOCATE|[355]|Bytes:408
15:32:17.0 (2331582)|HEAP_ALLOCATE|[467]|Bytes:48
15:32:17.0 (2360639)|HEAP_ALLOCATE|[139]|Bytes:6
15:32:17.0 (2376180)|HEAP_ALLOCATE|[EXTERNAL]|Bytes:4
15:32:17.0 (2381674)|HEAP_ALLOCATE|[EXTERNAL]|Bytes:2
15:32:17.0 (2390838)|METHOD_ENTRY|[1]|01p1r000005a73H|SiteController.SiteController()
15:32:17.0 (2397078)|STATEMENT_EXECUTE|[1]
15:32:17.0 (2401896)|STATEMENT_EXECUTE|[1]
15:32:17.0 (2437567)|HEAP_ALLOCATE|[50]|Bytes:5
15:32:17.0 (2461999)|HEAP_ALLOCATE|[56]|Bytes:5
15:32:17.0 (2469233)|HEAP_ALLOCATE|[64]|Bytes:7
15:32:17.0 (2492301)|SYSTEM_MODE_ENTER|false
15:32:17.0 (2506177)|HEAP_ALLOCATE|[EXTERNAL]|Bytes:5
15:32:17.0 (2513843)|SYSTEM_MODE_EXIT|false
15:32:17.0 (2522393)|METHOD_EXIT|[1]|SiteController
15:32:17.0 (2531537)|SYSTEM_MODE_ENTER|false
15:32:17.0 (2544645)|HEAP_ALLOCATE|[6]|Bytes:5
15:32:17.0 (2549197)|STATEMENT_EXECUTE|[4]
15:32:17.0 (2550940)|STATEMENT_EXECUTE|[6]
15:32:17.0 (2553761)|HEAP_ALLOCATE|[6]|Bytes:59
15:32:17.0 (2571756)|HEAP_ALLOCATE|[6]|Bytes:4
15:32:17.0 (3352973)|SOQL_EXECUTE_BEGIN|[6]|Aggregations:0|SELECT Id, Name, Content__c, Date__c, like__c FROM Topic__c
15:32:17.0 (10592583)|SOQL_EXECUTE_END|[6]|Rows:16
15:32:17.0 (10627119)|HEAP_ALLOCATE|[6]|Bytes:68
15:32:17.0 (10662988)|HEAP_ALLOCATE|[6]|Bytes:5833
15:32:17.0 (10721822)|HEAP_ALLOCATE|[6]|Bytes:68
15:32:17.0 (10743936)|SYSTEM_MODE_EXIT|false
15:32:17.10 (10769039)|CUMULATIVE_LIMIT_USAGE
15:32:17.10 (10769039)|LIMIT_USAGE_FOR_NS|(default)|
  Number of SOQL queries: 1 out of 100
  Number of query rows: 16 out of 50000
  Number of SOSL queries: 0 out of 20
  Number of DML statements: 0 out of 150
  Number of DML rows: 0 out of 10000
  Maximum CPU time: 0 out of 10000
  Maximum heap size: 0 out of 6000000
  Number of callouts: 0 out of 100
  Number of Email Invocations: 0 out of 10
  Number of future calls: 0 out of 50
  Number of queueable jobs added to the queue: 0 out of 50
  Number of Mobile Apex push calls: 0 out of 10

15:32:17.10 (10769039)|CUMULATIVE_LIMIT_USAGE_END

15:32:17.0 (10806561)|CODE_UNIT_FINISHED|SiteController.getTopics
15:32:17.0 (11055879)|CODE_UNIT_FINISHED|Aura
15:32:17.0 (12387813)|EXECUTION_FINISHED
