42.0 APEX_CODE,FINEST;APEX_PROFILING,INFO;CALLOUT,INFO;DB,INFO;SYSTEM,DEBUG;VALIDATION,INFO;VISUALFORCE,INFO;WAVE,INFO;WORKFLOW,INFO
15:23:18.0 (323921)|USER_INFO|[EXTERNAL]|0051r000007nKPL|assh4884@cunning-goat-277018.com|Greenwich Mean Time|GMTZ
15:23:18.0 (356820)|EXECUTION_STARTED
15:23:18.0 (360011)|CODE_UNIT_STARTED|[EXTERNAL]|Aura
15:23:18.0 (1715734)|CODE_UNIT_STARTED|[EXTERNAL]|01p1r000005a73H|SiteController.getTopics
15:23:18.0 (1973471)|HEAP_ALLOCATE|[72]|Bytes:3
15:23:18.0 (2014237)|HEAP_ALLOCATE|[77]|Bytes:152
15:23:18.0 (2033417)|HEAP_ALLOCATE|[342]|Bytes:408
15:23:18.0 (2046050)|HEAP_ALLOCATE|[355]|Bytes:408
15:23:18.0 (2056057)|HEAP_ALLOCATE|[467]|Bytes:48
15:23:18.0 (2083646)|HEAP_ALLOCATE|[139]|Bytes:6
15:23:18.0 (2099081)|HEAP_ALLOCATE|[EXTERNAL]|Bytes:4
15:23:18.0 (2103909)|HEAP_ALLOCATE|[EXTERNAL]|Bytes:2
15:23:18.0 (2116372)|METHOD_ENTRY|[1]|01p1r000005a73H|SiteController.SiteController()
15:23:18.0 (2123414)|STATEMENT_EXECUTE|[1]
15:23:18.0 (2128705)|STATEMENT_EXECUTE|[1]
15:23:18.0 (2162184)|HEAP_ALLOCATE|[50]|Bytes:5
15:23:18.0 (2182803)|HEAP_ALLOCATE|[56]|Bytes:5
15:23:18.0 (2189763)|HEAP_ALLOCATE|[64]|Bytes:7
15:23:18.0 (2213176)|SYSTEM_MODE_ENTER|false
15:23:18.0 (2226532)|HEAP_ALLOCATE|[EXTERNAL]|Bytes:5
15:23:18.0 (2234011)|SYSTEM_MODE_EXIT|false
15:23:18.0 (2241671)|METHOD_EXIT|[1]|SiteController
15:23:18.0 (2252481)|SYSTEM_MODE_ENTER|false
15:23:18.0 (2264285)|HEAP_ALLOCATE|[6]|Bytes:5
15:23:18.0 (2268279)|STATEMENT_EXECUTE|[4]
15:23:18.0 (2269765)|STATEMENT_EXECUTE|[6]
15:23:18.0 (2272715)|HEAP_ALLOCATE|[6]|Bytes:59
15:23:18.0 (2291308)|HEAP_ALLOCATE|[6]|Bytes:4
15:23:18.0 (2558381)|SOQL_EXECUTE_BEGIN|[6]|Aggregations:0|SELECT Id, Name, Content__c, Date__c, like__c FROM Topic__c
15:23:18.0 (7872297)|SOQL_EXECUTE_END|[6]|Rows:16
15:23:18.0 (7903529)|HEAP_ALLOCATE|[6]|Bytes:68
15:23:18.0 (7945567)|HEAP_ALLOCATE|[6]|Bytes:5833
15:23:18.0 (8012226)|HEAP_ALLOCATE|[6]|Bytes:68
15:23:18.0 (8042201)|SYSTEM_MODE_EXIT|false
15:23:18.8 (8075596)|CUMULATIVE_LIMIT_USAGE
15:23:18.8 (8075596)|LIMIT_USAGE_FOR_NS|(default)|
  Number of SOQL queries: 1 out of 100
  Number of query rows: 16 out of 50000
  Number of SOSL queries: 0 out of 20
  Number of DML statements: 0 out of 150
  Number of DML rows: 0 out of 10000
  Maximum CPU time: 0 out of 10000
  Maximum heap size: 0 out of 6000000
  Number of callouts: 0 out of 100
  Number of Email Invocations: 0 out of 10
  Number of future calls: 0 out of 50
  Number of queueable jobs added to the queue: 0 out of 50
  Number of Mobile Apex push calls: 0 out of 10

15:23:18.8 (8075596)|CUMULATIVE_LIMIT_USAGE_END

15:23:18.0 (8115699)|CODE_UNIT_FINISHED|SiteController.getTopics
15:23:18.0 (8379838)|CODE_UNIT_FINISHED|Aura
15:23:18.0 (9573112)|EXECUTION_FINISHED
