42.0 APEX_CODE,FINEST;APEX_PROFILING,INFO;CALLOUT,INFO;DB,INFO;SYSTEM,DEBUG;VALIDATION,INFO;VISUALFORCE,INFO;WAVE,INFO;WORKFLOW,INFO
16:59:39.0 (351698)|USER_INFO|[EXTERNAL]|0051r000007nKPL|assh4884@cunning-goat-277018.com|Greenwich Mean Time|GMTZ
16:59:39.0 (390865)|EXECUTION_STARTED
16:59:39.0 (395222)|CODE_UNIT_STARTED|[EXTERNAL]|Aura
16:59:39.0 (1834014)|CODE_UNIT_STARTED|[EXTERNAL]|01p1r000005a73H|SiteController.getTopics
16:59:39.0 (2110117)|HEAP_ALLOCATE|[72]|Bytes:3
16:59:39.0 (2176274)|HEAP_ALLOCATE|[77]|Bytes:152
16:59:39.0 (2191224)|HEAP_ALLOCATE|[342]|Bytes:408
16:59:39.0 (2203961)|HEAP_ALLOCATE|[355]|Bytes:408
16:59:39.0 (2214587)|HEAP_ALLOCATE|[467]|Bytes:48
16:59:39.0 (2243220)|HEAP_ALLOCATE|[139]|Bytes:6
16:59:39.0 (2258734)|HEAP_ALLOCATE|[EXTERNAL]|Bytes:7
16:59:39.0 (2279094)|HEAP_ALLOCATE|[EXTERNAL]|Bytes:5
16:59:39.0 (2300565)|METHOD_ENTRY|[1]|01p1r000005a73H|SiteController.SiteController()
16:59:39.0 (2307481)|STATEMENT_EXECUTE|[1]
16:59:39.0 (2311897)|STATEMENT_EXECUTE|[1]
16:59:39.0 (2348020)|HEAP_ALLOCATE|[50]|Bytes:5
16:59:39.0 (2371785)|HEAP_ALLOCATE|[56]|Bytes:5
16:59:39.0 (2378753)|HEAP_ALLOCATE|[64]|Bytes:7
16:59:39.0 (2399218)|SYSTEM_MODE_ENTER|false
16:59:39.0 (2414438)|HEAP_ALLOCATE|[EXTERNAL]|Bytes:5
16:59:39.0 (2422350)|SYSTEM_MODE_EXIT|false
16:59:39.0 (2442037)|METHOD_EXIT|[1]|SiteController
16:59:39.0 (2452540)|SYSTEM_MODE_ENTER|false
16:59:39.0 (2465341)|HEAP_ALLOCATE|[6]|Bytes:5
16:59:39.0 (2469388)|STATEMENT_EXECUTE|[4]
16:59:39.0 (2471043)|STATEMENT_EXECUTE|[6]
16:59:39.0 (2473913)|HEAP_ALLOCATE|[6]|Bytes:59
16:59:39.0 (2494746)|HEAP_ALLOCATE|[6]|Bytes:4
16:59:39.0 (3262633)|SOQL_EXECUTE_BEGIN|[6]|Aggregations:0|SELECT Id, Name, Content__c, Date__c, like__c FROM Topic__c
16:59:39.0 (8214844)|SOQL_EXECUTE_END|[6]|Rows:16
16:59:39.0 (8246769)|HEAP_ALLOCATE|[6]|Bytes:68
16:59:39.0 (8278385)|HEAP_ALLOCATE|[6]|Bytes:5896
16:59:39.0 (8342775)|HEAP_ALLOCATE|[6]|Bytes:68
16:59:39.0 (8366626)|SYSTEM_MODE_EXIT|false
16:59:39.8 (8401570)|CUMULATIVE_LIMIT_USAGE
16:59:39.8 (8401570)|LIMIT_USAGE_FOR_NS|(default)|
  Number of SOQL queries: 1 out of 100
  Number of query rows: 16 out of 50000
  Number of SOSL queries: 0 out of 20
  Number of DML statements: 0 out of 150
  Number of DML rows: 0 out of 10000
  Maximum CPU time: 0 out of 10000
  Maximum heap size: 0 out of 6000000
  Number of callouts: 0 out of 100
  Number of Email Invocations: 0 out of 10
  Number of future calls: 0 out of 50
  Number of queueable jobs added to the queue: 0 out of 50
  Number of Mobile Apex push calls: 0 out of 10

16:59:39.8 (8401570)|CUMULATIVE_LIMIT_USAGE_END

16:59:39.0 (8438218)|CODE_UNIT_FINISHED|SiteController.getTopics
16:59:39.0 (8699665)|CODE_UNIT_FINISHED|Aura
16:59:39.0 (9823787)|EXECUTION_FINISHED
