42.0 APEX_CODE,FINEST;APEX_PROFILING,INFO;CALLOUT,INFO;DB,INFO;SYSTEM,DEBUG;VALIDATION,INFO;VISUALFORCE,INFO;WAVE,INFO;WORKFLOW,INFO
16:43:05.0 (71787)|USER_INFO|[EXTERNAL]|0051r000007nKPL|assh4884@cunning-goat-277018.com|Greenwich Mean Time|GMTZ
16:43:05.0 (108978)|EXECUTION_STARTED
16:43:05.0 (114696)|CODE_UNIT_STARTED|[EXTERNAL]|Aura
16:43:05.0 (1155554)|CODE_UNIT_STARTED|[EXTERNAL]|01p1r000005a73H|SiteController.getTopics
16:43:05.0 (1297263)|HEAP_ALLOCATE|[72]|Bytes:3
16:43:05.0 (1342639)|HEAP_ALLOCATE|[77]|Bytes:152
16:43:05.0 (1357461)|HEAP_ALLOCATE|[342]|Bytes:408
16:43:05.0 (1369850)|HEAP_ALLOCATE|[355]|Bytes:408
16:43:05.0 (1380549)|HEAP_ALLOCATE|[467]|Bytes:48
16:43:05.0 (1406344)|HEAP_ALLOCATE|[139]|Bytes:6
16:43:05.0 (1473812)|HEAP_ALLOCATE|[EXTERNAL]|Bytes:7
16:43:05.0 (1478765)|HEAP_ALLOCATE|[EXTERNAL]|Bytes:11
16:43:05.0 (1487827)|METHOD_ENTRY|[1]|01p1r000005a73H|SiteController.SiteController()
16:43:05.0 (1493799)|STATEMENT_EXECUTE|[1]
16:43:05.0 (1497995)|STATEMENT_EXECUTE|[1]
16:43:05.0 (1526925)|HEAP_ALLOCATE|[50]|Bytes:5
16:43:05.0 (1548595)|HEAP_ALLOCATE|[56]|Bytes:5
16:43:05.0 (1555030)|HEAP_ALLOCATE|[64]|Bytes:7
16:43:05.0 (1580322)|SYSTEM_MODE_ENTER|false
16:43:05.0 (1597294)|HEAP_ALLOCATE|[EXTERNAL]|Bytes:5
16:43:05.0 (1604707)|SYSTEM_MODE_EXIT|false
16:43:05.0 (1613176)|METHOD_EXIT|[1]|SiteController
16:43:05.0 (1623659)|SYSTEM_MODE_ENTER|false
16:43:05.0 (1636711)|HEAP_ALLOCATE|[6]|Bytes:5
16:43:05.0 (1640764)|STATEMENT_EXECUTE|[4]
16:43:05.0 (1642183)|STATEMENT_EXECUTE|[6]
16:43:05.0 (1644766)|HEAP_ALLOCATE|[6]|Bytes:59
16:43:05.0 (1665776)|HEAP_ALLOCATE|[6]|Bytes:4
16:43:05.0 (1964541)|SOQL_EXECUTE_BEGIN|[6]|Aggregations:0|SELECT Id, Name, Content__c, Date__c, like__c FROM Topic__c
16:43:05.0 (6740505)|SOQL_EXECUTE_END|[6]|Rows:16
16:43:05.0 (6763630)|HEAP_ALLOCATE|[6]|Bytes:68
16:43:05.0 (6792680)|HEAP_ALLOCATE|[6]|Bytes:5833
16:43:05.0 (6880078)|HEAP_ALLOCATE|[6]|Bytes:68
16:43:05.0 (6894864)|SYSTEM_MODE_EXIT|false
16:43:05.6 (6915838)|CUMULATIVE_LIMIT_USAGE
16:43:05.6 (6915838)|LIMIT_USAGE_FOR_NS|(default)|
  Number of SOQL queries: 1 out of 100
  Number of query rows: 16 out of 50000
  Number of SOSL queries: 0 out of 20
  Number of DML statements: 0 out of 150
  Number of DML rows: 0 out of 10000
  Maximum CPU time: 0 out of 10000
  Maximum heap size: 0 out of 6000000
  Number of callouts: 0 out of 100
  Number of Email Invocations: 0 out of 10
  Number of future calls: 0 out of 50
  Number of queueable jobs added to the queue: 0 out of 50
  Number of Mobile Apex push calls: 0 out of 10

16:43:05.6 (6915838)|CUMULATIVE_LIMIT_USAGE_END

16:43:05.0 (6948274)|CODE_UNIT_FINISHED|SiteController.getTopics
16:43:05.0 (7207287)|CODE_UNIT_FINISHED|Aura
16:43:05.0 (8406530)|EXECUTION_FINISHED
