42.0 APEX_CODE,FINEST;APEX_PROFILING,INFO;CALLOUT,INFO;DB,INFO;SYSTEM,DEBUG;VALIDATION,INFO;VISUALFORCE,INFO;WAVE,INFO;WORKFLOW,INFO
16:35:27.0 (301034)|USER_INFO|[EXTERNAL]|0051r000007nKPL|assh4884@cunning-goat-277018.com|Greenwich Mean Time|GMTZ
16:35:27.0 (337691)|EXECUTION_STARTED
16:35:27.0 (341016)|CODE_UNIT_STARTED|[EXTERNAL]|Aura
16:35:27.0 (1763051)|CODE_UNIT_STARTED|[EXTERNAL]|01p1r000005a73H|SiteController.getTopics
16:35:27.0 (1952108)|HEAP_ALLOCATE|[72]|Bytes:3
16:35:27.0 (2011620)|HEAP_ALLOCATE|[77]|Bytes:152
16:35:27.0 (2074214)|HEAP_ALLOCATE|[342]|Bytes:408
16:35:27.0 (2088467)|HEAP_ALLOCATE|[355]|Bytes:408
16:35:27.0 (2099409)|HEAP_ALLOCATE|[467]|Bytes:48
16:35:27.0 (2125590)|HEAP_ALLOCATE|[139]|Bytes:6
16:35:27.0 (2142240)|HEAP_ALLOCATE|[EXTERNAL]|Bytes:7
16:35:27.0 (2158823)|HEAP_ALLOCATE|[EXTERNAL]|Bytes:5
16:35:27.0 (2362201)|METHOD_ENTRY|[1]|01p1r000005a73H|SiteController.SiteController()
16:35:27.0 (2369538)|STATEMENT_EXECUTE|[1]
16:35:27.0 (2373618)|STATEMENT_EXECUTE|[1]
16:35:27.0 (2399985)|HEAP_ALLOCATE|[50]|Bytes:5
16:35:27.0 (2419988)|HEAP_ALLOCATE|[56]|Bytes:5
16:35:27.0 (2426871)|HEAP_ALLOCATE|[64]|Bytes:7
16:35:27.0 (2446461)|SYSTEM_MODE_ENTER|false
16:35:27.0 (2456721)|HEAP_ALLOCATE|[EXTERNAL]|Bytes:5
16:35:27.0 (2464441)|SYSTEM_MODE_EXIT|false
16:35:27.0 (2487195)|METHOD_EXIT|[1]|SiteController
16:35:27.0 (2497752)|SYSTEM_MODE_ENTER|false
16:35:27.0 (2509284)|HEAP_ALLOCATE|[6]|Bytes:5
16:35:27.0 (2513376)|STATEMENT_EXECUTE|[4]
16:35:27.0 (2515231)|STATEMENT_EXECUTE|[6]
16:35:27.0 (2517942)|HEAP_ALLOCATE|[6]|Bytes:59
16:35:27.0 (2537816)|HEAP_ALLOCATE|[6]|Bytes:4
16:35:27.0 (2855860)|SOQL_EXECUTE_BEGIN|[6]|Aggregations:0|SELECT Id, Name, Content__c, Date__c, like__c FROM Topic__c
16:35:27.0 (8194186)|SOQL_EXECUTE_END|[6]|Rows:16
16:35:27.0 (8222728)|HEAP_ALLOCATE|[6]|Bytes:68
16:35:27.0 (8258344)|HEAP_ALLOCATE|[6]|Bytes:5833
16:35:27.0 (8310554)|HEAP_ALLOCATE|[6]|Bytes:68
16:35:27.0 (8330453)|SYSTEM_MODE_EXIT|false
16:35:27.8 (8356516)|CUMULATIVE_LIMIT_USAGE
16:35:27.8 (8356516)|LIMIT_USAGE_FOR_NS|(default)|
  Number of SOQL queries: 1 out of 100
  Number of query rows: 16 out of 50000
  Number of SOSL queries: 0 out of 20
  Number of DML statements: 0 out of 150
  Number of DML rows: 0 out of 10000
  Maximum CPU time: 0 out of 10000
  Maximum heap size: 0 out of 6000000
  Number of callouts: 0 out of 100
  Number of Email Invocations: 0 out of 10
  Number of future calls: 0 out of 50
  Number of queueable jobs added to the queue: 0 out of 50
  Number of Mobile Apex push calls: 0 out of 10

16:35:27.8 (8356516)|CUMULATIVE_LIMIT_USAGE_END

16:35:27.0 (8392151)|CODE_UNIT_FINISHED|SiteController.getTopics
16:35:27.0 (8633025)|CODE_UNIT_FINISHED|Aura
16:35:27.0 (9786840)|EXECUTION_FINISHED
