42.0 APEX_CODE,FINEST;APEX_PROFILING,INFO;CALLOUT,INFO;DB,INFO;SYSTEM,DEBUG;VALIDATION,INFO;VISUALFORCE,INFO;WAVE,INFO;WORKFLOW,INFO
16:48:00.0 (65713)|USER_INFO|[EXTERNAL]|0051r000007nKPL|assh4884@cunning-goat-277018.com|Greenwich Mean Time|GMTZ
16:48:00.0 (103154)|EXECUTION_STARTED
16:48:00.0 (107078)|CODE_UNIT_STARTED|[EXTERNAL]|Aura
16:48:00.0 (669614)|HEAP_ALLOCATE|[72]|Bytes:3
16:48:00.0 (707022)|HEAP_ALLOCATE|[77]|Bytes:152
16:48:00.0 (721318)|HEAP_ALLOCATE|[342]|Bytes:408
16:48:00.0 (735088)|HEAP_ALLOCATE|[355]|Bytes:408
16:48:00.0 (746668)|HEAP_ALLOCATE|[467]|Bytes:48
16:48:00.0 (768727)|HEAP_ALLOCATE|[139]|Bytes:6
16:48:00.0 (785883)|HEAP_ALLOCATE|[EXTERNAL]|Bytes:18
16:48:00.0 (794050)|HEAP_ALLOCATE|[EXTERNAL]|Bytes:18
16:48:00.0 (1633061)|CODE_UNIT_STARTED|[EXTERNAL]|01p1r000005a73H|SiteController.setLikeField
16:48:00.0 (1715612)|HEAP_ALLOCATE|[EXTERNAL]|Bytes:7
16:48:00.0 (1722590)|HEAP_ALLOCATE|[EXTERNAL]|Bytes:8
16:48:00.0 (1731684)|METHOD_ENTRY|[1]|01p1r000005a73H|SiteController.SiteController()
16:48:00.0 (1737206)|STATEMENT_EXECUTE|[1]
16:48:00.0 (1742128)|STATEMENT_EXECUTE|[1]
16:48:00.0 (1770532)|HEAP_ALLOCATE|[50]|Bytes:5
16:48:00.0 (1792113)|HEAP_ALLOCATE|[56]|Bytes:5
16:48:00.0 (1799818)|HEAP_ALLOCATE|[64]|Bytes:7
16:48:00.0 (1820441)|SYSTEM_MODE_ENTER|false
16:48:00.0 (1830888)|HEAP_ALLOCATE|[EXTERNAL]|Bytes:5
16:48:00.0 (1837315)|SYSTEM_MODE_EXIT|false
16:48:00.0 (1843991)|METHOD_EXIT|[1]|SiteController
16:48:00.0 (1853457)|HEAP_ALLOCATE|[EXTERNAL]|Bytes:18
16:48:00.0 (1861088)|HEAP_ALLOCATE|[EXTERNAL]|Bytes:5
16:48:00.0 (1869224)|SYSTEM_MODE_ENTER|false
16:48:00.0 (1878370)|VARIABLE_SCOPE_BEGIN|[24]|id|String|false|false
16:48:00.0 (1901771)|VARIABLE_ASSIGNMENT|[24]|id|"a001r00000nOgpoAAC"
16:48:00.0 (1908835)|VARIABLE_SCOPE_BEGIN|[24]|likeTopic|Boolean|false|false
16:48:00.0 (1916617)|VARIABLE_ASSIGNMENT|[24]|likeTopic|true
16:48:00.0 (1948055)|HEAP_ALLOCATE|[25]|Bytes:5
16:48:00.0 (1953542)|STATEMENT_EXECUTE|[24]
16:48:00.0 (1955183)|STATEMENT_EXECUTE|[25]
16:48:00.0 (1958111)|HEAP_ALLOCATE|[25]|Bytes:60
16:48:00.0 (1976738)|HEAP_ALLOCATE|[25]|Bytes:4
16:48:00.0 (1987824)|HEAP_ALLOCATE|[25]|Bytes:7
16:48:00.0 (2360053)|SOQL_EXECUTE_BEGIN|[25]|Aggregations:0|SELECT Id, like__c FROM Topic__c WHERE Id = :tmpVar1 LIMIT 1
16:48:00.0 (4362389)|SOQL_EXECUTE_END|[25]|Rows:1
16:48:00.0 (4383058)|HEAP_ALLOCATE|[25]|Bytes:8
16:48:00.0 (4398675)|HEAP_ALLOCATE|[25]|Bytes:44
16:48:00.0 (4490326)|HEAP_ALLOCATE|[25]|Bytes:8
16:48:00.0 (4504207)|VARIABLE_SCOPE_BEGIN|[25]|t|List<Topic__c>|true|false
16:48:00.0 (4529322)|VARIABLE_ASSIGNMENT|[25]|t|[{"Id":"a001r00000nOgpoAAC","like__c":false}]|0x27edbe49
16:48:00.0 (4535176)|STATEMENT_EXECUTE|[27]
16:48:00.0 (4536937)|STATEMENT_EXECUTE|[27]
16:48:00.0 (4538334)|STATEMENT_EXECUTE|[28]
16:48:00.0 (4583237)|HEAP_ALLOCATE|[28]|Bytes:12
16:48:00.0 (4641959)|VARIABLE_ASSIGNMENT|[28]|this.like__c|true|0x7e91c809
16:48:00.0 (4648125)|STATEMENT_EXECUTE|[30]
16:48:00.0 (4692362)|DML_BEGIN|[30]|Op:Upsert|Type:Topic__c|Rows:1
16:48:00.0 (4719263)|HEAP_ALLOCATE|[EXTERNAL]|Bytes:8
16:48:00.0 (23805302)|DML_END|[30]
16:48:00.0 (23908938)|HEAP_ALLOCATE|[EXTERNAL]|Bytes:8
16:48:00.0 (23945646)|STATEMENT_EXECUTE|[31]
16:48:00.0 (23958002)|HEAP_ALLOCATE|[31]|Bytes:6
16:48:00.0 (24042435)|USER_DEBUG|[31]|DEBUG|upsert
16:48:00.0 (24074458)|SYSTEM_MODE_EXIT|false
16:48:00.26 (26452607)|CUMULATIVE_LIMIT_USAGE
16:48:00.26 (26452607)|LIMIT_USAGE_FOR_NS|(default)|
  Number of SOQL queries: 1 out of 100
  Number of query rows: 1 out of 50000
  Number of SOSL queries: 0 out of 20
  Number of DML statements: 1 out of 150
  Number of DML rows: 1 out of 10000
  Maximum CPU time: 0 out of 10000
  Maximum heap size: 0 out of 6000000
  Number of callouts: 0 out of 100
  Number of Email Invocations: 0 out of 10
  Number of future calls: 0 out of 50
  Number of queueable jobs added to the queue: 0 out of 50
  Number of Mobile Apex push calls: 0 out of 10

16:48:00.26 (26452607)|CUMULATIVE_LIMIT_USAGE_END

16:48:00.0 (26505166)|CODE_UNIT_FINISHED|SiteController.setLikeField
16:48:00.0 (26598766)|CODE_UNIT_FINISHED|Aura
16:48:00.0 (27675169)|EXECUTION_FINISHED
