42.0 APEX_CODE,FINEST;APEX_PROFILING,INFO;CALLOUT,INFO;DB,INFO;SYSTEM,DEBUG;VALIDATION,INFO;VISUALFORCE,INFO;WAVE,INFO;WORKFLOW,INFO
15:47:50.0 (413572)|USER_INFO|[EXTERNAL]|0051r000007nKPL|assh4884@cunning-goat-277018.com|Greenwich Mean Time|GMTZ
15:47:50.0 (610663)|EXECUTION_STARTED
15:47:50.0 (615625)|CODE_UNIT_STARTED|[EXTERNAL]|Aura
15:47:50.0 (2173116)|CODE_UNIT_STARTED|[EXTERNAL]|01p1r000007BH1U|ContactController.getContacts
15:47:50.0 (2438461)|HEAP_ALLOCATE|[72]|Bytes:3
15:47:50.0 (2505582)|HEAP_ALLOCATE|[77]|Bytes:152
15:47:50.0 (2543930)|HEAP_ALLOCATE|[342]|Bytes:408
15:47:50.0 (2566016)|HEAP_ALLOCATE|[355]|Bytes:408
15:47:50.0 (2585455)|HEAP_ALLOCATE|[467]|Bytes:48
15:47:50.0 (2644032)|HEAP_ALLOCATE|[139]|Bytes:6
15:47:50.0 (2661357)|HEAP_ALLOCATE|[EXTERNAL]|Bytes:1
15:47:50.0 (2693333)|METHOD_ENTRY|[1]|01p1r000007BH1U|ContactController.ContactController()
15:47:50.0 (2700460)|STATEMENT_EXECUTE|[1]
15:47:50.0 (2704697)|STATEMENT_EXECUTE|[1]
15:47:50.0 (2735473)|HEAP_ALLOCATE|[50]|Bytes:5
15:47:50.0 (2755620)|HEAP_ALLOCATE|[56]|Bytes:5
15:47:50.0 (2763205)|HEAP_ALLOCATE|[64]|Bytes:7
15:47:50.0 (2797943)|SYSTEM_MODE_ENTER|false
15:47:50.0 (2934251)|HEAP_ALLOCATE|[EXTERNAL]|Bytes:5
15:47:50.0 (2945969)|SYSTEM_MODE_EXIT|false
15:47:50.0 (2975433)|METHOD_EXIT|[1]|ContactController
15:47:50.0 (2997042)|SYSTEM_MODE_ENTER|false
15:47:50.0 (3013528)|HEAP_ALLOCATE|[5]|Bytes:5
15:47:50.0 (3021192)|STATEMENT_EXECUTE|[4]
15:47:50.0 (3023683)|STATEMENT_EXECUTE|[5]
15:47:50.0 (3027818)|HEAP_ALLOCATE|[5]|Bytes:69
15:47:50.0 (3047027)|HEAP_ALLOCATE|[5]|Bytes:4
15:47:50.0 (4452981)|SOQL_EXECUTE_BEGIN|[5]|Aggregations:0|SELECT Id, Name, MailingStreet, Phone, Email, LeadSource FROM Contact
15:47:50.0 (23680416)|SOQL_EXECUTE_END|[5]|Rows:20
15:47:50.0 (23709713)|HEAP_ALLOCATE|[5]|Bytes:84
15:47:50.0 (23770820)|HEAP_ALLOCATE|[5]|Bytes:3564
15:47:50.0 (23813836)|HEAP_ALLOCATE|[5]|Bytes:84
15:47:50.0 (23830542)|VARIABLE_SCOPE_BEGIN|[5]|contacts|List<Contact>|true|false
15:47:50.0 (23863617)|VARIABLE_ASSIGNMENT|[5]|contacts|"List of size 20 too large to display"|0x652af93b
15:47:50.0 (23871051)|STATEMENT_EXECUTE|[9]
15:47:50.0 (23896163)|SYSTEM_MODE_EXIT|false
15:47:50.23 (23922064)|CUMULATIVE_LIMIT_USAGE
15:47:50.23 (23922064)|LIMIT_USAGE_FOR_NS|(default)|
  Number of SOQL queries: 1 out of 100
  Number of query rows: 20 out of 50000
  Number of SOSL queries: 0 out of 20
  Number of DML statements: 0 out of 150
  Number of DML rows: 0 out of 10000
  Maximum CPU time: 0 out of 10000
  Maximum heap size: 0 out of 6000000
  Number of callouts: 0 out of 100
  Number of Email Invocations: 0 out of 10
  Number of future calls: 0 out of 50
  Number of queueable jobs added to the queue: 0 out of 50
  Number of Mobile Apex push calls: 0 out of 10

15:47:50.23 (23922064)|CUMULATIVE_LIMIT_USAGE_END

15:47:50.0 (23965167)|CODE_UNIT_FINISHED|ContactController.getContacts
15:47:50.0 (24173379)|CODE_UNIT_FINISHED|Aura
15:47:50.0 (25340411)|EXECUTION_FINISHED
