42.0 APEX_CODE,FINEST;APEX_PROFILING,INFO;CALLOUT,INFO;DB,INFO;SYSTEM,DEBUG;VALIDATION,INFO;VISUALFORCE,INFO;WAVE,INFO;WORKFLOW,INFO
15:50:24.0 (359962)|USER_INFO|[EXTERNAL]|0051r000007nKPL|assh4884@cunning-goat-277018.com|Greenwich Mean Time|GMTZ
15:50:24.0 (397864)|EXECUTION_STARTED
15:50:24.0 (403294)|CODE_UNIT_STARTED|[EXTERNAL]|Aura
15:50:24.0 (2013225)|CODE_UNIT_STARTED|[EXTERNAL]|01p1r000005a73H|SiteController.getTopics
15:50:24.0 (2249669)|HEAP_ALLOCATE|[72]|Bytes:3
15:50:24.0 (2303032)|HEAP_ALLOCATE|[77]|Bytes:152
15:50:24.0 (2319241)|HEAP_ALLOCATE|[342]|Bytes:408
15:50:24.0 (2331780)|HEAP_ALLOCATE|[355]|Bytes:408
15:50:24.0 (2342287)|HEAP_ALLOCATE|[467]|Bytes:48
15:50:24.0 (2371236)|HEAP_ALLOCATE|[139]|Bytes:6
15:50:24.0 (2397189)|HEAP_ALLOCATE|[EXTERNAL]|Bytes:4
15:50:24.0 (2403163)|HEAP_ALLOCATE|[EXTERNAL]|Bytes:2
15:50:24.0 (2413740)|METHOD_ENTRY|[1]|01p1r000005a73H|SiteController.SiteController()
15:50:24.0 (2420017)|STATEMENT_EXECUTE|[1]
15:50:24.0 (2426153)|STATEMENT_EXECUTE|[1]
15:50:24.0 (2453503)|HEAP_ALLOCATE|[50]|Bytes:5
15:50:24.0 (2472892)|HEAP_ALLOCATE|[56]|Bytes:5
15:50:24.0 (2480377)|HEAP_ALLOCATE|[64]|Bytes:7
15:50:24.0 (2500953)|SYSTEM_MODE_ENTER|false
15:50:24.0 (2513296)|HEAP_ALLOCATE|[EXTERNAL]|Bytes:5
15:50:24.0 (2519455)|SYSTEM_MODE_EXIT|false
15:50:24.0 (2527709)|METHOD_EXIT|[1]|SiteController
15:50:24.0 (2537464)|SYSTEM_MODE_ENTER|false
15:50:24.0 (2549223)|HEAP_ALLOCATE|[6]|Bytes:5
15:50:24.0 (2553174)|STATEMENT_EXECUTE|[4]
15:50:24.0 (2554740)|STATEMENT_EXECUTE|[6]
15:50:24.0 (2557612)|HEAP_ALLOCATE|[6]|Bytes:59
15:50:24.0 (2574913)|HEAP_ALLOCATE|[6]|Bytes:4
15:50:24.0 (3553583)|SOQL_EXECUTE_BEGIN|[6]|Aggregations:0|SELECT Id, Name, Content__c, Date__c, like__c FROM Topic__c
15:50:24.0 (10034018)|SOQL_EXECUTE_END|[6]|Rows:16
15:50:24.0 (10079475)|HEAP_ALLOCATE|[6]|Bytes:68
15:50:24.0 (10129018)|HEAP_ALLOCATE|[6]|Bytes:5833
15:50:24.0 (10195739)|HEAP_ALLOCATE|[6]|Bytes:68
15:50:24.0 (10226768)|SYSTEM_MODE_EXIT|false
15:50:24.10 (10264204)|CUMULATIVE_LIMIT_USAGE
15:50:24.10 (10264204)|LIMIT_USAGE_FOR_NS|(default)|
  Number of SOQL queries: 1 out of 100
  Number of query rows: 16 out of 50000
  Number of SOSL queries: 0 out of 20
  Number of DML statements: 0 out of 150
  Number of DML rows: 0 out of 10000
  Maximum CPU time: 0 out of 10000
  Maximum heap size: 0 out of 6000000
  Number of callouts: 0 out of 100
  Number of Email Invocations: 0 out of 10
  Number of future calls: 0 out of 50
  Number of queueable jobs added to the queue: 0 out of 50
  Number of Mobile Apex push calls: 0 out of 10

15:50:24.10 (10264204)|CUMULATIVE_LIMIT_USAGE_END

15:50:24.0 (10306183)|CODE_UNIT_FINISHED|SiteController.getTopics
15:50:24.0 (10747467)|CODE_UNIT_FINISHED|Aura
15:50:24.0 (12420744)|EXECUTION_FINISHED
