42.0 APEX_CODE,FINEST;APEX_PROFILING,INFO;CALLOUT,INFO;DB,INFO;SYSTEM,DEBUG;VALIDATION,INFO;VISUALFORCE,INFO;WAVE,INFO;WORKFLOW,INFO
16:41:11.0 (63562)|USER_INFO|[EXTERNAL]|0051r000007nKPL|assh4884@cunning-goat-277018.com|Greenwich Mean Time|GMTZ
16:41:11.0 (98305)|EXECUTION_STARTED
16:41:11.0 (102547)|CODE_UNIT_STARTED|[EXTERNAL]|Aura
16:41:11.0 (1196340)|CODE_UNIT_STARTED|[EXTERNAL]|01p1r000005a73H|SiteController.getTopics
16:41:11.0 (1418160)|HEAP_ALLOCATE|[72]|Bytes:3
16:41:11.0 (1455817)|HEAP_ALLOCATE|[77]|Bytes:152
16:41:11.0 (1469943)|HEAP_ALLOCATE|[342]|Bytes:408
16:41:11.0 (1481477)|HEAP_ALLOCATE|[355]|Bytes:408
16:41:11.0 (1492245)|HEAP_ALLOCATE|[467]|Bytes:48
16:41:11.0 (1522803)|HEAP_ALLOCATE|[139]|Bytes:6
16:41:11.0 (1538205)|HEAP_ALLOCATE|[EXTERNAL]|Bytes:7
16:41:11.0 (1543183)|HEAP_ALLOCATE|[EXTERNAL]|Bytes:8
16:41:11.0 (1551537)|METHOD_ENTRY|[1]|01p1r000005a73H|SiteController.SiteController()
16:41:11.0 (1557805)|STATEMENT_EXECUTE|[1]
16:41:11.0 (1562654)|STATEMENT_EXECUTE|[1]
16:41:11.0 (1591510)|HEAP_ALLOCATE|[50]|Bytes:5
16:41:11.0 (1612639)|HEAP_ALLOCATE|[56]|Bytes:5
16:41:11.0 (1619768)|HEAP_ALLOCATE|[64]|Bytes:7
16:41:11.0 (1641332)|SYSTEM_MODE_ENTER|false
16:41:11.0 (1653113)|HEAP_ALLOCATE|[EXTERNAL]|Bytes:5
16:41:11.0 (1660375)|SYSTEM_MODE_EXIT|false
16:41:11.0 (1668215)|METHOD_EXIT|[1]|SiteController
16:41:11.0 (1677972)|SYSTEM_MODE_ENTER|false
16:41:11.0 (1689754)|HEAP_ALLOCATE|[6]|Bytes:5
16:41:11.0 (1694233)|STATEMENT_EXECUTE|[4]
16:41:11.0 (1695609)|STATEMENT_EXECUTE|[6]
16:41:11.0 (1698158)|HEAP_ALLOCATE|[6]|Bytes:59
16:41:11.0 (1714233)|HEAP_ALLOCATE|[6]|Bytes:4
16:41:11.0 (2005466)|SOQL_EXECUTE_BEGIN|[6]|Aggregations:0|SELECT Id, Name, Content__c, Date__c, like__c FROM Topic__c
16:41:11.0 (7148784)|SOQL_EXECUTE_END|[6]|Rows:16
16:41:11.0 (7184567)|HEAP_ALLOCATE|[6]|Bytes:68
16:41:11.0 (7225893)|HEAP_ALLOCATE|[6]|Bytes:5833
16:41:11.0 (7289567)|HEAP_ALLOCATE|[6]|Bytes:68
16:41:11.0 (7312218)|SYSTEM_MODE_EXIT|false
16:41:11.7 (7345931)|CUMULATIVE_LIMIT_USAGE
16:41:11.7 (7345931)|LIMIT_USAGE_FOR_NS|(default)|
  Number of SOQL queries: 1 out of 100
  Number of query rows: 16 out of 50000
  Number of SOSL queries: 0 out of 20
  Number of DML statements: 0 out of 150
  Number of DML rows: 0 out of 10000
  Maximum CPU time: 0 out of 10000
  Maximum heap size: 0 out of 6000000
  Number of callouts: 0 out of 100
  Number of Email Invocations: 0 out of 10
  Number of future calls: 0 out of 50
  Number of queueable jobs added to the queue: 0 out of 50
  Number of Mobile Apex push calls: 0 out of 10

16:41:11.7 (7345931)|CUMULATIVE_LIMIT_USAGE_END

16:41:11.0 (7386471)|CODE_UNIT_FINISHED|SiteController.getTopics
16:41:11.0 (7673754)|CODE_UNIT_FINISHED|Aura
16:41:11.0 (8785734)|EXECUTION_FINISHED
