42.0 APEX_CODE,FINEST;APEX_PROFILING,INFO;CALLOUT,INFO;DB,INFO;SYSTEM,DEBUG;VALIDATION,INFO;VISUALFORCE,INFO;WAVE,INFO;WORKFLOW,INFO
16:41:03.0 (416339)|USER_INFO|[EXTERNAL]|0051r000007nKPL|assh4884@cunning-goat-277018.com|Greenwich Mean Time|GMTZ
16:41:03.0 (462960)|EXECUTION_STARTED
16:41:03.0 (468562)|CODE_UNIT_STARTED|[EXTERNAL]|Aura
16:41:03.0 (2187069)|CODE_UNIT_STARTED|[EXTERNAL]|01p1r000005a73H|SiteController.getTopics
16:41:03.0 (2397157)|HEAP_ALLOCATE|[72]|Bytes:3
16:41:03.0 (2464772)|HEAP_ALLOCATE|[77]|Bytes:152
16:41:03.0 (2481278)|HEAP_ALLOCATE|[342]|Bytes:408
16:41:03.0 (2495064)|HEAP_ALLOCATE|[355]|Bytes:408
16:41:03.0 (2505705)|HEAP_ALLOCATE|[467]|Bytes:48
16:41:03.0 (2538354)|HEAP_ALLOCATE|[139]|Bytes:6
16:41:03.0 (2556799)|HEAP_ALLOCATE|[EXTERNAL]|Bytes:7
16:41:03.0 (2578256)|HEAP_ALLOCATE|[EXTERNAL]|Bytes:8
16:41:03.0 (2599219)|METHOD_ENTRY|[1]|01p1r000005a73H|SiteController.SiteController()
16:41:03.0 (2605930)|STATEMENT_EXECUTE|[1]
16:41:03.0 (2611178)|STATEMENT_EXECUTE|[1]
16:41:03.0 (2641217)|HEAP_ALLOCATE|[50]|Bytes:5
16:41:03.0 (2663492)|HEAP_ALLOCATE|[56]|Bytes:5
16:41:03.0 (2670846)|HEAP_ALLOCATE|[64]|Bytes:7
16:41:03.0 (2689623)|SYSTEM_MODE_ENTER|false
16:41:03.0 (2702236)|HEAP_ALLOCATE|[EXTERNAL]|Bytes:5
16:41:03.0 (2709653)|SYSTEM_MODE_EXIT|false
16:41:03.0 (2729461)|METHOD_EXIT|[1]|SiteController
16:41:03.0 (2740852)|SYSTEM_MODE_ENTER|false
16:41:03.0 (2752993)|HEAP_ALLOCATE|[6]|Bytes:5
16:41:03.0 (2757288)|STATEMENT_EXECUTE|[4]
16:41:03.0 (2758925)|STATEMENT_EXECUTE|[6]
16:41:03.0 (2761736)|HEAP_ALLOCATE|[6]|Bytes:59
16:41:03.0 (2781063)|HEAP_ALLOCATE|[6]|Bytes:4
16:41:03.0 (3089750)|SOQL_EXECUTE_BEGIN|[6]|Aggregations:0|SELECT Id, Name, Content__c, Date__c, like__c FROM Topic__c
16:41:03.0 (9151965)|SOQL_EXECUTE_END|[6]|Rows:16
16:41:03.0 (9179995)|HEAP_ALLOCATE|[6]|Bytes:68
16:41:03.0 (9212022)|HEAP_ALLOCATE|[6]|Bytes:5833
16:41:03.0 (9257684)|HEAP_ALLOCATE|[6]|Bytes:68
16:41:03.0 (9274442)|SYSTEM_MODE_EXIT|false
16:41:03.9 (9303386)|CUMULATIVE_LIMIT_USAGE
16:41:03.9 (9303386)|LIMIT_USAGE_FOR_NS|(default)|
  Number of SOQL queries: 1 out of 100
  Number of query rows: 16 out of 50000
  Number of SOSL queries: 0 out of 20
  Number of DML statements: 0 out of 150
  Number of DML rows: 0 out of 10000
  Maximum CPU time: 0 out of 10000
  Maximum heap size: 0 out of 6000000
  Number of callouts: 0 out of 100
  Number of Email Invocations: 0 out of 10
  Number of future calls: 0 out of 50
  Number of queueable jobs added to the queue: 0 out of 50
  Number of Mobile Apex push calls: 0 out of 10

16:41:03.9 (9303386)|CUMULATIVE_LIMIT_USAGE_END

16:41:03.0 (9336514)|CODE_UNIT_FINISHED|SiteController.getTopics
16:41:03.0 (9616679)|CODE_UNIT_FINISHED|Aura
16:41:03.0 (10850171)|EXECUTION_FINISHED
