42.0 APEX_CODE,FINEST;APEX_PROFILING,INFO;CALLOUT,INFO;DB,INFO;SYSTEM,DEBUG;VALIDATION,INFO;VISUALFORCE,INFO;WAVE,INFO;WORKFLOW,INFO
16:44:26.0 (298598)|USER_INFO|[EXTERNAL]|0051r000007nKPL|assh4884@cunning-goat-277018.com|Greenwich Mean Time|GMTZ
16:44:26.0 (332559)|EXECUTION_STARTED
16:44:26.0 (336802)|CODE_UNIT_STARTED|[EXTERNAL]|Aura
16:44:26.0 (19512225)|CODE_UNIT_STARTED|[EXTERNAL]|01p1r000005a73H|SiteController.getTopics
16:44:26.0 (19724687)|HEAP_ALLOCATE|[72]|Bytes:3
16:44:26.0 (19779937)|HEAP_ALLOCATE|[77]|Bytes:152
16:44:26.0 (19794448)|HEAP_ALLOCATE|[342]|Bytes:408
16:44:26.0 (19807097)|HEAP_ALLOCATE|[355]|Bytes:408
16:44:26.0 (19817956)|HEAP_ALLOCATE|[467]|Bytes:48
16:44:26.0 (19845076)|HEAP_ALLOCATE|[139]|Bytes:6
16:44:26.0 (19862947)|HEAP_ALLOCATE|[EXTERNAL]|Bytes:7
16:44:26.0 (19890740)|HEAP_ALLOCATE|[EXTERNAL]|Bytes:11
16:44:26.0 (19901151)|METHOD_ENTRY|[1]|01p1r000005a73H|SiteController.SiteController()
16:44:26.0 (19907717)|STATEMENT_EXECUTE|[1]
16:44:26.0 (19911848)|STATEMENT_EXECUTE|[1]
16:44:26.0 (19942721)|HEAP_ALLOCATE|[50]|Bytes:5
16:44:26.0 (19962863)|HEAP_ALLOCATE|[56]|Bytes:5
16:44:26.0 (19969745)|HEAP_ALLOCATE|[64]|Bytes:7
16:44:26.0 (19991538)|SYSTEM_MODE_ENTER|false
16:44:26.0 (20004248)|HEAP_ALLOCATE|[EXTERNAL]|Bytes:5
16:44:26.0 (20013173)|SYSTEM_MODE_EXIT|false
16:44:26.0 (20020876)|METHOD_EXIT|[1]|SiteController
16:44:26.0 (20030318)|SYSTEM_MODE_ENTER|false
16:44:26.0 (20041928)|HEAP_ALLOCATE|[6]|Bytes:5
16:44:26.0 (20046059)|STATEMENT_EXECUTE|[4]
16:44:26.0 (20047637)|STATEMENT_EXECUTE|[6]
16:44:26.0 (20050142)|HEAP_ALLOCATE|[6]|Bytes:59
16:44:26.0 (20067039)|HEAP_ALLOCATE|[6]|Bytes:4
16:44:26.0 (21089827)|SOQL_EXECUTE_BEGIN|[6]|Aggregations:0|SELECT Id, Name, Content__c, Date__c, like__c FROM Topic__c
16:44:26.0 (28016484)|SOQL_EXECUTE_END|[6]|Rows:16
16:44:26.0 (28043027)|HEAP_ALLOCATE|[6]|Bytes:68
16:44:26.0 (28072590)|HEAP_ALLOCATE|[6]|Bytes:5833
16:44:26.0 (28120550)|HEAP_ALLOCATE|[6]|Bytes:68
16:44:26.0 (28137676)|SYSTEM_MODE_EXIT|false
16:44:26.28 (28170019)|CUMULATIVE_LIMIT_USAGE
16:44:26.28 (28170019)|LIMIT_USAGE_FOR_NS|(default)|
  Number of SOQL queries: 1 out of 100
  Number of query rows: 16 out of 50000
  Number of SOSL queries: 0 out of 20
  Number of DML statements: 0 out of 150
  Number of DML rows: 0 out of 10000
  Maximum CPU time: 0 out of 10000
  Maximum heap size: 0 out of 6000000
  Number of callouts: 0 out of 100
  Number of Email Invocations: 0 out of 10
  Number of future calls: 0 out of 50
  Number of queueable jobs added to the queue: 0 out of 50
  Number of Mobile Apex push calls: 0 out of 10

16:44:26.28 (28170019)|CUMULATIVE_LIMIT_USAGE_END

16:44:26.0 (28220098)|CODE_UNIT_FINISHED|SiteController.getTopics
16:44:26.0 (28506780)|CODE_UNIT_FINISHED|Aura
16:44:26.0 (29705120)|EXECUTION_FINISHED
