42.0 APEX_CODE,FINEST;APEX_PROFILING,INFO;CALLOUT,INFO;DB,INFO;SYSTEM,DEBUG;VALIDATION,INFO;VISUALFORCE,INFO;WAVE,INFO;WORKFLOW,INFO
16:59:20.0 (286725)|USER_INFO|[EXTERNAL]|0051r000007nKPL|assh4884@cunning-goat-277018.com|Greenwich Mean Time|GMTZ
16:59:20.0 (316276)|EXECUTION_STARTED
16:59:20.0 (319285)|CODE_UNIT_STARTED|[EXTERNAL]|Aura
16:59:20.0 (1686076)|CODE_UNIT_STARTED|[EXTERNAL]|01p1r000005a73H|SiteController.getTopics
16:59:20.0 (1877596)|HEAP_ALLOCATE|[72]|Bytes:3
16:59:20.0 (1938309)|HEAP_ALLOCATE|[77]|Bytes:152
16:59:20.0 (1952610)|HEAP_ALLOCATE|[342]|Bytes:408
16:59:20.0 (1965063)|HEAP_ALLOCATE|[355]|Bytes:408
16:59:20.0 (1975031)|HEAP_ALLOCATE|[467]|Bytes:48
16:59:20.0 (2000789)|HEAP_ALLOCATE|[139]|Bytes:6
16:59:20.0 (2018568)|HEAP_ALLOCATE|[EXTERNAL]|Bytes:7
16:59:20.0 (2037328)|HEAP_ALLOCATE|[EXTERNAL]|Bytes:5
16:59:20.0 (2061431)|METHOD_ENTRY|[1]|01p1r000005a73H|SiteController.SiteController()
16:59:20.0 (2067741)|STATEMENT_EXECUTE|[1]
16:59:20.0 (2072295)|STATEMENT_EXECUTE|[1]
16:59:20.0 (2103235)|HEAP_ALLOCATE|[50]|Bytes:5
16:59:20.0 (2123422)|HEAP_ALLOCATE|[56]|Bytes:5
16:59:20.0 (2130091)|HEAP_ALLOCATE|[64]|Bytes:7
16:59:20.0 (2149253)|SYSTEM_MODE_ENTER|false
16:59:20.0 (2161715)|HEAP_ALLOCATE|[EXTERNAL]|Bytes:5
16:59:20.0 (2168211)|SYSTEM_MODE_EXIT|false
16:59:20.0 (2186581)|METHOD_EXIT|[1]|SiteController
16:59:20.0 (2196880)|SYSTEM_MODE_ENTER|false
16:59:20.0 (2207575)|HEAP_ALLOCATE|[6]|Bytes:5
16:59:20.0 (2211593)|STATEMENT_EXECUTE|[4]
16:59:20.0 (2213212)|STATEMENT_EXECUTE|[6]
16:59:20.0 (2216224)|HEAP_ALLOCATE|[6]|Bytes:59
16:59:20.0 (2236418)|HEAP_ALLOCATE|[6]|Bytes:4
16:59:20.0 (2492972)|SOQL_EXECUTE_BEGIN|[6]|Aggregations:0|SELECT Id, Name, Content__c, Date__c, like__c FROM Topic__c
16:59:20.0 (7455831)|SOQL_EXECUTE_END|[6]|Rows:16
16:59:20.0 (7477520)|HEAP_ALLOCATE|[6]|Bytes:68
16:59:20.0 (7508329)|HEAP_ALLOCATE|[6]|Bytes:5861
16:59:20.0 (7557034)|HEAP_ALLOCATE|[6]|Bytes:68
16:59:20.0 (7572753)|SYSTEM_MODE_EXIT|false
16:59:20.7 (7595419)|CUMULATIVE_LIMIT_USAGE
16:59:20.7 (7595419)|LIMIT_USAGE_FOR_NS|(default)|
  Number of SOQL queries: 1 out of 100
  Number of query rows: 16 out of 50000
  Number of SOSL queries: 0 out of 20
  Number of DML statements: 0 out of 150
  Number of DML rows: 0 out of 10000
  Maximum CPU time: 0 out of 10000
  Maximum heap size: 0 out of 6000000
  Number of callouts: 0 out of 100
  Number of Email Invocations: 0 out of 10
  Number of future calls: 0 out of 50
  Number of queueable jobs added to the queue: 0 out of 50
  Number of Mobile Apex push calls: 0 out of 10

16:59:20.7 (7595419)|CUMULATIVE_LIMIT_USAGE_END

16:59:20.0 (7625716)|CODE_UNIT_FINISHED|SiteController.getTopics
16:59:20.0 (7866976)|CODE_UNIT_FINISHED|Aura
16:59:20.0 (8939917)|EXECUTION_FINISHED
