42.0 APEX_CODE,FINEST;APEX_PROFILING,INFO;CALLOUT,INFO;DB,INFO;SYSTEM,DEBUG;VALIDATION,INFO;VISUALFORCE,INFO;WAVE,INFO;WORKFLOW,INFO
16:57:06.0 (94216)|USER_INFO|[EXTERNAL]|0051r000007nKPL|assh4884@cunning-goat-277018.com|Greenwich Mean Time|GMTZ
16:57:06.0 (145193)|EXECUTION_STARTED
16:57:06.0 (150949)|CODE_UNIT_STARTED|[EXTERNAL]|Aura
16:57:06.0 (1215474)|CODE_UNIT_STARTED|[EXTERNAL]|01p1r000005a73H|SiteController.getTopics
16:57:06.0 (1530408)|HEAP_ALLOCATE|[72]|Bytes:3
16:57:06.0 (1586103)|HEAP_ALLOCATE|[77]|Bytes:152
16:57:06.0 (1610536)|HEAP_ALLOCATE|[342]|Bytes:408
16:57:06.0 (1631247)|HEAP_ALLOCATE|[355]|Bytes:408
16:57:06.0 (1649467)|HEAP_ALLOCATE|[467]|Bytes:48
16:57:06.0 (1687162)|HEAP_ALLOCATE|[139]|Bytes:6
16:57:06.0 (1712076)|HEAP_ALLOCATE|[EXTERNAL]|Bytes:7
16:57:06.0 (1720005)|HEAP_ALLOCATE|[EXTERNAL]|Bytes:5
16:57:06.0 (1731683)|METHOD_ENTRY|[1]|01p1r000005a73H|SiteController.SiteController()
16:57:06.0 (1739628)|STATEMENT_EXECUTE|[1]
16:57:06.0 (1746518)|STATEMENT_EXECUTE|[1]
16:57:06.0 (1790648)|HEAP_ALLOCATE|[50]|Bytes:5
16:57:06.0 (1823002)|HEAP_ALLOCATE|[56]|Bytes:5
16:57:06.0 (1835174)|HEAP_ALLOCATE|[64]|Bytes:7
16:57:06.0 (1866529)|SYSTEM_MODE_ENTER|false
16:57:06.0 (1885667)|HEAP_ALLOCATE|[EXTERNAL]|Bytes:5
16:57:06.0 (1896413)|SYSTEM_MODE_EXIT|false
16:57:06.0 (1907586)|METHOD_EXIT|[1]|SiteController
16:57:06.0 (1923132)|SYSTEM_MODE_ENTER|false
16:57:06.0 (1942153)|HEAP_ALLOCATE|[6]|Bytes:5
16:57:06.0 (1947501)|STATEMENT_EXECUTE|[4]
16:57:06.0 (1949913)|STATEMENT_EXECUTE|[6]
16:57:06.0 (1953392)|HEAP_ALLOCATE|[6]|Bytes:59
16:57:06.0 (1978096)|HEAP_ALLOCATE|[6]|Bytes:4
16:57:06.0 (2403038)|SOQL_EXECUTE_BEGIN|[6]|Aggregations:0|SELECT Id, Name, Content__c, Date__c, like__c FROM Topic__c
16:57:06.0 (7991064)|SOQL_EXECUTE_END|[6]|Rows:16
16:57:06.0 (8015800)|HEAP_ALLOCATE|[6]|Bytes:68
16:57:06.0 (8048466)|HEAP_ALLOCATE|[6]|Bytes:5833
16:57:06.0 (8112043)|HEAP_ALLOCATE|[6]|Bytes:68
16:57:06.0 (8134269)|SYSTEM_MODE_EXIT|false
16:57:06.8 (8169110)|CUMULATIVE_LIMIT_USAGE
16:57:06.8 (8169110)|LIMIT_USAGE_FOR_NS|(default)|
  Number of SOQL queries: 1 out of 100
  Number of query rows: 16 out of 50000
  Number of SOSL queries: 0 out of 20
  Number of DML statements: 0 out of 150
  Number of DML rows: 0 out of 10000
  Maximum CPU time: 0 out of 10000
  Maximum heap size: 0 out of 6000000
  Number of callouts: 0 out of 100
  Number of Email Invocations: 0 out of 10
  Number of future calls: 0 out of 50
  Number of queueable jobs added to the queue: 0 out of 50
  Number of Mobile Apex push calls: 0 out of 10

16:57:06.8 (8169110)|CUMULATIVE_LIMIT_USAGE_END

16:57:06.0 (8212811)|CODE_UNIT_FINISHED|SiteController.getTopics
16:57:06.0 (8520181)|CODE_UNIT_FINISHED|Aura
16:57:06.0 (9747205)|EXECUTION_FINISHED
.0 (6995835)|STATEMENT_EXECUTE|[27]
16:57:06.0 (7039263)|HEAP_ALLOCATE|[27]|Bytes:12
16:57:06.0 (7102559)|VARIABLE_ASSIGNMENT|[27]|this.like__c|false|0x7abac8df
16:57:06.0 (7109070)|STATEMENT_EXECUTE|[28]
16:57:06.0 (7153592)|DML_BEGIN|[28]|Op:Update|Type:Topic__c|Rows:1
16:57:06.0 (7179527)|HEAP_ALLOCATE|[EXTERNAL]|Bytes:8
16:57:06.0 (26656169)|DML_END|[28]
16:57:06.0 (26715968)|HEAP_ALLOCATE|[EXTERNAL]|Bytes:8
16:57:06.0 (26739856)|SYSTEM_MODE_EXIT|false
16:57:06.29 (29706876)|CUMULATIVE_LIMIT_USAGE
16:57:06.29 (29706876)|LIMIT_USAGE_FOR_NS|(default)|
  Number of SOQL queries: 1 out of 100
  Number of query rows: 1 out of 50000
  Number of SOSL queries: 0 out of 20
  Number of DML statements: 1 out of 150
  Number of DML rows: 1 out of 10000
  Maximum CPU time: 0 out of 10000
  Maximum heap size: 0 out of 6000000
  Number of callouts: 0 out of 100
  Number of Email Invocations: 0 out of 10
  Number of future calls: 0 out of 50
  Number of queueable jobs added to the queue: 0 out of 50
  Number of Mobile Apex push calls: 0 out of 10

16:57:06.29 (29706876)|CUMULATIVE_LIMIT_USAGE_END

16:57:06.0 (29744673)|CODE_UNIT_FINISHED|SiteController.setLikeField
16:57:06.0 (29807481)|CODE_UNIT_FINISHED|Aura
16:57:06.0 (30612883)|EXECUTION_FINISHED
