42.0 APEX_CODE,FINEST;APEX_PROFILING,INFO;CALLOUT,INFO;DB,INFO;SYSTEM,DEBUG;VALIDATION,INFO;VISUALFORCE,INFO;WAVE,INFO;WORKFLOW,INFO
16:47:52.0 (363351)|USER_INFO|[EXTERNAL]|0051r000007nKPL|assh4884@cunning-goat-277018.com|Greenwich Mean Time|GMTZ
16:47:52.0 (401308)|EXECUTION_STARTED
16:47:52.0 (405778)|CODE_UNIT_STARTED|[EXTERNAL]|Aura
16:47:52.0 (1444789)|HEAP_ALLOCATE|[72]|Bytes:3
16:47:52.0 (1495397)|HEAP_ALLOCATE|[77]|Bytes:152
16:47:52.0 (1510914)|HEAP_ALLOCATE|[342]|Bytes:408
16:47:52.0 (1523406)|HEAP_ALLOCATE|[355]|Bytes:408
16:47:52.0 (1534422)|HEAP_ALLOCATE|[467]|Bytes:48
16:47:52.0 (1558622)|HEAP_ALLOCATE|[139]|Bytes:6
16:47:52.0 (1578197)|HEAP_ALLOCATE|[EXTERNAL]|Bytes:18
16:47:52.0 (1586979)|HEAP_ALLOCATE|[EXTERNAL]|Bytes:18
16:47:52.0 (2407774)|CODE_UNIT_STARTED|[EXTERNAL]|01p1r000005a73H|SiteController.setLikeField
16:47:52.0 (2569138)|HEAP_ALLOCATE|[EXTERNAL]|Bytes:7
16:47:52.0 (2577695)|HEAP_ALLOCATE|[EXTERNAL]|Bytes:8
16:47:52.0 (2587961)|METHOD_ENTRY|[1]|01p1r000005a73H|SiteController.SiteController()
16:47:52.0 (2593554)|STATEMENT_EXECUTE|[1]
16:47:52.0 (2598630)|STATEMENT_EXECUTE|[1]
16:47:52.0 (2638537)|HEAP_ALLOCATE|[50]|Bytes:5
16:47:52.0 (2666460)|HEAP_ALLOCATE|[56]|Bytes:5
16:47:52.0 (2674294)|HEAP_ALLOCATE|[64]|Bytes:7
16:47:52.0 (2697678)|SYSTEM_MODE_ENTER|false
16:47:52.0 (2710493)|HEAP_ALLOCATE|[EXTERNAL]|Bytes:5
16:47:52.0 (2719265)|SYSTEM_MODE_EXIT|false
16:47:52.0 (2731657)|METHOD_EXIT|[1]|SiteController
16:47:52.0 (2736424)|HEAP_ALLOCATE|[EXTERNAL]|Bytes:18
16:47:52.0 (2740569)|HEAP_ALLOCATE|[EXTERNAL]|Bytes:5
16:47:52.0 (2749069)|SYSTEM_MODE_ENTER|false
16:47:52.0 (2758152)|VARIABLE_SCOPE_BEGIN|[24]|id|String|false|false
16:47:52.0 (2785287)|VARIABLE_ASSIGNMENT|[24]|id|"a001r00000nOV2wAAG"
16:47:52.0 (2791194)|VARIABLE_SCOPE_BEGIN|[24]|likeTopic|Boolean|false|false
16:47:52.0 (2800398)|VARIABLE_ASSIGNMENT|[24]|likeTopic|false
16:47:52.0 (2813902)|HEAP_ALLOCATE|[25]|Bytes:5
16:47:52.0 (2818459)|STATEMENT_EXECUTE|[24]
16:47:52.0 (2820096)|STATEMENT_EXECUTE|[25]
16:47:52.0 (2823390)|HEAP_ALLOCATE|[25]|Bytes:60
16:47:52.0 (2864490)|HEAP_ALLOCATE|[25]|Bytes:4
16:47:52.0 (2877976)|HEAP_ALLOCATE|[25]|Bytes:7
16:47:52.0 (3708962)|SOQL_EXECUTE_BEGIN|[25]|Aggregations:0|SELECT Id, like__c FROM Topic__c WHERE Id = :tmpVar1 LIMIT 1
16:47:52.0 (6751995)|SOQL_EXECUTE_END|[25]|Rows:1
16:47:52.0 (6775357)|HEAP_ALLOCATE|[25]|Bytes:8
16:47:52.0 (6791138)|HEAP_ALLOCATE|[25]|Bytes:44
16:47:52.0 (6843516)|HEAP_ALLOCATE|[25]|Bytes:8
16:47:52.0 (6856330)|VARIABLE_SCOPE_BEGIN|[25]|t|List<Topic__c>|true|false
16:47:52.0 (6885608)|VARIABLE_ASSIGNMENT|[25]|t|[{"Id":"a001r00000nOV2wAAG","like__c":true}]|0x675726c5
16:47:52.0 (6891985)|STATEMENT_EXECUTE|[27]
16:47:52.0 (6893512)|STATEMENT_EXECUTE|[27]
16:47:52.0 (6894881)|STATEMENT_EXECUTE|[28]
16:47:52.0 (6947811)|HEAP_ALLOCATE|[28]|Bytes:12
16:47:52.0 (7011691)|VARIABLE_ASSIGNMENT|[28]|this.like__c|false|0x7bace085
16:47:52.0 (7018539)|STATEMENT_EXECUTE|[30]
16:47:52.0 (7068273)|DML_BEGIN|[30]|Op:Upsert|Type:Topic__c|Rows:1
16:47:52.0 (7096599)|HEAP_ALLOCATE|[EXTERNAL]|Bytes:8
16:47:52.0 (24226627)|DML_END|[30]
16:47:52.0 (24287874)|HEAP_ALLOCATE|[EXTERNAL]|Bytes:8
16:47:52.0 (24301650)|STATEMENT_EXECUTE|[31]
16:47:52.0 (24307738)|HEAP_ALLOCATE|[31]|Bytes:6
16:47:52.0 (24358461)|USER_DEBUG|[31]|DEBUG|upsert
16:47:52.0 (24379363)|SYSTEM_MODE_EXIT|false
16:47:52.27 (27285308)|CUMULATIVE_LIMIT_USAGE
16:47:52.27 (27285308)|LIMIT_USAGE_FOR_NS|(default)|
  Number of SOQL queries: 1 out of 100
  Number of query rows: 1 out of 50000
  Number of SOSL queries: 0 out of 20
  Number of DML statements: 1 out of 150
  Number of DML rows: 1 out of 10000
  Maximum CPU time: 0 out of 10000
  Maximum heap size: 0 out of 6000000
  Number of callouts: 0 out of 100
  Number of Email Invocations: 0 out of 10
  Number of future calls: 0 out of 50
  Number of queueable jobs added to the queue: 0 out of 50
  Number of Mobile Apex push calls: 0 out of 10

16:47:52.27 (27285308)|CUMULATIVE_LIMIT_USAGE_END

16:47:52.0 (27326366)|CODE_UNIT_FINISHED|SiteController.setLikeField
16:47:52.0 (27392183)|CODE_UNIT_FINISHED|Aura
16:47:52.0 (28247170)|EXECUTION_FINISHED
