42.0 APEX_CODE,FINEST;APEX_PROFILING,INFO;CALLOUT,INFO;DB,INFO;SYSTEM,DEBUG;VALIDATION,INFO;VISUALFORCE,INFO;WAVE,INFO;WORKFLOW,INFO
16:52:28.0 (63901)|USER_INFO|[EXTERNAL]|0051r000007nKPL|assh4884@cunning-goat-277018.com|Greenwich Mean Time|GMTZ
16:52:28.0 (233459)|EXECUTION_STARTED
16:52:28.0 (238037)|CODE_UNIT_STARTED|[EXTERNAL]|Aura
16:52:28.0 (1008765)|HEAP_ALLOCATE|[72]|Bytes:3
16:52:28.0 (1067919)|HEAP_ALLOCATE|[77]|Bytes:152
16:52:28.0 (1083154)|HEAP_ALLOCATE|[342]|Bytes:408
16:52:28.0 (1095282)|HEAP_ALLOCATE|[355]|Bytes:408
16:52:28.0 (1105678)|HEAP_ALLOCATE|[467]|Bytes:48
16:52:28.0 (1160469)|HEAP_ALLOCATE|[139]|Bytes:6
16:52:28.0 (1179864)|HEAP_ALLOCATE|[EXTERNAL]|Bytes:18
16:52:28.0 (1201737)|HEAP_ALLOCATE|[EXTERNAL]|Bytes:18
16:52:28.0 (2402932)|CODE_UNIT_STARTED|[EXTERNAL]|01p1r000005a73H|SiteController.setLikeField
16:52:28.0 (2484055)|HEAP_ALLOCATE|[EXTERNAL]|Bytes:7
16:52:28.0 (2490697)|HEAP_ALLOCATE|[EXTERNAL]|Bytes:5
16:52:28.0 (2517786)|METHOD_ENTRY|[1]|01p1r000005a73H|SiteController.SiteController()
16:52:28.0 (2524246)|STATEMENT_EXECUTE|[1]
16:52:28.0 (2529445)|STATEMENT_EXECUTE|[1]
16:52:28.0 (2557475)|HEAP_ALLOCATE|[50]|Bytes:5
16:52:28.0 (2578778)|HEAP_ALLOCATE|[56]|Bytes:5
16:52:28.0 (2586666)|HEAP_ALLOCATE|[64]|Bytes:7
16:52:28.0 (2611070)|SYSTEM_MODE_ENTER|false
16:52:28.0 (2699708)|HEAP_ALLOCATE|[EXTERNAL]|Bytes:5
16:52:28.0 (2716028)|SYSTEM_MODE_EXIT|false
16:52:28.0 (2743783)|METHOD_EXIT|[1]|SiteController
16:52:28.0 (2752746)|HEAP_ALLOCATE|[EXTERNAL]|Bytes:18
16:52:28.0 (2759288)|HEAP_ALLOCATE|[EXTERNAL]|Bytes:5
16:52:28.0 (2774957)|SYSTEM_MODE_ENTER|false
16:52:28.0 (2784800)|VARIABLE_SCOPE_BEGIN|[24]|id|String|false|false
16:52:28.0 (2816050)|VARIABLE_ASSIGNMENT|[24]|id|"a001r00000nOV2wAAG"
16:52:28.0 (2823794)|VARIABLE_SCOPE_BEGIN|[24]|likeTopic|Boolean|false|false
16:52:28.0 (2835945)|VARIABLE_ASSIGNMENT|[24]|likeTopic|false
16:52:28.0 (2855121)|HEAP_ALLOCATE|[25]|Bytes:5
16:52:28.0 (2861327)|STATEMENT_EXECUTE|[24]
16:52:28.0 (2863551)|STATEMENT_EXECUTE|[25]
16:52:28.0 (2867956)|HEAP_ALLOCATE|[25]|Bytes:60
16:52:28.0 (2893198)|HEAP_ALLOCATE|[25]|Bytes:4
16:52:28.0 (2919357)|HEAP_ALLOCATE|[25]|Bytes:7
16:52:28.0 (3309375)|SOQL_EXECUTE_BEGIN|[25]|Aggregations:0|SELECT Id, like__c FROM Topic__c WHERE Id = :tmpVar1 LIMIT 1
16:52:28.0 (5802614)|SOQL_EXECUTE_END|[25]|Rows:1
16:52:28.0 (5826035)|HEAP_ALLOCATE|[25]|Bytes:8
16:52:28.0 (5841980)|HEAP_ALLOCATE|[25]|Bytes:44
16:52:28.0 (5942827)|HEAP_ALLOCATE|[25]|Bytes:8
16:52:28.0 (5959574)|VARIABLE_SCOPE_BEGIN|[25]|t|List<Topic__c>|true|false
16:52:28.0 (5990011)|VARIABLE_ASSIGNMENT|[25]|t|[{"Id":"a001r00000nOV2wAAG","like__c":true}]|0x3eec115d
16:52:28.0 (5996983)|STATEMENT_EXECUTE|[26]
16:52:28.0 (5998666)|STATEMENT_EXECUTE|[26]
16:52:28.0 (6000022)|STATEMENT_EXECUTE|[27]
16:52:28.0 (6048152)|HEAP_ALLOCATE|[27]|Bytes:12
16:52:28.0 (6107679)|VARIABLE_ASSIGNMENT|[27]|this.like__c|false|0x290acf78
16:52:28.0 (6114341)|STATEMENT_EXECUTE|[28]
16:52:28.0 (6159176)|DML_BEGIN|[28]|Op:Update|Type:Topic__c|Rows:1
16:52:28.0 (6187567)|HEAP_ALLOCATE|[EXTERNAL]|Bytes:8
16:52:28.0 (24265735)|DML_END|[28]
16:52:28.0 (24320228)|HEAP_ALLOCATE|[EXTERNAL]|Bytes:8
16:52:28.0 (24349648)|SYSTEM_MODE_EXIT|false
16:52:28.26 (26814146)|CUMULATIVE_LIMIT_USAGE
16:52:28.26 (26814146)|LIMIT_USAGE_FOR_NS|(default)|
  Number of SOQL queries: 1 out of 100
  Number of query rows: 1 out of 50000
  Number of SOSL queries: 0 out of 20
  Number of DML statements: 1 out of 150
  Number of DML rows: 1 out of 10000
  Maximum CPU time: 0 out of 10000
  Maximum heap size: 0 out of 6000000
  Number of callouts: 0 out of 100
  Number of Email Invocations: 0 out of 10
  Number of future calls: 0 out of 50
  Number of queueable jobs added to the queue: 0 out of 50
  Number of Mobile Apex push calls: 0 out of 10

16:52:28.26 (26814146)|CUMULATIVE_LIMIT_USAGE_END

16:52:28.0 (26862725)|CODE_UNIT_FINISHED|SiteController.setLikeField
16:52:28.0 (26950845)|CODE_UNIT_FINISHED|Aura
16:52:28.0 (27982702)|EXECUTION_FINISHED
