42.0 APEX_CODE,FINEST;APEX_PROFILING,INFO;CALLOUT,INFO;DB,INFO;SYSTEM,DEBUG;VALIDATION,INFO;VISUALFORCE,INFO;WAVE,INFO;WORKFLOW,INFO
16:52:35.0 (70248)|USER_INFO|[EXTERNAL]|0051r000007nKPL|assh4884@cunning-goat-277018.com|Greenwich Mean Time|GMTZ
16:52:35.0 (113199)|EXECUTION_STARTED
16:52:35.0 (118499)|CODE_UNIT_STARTED|[EXTERNAL]|Aura
16:52:35.0 (712280)|HEAP_ALLOCATE|[72]|Bytes:3
16:52:35.0 (755234)|HEAP_ALLOCATE|[77]|Bytes:152
16:52:35.0 (770095)|HEAP_ALLOCATE|[342]|Bytes:408
16:52:35.0 (781587)|HEAP_ALLOCATE|[355]|Bytes:408
16:52:35.0 (792409)|HEAP_ALLOCATE|[467]|Bytes:48
16:52:35.0 (816375)|HEAP_ALLOCATE|[139]|Bytes:6
16:52:35.0 (833872)|HEAP_ALLOCATE|[EXTERNAL]|Bytes:18
16:52:35.0 (842912)|HEAP_ALLOCATE|[EXTERNAL]|Bytes:18
16:52:35.0 (1634129)|CODE_UNIT_STARTED|[EXTERNAL]|01p1r000005a73H|SiteController.setLikeField
16:52:35.0 (1711732)|HEAP_ALLOCATE|[EXTERNAL]|Bytes:7
16:52:35.0 (1718564)|HEAP_ALLOCATE|[EXTERNAL]|Bytes:5
16:52:35.0 (1727269)|METHOD_ENTRY|[1]|01p1r000005a73H|SiteController.SiteController()
16:52:35.0 (1732739)|STATEMENT_EXECUTE|[1]
16:52:35.0 (1738149)|STATEMENT_EXECUTE|[1]
16:52:35.0 (1769411)|HEAP_ALLOCATE|[50]|Bytes:5
16:52:35.0 (1794223)|HEAP_ALLOCATE|[56]|Bytes:5
16:52:35.0 (1801168)|HEAP_ALLOCATE|[64]|Bytes:7
16:52:35.0 (1823276)|SYSTEM_MODE_ENTER|false
16:52:35.0 (1836823)|HEAP_ALLOCATE|[EXTERNAL]|Bytes:5
16:52:35.0 (1845110)|SYSTEM_MODE_EXIT|false
16:52:35.0 (1852493)|METHOD_EXIT|[1]|SiteController
16:52:35.0 (1857299)|HEAP_ALLOCATE|[EXTERNAL]|Bytes:18
16:52:35.0 (1861722)|HEAP_ALLOCATE|[EXTERNAL]|Bytes:5
16:52:35.0 (1869013)|SYSTEM_MODE_ENTER|false
16:52:35.0 (1875613)|VARIABLE_SCOPE_BEGIN|[24]|id|String|false|false
16:52:35.0 (1895993)|VARIABLE_ASSIGNMENT|[24]|id|"a001r00000nOV2wAAG"
16:52:35.0 (1902276)|VARIABLE_SCOPE_BEGIN|[24]|likeTopic|Boolean|false|false
16:52:35.0 (1911229)|VARIABLE_ASSIGNMENT|[24]|likeTopic|true
16:52:35.0 (1924620)|HEAP_ALLOCATE|[25]|Bytes:5
16:52:35.0 (1928982)|STATEMENT_EXECUTE|[24]
16:52:35.0 (1930876)|STATEMENT_EXECUTE|[25]
16:52:35.0 (1934688)|HEAP_ALLOCATE|[25]|Bytes:60
16:52:35.0 (1956378)|HEAP_ALLOCATE|[25]|Bytes:4
16:52:35.0 (1967645)|HEAP_ALLOCATE|[25]|Bytes:7
16:52:35.0 (2316521)|SOQL_EXECUTE_BEGIN|[25]|Aggregations:0|SELECT Id, like__c FROM Topic__c WHERE Id = :tmpVar1 LIMIT 1
16:52:35.0 (4239752)|SOQL_EXECUTE_END|[25]|Rows:1
16:52:35.0 (4261793)|HEAP_ALLOCATE|[25]|Bytes:8
16:52:35.0 (4278056)|HEAP_ALLOCATE|[25]|Bytes:44
16:52:35.0 (4375203)|HEAP_ALLOCATE|[25]|Bytes:8
16:52:35.0 (4391097)|VARIABLE_SCOPE_BEGIN|[25]|t|List<Topic__c>|true|false
16:52:35.0 (4418139)|VARIABLE_ASSIGNMENT|[25]|t|[{"Id":"a001r00000nOV2wAAG","like__c":false}]|0x4fa2675d
16:52:35.0 (4424651)|STATEMENT_EXECUTE|[26]
16:52:35.0 (4426301)|STATEMENT_EXECUTE|[26]
16:52:35.0 (4427545)|STATEMENT_EXECUTE|[27]
16:52:35.0 (4478387)|HEAP_ALLOCATE|[27]|Bytes:12
16:52:35.0 (4543548)|VARIABLE_ASSIGNMENT|[27]|this.like__c|true|0x3b942e12
16:52:35.0 (4550584)|STATEMENT_EXECUTE|[28]
16:52:35.0 (4590633)|DML_BEGIN|[28]|Op:Update|Type:Topic__c|Rows:1
16:52:35.0 (4614331)|HEAP_ALLOCATE|[EXTERNAL]|Bytes:8
16:52:35.0 (19026401)|DML_END|[28]
16:52:35.0 (19073978)|HEAP_ALLOCATE|[EXTERNAL]|Bytes:8
16:52:35.0 (19092203)|SYSTEM_MODE_EXIT|false
16:52:35.20 (20884591)|CUMULATIVE_LIMIT_USAGE
16:52:35.20 (20884591)|LIMIT_USAGE_FOR_NS|(default)|
  Number of SOQL queries: 1 out of 100
  Number of query rows: 1 out of 50000
  Number of SOSL queries: 0 out of 20
  Number of DML statements: 1 out of 150
  Number of DML rows: 1 out of 10000
  Maximum CPU time: 0 out of 10000
  Maximum heap size: 0 out of 6000000
  Number of callouts: 0 out of 100
  Number of Email Invocations: 0 out of 10
  Number of future calls: 0 out of 50
  Number of queueable jobs added to the queue: 0 out of 50
  Number of Mobile Apex push calls: 0 out of 10

16:52:35.20 (20884591)|CUMULATIVE_LIMIT_USAGE_END

16:52:35.0 (20915082)|CODE_UNIT_FINISHED|SiteController.setLikeField
16:52:35.0 (20972603)|CODE_UNIT_FINISHED|Aura
16:52:35.0 (21828161)|EXECUTION_FINISHED
