42.0 APEX_CODE,FINEST;APEX_PROFILING,INFO;CALLOUT,INFO;DB,INFO;SYSTEM,DEBUG;VALIDATION,INFO;VISUALFORCE,INFO;WAVE,INFO;WORKFLOW,INFO
15:35:02.0 (339662)|USER_INFO|[EXTERNAL]|0051r000007nKPL|assh4884@cunning-goat-277018.com|Greenwich Mean Time|GMTZ
15:35:02.0 (488216)|EXECUTION_STARTED
15:35:02.0 (492368)|CODE_UNIT_STARTED|[EXTERNAL]|Aura
15:35:02.0 (2445472)|CODE_UNIT_STARTED|[EXTERNAL]|01p1r000005a73H|SiteController.getTopics
15:35:02.0 (2707333)|HEAP_ALLOCATE|[72]|Bytes:3
15:35:02.0 (2772765)|HEAP_ALLOCATE|[77]|Bytes:152
15:35:02.0 (2789108)|HEAP_ALLOCATE|[342]|Bytes:408
15:35:02.0 (2802099)|HEAP_ALLOCATE|[355]|Bytes:408
15:35:02.0 (2812187)|HEAP_ALLOCATE|[467]|Bytes:48
15:35:02.0 (2884157)|HEAP_ALLOCATE|[139]|Bytes:6
15:35:02.0 (2901792)|HEAP_ALLOCATE|[EXTERNAL]|Bytes:4
15:35:02.0 (2919903)|HEAP_ALLOCATE|[EXTERNAL]|Bytes:2
15:35:02.0 (2940472)|METHOD_ENTRY|[1]|01p1r000005a73H|SiteController.SiteController()
15:35:02.0 (2946924)|STATEMENT_EXECUTE|[1]
15:35:02.0 (2952592)|STATEMENT_EXECUTE|[1]
15:35:02.0 (2982204)|HEAP_ALLOCATE|[50]|Bytes:5
15:35:02.0 (3005641)|HEAP_ALLOCATE|[56]|Bytes:5
15:35:02.0 (3013385)|HEAP_ALLOCATE|[64]|Bytes:7
15:35:02.0 (3033227)|SYSTEM_MODE_ENTER|false
15:35:02.0 (3124340)|HEAP_ALLOCATE|[EXTERNAL]|Bytes:5
15:35:02.0 (3134200)|SYSTEM_MODE_EXIT|false
15:35:02.0 (3156616)|METHOD_EXIT|[1]|SiteController
15:35:02.0 (3168971)|SYSTEM_MODE_ENTER|false
15:35:02.0 (3182369)|HEAP_ALLOCATE|[6]|Bytes:5
15:35:02.0 (3186497)|STATEMENT_EXECUTE|[4]
15:35:02.0 (3188152)|STATEMENT_EXECUTE|[6]
15:35:02.0 (3190756)|HEAP_ALLOCATE|[6]|Bytes:59
15:35:02.0 (3213721)|HEAP_ALLOCATE|[6]|Bytes:4
15:35:02.0 (4059332)|SOQL_EXECUTE_BEGIN|[6]|Aggregations:0|SELECT Id, Name, Content__c, Date__c, like__c FROM Topic__c
15:35:02.0 (10194750)|SOQL_EXECUTE_END|[6]|Rows:16
15:35:02.0 (10227018)|HEAP_ALLOCATE|[6]|Bytes:68
15:35:02.0 (10261264)|HEAP_ALLOCATE|[6]|Bytes:5833
15:35:02.0 (10323393)|HEAP_ALLOCATE|[6]|Bytes:68
15:35:02.0 (10361409)|SYSTEM_MODE_EXIT|false
15:35:02.10 (10384399)|CUMULATIVE_LIMIT_USAGE
15:35:02.10 (10384399)|LIMIT_USAGE_FOR_NS|(default)|
  Number of SOQL queries: 1 out of 100
  Number of query rows: 16 out of 50000
  Number of SOSL queries: 0 out of 20
  Number of DML statements: 0 out of 150
  Number of DML rows: 0 out of 10000
  Maximum CPU time: 0 out of 10000
  Maximum heap size: 0 out of 6000000
  Number of callouts: 0 out of 100
  Number of Email Invocations: 0 out of 10
  Number of future calls: 0 out of 50
  Number of queueable jobs added to the queue: 0 out of 50
  Number of Mobile Apex push calls: 0 out of 10

15:35:02.10 (10384399)|CUMULATIVE_LIMIT_USAGE_END

15:35:02.0 (10423244)|CODE_UNIT_FINISHED|SiteController.getTopics
15:35:02.0 (10692414)|CODE_UNIT_FINISHED|Aura
15:35:02.0 (11859350)|EXECUTION_FINISHED
