42.0 APEX_CODE,FINEST;APEX_PROFILING,INFO;CALLOUT,INFO;DB,INFO;SYSTEM,DEBUG;VALIDATION,INFO;VISUALFORCE,INFO;WAVE,INFO;WORKFLOW,INFO
16:37:24.0 (342884)|USER_INFO|[EXTERNAL]|0051r000007nKPL|assh4884@cunning-goat-277018.com|Greenwich Mean Time|GMTZ
16:37:24.0 (375026)|EXECUTION_STARTED
16:37:24.0 (379050)|CODE_UNIT_STARTED|[EXTERNAL]|Aura
16:37:24.0 (1364635)|HEAP_ALLOCATE|[72]|Bytes:3
16:37:24.0 (1459859)|HEAP_ALLOCATE|[77]|Bytes:152
16:37:24.0 (1476761)|HEAP_ALLOCATE|[342]|Bytes:408
16:37:24.0 (1489870)|HEAP_ALLOCATE|[355]|Bytes:408
16:37:24.0 (1502366)|HEAP_ALLOCATE|[467]|Bytes:48
16:37:24.0 (1528243)|HEAP_ALLOCATE|[139]|Bytes:6
16:37:24.0 (1549051)|HEAP_ALLOCATE|[EXTERNAL]|Bytes:18
16:37:24.0 (1570638)|HEAP_ALLOCATE|[EXTERNAL]|Bytes:18
16:37:24.0 (2466176)|CODE_UNIT_STARTED|[EXTERNAL]|01p1r000005a73H|SiteController.setLikeField
16:37:24.0 (2605513)|HEAP_ALLOCATE|[EXTERNAL]|Bytes:7
16:37:24.0 (2616837)|HEAP_ALLOCATE|[EXTERNAL]|Bytes:5
16:37:24.0 (2649414)|METHOD_ENTRY|[1]|01p1r000005a73H|SiteController.SiteController()
16:37:24.0 (2656922)|STATEMENT_EXECUTE|[1]
16:37:24.0 (2662324)|STATEMENT_EXECUTE|[1]
16:37:24.0 (2718641)|HEAP_ALLOCATE|[50]|Bytes:5
16:37:24.0 (2747055)|HEAP_ALLOCATE|[56]|Bytes:5
16:37:24.0 (2755443)|HEAP_ALLOCATE|[64]|Bytes:7
16:37:24.0 (2779276)|SYSTEM_MODE_ENTER|false
16:37:24.0 (2794164)|HEAP_ALLOCATE|[EXTERNAL]|Bytes:5
16:37:24.0 (2802688)|SYSTEM_MODE_EXIT|false
16:37:24.0 (2838994)|METHOD_EXIT|[1]|SiteController
16:37:24.0 (2848341)|HEAP_ALLOCATE|[EXTERNAL]|Bytes:18
16:37:24.0 (2864388)|SYSTEM_MODE_ENTER|false
16:37:24.0 (2877761)|VARIABLE_SCOPE_BEGIN|[24]|id|String|false|false
16:37:24.0 (2904247)|VARIABLE_ASSIGNMENT|[24]|id|"a001r00000nOV2wAAG"
16:37:24.0 (2910034)|VARIABLE_SCOPE_BEGIN|[24]|likeTopic|Boolean|false|false
16:37:24.0 (2917763)|VARIABLE_ASSIGNMENT|[24]|likeTopic|null
16:37:24.0 (2934557)|HEAP_ALLOCATE|[25]|Bytes:5
16:37:24.0 (2939700)|STATEMENT_EXECUTE|[24]
16:37:24.0 (2941236)|STATEMENT_EXECUTE|[25]
16:37:24.0 (2944656)|HEAP_ALLOCATE|[25]|Bytes:60
16:37:24.0 (2968273)|HEAP_ALLOCATE|[25]|Bytes:4
16:37:24.0 (2992428)|HEAP_ALLOCATE|[25]|Bytes:7
16:37:24.0 (3922267)|SOQL_EXECUTE_BEGIN|[25]|Aggregations:0|SELECT Id, like__c FROM Topic__c WHERE Id = :tmpVar1 LIMIT 1
16:37:24.0 (15035131)|SOQL_EXECUTE_END|[25]|Rows:1
16:37:24.0 (15060518)|HEAP_ALLOCATE|[25]|Bytes:8
16:37:24.0 (15078380)|HEAP_ALLOCATE|[25]|Bytes:44
16:37:24.0 (15156357)|HEAP_ALLOCATE|[25]|Bytes:8
16:37:24.0 (15172884)|VARIABLE_SCOPE_BEGIN|[25]|t|List<Topic__c>|true|false
16:37:24.0 (15200468)|VARIABLE_ASSIGNMENT|[25]|t|[{"Id":"a001r00000nOV2wAAG","like__c":false}]|0x27022faf
16:37:24.0 (15208008)|STATEMENT_EXECUTE|[27]
16:37:24.0 (15209624)|STATEMENT_EXECUTE|[27]
16:37:24.0 (15210911)|STATEMENT_EXECUTE|[28]
16:37:24.0 (15253354)|HEAP_ALLOCATE|[28]|Bytes:12
16:37:24.0 (15312605)|VARIABLE_ASSIGNMENT|[28]|this.like__c|null|0x7aa8dc35
16:37:24.0 (15319690)|STATEMENT_EXECUTE|[29]
16:37:24.0 (15382402)|DML_BEGIN|[29]|Op:Upsert|Type:Topic__c|Rows:1
16:37:24.0 (15422496)|HEAP_ALLOCATE|[EXTERNAL]|Bytes:8
16:37:24.0 (21744724)|DML_END|[29]
16:37:24.0 (21835021)|EXCEPTION_THROWN|[29]|System.DmlException: Upsert failed. First exception on row 0 with id a001r00000nOV2wAAG; first error: INVALID_TYPE_ON_FIELD_IN_RECORD, like: value not of required type: : [like__c]
16:37:24.0 (22266627)|HEAP_ALLOCATE|[29]|Bytes:163
16:37:24.0 (22301657)|VARIABLE_SCOPE_BEGIN|[30]|e|System.DmlException|true|false
16:37:24.0 (22409918)|VARIABLE_ASSIGNMENT|[30]|e|"common.apex.runtime.impl.DmlExecutionException: Upsert failed. First exception on row 0 with id a001r00000nOV2wAAG; first error: INVALID_TYPE_ON_FIELD_IN_RECORD, like: value not of required type: : [like__c]"|0x56f7021f
16:37:24.0 (22419388)|STATEMENT_EXECUTE|[30]
16:37:24.0 (22421055)|STATEMENT_EXECUTE|[31]
16:37:24.0 (22426632)|HEAP_ALLOCATE|[31]|Bytes:15
16:37:24.0 (22520809)|HEAP_ALLOCATE|[31]|Bytes:159
16:37:24.0 (22562137)|HEAP_ALLOCATE|[31]|Bytes:174
16:37:24.0 (22581817)|USER_DEBUG|[31]|DEBUG|Error set Like Upsert failed. First exception on row 0 with id a001r00000nOV2wAAG; first error: INVALID_TYPE_ON_FIELD_IN_RECORD, like: value not of required type: : [like__c]
16:37:24.0 (22617399)|SYSTEM_MODE_EXIT|false
16:37:24.24 (24764111)|CUMULATIVE_LIMIT_USAGE
16:37:24.24 (24764111)|LIMIT_USAGE_FOR_NS|(default)|
  Number of SOQL queries: 1 out of 100
  Number of query rows: 1 out of 50000
  Number of SOSL queries: 0 out of 20
  Number of DML statements: 1 out of 150
  Number of DML rows: 1 out of 10000
  Maximum CPU time: 0 out of 10000
  Maximum heap size: 0 out of 6000000
  Number of callouts: 0 out of 100
  Number of Email Invocations: 0 out of 10
  Number of future calls: 0 out of 50
  Number of queueable jobs added to the queue: 0 out of 50
  Number of Mobile Apex push calls: 0 out of 10

16:37:24.24 (24764111)|CUMULATIVE_LIMIT_USAGE_END

16:37:24.0 (24802532)|CODE_UNIT_FINISHED|SiteController.setLikeField
16:37:24.0 (24867526)|CODE_UNIT_FINISHED|Aura
16:37:24.0 (25951626)|EXECUTION_FINISHED
