42.0 APEX_CODE,FINEST;APEX_PROFILING,INFO;CALLOUT,INFO;DB,INFO;SYSTEM,DEBUG;VALIDATION,INFO;VISUALFORCE,INFO;WAVE,INFO;WORKFLOW,INFO
16:50:33.0 (60927)|USER_INFO|[EXTERNAL]|0051r000007nKPL|assh4884@cunning-goat-277018.com|Greenwich Mean Time|GMTZ
16:50:33.0 (100249)|EXECUTION_STARTED
16:50:33.0 (104269)|CODE_UNIT_STARTED|[EXTERNAL]|Aura
16:50:33.0 (705314)|HEAP_ALLOCATE|[72]|Bytes:3
16:50:33.0 (742772)|HEAP_ALLOCATE|[77]|Bytes:152
16:50:33.0 (757625)|HEAP_ALLOCATE|[342]|Bytes:408
16:50:33.0 (771396)|HEAP_ALLOCATE|[355]|Bytes:408
16:50:33.0 (782788)|HEAP_ALLOCATE|[467]|Bytes:48
16:50:33.0 (807598)|HEAP_ALLOCATE|[139]|Bytes:6
16:50:33.0 (824549)|HEAP_ALLOCATE|[EXTERNAL]|Bytes:18
16:50:33.0 (835402)|HEAP_ALLOCATE|[EXTERNAL]|Bytes:18
16:50:33.0 (1903133)|CODE_UNIT_STARTED|[EXTERNAL]|01p1r000005a73H|SiteController.setLikeField
16:50:33.0 (2003865)|HEAP_ALLOCATE|[EXTERNAL]|Bytes:7
16:50:33.0 (2010844)|HEAP_ALLOCATE|[EXTERNAL]|Bytes:5
16:50:33.0 (2020257)|METHOD_ENTRY|[1]|01p1r000005a73H|SiteController.SiteController()
16:50:33.0 (2029115)|STATEMENT_EXECUTE|[1]
16:50:33.0 (2034531)|STATEMENT_EXECUTE|[1]
16:50:33.0 (2065935)|HEAP_ALLOCATE|[50]|Bytes:5
16:50:33.0 (2089050)|HEAP_ALLOCATE|[56]|Bytes:5
16:50:33.0 (2096376)|HEAP_ALLOCATE|[64]|Bytes:7
16:50:33.0 (2118081)|SYSTEM_MODE_ENTER|false
16:50:33.0 (2132355)|HEAP_ALLOCATE|[EXTERNAL]|Bytes:5
16:50:33.0 (2139961)|SYSTEM_MODE_EXIT|false
16:50:33.0 (2146824)|METHOD_EXIT|[1]|SiteController
16:50:33.0 (2151806)|HEAP_ALLOCATE|[EXTERNAL]|Bytes:18
16:50:33.0 (2155510)|HEAP_ALLOCATE|[EXTERNAL]|Bytes:5
16:50:33.0 (2162821)|SYSTEM_MODE_ENTER|false
16:50:33.0 (2169296)|VARIABLE_SCOPE_BEGIN|[24]|id|String|false|false
16:50:33.0 (2194035)|VARIABLE_ASSIGNMENT|[24]|id|"a001r00000nPbaFAAS"
16:50:33.0 (2199162)|VARIABLE_SCOPE_BEGIN|[24]|likeTopic|Boolean|false|false
16:50:33.0 (2208063)|VARIABLE_ASSIGNMENT|[24]|likeTopic|false
16:50:33.0 (2221256)|HEAP_ALLOCATE|[25]|Bytes:5
16:50:33.0 (2225927)|STATEMENT_EXECUTE|[24]
16:50:33.0 (2227564)|STATEMENT_EXECUTE|[25]
16:50:33.0 (2230295)|HEAP_ALLOCATE|[25]|Bytes:60
16:50:33.0 (2245738)|HEAP_ALLOCATE|[25]|Bytes:4
16:50:33.0 (2255710)|HEAP_ALLOCATE|[25]|Bytes:7
16:50:33.0 (2591832)|SOQL_EXECUTE_BEGIN|[25]|Aggregations:0|SELECT Id, like__c FROM Topic__c WHERE Id = :tmpVar1 LIMIT 1
16:50:33.0 (4505138)|SOQL_EXECUTE_END|[25]|Rows:1
16:50:33.0 (4525637)|HEAP_ALLOCATE|[25]|Bytes:8
16:50:33.0 (4542092)|HEAP_ALLOCATE|[25]|Bytes:44
16:50:33.0 (4634692)|HEAP_ALLOCATE|[25]|Bytes:8
16:50:33.0 (4649369)|VARIABLE_SCOPE_BEGIN|[25]|t|List<Topic__c>|true|false
16:50:33.0 (4676919)|VARIABLE_ASSIGNMENT|[25]|t|[{"Id":"a001r00000nPbaFAAS","like__c":true}]|0x821edc7
16:50:33.0 (4683571)|STATEMENT_EXECUTE|[26]
16:50:33.0 (4685133)|STATEMENT_EXECUTE|[26]
16:50:33.0 (4686367)|STATEMENT_EXECUTE|[27]
16:50:33.0 (4733278)|HEAP_ALLOCATE|[27]|Bytes:12
16:50:33.0 (4794103)|VARIABLE_ASSIGNMENT|[27]|this.like__c|false|0x3de55514
16:50:33.0 (4800673)|STATEMENT_EXECUTE|[28]
16:50:33.0 (4856837)|DML_BEGIN|[28]|Op:Update|Type:Topic__c|Rows:1
16:50:33.0 (4891049)|HEAP_ALLOCATE|[EXTERNAL]|Bytes:8
16:50:33.0 (60035964)|DML_END|[28]
16:50:33.0 (60096301)|HEAP_ALLOCATE|[EXTERNAL]|Bytes:8
16:50:33.0 (60127058)|SYSTEM_MODE_EXIT|false
16:50:33.62 (62062556)|CUMULATIVE_LIMIT_USAGE
16:50:33.62 (62062556)|LIMIT_USAGE_FOR_NS|(default)|
  Number of SOQL queries: 1 out of 100
  Number of query rows: 1 out of 50000
  Number of SOSL queries: 0 out of 20
  Number of DML statements: 1 out of 150
  Number of DML rows: 1 out of 10000
  Maximum CPU time: 0 out of 10000
  Maximum heap size: 0 out of 6000000
  Number of callouts: 0 out of 100
  Number of Email Invocations: 0 out of 10
  Number of future calls: 0 out of 50
  Number of queueable jobs added to the queue: 0 out of 50
  Number of Mobile Apex push calls: 0 out of 10

16:50:33.62 (62062556)|CUMULATIVE_LIMIT_USAGE_END

16:50:33.0 (62101678)|CODE_UNIT_FINISHED|SiteController.setLikeField
16:50:33.0 (62165826)|CODE_UNIT_FINISHED|Aura
16:50:33.0 (62997310)|EXECUTION_FINISHED
