42.0 APEX_CODE,FINEST;APEX_PROFILING,INFO;CALLOUT,INFO;DB,INFO;SYSTEM,DEBUG;VALIDATION,INFO;VISUALFORCE,INFO;WAVE,INFO;WORKFLOW,INFO
16:42:11.0 (337184)|USER_INFO|[EXTERNAL]|0051r000007nKPL|assh4884@cunning-goat-277018.com|Greenwich Mean Time|GMTZ
16:42:11.0 (371839)|EXECUTION_STARTED
16:42:11.0 (377497)|CODE_UNIT_STARTED|[EXTERNAL]|Aura
16:42:11.0 (1792625)|CODE_UNIT_STARTED|[EXTERNAL]|01p1r000005a73H|SiteController.getTopics
16:42:11.0 (1986933)|HEAP_ALLOCATE|[72]|Bytes:3
16:42:11.0 (2050802)|HEAP_ALLOCATE|[77]|Bytes:152
16:42:11.0 (2067925)|HEAP_ALLOCATE|[342]|Bytes:408
16:42:11.0 (2089305)|HEAP_ALLOCATE|[355]|Bytes:408
16:42:11.0 (2111188)|HEAP_ALLOCATE|[467]|Bytes:48
16:42:11.0 (2143803)|HEAP_ALLOCATE|[139]|Bytes:6
16:42:11.0 (2166502)|HEAP_ALLOCATE|[EXTERNAL]|Bytes:7
16:42:11.0 (2206496)|HEAP_ALLOCATE|[EXTERNAL]|Bytes:11
16:42:11.0 (2237815)|METHOD_ENTRY|[1]|01p1r000005a73H|SiteController.SiteController()
16:42:11.0 (2247323)|STATEMENT_EXECUTE|[1]
16:42:11.0 (2254817)|STATEMENT_EXECUTE|[1]
16:42:11.0 (2299779)|HEAP_ALLOCATE|[50]|Bytes:5
16:42:11.0 (2332010)|HEAP_ALLOCATE|[56]|Bytes:5
16:42:11.0 (2342770)|HEAP_ALLOCATE|[64]|Bytes:7
16:42:11.0 (2372062)|SYSTEM_MODE_ENTER|false
16:42:11.0 (2393778)|HEAP_ALLOCATE|[EXTERNAL]|Bytes:5
16:42:11.0 (2404798)|SYSTEM_MODE_EXIT|false
16:42:11.0 (2433667)|METHOD_EXIT|[1]|SiteController
16:42:11.0 (2450568)|SYSTEM_MODE_ENTER|false
16:42:11.0 (2469929)|HEAP_ALLOCATE|[6]|Bytes:5
16:42:11.0 (2475694)|STATEMENT_EXECUTE|[4]
16:42:11.0 (2478116)|STATEMENT_EXECUTE|[6]
16:42:11.0 (2481648)|HEAP_ALLOCATE|[6]|Bytes:59
16:42:11.0 (2512252)|HEAP_ALLOCATE|[6]|Bytes:4
16:42:11.0 (3450432)|SOQL_EXECUTE_BEGIN|[6]|Aggregations:0|SELECT Id, Name, Content__c, Date__c, like__c FROM Topic__c
16:42:11.0 (9526560)|SOQL_EXECUTE_END|[6]|Rows:16
16:42:11.0 (9564854)|HEAP_ALLOCATE|[6]|Bytes:68
16:42:11.0 (9607271)|HEAP_ALLOCATE|[6]|Bytes:5833
16:42:11.0 (9693625)|HEAP_ALLOCATE|[6]|Bytes:68
16:42:11.0 (9725179)|SYSTEM_MODE_EXIT|false
16:42:11.9 (9758974)|CUMULATIVE_LIMIT_USAGE
16:42:11.9 (9758974)|LIMIT_USAGE_FOR_NS|(default)|
  Number of SOQL queries: 1 out of 100
  Number of query rows: 16 out of 50000
  Number of SOSL queries: 0 out of 20
  Number of DML statements: 0 out of 150
  Number of DML rows: 0 out of 10000
  Maximum CPU time: 0 out of 10000
  Maximum heap size: 0 out of 6000000
  Number of callouts: 0 out of 100
  Number of Email Invocations: 0 out of 10
  Number of future calls: 0 out of 50
  Number of queueable jobs added to the queue: 0 out of 50
  Number of Mobile Apex push calls: 0 out of 10

16:42:11.9 (9758974)|CUMULATIVE_LIMIT_USAGE_END

16:42:11.0 (9808812)|CODE_UNIT_FINISHED|SiteController.getTopics
16:42:11.0 (10228714)|CODE_UNIT_FINISHED|Aura
16:42:11.0 (11516838)|EXECUTION_FINISHED
