42.0 APEX_CODE,FINEST;APEX_PROFILING,INFO;CALLOUT,INFO;DB,INFO;SYSTEM,DEBUG;VALIDATION,INFO;VISUALFORCE,INFO;WAVE,INFO;WORKFLOW,INFO
15:50:30.0 (352671)|USER_INFO|[EXTERNAL]|0051r000007nKPL|assh4884@cunning-goat-277018.com|Greenwich Mean Time|GMTZ
15:50:30.0 (391403)|EXECUTION_STARTED
15:50:30.0 (396194)|CODE_UNIT_STARTED|[EXTERNAL]|Aura
15:50:30.0 (1996743)|CODE_UNIT_STARTED|[EXTERNAL]|01p1r000005a73H|SiteController.getTopics
15:50:30.0 (2199359)|HEAP_ALLOCATE|[72]|Bytes:3
15:50:30.0 (2246431)|HEAP_ALLOCATE|[77]|Bytes:152
15:50:30.0 (2261316)|HEAP_ALLOCATE|[342]|Bytes:408
15:50:30.0 (2273893)|HEAP_ALLOCATE|[355]|Bytes:408
15:50:30.0 (2284548)|HEAP_ALLOCATE|[467]|Bytes:48
15:50:30.0 (2312540)|HEAP_ALLOCATE|[139]|Bytes:6
15:50:30.0 (2330605)|HEAP_ALLOCATE|[EXTERNAL]|Bytes:4
15:50:30.0 (2335354)|HEAP_ALLOCATE|[EXTERNAL]|Bytes:2
15:50:30.0 (2345349)|METHOD_ENTRY|[1]|01p1r000005a73H|SiteController.SiteController()
15:50:30.0 (2351236)|STATEMENT_EXECUTE|[1]
15:50:30.0 (2356814)|STATEMENT_EXECUTE|[1]
15:50:30.0 (2386448)|HEAP_ALLOCATE|[50]|Bytes:5
15:50:30.0 (2408921)|HEAP_ALLOCATE|[56]|Bytes:5
15:50:30.0 (2415231)|HEAP_ALLOCATE|[64]|Bytes:7
15:50:30.0 (2437439)|SYSTEM_MODE_ENTER|false
15:50:30.0 (2452429)|HEAP_ALLOCATE|[EXTERNAL]|Bytes:5
15:50:30.0 (2477496)|SYSTEM_MODE_EXIT|false
15:50:30.0 (2487013)|METHOD_EXIT|[1]|SiteController
15:50:30.0 (2498831)|SYSTEM_MODE_ENTER|false
15:50:30.0 (2512454)|HEAP_ALLOCATE|[6]|Bytes:5
15:50:30.0 (2516755)|STATEMENT_EXECUTE|[4]
15:50:30.0 (2518323)|STATEMENT_EXECUTE|[6]
15:50:30.0 (2521055)|HEAP_ALLOCATE|[6]|Bytes:59
15:50:30.0 (2542606)|HEAP_ALLOCATE|[6]|Bytes:4
15:50:30.0 (3271090)|SOQL_EXECUTE_BEGIN|[6]|Aggregations:0|SELECT Id, Name, Content__c, Date__c, like__c FROM Topic__c
15:50:30.0 (9353575)|SOQL_EXECUTE_END|[6]|Rows:16
15:50:30.0 (9383792)|HEAP_ALLOCATE|[6]|Bytes:68
15:50:30.0 (9415448)|HEAP_ALLOCATE|[6]|Bytes:5833
15:50:30.0 (9479404)|HEAP_ALLOCATE|[6]|Bytes:68
15:50:30.0 (9504768)|SYSTEM_MODE_EXIT|false
15:50:30.9 (9531602)|CUMULATIVE_LIMIT_USAGE
15:50:30.9 (9531602)|LIMIT_USAGE_FOR_NS|(default)|
  Number of SOQL queries: 1 out of 100
  Number of query rows: 16 out of 50000
  Number of SOSL queries: 0 out of 20
  Number of DML statements: 0 out of 150
  Number of DML rows: 0 out of 10000
  Maximum CPU time: 0 out of 10000
  Maximum heap size: 0 out of 6000000
  Number of callouts: 0 out of 100
  Number of Email Invocations: 0 out of 10
  Number of future calls: 0 out of 50
  Number of queueable jobs added to the queue: 0 out of 50
  Number of Mobile Apex push calls: 0 out of 10

15:50:30.9 (9531602)|CUMULATIVE_LIMIT_USAGE_END

15:50:30.0 (9564661)|CODE_UNIT_FINISHED|SiteController.getTopics
15:50:30.0 (9809363)|CODE_UNIT_FINISHED|Aura
15:50:30.0 (11043527)|EXECUTION_FINISHED
