42.0 APEX_CODE,FINEST;APEX_PROFILING,INFO;CALLOUT,INFO;DB,INFO;SYSTEM,DEBUG;VALIDATION,INFO;VISUALFORCE,INFO;WAVE,INFO;WORKFLOW,INFO
16:35:47.0 (301327)|USER_INFO|[EXTERNAL]|0051r000007nKPL|assh4884@cunning-goat-277018.com|Greenwich Mean Time|GMTZ
16:35:47.0 (339600)|EXECUTION_STARTED
16:35:47.0 (344430)|CODE_UNIT_STARTED|[EXTERNAL]|Aura
16:35:47.0 (1781028)|CODE_UNIT_STARTED|[EXTERNAL]|01p1r000005a73H|SiteController.getTopics
16:35:47.0 (1970202)|HEAP_ALLOCATE|[72]|Bytes:3
16:35:47.0 (2018411)|HEAP_ALLOCATE|[77]|Bytes:152
16:35:47.0 (2035204)|HEAP_ALLOCATE|[342]|Bytes:408
16:35:47.0 (2048171)|HEAP_ALLOCATE|[355]|Bytes:408
16:35:47.0 (2058692)|HEAP_ALLOCATE|[467]|Bytes:48
16:35:47.0 (2089060)|HEAP_ALLOCATE|[139]|Bytes:6
16:35:47.0 (2108834)|HEAP_ALLOCATE|[EXTERNAL]|Bytes:7
16:35:47.0 (2114177)|HEAP_ALLOCATE|[EXTERNAL]|Bytes:5
16:35:47.0 (2122921)|METHOD_ENTRY|[1]|01p1r000005a73H|SiteController.SiteController()
16:35:47.0 (2129277)|STATEMENT_EXECUTE|[1]
16:35:47.0 (2134165)|STATEMENT_EXECUTE|[1]
16:35:47.0 (2167595)|HEAP_ALLOCATE|[50]|Bytes:5
16:35:47.0 (2191976)|HEAP_ALLOCATE|[56]|Bytes:5
16:35:47.0 (2198803)|HEAP_ALLOCATE|[64]|Bytes:7
16:35:47.0 (2220842)|SYSTEM_MODE_ENTER|false
16:35:47.0 (2235636)|HEAP_ALLOCATE|[EXTERNAL]|Bytes:5
16:35:47.0 (2243646)|SYSTEM_MODE_EXIT|false
16:35:47.0 (2252465)|METHOD_EXIT|[1]|SiteController
16:35:47.0 (2262934)|SYSTEM_MODE_ENTER|false
16:35:47.0 (2275634)|HEAP_ALLOCATE|[6]|Bytes:5
16:35:47.0 (2280442)|STATEMENT_EXECUTE|[4]
16:35:47.0 (2282130)|STATEMENT_EXECUTE|[6]
16:35:47.0 (2285027)|HEAP_ALLOCATE|[6]|Bytes:59
16:35:47.0 (2305350)|HEAP_ALLOCATE|[6]|Bytes:4
16:35:47.0 (3072075)|SOQL_EXECUTE_BEGIN|[6]|Aggregations:0|SELECT Id, Name, Content__c, Date__c, like__c FROM Topic__c
16:35:47.0 (8412406)|SOQL_EXECUTE_END|[6]|Rows:16
16:35:47.0 (8436732)|HEAP_ALLOCATE|[6]|Bytes:68
16:35:47.0 (8466231)|HEAP_ALLOCATE|[6]|Bytes:5833
16:35:47.0 (8517244)|HEAP_ALLOCATE|[6]|Bytes:68
16:35:47.0 (8534159)|SYSTEM_MODE_EXIT|false
16:35:47.8 (8557419)|CUMULATIVE_LIMIT_USAGE
16:35:47.8 (8557419)|LIMIT_USAGE_FOR_NS|(default)|
  Number of SOQL queries: 1 out of 100
  Number of query rows: 16 out of 50000
  Number of SOSL queries: 0 out of 20
  Number of DML statements: 0 out of 150
  Number of DML rows: 0 out of 10000
  Maximum CPU time: 0 out of 10000
  Maximum heap size: 0 out of 6000000
  Number of callouts: 0 out of 100
  Number of Email Invocations: 0 out of 10
  Number of future calls: 0 out of 50
  Number of queueable jobs added to the queue: 0 out of 50
  Number of Mobile Apex push calls: 0 out of 10

16:35:47.8 (8557419)|CUMULATIVE_LIMIT_USAGE_END

16:35:47.0 (8590350)|CODE_UNIT_FINISHED|SiteController.getTopics
16:35:47.0 (8835863)|CODE_UNIT_FINISHED|Aura
16:35:47.0 (9998180)|EXECUTION_FINISHED
