42.0 APEX_CODE,FINEST;APEX_PROFILING,INFO;CALLOUT,INFO;DB,INFO;SYSTEM,DEBUG;VALIDATION,INFO;VISUALFORCE,INFO;WAVE,INFO;WORKFLOW,INFO
15:42:55.0 (314305)|USER_INFO|[EXTERNAL]|0051r000007nKPL|assh4884@cunning-goat-277018.com|Greenwich Mean Time|GMTZ
15:42:55.0 (350307)|EXECUTION_STARTED
15:42:55.0 (353905)|CODE_UNIT_STARTED|[EXTERNAL]|Aura
15:42:55.0 (1769973)|CODE_UNIT_STARTED|[EXTERNAL]|01p1r000005a73H|siteController.getTopics
15:42:55.0 (1946995)|HEAP_ALLOCATE|[72]|Bytes:3
15:42:55.0 (1989248)|HEAP_ALLOCATE|[77]|Bytes:152
15:42:55.0 (2003953)|HEAP_ALLOCATE|[342]|Bytes:408
15:42:55.0 (2017417)|HEAP_ALLOCATE|[355]|Bytes:408
15:42:55.0 (2028008)|HEAP_ALLOCATE|[467]|Bytes:48
15:42:55.0 (2052386)|HEAP_ALLOCATE|[139]|Bytes:6
15:42:55.0 (2069940)|HEAP_ALLOCATE|[EXTERNAL]|Bytes:4
15:42:55.0 (2075115)|HEAP_ALLOCATE|[EXTERNAL]|Bytes:4
15:42:55.0 (2084570)|METHOD_ENTRY|[1]|01p1r000005a73H|siteController.siteController()
15:42:55.0 (2090807)|STATEMENT_EXECUTE|[1]
15:42:55.0 (2096095)|STATEMENT_EXECUTE|[1]
15:42:55.0 (2123189)|HEAP_ALLOCATE|[50]|Bytes:5
15:42:55.0 (2144911)|HEAP_ALLOCATE|[56]|Bytes:5
15:42:55.0 (2152353)|HEAP_ALLOCATE|[64]|Bytes:7
15:42:55.0 (2177114)|SYSTEM_MODE_ENTER|false
15:42:55.0 (2188440)|HEAP_ALLOCATE|[EXTERNAL]|Bytes:5
15:42:55.0 (2196348)|SYSTEM_MODE_EXIT|false
15:42:55.0 (2204361)|METHOD_EXIT|[1]|siteController
15:42:55.0 (2213742)|SYSTEM_MODE_ENTER|false
15:42:55.0 (2225877)|HEAP_ALLOCATE|[5]|Bytes:5
15:42:55.0 (2230289)|STATEMENT_EXECUTE|[4]
15:42:55.0 (2231848)|STATEMENT_EXECUTE|[5]
15:42:55.0 (2234175)|HEAP_ALLOCATE|[5]|Bytes:4
15:42:55.0 (2274241)|USER_DEBUG|[5]|DEBUG|iiii
15:42:55.0 (2284145)|STATEMENT_EXECUTE|[6]
15:42:55.0 (2286994)|HEAP_ALLOCATE|[6]|Bytes:50
15:42:55.0 (2303892)|HEAP_ALLOCATE|[6]|Bytes:4
15:42:55.0 (3120853)|SOQL_EXECUTE_BEGIN|[6]|Aggregations:0|SELECT Id, Name, Content__c, Date__c FROM Topic__c
15:42:55.0 (7598292)|SOQL_EXECUTE_END|[6]|Rows:16
15:42:55.0 (7621383)|HEAP_ALLOCATE|[6]|Bytes:68
15:42:55.0 (7650513)|HEAP_ALLOCATE|[6]|Bytes:5063
15:42:55.0 (7685814)|HEAP_ALLOCATE|[6]|Bytes:68
15:42:55.0 (7702739)|SYSTEM_MODE_EXIT|false
15:42:55.7 (7725354)|CUMULATIVE_LIMIT_USAGE
15:42:55.7 (7725354)|LIMIT_USAGE_FOR_NS|(default)|
  Number of SOQL queries: 1 out of 100
  Number of query rows: 16 out of 50000
  Number of SOSL queries: 0 out of 20
  Number of DML statements: 0 out of 150
  Number of DML rows: 0 out of 10000
  Maximum CPU time: 0 out of 10000
  Maximum heap size: 0 out of 6000000
  Number of callouts: 0 out of 100
  Number of Email Invocations: 0 out of 10
  Number of future calls: 0 out of 50
  Number of queueable jobs added to the queue: 0 out of 50
  Number of Mobile Apex push calls: 0 out of 10

15:42:55.7 (7725354)|CUMULATIVE_LIMIT_USAGE_END

15:42:55.0 (7755731)|CODE_UNIT_FINISHED|siteController.getTopics
15:42:55.0 (7977855)|CODE_UNIT_FINISHED|Aura
15:42:55.0 (9048074)|EXECUTION_FINISHED
