42.0 APEX_CODE,FINEST;APEX_PROFILING,INFO;CALLOUT,INFO;DB,INFO;SYSTEM,DEBUG;VALIDATION,INFO;VISUALFORCE,INFO;WAVE,INFO;WORKFLOW,INFO
16:47:29.0 (72731)|USER_INFO|[EXTERNAL]|0051r000007nKPL|assh4884@cunning-goat-277018.com|Greenwich Mean Time|GMTZ
16:47:29.0 (103729)|EXECUTION_STARTED
16:47:29.0 (108318)|CODE_UNIT_STARTED|[EXTERNAL]|Aura
16:47:29.0 (1151623)|CODE_UNIT_STARTED|[EXTERNAL]|01p1r000005a73H|SiteController.getTopics
16:47:29.0 (1325156)|HEAP_ALLOCATE|[72]|Bytes:3
16:47:29.0 (1361420)|HEAP_ALLOCATE|[77]|Bytes:152
16:47:29.0 (1376564)|HEAP_ALLOCATE|[342]|Bytes:408
16:47:29.0 (1389021)|HEAP_ALLOCATE|[355]|Bytes:408
16:47:29.0 (1399232)|HEAP_ALLOCATE|[467]|Bytes:48
16:47:29.0 (1425864)|HEAP_ALLOCATE|[139]|Bytes:6
16:47:29.0 (1442896)|HEAP_ALLOCATE|[EXTERNAL]|Bytes:7
16:47:29.0 (1447978)|HEAP_ALLOCATE|[EXTERNAL]|Bytes:8
16:47:29.0 (1456613)|METHOD_ENTRY|[1]|01p1r000005a73H|SiteController.SiteController()
16:47:29.0 (1462793)|STATEMENT_EXECUTE|[1]
16:47:29.0 (1467363)|STATEMENT_EXECUTE|[1]
16:47:29.0 (1493382)|HEAP_ALLOCATE|[50]|Bytes:5
16:47:29.0 (1513479)|HEAP_ALLOCATE|[56]|Bytes:5
16:47:29.0 (1519933)|HEAP_ALLOCATE|[64]|Bytes:7
16:47:29.0 (1538005)|SYSTEM_MODE_ENTER|false
16:47:29.0 (1549295)|HEAP_ALLOCATE|[EXTERNAL]|Bytes:5
16:47:29.0 (1557384)|SYSTEM_MODE_EXIT|false
16:47:29.0 (1564475)|METHOD_EXIT|[1]|SiteController
16:47:29.0 (1572930)|SYSTEM_MODE_ENTER|false
16:47:29.0 (1585442)|HEAP_ALLOCATE|[6]|Bytes:5
16:47:29.0 (1590045)|STATEMENT_EXECUTE|[4]
16:47:29.0 (1591487)|STATEMENT_EXECUTE|[6]
16:47:29.0 (1594000)|HEAP_ALLOCATE|[6]|Bytes:59
16:47:29.0 (1607437)|HEAP_ALLOCATE|[6]|Bytes:4
16:47:29.0 (2150800)|SOQL_EXECUTE_BEGIN|[6]|Aggregations:0|SELECT Id, Name, Content__c, Date__c, like__c FROM Topic__c
16:47:29.0 (7143360)|SOQL_EXECUTE_END|[6]|Rows:16
16:47:29.0 (7165626)|HEAP_ALLOCATE|[6]|Bytes:68
16:47:29.0 (7206552)|HEAP_ALLOCATE|[6]|Bytes:5833
16:47:29.0 (7243460)|HEAP_ALLOCATE|[6]|Bytes:68
16:47:29.0 (7263105)|SYSTEM_MODE_EXIT|false
16:47:29.7 (7286941)|CUMULATIVE_LIMIT_USAGE
16:47:29.7 (7286941)|LIMIT_USAGE_FOR_NS|(default)|
  Number of SOQL queries: 1 out of 100
  Number of query rows: 16 out of 50000
  Number of SOSL queries: 0 out of 20
  Number of DML statements: 0 out of 150
  Number of DML rows: 0 out of 10000
  Maximum CPU time: 0 out of 10000
  Maximum heap size: 0 out of 6000000
  Number of callouts: 0 out of 100
  Number of Email Invocations: 0 out of 10
  Number of future calls: 0 out of 50
  Number of queueable jobs added to the queue: 0 out of 50
  Number of Mobile Apex push calls: 0 out of 10

16:47:29.7 (7286941)|CUMULATIVE_LIMIT_USAGE_END

16:47:29.0 (7314838)|CODE_UNIT_FINISHED|SiteController.getTopics
16:47:29.0 (7544028)|CODE_UNIT_FINISHED|Aura
16:47:29.0 (8885383)|EXECUTION_FINISHED
