42.0 APEX_CODE,FINEST;APEX_PROFILING,INFO;CALLOUT,INFO;DB,INFO;SYSTEM,DEBUG;VALIDATION,INFO;VISUALFORCE,INFO;WAVE,INFO;WORKFLOW,INFO
16:52:16.0 (304739)|USER_INFO|[EXTERNAL]|0051r000007nKPL|assh4884@cunning-goat-277018.com|Greenwich Mean Time|GMTZ
16:52:16.0 (342934)|EXECUTION_STARTED
16:52:16.0 (346674)|CODE_UNIT_STARTED|[EXTERNAL]|Aura
16:52:16.0 (1786223)|CODE_UNIT_STARTED|[EXTERNAL]|01p1r000005a73H|SiteController.getTopics
16:52:16.0 (1974794)|HEAP_ALLOCATE|[72]|Bytes:3
16:52:16.0 (2010196)|HEAP_ALLOCATE|[77]|Bytes:152
16:52:16.0 (2025058)|HEAP_ALLOCATE|[342]|Bytes:408
16:52:16.0 (2037662)|HEAP_ALLOCATE|[355]|Bytes:408
16:52:16.0 (2049802)|HEAP_ALLOCATE|[467]|Bytes:48
16:52:16.0 (2075374)|HEAP_ALLOCATE|[139]|Bytes:6
16:52:16.0 (2094079)|HEAP_ALLOCATE|[EXTERNAL]|Bytes:7
16:52:16.0 (2099333)|HEAP_ALLOCATE|[EXTERNAL]|Bytes:5
16:52:16.0 (2108465)|METHOD_ENTRY|[1]|01p1r000005a73H|SiteController.SiteController()
16:52:16.0 (2114818)|STATEMENT_EXECUTE|[1]
16:52:16.0 (2118518)|STATEMENT_EXECUTE|[1]
16:52:16.0 (2145894)|HEAP_ALLOCATE|[50]|Bytes:5
16:52:16.0 (2166199)|HEAP_ALLOCATE|[56]|Bytes:5
16:52:16.0 (2173515)|HEAP_ALLOCATE|[64]|Bytes:7
16:52:16.0 (2192317)|SYSTEM_MODE_ENTER|false
16:52:16.0 (2203327)|HEAP_ALLOCATE|[EXTERNAL]|Bytes:5
16:52:16.0 (2209690)|SYSTEM_MODE_EXIT|false
16:52:16.0 (2216751)|METHOD_EXIT|[1]|SiteController
16:52:16.0 (2225975)|SYSTEM_MODE_ENTER|false
16:52:16.0 (2237079)|HEAP_ALLOCATE|[6]|Bytes:5
16:52:16.0 (2241578)|STATEMENT_EXECUTE|[4]
16:52:16.0 (2243032)|STATEMENT_EXECUTE|[6]
16:52:16.0 (2245406)|HEAP_ALLOCATE|[6]|Bytes:59
16:52:16.0 (2264462)|HEAP_ALLOCATE|[6]|Bytes:4
16:52:16.0 (2969857)|SOQL_EXECUTE_BEGIN|[6]|Aggregations:0|SELECT Id, Name, Content__c, Date__c, like__c FROM Topic__c
16:52:16.0 (7969029)|SOQL_EXECUTE_END|[6]|Rows:16
16:52:16.0 (7991548)|HEAP_ALLOCATE|[6]|Bytes:68
16:52:16.0 (8023659)|HEAP_ALLOCATE|[6]|Bytes:5833
16:52:16.0 (8063318)|HEAP_ALLOCATE|[6]|Bytes:68
16:52:16.0 (8080578)|SYSTEM_MODE_EXIT|false
16:52:16.8 (8104565)|CUMULATIVE_LIMIT_USAGE
16:52:16.8 (8104565)|LIMIT_USAGE_FOR_NS|(default)|
  Number of SOQL queries: 1 out of 100
  Number of query rows: 16 out of 50000
  Number of SOSL queries: 0 out of 20
  Number of DML statements: 0 out of 150
  Number of DML rows: 0 out of 10000
  Maximum CPU time: 0 out of 10000
  Maximum heap size: 0 out of 6000000
  Number of callouts: 0 out of 100
  Number of Email Invocations: 0 out of 10
  Number of future calls: 0 out of 50
  Number of queueable jobs added to the queue: 0 out of 50
  Number of Mobile Apex push calls: 0 out of 10

16:52:16.8 (8104565)|CUMULATIVE_LIMIT_USAGE_END

16:52:16.0 (8139860)|CODE_UNIT_FINISHED|SiteController.getTopics
16:52:16.0 (8456317)|CODE_UNIT_FINISHED|Aura
16:52:16.0 (9649149)|EXECUTION_FINISHED
