42.0 APEX_CODE,FINEST;APEX_PROFILING,INFO;CALLOUT,INFO;DB,INFO;SYSTEM,DEBUG;VALIDATION,INFO;VISUALFORCE,INFO;WAVE,INFO;WORKFLOW,INFO
16:42:45.0 (310384)|USER_INFO|[EXTERNAL]|0051r000007nKPL|assh4884@cunning-goat-277018.com|Greenwich Mean Time|GMTZ
16:42:45.0 (344474)|EXECUTION_STARTED
16:42:45.0 (348479)|CODE_UNIT_STARTED|[EXTERNAL]|Aura
16:42:45.0 (1376078)|HEAP_ALLOCATE|[72]|Bytes:3
16:42:45.0 (1419505)|HEAP_ALLOCATE|[77]|Bytes:152
16:42:45.0 (1433493)|HEAP_ALLOCATE|[342]|Bytes:408
16:42:45.0 (1445536)|HEAP_ALLOCATE|[355]|Bytes:408
16:42:45.0 (1455408)|HEAP_ALLOCATE|[467]|Bytes:48
16:42:45.0 (1478594)|HEAP_ALLOCATE|[139]|Bytes:6
16:42:45.0 (1495889)|HEAP_ALLOCATE|[EXTERNAL]|Bytes:18
16:42:45.0 (1503296)|HEAP_ALLOCATE|[EXTERNAL]|Bytes:18
16:42:45.0 (2331028)|CODE_UNIT_STARTED|[EXTERNAL]|01p1r000005a73H|SiteController.setLikeField
16:42:45.0 (2439894)|HEAP_ALLOCATE|[EXTERNAL]|Bytes:7
16:42:45.0 (2447462)|HEAP_ALLOCATE|[EXTERNAL]|Bytes:11
16:42:45.0 (2458300)|METHOD_ENTRY|[1]|01p1r000005a73H|SiteController.SiteController()
16:42:45.0 (2464450)|STATEMENT_EXECUTE|[1]
16:42:45.0 (2469030)|STATEMENT_EXECUTE|[1]
16:42:45.0 (2495020)|HEAP_ALLOCATE|[50]|Bytes:5
16:42:45.0 (2516317)|HEAP_ALLOCATE|[56]|Bytes:5
16:42:45.0 (2523692)|HEAP_ALLOCATE|[64]|Bytes:7
16:42:45.0 (2543660)|SYSTEM_MODE_ENTER|false
16:42:45.0 (2557058)|HEAP_ALLOCATE|[EXTERNAL]|Bytes:5
16:42:45.0 (2563458)|SYSTEM_MODE_EXIT|false
16:42:45.0 (2571788)|METHOD_EXIT|[1]|SiteController
16:42:45.0 (2576793)|HEAP_ALLOCATE|[EXTERNAL]|Bytes:18
16:42:45.0 (2580193)|HEAP_ALLOCATE|[EXTERNAL]|Bytes:5
16:42:45.0 (2587334)|SYSTEM_MODE_ENTER|false
16:42:45.0 (2596040)|VARIABLE_SCOPE_BEGIN|[24]|id|String|false|false
16:42:45.0 (2617076)|VARIABLE_ASSIGNMENT|[24]|id|"a001r00000nP0hcAAC"
16:42:45.0 (2622808)|VARIABLE_SCOPE_BEGIN|[24]|likeTopic|Boolean|false|false
16:42:45.0 (2631556)|VARIABLE_ASSIGNMENT|[24]|likeTopic|true
16:42:45.0 (2644241)|HEAP_ALLOCATE|[25]|Bytes:5
16:42:45.0 (2648534)|STATEMENT_EXECUTE|[24]
16:42:45.0 (2650177)|STATEMENT_EXECUTE|[25]
16:42:45.0 (2652725)|HEAP_ALLOCATE|[25]|Bytes:60
16:42:45.0 (2670269)|HEAP_ALLOCATE|[25]|Bytes:4
16:42:45.0 (2679920)|HEAP_ALLOCATE|[25]|Bytes:7
16:42:45.0 (3401903)|SOQL_EXECUTE_BEGIN|[25]|Aggregations:0|SELECT Id, like__c FROM Topic__c WHERE Id = :tmpVar1 LIMIT 1
16:42:45.0 (6340214)|SOQL_EXECUTE_END|[25]|Rows:1
16:42:45.0 (6362158)|HEAP_ALLOCATE|[25]|Bytes:8
16:42:45.0 (6379118)|HEAP_ALLOCATE|[25]|Bytes:44
16:42:45.0 (6424881)|HEAP_ALLOCATE|[25]|Bytes:8
16:42:45.0 (6435797)|VARIABLE_SCOPE_BEGIN|[25]|t|List<Topic__c>|true|false
16:42:45.0 (6463896)|VARIABLE_ASSIGNMENT|[25]|t|[{"Id":"a001r00000nP0hcAAC","like__c":false}]|0x117082e
16:42:45.0 (6470311)|STATEMENT_EXECUTE|[27]
16:42:45.0 (6472071)|STATEMENT_EXECUTE|[27]
16:42:45.0 (6473552)|STATEMENT_EXECUTE|[28]
16:42:45.0 (6516593)|HEAP_ALLOCATE|[28]|Bytes:12
16:42:45.0 (6571683)|VARIABLE_ASSIGNMENT|[28]|this.like__c|true|0x3e4c3106
16:42:45.0 (6578038)|STATEMENT_EXECUTE|[29]
16:42:45.0 (6644935)|USER_DEBUG|[29]|DEBUG|(Topic__c:{Id=a001r00000nP0hcAAC, like__c=true})
16:42:45.0 (6656203)|STATEMENT_EXECUTE|[30]
16:42:45.0 (6695357)|DML_BEGIN|[30]|Op:Update|Type:Topic__c|Rows:1
16:42:45.0 (6724997)|HEAP_ALLOCATE|[EXTERNAL]|Bytes:8
16:42:45.0 (25663426)|DML_END|[30]
16:42:45.0 (25737004)|HEAP_ALLOCATE|[EXTERNAL]|Bytes:8
16:42:45.0 (25757185)|STATEMENT_EXECUTE|[31]
16:42:45.0 (25765827)|HEAP_ALLOCATE|[31]|Bytes:8
16:42:45.0 (25813097)|USER_DEBUG|[31]|DEBUG|dffsdfsd
16:42:45.0 (25836483)|SYSTEM_MODE_EXIT|false
16:42:45.28 (28610156)|CUMULATIVE_LIMIT_USAGE
16:42:45.28 (28610156)|LIMIT_USAGE_FOR_NS|(default)|
  Number of SOQL queries: 1 out of 100
  Number of query rows: 1 out of 50000
  Number of SOSL queries: 0 out of 20
  Number of DML statements: 1 out of 150
  Number of DML rows: 1 out of 10000
  Maximum CPU time: 0 out of 10000
  Maximum heap size: 0 out of 6000000
  Number of callouts: 0 out of 100
  Number of Email Invocations: 0 out of 10
  Number of future calls: 0 out of 50
  Number of queueable jobs added to the queue: 0 out of 50
  Number of Mobile Apex push calls: 0 out of 10

16:42:45.28 (28610156)|CUMULATIVE_LIMIT_USAGE_END

16:42:45.0 (28646029)|CODE_UNIT_FINISHED|SiteController.setLikeField
16:42:45.0 (28694812)|CODE_UNIT_FINISHED|Aura
16:42:45.0 (29483455)|EXECUTION_FINISHED
