42.0 APEX_CODE,FINEST;APEX_PROFILING,INFO;CALLOUT,INFO;DB,INFO;SYSTEM,DEBUG;VALIDATION,INFO;VISUALFORCE,INFO;WAVE,INFO;WORKFLOW,INFO
16:42:07.0 (465274)|USER_INFO|[EXTERNAL]|0051r000007nKPL|assh4884@cunning-goat-277018.com|Greenwich Mean Time|GMTZ
16:42:07.0 (516820)|EXECUTION_STARTED
16:42:07.0 (525002)|CODE_UNIT_STARTED|[EXTERNAL]|Aura
16:42:07.0 (2546847)|CODE_UNIT_STARTED|[EXTERNAL]|01p1r000005a73H|SiteController.getTopics
16:42:07.0 (2824481)|HEAP_ALLOCATE|[72]|Bytes:3
16:42:07.0 (2911296)|HEAP_ALLOCATE|[77]|Bytes:152
16:42:07.0 (2943067)|HEAP_ALLOCATE|[342]|Bytes:408
16:42:07.0 (2973115)|HEAP_ALLOCATE|[355]|Bytes:408
16:42:07.0 (2998496)|HEAP_ALLOCATE|[467]|Bytes:48
16:42:07.0 (3046454)|HEAP_ALLOCATE|[139]|Bytes:6
16:42:07.0 (3080925)|HEAP_ALLOCATE|[EXTERNAL]|Bytes:7
16:42:07.0 (3115884)|HEAP_ALLOCATE|[EXTERNAL]|Bytes:11
16:42:07.0 (3148378)|METHOD_ENTRY|[1]|01p1r000005a73H|SiteController.SiteController()
16:42:07.0 (3160389)|STATEMENT_EXECUTE|[1]
16:42:07.0 (3168801)|STATEMENT_EXECUTE|[1]
16:42:07.0 (3213964)|HEAP_ALLOCATE|[50]|Bytes:5
16:42:07.0 (3251463)|HEAP_ALLOCATE|[56]|Bytes:5
16:42:07.0 (3266553)|HEAP_ALLOCATE|[64]|Bytes:7
16:42:07.0 (3301135)|SYSTEM_MODE_ENTER|false
16:42:07.0 (3324774)|HEAP_ALLOCATE|[EXTERNAL]|Bytes:5
16:42:07.0 (3340400)|SYSTEM_MODE_EXIT|false
16:42:07.0 (3371320)|METHOD_EXIT|[1]|SiteController
16:42:07.0 (3395853)|SYSTEM_MODE_ENTER|false
16:42:07.0 (3420877)|HEAP_ALLOCATE|[6]|Bytes:5
16:42:07.0 (3428623)|STATEMENT_EXECUTE|[4]
16:42:07.0 (3430985)|STATEMENT_EXECUTE|[6]
16:42:07.0 (3435844)|HEAP_ALLOCATE|[6]|Bytes:59
16:42:07.0 (3470870)|HEAP_ALLOCATE|[6]|Bytes:4
16:42:07.0 (4329350)|SOQL_EXECUTE_BEGIN|[6]|Aggregations:0|SELECT Id, Name, Content__c, Date__c, like__c FROM Topic__c
16:42:07.0 (10770183)|SOQL_EXECUTE_END|[6]|Rows:16
16:42:07.0 (10819331)|HEAP_ALLOCATE|[6]|Bytes:68
16:42:07.0 (10867580)|HEAP_ALLOCATE|[6]|Bytes:5833
16:42:07.0 (10965907)|HEAP_ALLOCATE|[6]|Bytes:68
16:42:07.0 (11010680)|SYSTEM_MODE_EXIT|false
16:42:07.11 (11062116)|CUMULATIVE_LIMIT_USAGE
16:42:07.11 (11062116)|LIMIT_USAGE_FOR_NS|(default)|
  Number of SOQL queries: 1 out of 100
  Number of query rows: 16 out of 50000
  Number of SOSL queries: 0 out of 20
  Number of DML statements: 0 out of 150
  Number of DML rows: 0 out of 10000
  Maximum CPU time: 0 out of 10000
  Maximum heap size: 0 out of 6000000
  Number of callouts: 0 out of 100
  Number of Email Invocations: 0 out of 10
  Number of future calls: 0 out of 50
  Number of queueable jobs added to the queue: 0 out of 50
  Number of Mobile Apex push calls: 0 out of 10

16:42:07.11 (11062116)|CUMULATIVE_LIMIT_USAGE_END

16:42:07.0 (11114543)|CODE_UNIT_FINISHED|SiteController.getTopics
16:42:07.0 (11508418)|CODE_UNIT_FINISHED|Aura
16:42:07.0 (12787546)|EXECUTION_FINISHED
