42.0 APEX_CODE,FINEST;APEX_PROFILING,INFO;CALLOUT,INFO;DB,INFO;SYSTEM,DEBUG;VALIDATION,INFO;VISUALFORCE,INFO;WAVE,INFO;WORKFLOW,INFO
15:48:24.0 (79744)|USER_INFO|[EXTERNAL]|0051r000007nKPL|assh4884@cunning-goat-277018.com|Greenwich Mean Time|GMTZ
15:48:24.0 (126756)|EXECUTION_STARTED
15:48:24.0 (131659)|CODE_UNIT_STARTED|[EXTERNAL]|Aura
15:48:24.0 (1271755)|CODE_UNIT_STARTED|[EXTERNAL]|01p1r000007BH1U|ContactController.getContacts
15:48:24.0 (1407472)|HEAP_ALLOCATE|[72]|Bytes:3
15:48:24.0 (1444794)|HEAP_ALLOCATE|[77]|Bytes:152
15:48:24.0 (1460954)|HEAP_ALLOCATE|[342]|Bytes:408
15:48:24.0 (1475442)|HEAP_ALLOCATE|[355]|Bytes:408
15:48:24.0 (1486399)|HEAP_ALLOCATE|[467]|Bytes:48
15:48:24.0 (1513150)|HEAP_ALLOCATE|[139]|Bytes:6
15:48:24.0 (1577530)|HEAP_ALLOCATE|[EXTERNAL]|Bytes:1
15:48:24.0 (1589616)|METHOD_ENTRY|[1]|01p1r000007BH1U|ContactController.ContactController()
15:48:24.0 (1596645)|STATEMENT_EXECUTE|[1]
15:48:24.0 (1601913)|STATEMENT_EXECUTE|[1]
15:48:24.0 (1637760)|HEAP_ALLOCATE|[50]|Bytes:5
15:48:24.0 (1661898)|HEAP_ALLOCATE|[56]|Bytes:5
15:48:24.0 (1669243)|HEAP_ALLOCATE|[64]|Bytes:7
15:48:24.0 (1697896)|SYSTEM_MODE_ENTER|false
15:48:24.0 (1715697)|HEAP_ALLOCATE|[EXTERNAL]|Bytes:5
15:48:24.0 (1727428)|SYSTEM_MODE_EXIT|false
15:48:24.0 (1740008)|METHOD_EXIT|[1]|ContactController
15:48:24.0 (1755587)|SYSTEM_MODE_ENTER|false
15:48:24.0 (1774946)|HEAP_ALLOCATE|[5]|Bytes:5
15:48:24.0 (1781934)|STATEMENT_EXECUTE|[4]
15:48:24.0 (1784526)|STATEMENT_EXECUTE|[5]
15:48:24.0 (1788469)|HEAP_ALLOCATE|[5]|Bytes:69
15:48:24.0 (1807025)|HEAP_ALLOCATE|[5]|Bytes:4
15:48:24.0 (2189739)|SOQL_EXECUTE_BEGIN|[5]|Aggregations:0|SELECT Id, Name, MailingStreet, Phone, Email, LeadSource FROM Contact
15:48:24.0 (5824372)|SOQL_EXECUTE_END|[5]|Rows:20
15:48:24.0 (5848084)|HEAP_ALLOCATE|[5]|Bytes:84
15:48:24.0 (5907603)|HEAP_ALLOCATE|[5]|Bytes:3564
15:48:24.0 (6015213)|HEAP_ALLOCATE|[5]|Bytes:84
15:48:24.0 (6033890)|VARIABLE_SCOPE_BEGIN|[5]|contacts|List<Contact>|true|false
15:48:24.0 (6068226)|VARIABLE_ASSIGNMENT|[5]|contacts|"List of size 20 too large to display"|0x2e553222
15:48:24.0 (6075046)|STATEMENT_EXECUTE|[9]
15:48:24.0 (6085153)|SYSTEM_MODE_EXIT|false
15:48:24.6 (6107370)|CUMULATIVE_LIMIT_USAGE
15:48:24.6 (6107370)|LIMIT_USAGE_FOR_NS|(default)|
  Number of SOQL queries: 1 out of 100
  Number of query rows: 20 out of 50000
  Number of SOSL queries: 0 out of 20
  Number of DML statements: 0 out of 150
  Number of DML rows: 0 out of 10000
  Maximum CPU time: 0 out of 10000
  Maximum heap size: 0 out of 6000000
  Number of callouts: 0 out of 100
  Number of Email Invocations: 0 out of 10
  Number of future calls: 0 out of 50
  Number of queueable jobs added to the queue: 0 out of 50
  Number of Mobile Apex push calls: 0 out of 10

15:48:24.6 (6107370)|CUMULATIVE_LIMIT_USAGE_END

15:48:24.0 (6150974)|CODE_UNIT_FINISHED|ContactController.getContacts
15:48:24.0 (6361989)|CODE_UNIT_FINISHED|Aura
15:48:24.0 (7942251)|EXECUTION_FINISHED
