42.0 APEX_CODE,FINEST;APEX_PROFILING,INFO;CALLOUT,INFO;DB,INFO;SYSTEM,DEBUG;VALIDATION,INFO;VISUALFORCE,INFO;WAVE,INFO;WORKFLOW,INFO
16:50:15.0 (283832)|USER_INFO|[EXTERNAL]|0051r000007nKPL|assh4884@cunning-goat-277018.com|Greenwich Mean Time|GMTZ
16:50:15.0 (321461)|EXECUTION_STARTED
16:50:15.0 (325817)|CODE_UNIT_STARTED|[EXTERNAL]|Aura
16:50:15.0 (1807778)|CODE_UNIT_STARTED|[EXTERNAL]|01p1r000005a73H|SiteController.getTopics
16:50:15.0 (2069140)|HEAP_ALLOCATE|[72]|Bytes:3
16:50:15.0 (2129767)|HEAP_ALLOCATE|[77]|Bytes:152
16:50:15.0 (2146492)|HEAP_ALLOCATE|[342]|Bytes:408
16:50:15.0 (2159606)|HEAP_ALLOCATE|[355]|Bytes:408
16:50:15.0 (2170152)|HEAP_ALLOCATE|[467]|Bytes:48
16:50:15.0 (2199507)|HEAP_ALLOCATE|[139]|Bytes:6
16:50:15.0 (2214156)|HEAP_ALLOCATE|[EXTERNAL]|Bytes:7
16:50:15.0 (2219086)|HEAP_ALLOCATE|[EXTERNAL]|Bytes:5
16:50:15.0 (2228503)|METHOD_ENTRY|[1]|01p1r000005a73H|SiteController.SiteController()
16:50:15.0 (2234189)|STATEMENT_EXECUTE|[1]
16:50:15.0 (2238788)|STATEMENT_EXECUTE|[1]
16:50:15.0 (2268614)|HEAP_ALLOCATE|[50]|Bytes:5
16:50:15.0 (2291171)|HEAP_ALLOCATE|[56]|Bytes:5
16:50:15.0 (2297507)|HEAP_ALLOCATE|[64]|Bytes:7
16:50:15.0 (2315976)|SYSTEM_MODE_ENTER|false
16:50:15.0 (2331640)|HEAP_ALLOCATE|[EXTERNAL]|Bytes:5
16:50:15.0 (2339831)|SYSTEM_MODE_EXIT|false
16:50:15.0 (2348445)|METHOD_EXIT|[1]|SiteController
16:50:15.0 (2357119)|SYSTEM_MODE_ENTER|false
16:50:15.0 (2369176)|HEAP_ALLOCATE|[6]|Bytes:5
16:50:15.0 (2372949)|STATEMENT_EXECUTE|[4]
16:50:15.0 (2374600)|STATEMENT_EXECUTE|[6]
16:50:15.0 (2377745)|HEAP_ALLOCATE|[6]|Bytes:59
16:50:15.0 (2397076)|HEAP_ALLOCATE|[6]|Bytes:4
16:50:15.0 (3133345)|SOQL_EXECUTE_BEGIN|[6]|Aggregations:0|SELECT Id, Name, Content__c, Date__c, like__c FROM Topic__c
16:50:15.0 (8182217)|SOQL_EXECUTE_END|[6]|Rows:16
16:50:15.0 (8203974)|HEAP_ALLOCATE|[6]|Bytes:68
16:50:15.0 (8232471)|HEAP_ALLOCATE|[6]|Bytes:5833
16:50:15.0 (8269472)|HEAP_ALLOCATE|[6]|Bytes:68
16:50:15.0 (8283519)|SYSTEM_MODE_EXIT|false
16:50:15.8 (8304520)|CUMULATIVE_LIMIT_USAGE
16:50:15.8 (8304520)|LIMIT_USAGE_FOR_NS|(default)|
  Number of SOQL queries: 1 out of 100
  Number of query rows: 16 out of 50000
  Number of SOSL queries: 0 out of 20
  Number of DML statements: 0 out of 150
  Number of DML rows: 0 out of 10000
  Maximum CPU time: 0 out of 10000
  Maximum heap size: 0 out of 6000000
  Number of callouts: 0 out of 100
  Number of Email Invocations: 0 out of 10
  Number of future calls: 0 out of 50
  Number of queueable jobs added to the queue: 0 out of 50
  Number of Mobile Apex push calls: 0 out of 10

16:50:15.8 (8304520)|CUMULATIVE_LIMIT_USAGE_END

16:50:15.0 (8337015)|CODE_UNIT_FINISHED|SiteController.getTopics
16:50:15.0 (8593346)|CODE_UNIT_FINISHED|Aura
16:50:15.0 (9734880)|EXECUTION_FINISHED
