42.0 APEX_CODE,FINEST;APEX_PROFILING,INFO;CALLOUT,INFO;DB,INFO;SYSTEM,DEBUG;VALIDATION,INFO;VISUALFORCE,INFO;WAVE,INFO;WORKFLOW,INFO
16:43:36.0 (59685)|USER_INFO|[EXTERNAL]|0051r000007nKPL|assh4884@cunning-goat-277018.com|Greenwich Mean Time|GMTZ
16:43:36.0 (96877)|EXECUTION_STARTED
16:43:36.0 (101870)|CODE_UNIT_STARTED|[EXTERNAL]|Aura
16:43:36.0 (1137963)|CODE_UNIT_STARTED|[EXTERNAL]|01p1r000005a73H|SiteController.getTopics
16:43:36.0 (1317330)|HEAP_ALLOCATE|[72]|Bytes:3
16:43:36.0 (1370271)|HEAP_ALLOCATE|[77]|Bytes:152
16:43:36.0 (1391725)|HEAP_ALLOCATE|[342]|Bytes:408
16:43:36.0 (1411164)|HEAP_ALLOCATE|[355]|Bytes:408
16:43:36.0 (1429065)|HEAP_ALLOCATE|[467]|Bytes:48
16:43:36.0 (1465771)|HEAP_ALLOCATE|[139]|Bytes:6
16:43:36.0 (1552229)|HEAP_ALLOCATE|[EXTERNAL]|Bytes:7
16:43:36.0 (1560695)|HEAP_ALLOCATE|[EXTERNAL]|Bytes:11
16:43:36.0 (1570635)|METHOD_ENTRY|[1]|01p1r000005a73H|SiteController.SiteController()
16:43:36.0 (1577275)|STATEMENT_EXECUTE|[1]
16:43:36.0 (1581674)|STATEMENT_EXECUTE|[1]
16:43:36.0 (1614605)|HEAP_ALLOCATE|[50]|Bytes:5
16:43:36.0 (1636823)|HEAP_ALLOCATE|[56]|Bytes:5
16:43:36.0 (1643742)|HEAP_ALLOCATE|[64]|Bytes:7
16:43:36.0 (1664858)|SYSTEM_MODE_ENTER|false
16:43:36.0 (1677265)|HEAP_ALLOCATE|[EXTERNAL]|Bytes:5
16:43:36.0 (1683685)|SYSTEM_MODE_EXIT|false
16:43:36.0 (1691381)|METHOD_EXIT|[1]|SiteController
16:43:36.0 (1701471)|SYSTEM_MODE_ENTER|false
16:43:36.0 (1716892)|HEAP_ALLOCATE|[6]|Bytes:5
16:43:36.0 (1722611)|STATEMENT_EXECUTE|[4]
16:43:36.0 (1724642)|STATEMENT_EXECUTE|[6]
16:43:36.0 (1727484)|HEAP_ALLOCATE|[6]|Bytes:59
16:43:36.0 (1748145)|HEAP_ALLOCATE|[6]|Bytes:4
16:43:36.0 (2153528)|SOQL_EXECUTE_BEGIN|[6]|Aggregations:0|SELECT Id, Name, Content__c, Date__c, like__c FROM Topic__c
16:43:36.0 (8325848)|SOQL_EXECUTE_END|[6]|Rows:16
16:43:36.0 (8357555)|HEAP_ALLOCATE|[6]|Bytes:68
16:43:36.0 (8390387)|HEAP_ALLOCATE|[6]|Bytes:5833
16:43:36.0 (8509868)|HEAP_ALLOCATE|[6]|Bytes:68
16:43:36.0 (8531329)|SYSTEM_MODE_EXIT|false
16:43:36.8 (8554274)|CUMULATIVE_LIMIT_USAGE
16:43:36.8 (8554274)|LIMIT_USAGE_FOR_NS|(default)|
  Number of SOQL queries: 1 out of 100
  Number of query rows: 16 out of 50000
  Number of SOSL queries: 0 out of 20
  Number of DML statements: 0 out of 150
  Number of DML rows: 0 out of 10000
  Maximum CPU time: 0 out of 10000
  Maximum heap size: 0 out of 6000000
  Number of callouts: 0 out of 100
  Number of Email Invocations: 0 out of 10
  Number of future calls: 0 out of 50
  Number of queueable jobs added to the queue: 0 out of 50
  Number of Mobile Apex push calls: 0 out of 10

16:43:36.8 (8554274)|CUMULATIVE_LIMIT_USAGE_END

16:43:36.0 (8592979)|CODE_UNIT_FINISHED|SiteController.getTopics
16:43:36.0 (8868977)|CODE_UNIT_FINISHED|Aura
16:43:36.0 (10105674)|EXECUTION_FINISHED
