42.0 APEX_CODE,FINEST;APEX_PROFILING,INFO;CALLOUT,INFO;DB,INFO;SYSTEM,DEBUG;VALIDATION,INFO;VISUALFORCE,INFO;WAVE,INFO;WORKFLOW,INFO
16:44:52.0 (334010)|USER_INFO|[EXTERNAL]|0051r000007nKPL|assh4884@cunning-goat-277018.com|Greenwich Mean Time|GMTZ
16:44:52.0 (367914)|EXECUTION_STARTED
16:44:52.0 (371855)|CODE_UNIT_STARTED|[EXTERNAL]|Aura
16:44:52.0 (1375082)|HEAP_ALLOCATE|[72]|Bytes:3
16:44:52.0 (1431551)|HEAP_ALLOCATE|[77]|Bytes:152
16:44:52.0 (1446016)|HEAP_ALLOCATE|[342]|Bytes:408
16:44:52.0 (1458473)|HEAP_ALLOCATE|[355]|Bytes:408
16:44:52.0 (1469593)|HEAP_ALLOCATE|[467]|Bytes:48
16:44:52.0 (1493485)|HEAP_ALLOCATE|[139]|Bytes:6
16:44:52.0 (1511936)|HEAP_ALLOCATE|[EXTERNAL]|Bytes:18
16:44:52.0 (1530754)|HEAP_ALLOCATE|[EXTERNAL]|Bytes:18
16:44:52.0 (2350296)|CODE_UNIT_STARTED|[EXTERNAL]|01p1r000005a73H|SiteController.setLikeField
16:44:52.0 (2445092)|HEAP_ALLOCATE|[EXTERNAL]|Bytes:7
16:44:52.0 (2452663)|HEAP_ALLOCATE|[EXTERNAL]|Bytes:11
16:44:52.0 (2479746)|METHOD_ENTRY|[1]|01p1r000005a73H|SiteController.SiteController()
16:44:52.0 (2486322)|STATEMENT_EXECUTE|[1]
16:44:52.0 (2490952)|STATEMENT_EXECUTE|[1]
16:44:52.0 (2519886)|HEAP_ALLOCATE|[50]|Bytes:5
16:44:52.0 (2540061)|HEAP_ALLOCATE|[56]|Bytes:5
16:44:52.0 (2548230)|HEAP_ALLOCATE|[64]|Bytes:7
16:44:52.0 (2569217)|SYSTEM_MODE_ENTER|false
16:44:52.0 (2580506)|HEAP_ALLOCATE|[EXTERNAL]|Bytes:5
16:44:52.0 (2587775)|SYSTEM_MODE_EXIT|false
16:44:52.0 (2606283)|METHOD_EXIT|[1]|SiteController
16:44:52.0 (2611516)|HEAP_ALLOCATE|[EXTERNAL]|Bytes:18
16:44:52.0 (2616399)|HEAP_ALLOCATE|[EXTERNAL]|Bytes:5
16:44:52.0 (2624850)|SYSTEM_MODE_ENTER|false
16:44:52.0 (2634900)|VARIABLE_SCOPE_BEGIN|[24]|id|String|false|false
16:44:52.0 (2659234)|VARIABLE_ASSIGNMENT|[24]|id|"a001r00000nOgpoAAC"
16:44:52.0 (2665046)|VARIABLE_SCOPE_BEGIN|[24]|likeTopic|Boolean|false|false
16:44:52.0 (2673207)|VARIABLE_ASSIGNMENT|[24]|likeTopic|true
16:44:52.0 (2686337)|HEAP_ALLOCATE|[25]|Bytes:5
16:44:52.0 (2691050)|STATEMENT_EXECUTE|[24]
16:44:52.0 (2692752)|STATEMENT_EXECUTE|[25]
16:44:52.0 (2695416)|HEAP_ALLOCATE|[25]|Bytes:60
16:44:52.0 (2709807)|HEAP_ALLOCATE|[25]|Bytes:4
16:44:52.0 (2728133)|HEAP_ALLOCATE|[25]|Bytes:7
16:44:52.0 (3503534)|SOQL_EXECUTE_BEGIN|[25]|Aggregations:0|SELECT Id, like__c FROM Topic__c WHERE Id = :tmpVar1 LIMIT 1
16:44:52.0 (6430247)|SOQL_EXECUTE_END|[25]|Rows:1
16:44:52.0 (6453544)|HEAP_ALLOCATE|[25]|Bytes:8
16:44:52.0 (6468196)|HEAP_ALLOCATE|[25]|Bytes:44
16:44:52.0 (6504933)|HEAP_ALLOCATE|[25]|Bytes:8
16:44:52.0 (6516519)|VARIABLE_SCOPE_BEGIN|[25]|t|List<Topic__c>|true|false
16:44:52.0 (6542637)|VARIABLE_ASSIGNMENT|[25]|t|[{"Id":"a001r00000nOgpoAAC","like__c":false}]|0x300e332a
16:44:52.0 (6548716)|STATEMENT_EXECUTE|[27]
16:44:52.0 (6550383)|STATEMENT_EXECUTE|[27]
16:44:52.0 (6551742)|STATEMENT_EXECUTE|[28]
16:44:52.0 (6577230)|HEAP_ALLOCATE|[28]|Bytes:12
16:44:52.0 (6625910)|VARIABLE_ASSIGNMENT|[28]|this.like__c|true|0xc029aa7
16:44:52.0 (6632840)|STATEMENT_EXECUTE|[29]
16:44:52.0 (6842974)|USER_DEBUG|[29]|DEBUG|(Topic__c:{Id=a001r00000nOgpoAAC, like__c=true})
16:44:52.0 (6875286)|STATEMENT_EXECUTE|[30]
16:44:52.0 (6924331)|DML_BEGIN|[30]|Op:Update|Type:Topic__c|Rows:1
16:44:52.0 (6954023)|HEAP_ALLOCATE|[EXTERNAL]|Bytes:8
16:44:52.0 (28544305)|DML_END|[30]
16:44:52.0 (28600569)|HEAP_ALLOCATE|[EXTERNAL]|Bytes:8
16:44:52.0 (28619372)|STATEMENT_EXECUTE|[31]
16:44:52.0 (28624883)|HEAP_ALLOCATE|[31]|Bytes:8
16:44:52.0 (28668826)|USER_DEBUG|[31]|DEBUG|dffsdfsd
16:44:52.0 (28686991)|SYSTEM_MODE_EXIT|false
16:44:52.31 (31629842)|CUMULATIVE_LIMIT_USAGE
16:44:52.31 (31629842)|LIMIT_USAGE_FOR_NS|(default)|
  Number of SOQL queries: 1 out of 100
  Number of query rows: 1 out of 50000
  Number of SOSL queries: 0 out of 20
  Number of DML statements: 1 out of 150
  Number of DML rows: 1 out of 10000
  Maximum CPU time: 0 out of 10000
  Maximum heap size: 0 out of 6000000
  Number of callouts: 0 out of 100
  Number of Email Invocations: 0 out of 10
  Number of future calls: 0 out of 50
  Number of queueable jobs added to the queue: 0 out of 50
  Number of Mobile Apex push calls: 0 out of 10

16:44:52.31 (31629842)|CUMULATIVE_LIMIT_USAGE_END

16:44:52.0 (31672853)|CODE_UNIT_FINISHED|SiteController.setLikeField
16:44:52.0 (31742939)|CODE_UNIT_FINISHED|Aura
16:44:52.0 (32550462)|EXECUTION_FINISHED
