42.0 APEX_CODE,FINEST;APEX_PROFILING,INFO;CALLOUT,INFO;DB,INFO;SYSTEM,DEBUG;VALIDATION,INFO;VISUALFORCE,INFO;WAVE,INFO;WORKFLOW,INFO
15:42:30.0 (398272)|USER_INFO|[EXTERNAL]|0051r000007nKPL|assh4884@cunning-goat-277018.com|Greenwich Mean Time|GMTZ
15:42:30.0 (446324)|EXECUTION_STARTED
15:42:30.0 (451345)|CODE_UNIT_STARTED|[EXTERNAL]|Aura
15:42:30.0 (2049381)|CODE_UNIT_STARTED|[EXTERNAL]|01p1r000005a73H|siteController.getTopics
15:42:30.0 (2307513)|HEAP_ALLOCATE|[72]|Bytes:3
15:42:30.0 (2370274)|HEAP_ALLOCATE|[77]|Bytes:152
15:42:30.0 (2385634)|HEAP_ALLOCATE|[342]|Bytes:408
15:42:30.0 (2397563)|HEAP_ALLOCATE|[355]|Bytes:408
15:42:30.0 (2407331)|HEAP_ALLOCATE|[467]|Bytes:48
15:42:30.0 (2433311)|HEAP_ALLOCATE|[139]|Bytes:6
15:42:30.0 (2447379)|HEAP_ALLOCATE|[EXTERNAL]|Bytes:4
15:42:30.0 (2474098)|HEAP_ALLOCATE|[EXTERNAL]|Bytes:4
15:42:30.0 (2493460)|METHOD_ENTRY|[1]|01p1r000005a73H|siteController.siteController()
15:42:30.0 (2500391)|STATEMENT_EXECUTE|[1]
15:42:30.0 (2505013)|STATEMENT_EXECUTE|[1]
15:42:30.0 (2537031)|HEAP_ALLOCATE|[50]|Bytes:5
15:42:30.0 (2559658)|HEAP_ALLOCATE|[56]|Bytes:5
15:42:30.0 (2567310)|HEAP_ALLOCATE|[64]|Bytes:7
15:42:30.0 (2586862)|SYSTEM_MODE_ENTER|false
15:42:30.0 (2725068)|HEAP_ALLOCATE|[EXTERNAL]|Bytes:5
15:42:30.0 (2733697)|SYSTEM_MODE_EXIT|false
15:42:30.0 (2753848)|METHOD_EXIT|[1]|siteController
15:42:30.0 (2765027)|SYSTEM_MODE_ENTER|false
15:42:30.0 (2778666)|HEAP_ALLOCATE|[5]|Bytes:5
15:42:30.0 (2786107)|STATEMENT_EXECUTE|[4]
15:42:30.0 (2787853)|STATEMENT_EXECUTE|[5]
15:42:30.0 (2790978)|HEAP_ALLOCATE|[5]|Bytes:4
15:42:30.0 (2837816)|USER_DEBUG|[5]|DEBUG|iiii
15:42:30.0 (2848589)|STATEMENT_EXECUTE|[6]
15:42:30.0 (2851313)|HEAP_ALLOCATE|[6]|Bytes:50
15:42:30.0 (2870843)|HEAP_ALLOCATE|[6]|Bytes:4
15:42:30.0 (3635433)|SOQL_EXECUTE_BEGIN|[6]|Aggregations:0|SELECT Id, Name, Content__c, Date__c FROM Topic__c
15:42:30.0 (8641294)|SOQL_EXECUTE_END|[6]|Rows:16
15:42:30.0 (8668208)|HEAP_ALLOCATE|[6]|Bytes:68
15:42:30.0 (8695794)|HEAP_ALLOCATE|[6]|Bytes:5063
15:42:30.0 (8744913)|HEAP_ALLOCATE|[6]|Bytes:68
15:42:30.0 (8763180)|SYSTEM_MODE_EXIT|false
15:42:30.8 (8789693)|CUMULATIVE_LIMIT_USAGE
15:42:30.8 (8789693)|LIMIT_USAGE_FOR_NS|(default)|
  Number of SOQL queries: 1 out of 100
  Number of query rows: 16 out of 50000
  Number of SOSL queries: 0 out of 20
  Number of DML statements: 0 out of 150
  Number of DML rows: 0 out of 10000
  Maximum CPU time: 0 out of 10000
  Maximum heap size: 0 out of 6000000
  Number of callouts: 0 out of 100
  Number of Email Invocations: 0 out of 10
  Number of future calls: 0 out of 50
  Number of queueable jobs added to the queue: 0 out of 50
  Number of Mobile Apex push calls: 0 out of 10

15:42:30.8 (8789693)|CUMULATIVE_LIMIT_USAGE_END

15:42:30.0 (8823398)|CODE_UNIT_FINISHED|siteController.getTopics
15:42:30.0 (9061868)|CODE_UNIT_FINISHED|Aura
15:42:30.0 (10155550)|EXECUTION_FINISHED
