42.0 APEX_CODE,FINEST;APEX_PROFILING,INFO;CALLOUT,INFO;DB,INFO;SYSTEM,DEBUG;VALIDATION,INFO;VISUALFORCE,INFO;WAVE,INFO;WORKFLOW,INFO
15:23:15.0 (379908)|USER_INFO|[EXTERNAL]|0051r000007nKPL|assh4884@cunning-goat-277018.com|Greenwich Mean Time|GMTZ
15:23:15.0 (430245)|EXECUTION_STARTED
15:23:15.0 (436119)|CODE_UNIT_STARTED|[EXTERNAL]|Aura
15:23:15.0 (2253225)|CODE_UNIT_STARTED|[EXTERNAL]|01p1r000005a73H|SiteController.getTopics
15:23:15.0 (2495157)|HEAP_ALLOCATE|[72]|Bytes:3
15:23:15.0 (2560189)|HEAP_ALLOCATE|[77]|Bytes:152
15:23:15.0 (2576315)|HEAP_ALLOCATE|[342]|Bytes:408
15:23:15.0 (2588788)|HEAP_ALLOCATE|[355]|Bytes:408
15:23:15.0 (2601697)|HEAP_ALLOCATE|[467]|Bytes:48
15:23:15.0 (2641500)|HEAP_ALLOCATE|[139]|Bytes:6
15:23:15.0 (2662911)|HEAP_ALLOCATE|[EXTERNAL]|Bytes:4
15:23:15.0 (2689292)|HEAP_ALLOCATE|[EXTERNAL]|Bytes:2
15:23:15.0 (2713268)|METHOD_ENTRY|[1]|01p1r000005a73H|SiteController.SiteController()
15:23:15.0 (2719933)|STATEMENT_EXECUTE|[1]
15:23:15.0 (2725938)|STATEMENT_EXECUTE|[1]
15:23:15.0 (2764525)|HEAP_ALLOCATE|[50]|Bytes:5
15:23:15.0 (2793981)|HEAP_ALLOCATE|[56]|Bytes:5
15:23:15.0 (2801366)|HEAP_ALLOCATE|[64]|Bytes:7
15:23:15.0 (2826715)|SYSTEM_MODE_ENTER|false
15:23:15.0 (2969755)|HEAP_ALLOCATE|[EXTERNAL]|Bytes:5
15:23:15.0 (2979131)|SYSTEM_MODE_EXIT|false
15:23:15.0 (2998789)|METHOD_EXIT|[1]|SiteController
15:23:15.0 (3012751)|SYSTEM_MODE_ENTER|false
15:23:15.0 (3028643)|HEAP_ALLOCATE|[6]|Bytes:5
15:23:15.0 (3033242)|STATEMENT_EXECUTE|[4]
15:23:15.0 (3034884)|STATEMENT_EXECUTE|[6]
15:23:15.0 (3037442)|HEAP_ALLOCATE|[6]|Bytes:59
15:23:15.0 (3059076)|HEAP_ALLOCATE|[6]|Bytes:4
15:23:15.0 (21918786)|SOQL_EXECUTE_BEGIN|[6]|Aggregations:0|SELECT Id, Name, Content__c, Date__c, like__c FROM Topic__c
15:23:15.0 (30359680)|SOQL_EXECUTE_END|[6]|Rows:16
15:23:15.0 (30407678)|HEAP_ALLOCATE|[6]|Bytes:68
15:23:15.0 (30454198)|HEAP_ALLOCATE|[6]|Bytes:5833
15:23:15.0 (30555024)|HEAP_ALLOCATE|[6]|Bytes:68
15:23:15.0 (30598503)|SYSTEM_MODE_EXIT|false
15:23:15.30 (30641754)|CUMULATIVE_LIMIT_USAGE
15:23:15.30 (30641754)|LIMIT_USAGE_FOR_NS|(default)|
  Number of SOQL queries: 1 out of 100
  Number of query rows: 16 out of 50000
  Number of SOSL queries: 0 out of 20
  Number of DML statements: 0 out of 150
  Number of DML rows: 0 out of 10000
  Maximum CPU time: 0 out of 10000
  Maximum heap size: 0 out of 6000000
  Number of callouts: 0 out of 100
  Number of Email Invocations: 0 out of 10
  Number of future calls: 0 out of 50
  Number of queueable jobs added to the queue: 0 out of 50
  Number of Mobile Apex push calls: 0 out of 10

15:23:15.30 (30641754)|CUMULATIVE_LIMIT_USAGE_END

15:23:15.0 (30695557)|CODE_UNIT_FINISHED|SiteController.getTopics
15:23:15.0 (31084410)|CODE_UNIT_FINISHED|Aura
15:23:15.0 (32348174)|EXECUTION_FINISHED
