42.0 APEX_CODE,FINEST;APEX_PROFILING,INFO;CALLOUT,INFO;DB,INFO;SYSTEM,DEBUG;VALIDATION,INFO;VISUALFORCE,INFO;WAVE,INFO;WORKFLOW,INFO
15:52:36.0 (320522)|USER_INFO|[EXTERNAL]|0051r000007nKPL|assh4884@cunning-goat-277018.com|Greenwich Mean Time|GMTZ
15:52:36.0 (354544)|EXECUTION_STARTED
15:52:36.0 (359234)|CODE_UNIT_STARTED|[EXTERNAL]|Aura
15:52:36.0 (1855559)|CODE_UNIT_STARTED|[EXTERNAL]|01p1r000005a73H|SiteController.getTopics
15:52:36.0 (2332386)|HEAP_ALLOCATE|[72]|Bytes:3
15:52:36.0 (2371275)|HEAP_ALLOCATE|[77]|Bytes:152
15:52:36.0 (2385587)|HEAP_ALLOCATE|[342]|Bytes:408
15:52:36.0 (2397873)|HEAP_ALLOCATE|[355]|Bytes:408
15:52:36.0 (2408285)|HEAP_ALLOCATE|[467]|Bytes:48
15:52:36.0 (2436371)|HEAP_ALLOCATE|[139]|Bytes:6
15:52:36.0 (2452984)|HEAP_ALLOCATE|[EXTERNAL]|Bytes:4
15:52:36.0 (2457627)|HEAP_ALLOCATE|[EXTERNAL]|Bytes:2
15:52:36.0 (2467306)|METHOD_ENTRY|[1]|01p1r000005a73H|SiteController.SiteController()
15:52:36.0 (2473390)|STATEMENT_EXECUTE|[1]
15:52:36.0 (2478425)|STATEMENT_EXECUTE|[1]
15:52:36.0 (2507193)|HEAP_ALLOCATE|[50]|Bytes:5
15:52:36.0 (2527937)|HEAP_ALLOCATE|[56]|Bytes:5
15:52:36.0 (2534765)|HEAP_ALLOCATE|[64]|Bytes:7
15:52:36.0 (2555726)|SYSTEM_MODE_ENTER|false
15:52:36.0 (2568293)|HEAP_ALLOCATE|[EXTERNAL]|Bytes:5
15:52:36.0 (2575576)|SYSTEM_MODE_EXIT|false
15:52:36.0 (2585412)|METHOD_EXIT|[1]|SiteController
15:52:36.0 (2601249)|SYSTEM_MODE_ENTER|false
15:52:36.0 (2620760)|HEAP_ALLOCATE|[6]|Bytes:5
15:52:36.0 (2627352)|STATEMENT_EXECUTE|[4]
15:52:36.0 (2629890)|STATEMENT_EXECUTE|[6]
15:52:36.0 (2632738)|HEAP_ALLOCATE|[6]|Bytes:59
15:52:36.0 (2652039)|HEAP_ALLOCATE|[6]|Bytes:4
15:52:36.0 (3484493)|SOQL_EXECUTE_BEGIN|[6]|Aggregations:0|SELECT Id, Name, Content__c, Date__c, like__c FROM Topic__c
15:52:36.0 (9398210)|SOQL_EXECUTE_END|[6]|Rows:16
15:52:36.0 (9420518)|HEAP_ALLOCATE|[6]|Bytes:68
15:52:36.0 (9454471)|HEAP_ALLOCATE|[6]|Bytes:5833
15:52:36.0 (9489037)|HEAP_ALLOCATE|[6]|Bytes:68
15:52:36.0 (9505829)|SYSTEM_MODE_EXIT|false
15:52:36.9 (9527083)|CUMULATIVE_LIMIT_USAGE
15:52:36.9 (9527083)|LIMIT_USAGE_FOR_NS|(default)|
  Number of SOQL queries: 1 out of 100
  Number of query rows: 16 out of 50000
  Number of SOSL queries: 0 out of 20
  Number of DML statements: 0 out of 150
  Number of DML rows: 0 out of 10000
  Maximum CPU time: 0 out of 10000
  Maximum heap size: 0 out of 6000000
  Number of callouts: 0 out of 100
  Number of Email Invocations: 0 out of 10
  Number of future calls: 0 out of 50
  Number of queueable jobs added to the queue: 0 out of 50
  Number of Mobile Apex push calls: 0 out of 10

15:52:36.9 (9527083)|CUMULATIVE_LIMIT_USAGE_END

15:52:36.0 (9556353)|CODE_UNIT_FINISHED|SiteController.getTopics
15:52:36.0 (9834524)|CODE_UNIT_FINISHED|Aura
15:52:36.0 (10977030)|EXECUTION_FINISHED
