42.0 APEX_CODE,FINEST;APEX_PROFILING,INFO;CALLOUT,INFO;DB,INFO;SYSTEM,DEBUG;VALIDATION,INFO;VISUALFORCE,INFO;WAVE,INFO;WORKFLOW,INFO
16:39:43.0 (311429)|USER_INFO|[EXTERNAL]|0051r000007nKPL|assh4884@cunning-goat-277018.com|Greenwich Mean Time|GMTZ
16:39:43.0 (343437)|EXECUTION_STARTED
16:39:43.0 (348297)|CODE_UNIT_STARTED|[EXTERNAL]|Aura
16:39:43.0 (1796151)|CODE_UNIT_STARTED|[EXTERNAL]|01p1r000005a73H|SiteController.getTopics
16:39:43.0 (1985168)|HEAP_ALLOCATE|[72]|Bytes:3
16:39:43.0 (2044734)|HEAP_ALLOCATE|[77]|Bytes:152
16:39:43.0 (2060068)|HEAP_ALLOCATE|[342]|Bytes:408
16:39:43.0 (2071537)|HEAP_ALLOCATE|[355]|Bytes:408
16:39:43.0 (2082872)|HEAP_ALLOCATE|[467]|Bytes:48
16:39:43.0 (2109327)|HEAP_ALLOCATE|[139]|Bytes:6
16:39:43.0 (2127124)|HEAP_ALLOCATE|[EXTERNAL]|Bytes:7
16:39:43.0 (2148374)|HEAP_ALLOCATE|[EXTERNAL]|Bytes:8
16:39:43.0 (2167903)|METHOD_ENTRY|[1]|01p1r000005a73H|SiteController.SiteController()
16:39:43.0 (2174375)|STATEMENT_EXECUTE|[1]
16:39:43.0 (2178847)|STATEMENT_EXECUTE|[1]
16:39:43.0 (2209894)|HEAP_ALLOCATE|[50]|Bytes:5
16:39:43.0 (2231082)|HEAP_ALLOCATE|[56]|Bytes:5
16:39:43.0 (2238015)|HEAP_ALLOCATE|[64]|Bytes:7
16:39:43.0 (2259166)|SYSTEM_MODE_ENTER|false
16:39:43.0 (2271993)|HEAP_ALLOCATE|[EXTERNAL]|Bytes:5
16:39:43.0 (2279857)|SYSTEM_MODE_EXIT|false
16:39:43.0 (2302849)|METHOD_EXIT|[1]|SiteController
16:39:43.0 (2314400)|SYSTEM_MODE_ENTER|false
16:39:43.0 (2327886)|HEAP_ALLOCATE|[6]|Bytes:5
16:39:43.0 (2332194)|STATEMENT_EXECUTE|[4]
16:39:43.0 (2333721)|STATEMENT_EXECUTE|[6]
16:39:43.0 (2336217)|HEAP_ALLOCATE|[6]|Bytes:59
16:39:43.0 (2357590)|HEAP_ALLOCATE|[6]|Bytes:4
16:39:43.0 (3131601)|SOQL_EXECUTE_BEGIN|[6]|Aggregations:0|SELECT Id, Name, Content__c, Date__c, like__c FROM Topic__c
16:39:43.0 (8898728)|SOQL_EXECUTE_END|[6]|Rows:16
16:39:43.0 (8920559)|HEAP_ALLOCATE|[6]|Bytes:68
16:39:43.0 (8951811)|HEAP_ALLOCATE|[6]|Bytes:5833
16:39:43.0 (8996819)|HEAP_ALLOCATE|[6]|Bytes:68
16:39:43.0 (9011733)|SYSTEM_MODE_EXIT|false
16:39:43.9 (9037953)|CUMULATIVE_LIMIT_USAGE
16:39:43.9 (9037953)|LIMIT_USAGE_FOR_NS|(default)|
  Number of SOQL queries: 1 out of 100
  Number of query rows: 16 out of 50000
  Number of SOSL queries: 0 out of 20
  Number of DML statements: 0 out of 150
  Number of DML rows: 0 out of 10000
  Maximum CPU time: 0 out of 10000
  Maximum heap size: 0 out of 6000000
  Number of callouts: 0 out of 100
  Number of Email Invocations: 0 out of 10
  Number of future calls: 0 out of 50
  Number of queueable jobs added to the queue: 0 out of 50
  Number of Mobile Apex push calls: 0 out of 10

16:39:43.9 (9037953)|CUMULATIVE_LIMIT_USAGE_END

16:39:43.0 (9070084)|CODE_UNIT_FINISHED|SiteController.getTopics
16:39:43.0 (9318435)|CODE_UNIT_FINISHED|Aura
16:39:43.0 (10401970)|EXECUTION_FINISHED
