42.0 APEX_CODE,FINEST;APEX_PROFILING,INFO;CALLOUT,INFO;DB,INFO;SYSTEM,DEBUG;VALIDATION,INFO;VISUALFORCE,INFO;WAVE,INFO;WORKFLOW,INFO
16:39:51.0 (97332)|USER_INFO|[EXTERNAL]|0051r000007nKPL|assh4884@cunning-goat-277018.com|Greenwich Mean Time|GMTZ
16:39:51.0 (304001)|EXECUTION_STARTED
16:39:51.0 (310587)|CODE_UNIT_STARTED|[EXTERNAL]|Aura
16:39:51.0 (1095298)|HEAP_ALLOCATE|[72]|Bytes:3
16:39:51.0 (1179056)|HEAP_ALLOCATE|[77]|Bytes:152
16:39:51.0 (1203583)|HEAP_ALLOCATE|[342]|Bytes:408
16:39:51.0 (1225241)|HEAP_ALLOCATE|[355]|Bytes:408
16:39:51.0 (1247247)|HEAP_ALLOCATE|[467]|Bytes:48
16:39:51.0 (1326184)|HEAP_ALLOCATE|[139]|Bytes:6
16:39:51.0 (1356204)|HEAP_ALLOCATE|[EXTERNAL]|Bytes:18
16:39:51.0 (1384026)|HEAP_ALLOCATE|[EXTERNAL]|Bytes:18
16:39:51.0 (2354185)|CODE_UNIT_STARTED|[EXTERNAL]|01p1r000005a73H|SiteController.setLikeField
16:39:51.0 (2505709)|HEAP_ALLOCATE|[EXTERNAL]|Bytes:7
16:39:51.0 (2514481)|HEAP_ALLOCATE|[EXTERNAL]|Bytes:8
16:39:51.0 (2544543)|METHOD_ENTRY|[1]|01p1r000005a73H|SiteController.SiteController()
16:39:51.0 (2552307)|STATEMENT_EXECUTE|[1]
16:39:51.0 (2557235)|STATEMENT_EXECUTE|[1]
16:39:51.0 (2589728)|HEAP_ALLOCATE|[50]|Bytes:5
16:39:51.0 (2615997)|HEAP_ALLOCATE|[56]|Bytes:5
16:39:51.0 (2624047)|HEAP_ALLOCATE|[64]|Bytes:7
16:39:51.0 (2649692)|SYSTEM_MODE_ENTER|false
16:39:51.0 (2734129)|HEAP_ALLOCATE|[EXTERNAL]|Bytes:5
16:39:51.0 (2743464)|SYSTEM_MODE_EXIT|false
16:39:51.0 (2762899)|METHOD_EXIT|[1]|SiteController
16:39:51.0 (2769597)|HEAP_ALLOCATE|[EXTERNAL]|Bytes:18
16:39:51.0 (2773599)|HEAP_ALLOCATE|[EXTERNAL]|Bytes:5
16:39:51.0 (2783098)|SYSTEM_MODE_ENTER|false
16:39:51.0 (2793432)|VARIABLE_SCOPE_BEGIN|[24]|id|String|false|false
16:39:51.0 (2814131)|VARIABLE_ASSIGNMENT|[24]|id|"a001r00000nOV2wAAG"
16:39:51.0 (2820460)|VARIABLE_SCOPE_BEGIN|[24]|likeTopic|Boolean|false|false
16:39:51.0 (2829464)|VARIABLE_ASSIGNMENT|[24]|likeTopic|true
16:39:51.0 (2843058)|HEAP_ALLOCATE|[25]|Bytes:5
16:39:51.0 (2847673)|STATEMENT_EXECUTE|[24]
16:39:51.0 (2849291)|STATEMENT_EXECUTE|[25]
16:39:51.0 (2853351)|HEAP_ALLOCATE|[25]|Bytes:60
16:39:51.0 (2876221)|HEAP_ALLOCATE|[25]|Bytes:4
16:39:51.0 (2896764)|HEAP_ALLOCATE|[25]|Bytes:7
16:39:51.0 (3217957)|SOQL_EXECUTE_BEGIN|[25]|Aggregations:0|SELECT Id, like__c FROM Topic__c WHERE Id = :tmpVar1 LIMIT 1
16:39:51.0 (6245428)|SOQL_EXECUTE_END|[25]|Rows:1
16:39:51.0 (6268260)|HEAP_ALLOCATE|[25]|Bytes:8
16:39:51.0 (6283565)|HEAP_ALLOCATE|[25]|Bytes:44
16:39:51.0 (6332247)|HEAP_ALLOCATE|[25]|Bytes:8
16:39:51.0 (6346042)|VARIABLE_SCOPE_BEGIN|[25]|t|List<Topic__c>|true|false
16:39:51.0 (6385636)|VARIABLE_ASSIGNMENT|[25]|t|[{"Id":"a001r00000nOV2wAAG","like__c":false}]|0x43c4dd9
16:39:51.0 (6392957)|STATEMENT_EXECUTE|[27]
16:39:51.0 (6394568)|STATEMENT_EXECUTE|[27]
16:39:51.0 (6395859)|STATEMENT_EXECUTE|[28]
16:39:51.0 (6444580)|HEAP_ALLOCATE|[28]|Bytes:12
16:39:51.0 (6501511)|VARIABLE_ASSIGNMENT|[28]|this.like__c|true|0x1203b167
16:39:51.0 (6510310)|STATEMENT_EXECUTE|[29]
16:39:51.0 (6556198)|DML_BEGIN|[29]|Op:Update|Type:Topic__c|Rows:1
16:39:51.0 (6585573)|HEAP_ALLOCATE|[EXTERNAL]|Bytes:8
16:39:51.0 (28896019)|DML_END|[29]
16:39:51.0 (28954794)|HEAP_ALLOCATE|[EXTERNAL]|Bytes:8
16:39:51.0 (28973710)|STATEMENT_EXECUTE|[30]
16:39:51.0 (29129935)|USER_DEBUG|[30]|DEBUG|(Topic__c:{Id=a001r00000nOV2wAAG, like__c=true})
16:39:51.0 (29172556)|SYSTEM_MODE_EXIT|false
16:39:51.31 (31534979)|CUMULATIVE_LIMIT_USAGE
16:39:51.31 (31534979)|LIMIT_USAGE_FOR_NS|(default)|
  Number of SOQL queries: 1 out of 100
  Number of query rows: 1 out of 50000
  Number of SOSL queries: 0 out of 20
  Number of DML statements: 1 out of 150
  Number of DML rows: 1 out of 10000
  Maximum CPU time: 0 out of 10000
  Maximum heap size: 0 out of 6000000
  Number of callouts: 0 out of 100
  Number of Email Invocations: 0 out of 10
  Number of future calls: 0 out of 50
  Number of queueable jobs added to the queue: 0 out of 50
  Number of Mobile Apex push calls: 0 out of 10

16:39:51.31 (31534979)|CUMULATIVE_LIMIT_USAGE_END

16:39:51.0 (31585848)|CODE_UNIT_FINISHED|SiteController.setLikeField
16:39:51.0 (31661015)|CODE_UNIT_FINISHED|Aura
16:39:51.0 (32543335)|EXECUTION_FINISHED
