42.0 APEX_CODE,FINEST;APEX_PROFILING,INFO;CALLOUT,INFO;DB,INFO;SYSTEM,DEBUG;VALIDATION,INFO;VISUALFORCE,INFO;WAVE,INFO;WORKFLOW,INFO
15:48:19.0 (80604)|USER_INFO|[EXTERNAL]|0051r000007nKPL|assh4884@cunning-goat-277018.com|Greenwich Mean Time|GMTZ
15:48:19.0 (141198)|EXECUTION_STARTED
15:48:19.0 (147598)|CODE_UNIT_STARTED|[EXTERNAL]|Aura
15:48:19.0 (1606736)|CODE_UNIT_STARTED|[EXTERNAL]|01p1r000007BH1U|ContactController.getContacts
15:48:19.0 (1735715)|HEAP_ALLOCATE|[72]|Bytes:3
15:48:19.0 (1768753)|HEAP_ALLOCATE|[77]|Bytes:152
15:48:19.0 (1782062)|HEAP_ALLOCATE|[342]|Bytes:408
15:48:19.0 (1794531)|HEAP_ALLOCATE|[355]|Bytes:408
15:48:19.0 (1804977)|HEAP_ALLOCATE|[467]|Bytes:48
15:48:19.0 (1831797)|HEAP_ALLOCATE|[139]|Bytes:6
15:48:19.0 (1878540)|HEAP_ALLOCATE|[EXTERNAL]|Bytes:1
15:48:19.0 (1889242)|METHOD_ENTRY|[1]|01p1r000007BH1U|ContactController.ContactController()
15:48:19.0 (1895085)|STATEMENT_EXECUTE|[1]
15:48:19.0 (1900111)|STATEMENT_EXECUTE|[1]
15:48:19.0 (1926562)|HEAP_ALLOCATE|[50]|Bytes:5
15:48:19.0 (1946404)|HEAP_ALLOCATE|[56]|Bytes:5
15:48:19.0 (1953337)|HEAP_ALLOCATE|[64]|Bytes:7
15:48:19.0 (1977750)|SYSTEM_MODE_ENTER|false
15:48:19.0 (1988391)|HEAP_ALLOCATE|[EXTERNAL]|Bytes:5
15:48:19.0 (1995149)|SYSTEM_MODE_EXIT|false
15:48:19.0 (2003244)|METHOD_EXIT|[1]|ContactController
15:48:19.0 (2014526)|SYSTEM_MODE_ENTER|false
15:48:19.0 (2024996)|HEAP_ALLOCATE|[5]|Bytes:5
15:48:19.0 (2028977)|STATEMENT_EXECUTE|[4]
15:48:19.0 (2030541)|STATEMENT_EXECUTE|[5]
15:48:19.0 (2032809)|HEAP_ALLOCATE|[5]|Bytes:69
15:48:19.0 (2045826)|HEAP_ALLOCATE|[5]|Bytes:4
15:48:19.0 (2451777)|SOQL_EXECUTE_BEGIN|[5]|Aggregations:0|SELECT Id, Name, MailingStreet, Phone, Email, LeadSource FROM Contact
15:48:19.0 (7061999)|SOQL_EXECUTE_END|[5]|Rows:20
15:48:19.0 (7092844)|HEAP_ALLOCATE|[5]|Bytes:84
15:48:19.0 (7169772)|HEAP_ALLOCATE|[5]|Bytes:3564
15:48:19.0 (7299916)|HEAP_ALLOCATE|[5]|Bytes:84
15:48:19.0 (7325578)|VARIABLE_SCOPE_BEGIN|[5]|contacts|List<Contact>|true|false
15:48:19.0 (7373033)|VARIABLE_ASSIGNMENT|[5]|contacts|"List of size 20 too large to display"|0x19511930
15:48:19.0 (7383685)|STATEMENT_EXECUTE|[9]
15:48:19.0 (7397643)|SYSTEM_MODE_EXIT|false
15:48:19.7 (7432544)|CUMULATIVE_LIMIT_USAGE
15:48:19.7 (7432544)|LIMIT_USAGE_FOR_NS|(default)|
  Number of SOQL queries: 1 out of 100
  Number of query rows: 20 out of 50000
  Number of SOSL queries: 0 out of 20
  Number of DML statements: 0 out of 150
  Number of DML rows: 0 out of 10000
  Maximum CPU time: 0 out of 10000
  Maximum heap size: 0 out of 6000000
  Number of callouts: 0 out of 100
  Number of Email Invocations: 0 out of 10
  Number of future calls: 0 out of 50
  Number of queueable jobs added to the queue: 0 out of 50
  Number of Mobile Apex push calls: 0 out of 10

15:48:19.7 (7432544)|CUMULATIVE_LIMIT_USAGE_END

15:48:19.0 (7487798)|CODE_UNIT_FINISHED|ContactController.getContacts
15:48:19.0 (7800241)|CODE_UNIT_FINISHED|Aura
15:48:19.0 (9039489)|EXECUTION_FINISHED
