42.0 APEX_CODE,FINEST;APEX_PROFILING,INFO;CALLOUT,INFO;DB,INFO;SYSTEM,DEBUG;VALIDATION,INFO;VISUALFORCE,INFO;WAVE,INFO;WORKFLOW,INFO
16:43:33.0 (295026)|USER_INFO|[EXTERNAL]|0051r000007nKPL|assh4884@cunning-goat-277018.com|Greenwich Mean Time|GMTZ
16:43:33.0 (325946)|EXECUTION_STARTED
16:43:33.0 (329807)|CODE_UNIT_STARTED|[EXTERNAL]|Aura
16:43:33.0 (1768123)|CODE_UNIT_STARTED|[EXTERNAL]|01p1r000005a73H|SiteController.getTopics
16:43:33.0 (1954023)|HEAP_ALLOCATE|[72]|Bytes:3
16:43:33.0 (1999564)|HEAP_ALLOCATE|[77]|Bytes:152
16:43:33.0 (2015819)|HEAP_ALLOCATE|[342]|Bytes:408
16:43:33.0 (2028505)|HEAP_ALLOCATE|[355]|Bytes:408
16:43:33.0 (2039264)|HEAP_ALLOCATE|[467]|Bytes:48
16:43:33.0 (2066681)|HEAP_ALLOCATE|[139]|Bytes:6
16:43:33.0 (2085352)|HEAP_ALLOCATE|[EXTERNAL]|Bytes:7
16:43:33.0 (2090460)|HEAP_ALLOCATE|[EXTERNAL]|Bytes:11
16:43:33.0 (2099403)|METHOD_ENTRY|[1]|01p1r000005a73H|SiteController.SiteController()
16:43:33.0 (2105051)|STATEMENT_EXECUTE|[1]
16:43:33.0 (2110702)|STATEMENT_EXECUTE|[1]
16:43:33.0 (2139445)|HEAP_ALLOCATE|[50]|Bytes:5
16:43:33.0 (2163157)|HEAP_ALLOCATE|[56]|Bytes:5
16:43:33.0 (2169960)|HEAP_ALLOCATE|[64]|Bytes:7
16:43:33.0 (2188418)|SYSTEM_MODE_ENTER|false
16:43:33.0 (2202564)|HEAP_ALLOCATE|[EXTERNAL]|Bytes:5
16:43:33.0 (2210857)|SYSTEM_MODE_EXIT|false
16:43:33.0 (2218695)|METHOD_EXIT|[1]|SiteController
16:43:33.0 (2227934)|SYSTEM_MODE_ENTER|false
16:43:33.0 (2239734)|HEAP_ALLOCATE|[6]|Bytes:5
16:43:33.0 (2243647)|STATEMENT_EXECUTE|[4]
16:43:33.0 (2245087)|STATEMENT_EXECUTE|[6]
16:43:33.0 (2247845)|HEAP_ALLOCATE|[6]|Bytes:59
16:43:33.0 (2268946)|HEAP_ALLOCATE|[6]|Bytes:4
16:43:33.0 (3048912)|SOQL_EXECUTE_BEGIN|[6]|Aggregations:0|SELECT Id, Name, Content__c, Date__c, like__c FROM Topic__c
16:43:33.0 (8279841)|SOQL_EXECUTE_END|[6]|Rows:16
16:43:33.0 (8303166)|HEAP_ALLOCATE|[6]|Bytes:68
16:43:33.0 (8335076)|HEAP_ALLOCATE|[6]|Bytes:5833
16:43:33.0 (8388786)|HEAP_ALLOCATE|[6]|Bytes:68
16:43:33.0 (8409454)|SYSTEM_MODE_EXIT|false
16:43:33.8 (8434573)|CUMULATIVE_LIMIT_USAGE
16:43:33.8 (8434573)|LIMIT_USAGE_FOR_NS|(default)|
  Number of SOQL queries: 1 out of 100
  Number of query rows: 16 out of 50000
  Number of SOSL queries: 0 out of 20
  Number of DML statements: 0 out of 150
  Number of DML rows: 0 out of 10000
  Maximum CPU time: 0 out of 10000
  Maximum heap size: 0 out of 6000000
  Number of callouts: 0 out of 100
  Number of Email Invocations: 0 out of 10
  Number of future calls: 0 out of 50
  Number of queueable jobs added to the queue: 0 out of 50
  Number of Mobile Apex push calls: 0 out of 10

16:43:33.8 (8434573)|CUMULATIVE_LIMIT_USAGE_END

16:43:33.0 (8462895)|CODE_UNIT_FINISHED|SiteController.getTopics
16:43:33.0 (8700127)|CODE_UNIT_FINISHED|Aura
16:43:33.0 (9832016)|EXECUTION_FINISHED
