42.0 APEX_CODE,FINEST;APEX_PROFILING,INFO;CALLOUT,INFO;DB,INFO;SYSTEM,DEBUG;VALIDATION,INFO;VISUALFORCE,INFO;WAVE,INFO;WORKFLOW,INFO
15:36:10.0 (62565)|USER_INFO|[EXTERNAL]|0051r000007nKPL|assh4884@cunning-goat-277018.com|Greenwich Mean Time|GMTZ
15:36:10.0 (101252)|EXECUTION_STARTED
15:36:10.0 (105572)|CODE_UNIT_STARTED|[EXTERNAL]|Aura
15:36:10.0 (1281945)|CODE_UNIT_STARTED|[EXTERNAL]|01p1r000005a73H|SiteController.getTopics
15:36:10.0 (1426130)|HEAP_ALLOCATE|[72]|Bytes:3
15:36:10.0 (1461260)|HEAP_ALLOCATE|[77]|Bytes:152
15:36:10.0 (1475383)|HEAP_ALLOCATE|[342]|Bytes:408
15:36:10.0 (1487037)|HEAP_ALLOCATE|[355]|Bytes:408
15:36:10.0 (1499565)|HEAP_ALLOCATE|[467]|Bytes:48
15:36:10.0 (1526854)|HEAP_ALLOCATE|[139]|Bytes:6
15:36:10.0 (1601692)|HEAP_ALLOCATE|[EXTERNAL]|Bytes:4
15:36:10.0 (1609537)|HEAP_ALLOCATE|[EXTERNAL]|Bytes:2
15:36:10.0 (1619792)|METHOD_ENTRY|[1]|01p1r000005a73H|SiteController.SiteController()
15:36:10.0 (1626033)|STATEMENT_EXECUTE|[1]
15:36:10.0 (1630297)|STATEMENT_EXECUTE|[1]
15:36:10.0 (1664279)|HEAP_ALLOCATE|[50]|Bytes:5
15:36:10.0 (1686528)|HEAP_ALLOCATE|[56]|Bytes:5
15:36:10.0 (1694171)|HEAP_ALLOCATE|[64]|Bytes:7
15:36:10.0 (1716960)|SYSTEM_MODE_ENTER|false
15:36:10.0 (1730148)|HEAP_ALLOCATE|[EXTERNAL]|Bytes:5
15:36:10.0 (1738559)|SYSTEM_MODE_EXIT|false
15:36:10.0 (1748978)|METHOD_EXIT|[1]|SiteController
15:36:10.0 (1762508)|SYSTEM_MODE_ENTER|false
15:36:10.0 (1779579)|HEAP_ALLOCATE|[6]|Bytes:5
15:36:10.0 (1786708)|STATEMENT_EXECUTE|[4]
15:36:10.0 (1789226)|STATEMENT_EXECUTE|[6]
15:36:10.0 (1791951)|HEAP_ALLOCATE|[6]|Bytes:59
15:36:10.0 (1806451)|HEAP_ALLOCATE|[6]|Bytes:4
15:36:10.0 (2105962)|SOQL_EXECUTE_BEGIN|[6]|Aggregations:0|SELECT Id, Name, Content__c, Date__c, like__c FROM Topic__c
15:36:10.0 (7351268)|SOQL_EXECUTE_END|[6]|Rows:16
15:36:10.0 (7376440)|HEAP_ALLOCATE|[6]|Bytes:68
15:36:10.0 (7408539)|HEAP_ALLOCATE|[6]|Bytes:5833
15:36:10.0 (7491602)|HEAP_ALLOCATE|[6]|Bytes:68
15:36:10.0 (7515034)|SYSTEM_MODE_EXIT|false
15:36:10.7 (7540857)|CUMULATIVE_LIMIT_USAGE
15:36:10.7 (7540857)|LIMIT_USAGE_FOR_NS|(default)|
  Number of SOQL queries: 1 out of 100
  Number of query rows: 16 out of 50000
  Number of SOSL queries: 0 out of 20
  Number of DML statements: 0 out of 150
  Number of DML rows: 0 out of 10000
  Maximum CPU time: 0 out of 10000
  Maximum heap size: 0 out of 6000000
  Number of callouts: 0 out of 100
  Number of Email Invocations: 0 out of 10
  Number of future calls: 0 out of 50
  Number of queueable jobs added to the queue: 0 out of 50
  Number of Mobile Apex push calls: 0 out of 10

15:36:10.7 (7540857)|CUMULATIVE_LIMIT_USAGE_END

15:36:10.0 (7576164)|CODE_UNIT_FINISHED|SiteController.getTopics
15:36:10.0 (7858716)|CODE_UNIT_FINISHED|Aura
15:36:10.0 (9239900)|EXECUTION_FINISHED
