42.0 APEX_CODE,FINEST;APEX_PROFILING,INFO;CALLOUT,INFO;DB,INFO;SYSTEM,DEBUG;VALIDATION,INFO;VISUALFORCE,INFO;WAVE,INFO;WORKFLOW,INFO
16:48:00.0 (62886)|USER_INFO|[EXTERNAL]|0051r000007nKPL|assh4884@cunning-goat-277018.com|Greenwich Mean Time|GMTZ
16:48:00.0 (100310)|EXECUTION_STARTED
16:48:00.0 (104962)|CODE_UNIT_STARTED|[EXTERNAL]|Aura
16:48:00.0 (1197502)|CODE_UNIT_STARTED|[EXTERNAL]|01p1r000005a73H|SiteController.getTopics
16:48:00.0 (1339873)|HEAP_ALLOCATE|[72]|Bytes:3
16:48:00.0 (1386602)|HEAP_ALLOCATE|[77]|Bytes:152
16:48:00.0 (1403222)|HEAP_ALLOCATE|[342]|Bytes:408
16:48:00.0 (1415715)|HEAP_ALLOCATE|[355]|Bytes:408
16:48:00.0 (1426102)|HEAP_ALLOCATE|[467]|Bytes:48
16:48:00.0 (1451866)|HEAP_ALLOCATE|[139]|Bytes:6
16:48:00.0 (1520503)|HEAP_ALLOCATE|[EXTERNAL]|Bytes:7
16:48:00.0 (1526294)|HEAP_ALLOCATE|[EXTERNAL]|Bytes:8
16:48:00.0 (1534626)|METHOD_ENTRY|[1]|01p1r000005a73H|SiteController.SiteController()
16:48:00.0 (1540639)|STATEMENT_EXECUTE|[1]
16:48:00.0 (1545540)|STATEMENT_EXECUTE|[1]
16:48:00.0 (1575766)|HEAP_ALLOCATE|[50]|Bytes:5
16:48:00.0 (1598055)|HEAP_ALLOCATE|[56]|Bytes:5
16:48:00.0 (1605234)|HEAP_ALLOCATE|[64]|Bytes:7
16:48:00.0 (1625865)|SYSTEM_MODE_ENTER|false
16:48:00.0 (1638833)|HEAP_ALLOCATE|[EXTERNAL]|Bytes:5
16:48:00.0 (1646878)|SYSTEM_MODE_EXIT|false
16:48:00.0 (1656060)|METHOD_EXIT|[1]|SiteController
16:48:00.0 (1666054)|SYSTEM_MODE_ENTER|false
16:48:00.0 (1677386)|HEAP_ALLOCATE|[6]|Bytes:5
16:48:00.0 (1681965)|STATEMENT_EXECUTE|[4]
16:48:00.0 (1683359)|STATEMENT_EXECUTE|[6]
16:48:00.0 (1686098)|HEAP_ALLOCATE|[6]|Bytes:59
16:48:00.0 (1708626)|HEAP_ALLOCATE|[6]|Bytes:4
16:48:00.0 (2041770)|SOQL_EXECUTE_BEGIN|[6]|Aggregations:0|SELECT Id, Name, Content__c, Date__c, like__c FROM Topic__c
16:48:00.0 (7096562)|SOQL_EXECUTE_END|[6]|Rows:16
16:48:00.0 (7124184)|HEAP_ALLOCATE|[6]|Bytes:68
16:48:00.0 (7155538)|HEAP_ALLOCATE|[6]|Bytes:5833
16:48:00.0 (7264629)|HEAP_ALLOCATE|[6]|Bytes:68
16:48:00.0 (7284190)|SYSTEM_MODE_EXIT|false
16:48:00.7 (7309871)|CUMULATIVE_LIMIT_USAGE
16:48:00.7 (7309871)|LIMIT_USAGE_FOR_NS|(default)|
  Number of SOQL queries: 1 out of 100
  Number of query rows: 16 out of 50000
  Number of SOSL queries: 0 out of 20
  Number of DML statements: 0 out of 150
  Number of DML rows: 0 out of 10000
  Maximum CPU time: 0 out of 10000
  Maximum heap size: 0 out of 6000000
  Number of callouts: 0 out of 100
  Number of Email Invocations: 0 out of 10
  Number of future calls: 0 out of 50
  Number of queueable jobs added to the queue: 0 out of 50
  Number of Mobile Apex push calls: 0 out of 10

16:48:00.7 (7309871)|CUMULATIVE_LIMIT_USAGE_END

16:48:00.0 (7347483)|CODE_UNIT_FINISHED|SiteController.getTopics
16:48:00.0 (7591942)|CODE_UNIT_FINISHED|Aura
16:48:00.0 (8843299)|EXECUTION_FINISHED
