42.0 APEX_CODE,FINEST;APEX_PROFILING,INFO;CALLOUT,INFO;DB,INFO;SYSTEM,DEBUG;VALIDATION,INFO;VISUALFORCE,INFO;WAVE,INFO;WORKFLOW,INFO
17:00:00.0 (326309)|USER_INFO|[EXTERNAL]|0051r000007nKPL|assh4884@cunning-goat-277018.com|Greenwich Mean Time|GMTZ
17:00:00.0 (361569)|EXECUTION_STARTED
17:00:00.0 (365977)|CODE_UNIT_STARTED|[EXTERNAL]|Aura
17:00:00.0 (2154646)|CODE_UNIT_STARTED|[EXTERNAL]|01p1r000005a73H|SiteController.getTopics
17:00:00.0 (2286617)|HEAP_ALLOCATE|[72]|Bytes:3
17:00:00.0 (2312718)|HEAP_ALLOCATE|[77]|Bytes:152
17:00:00.0 (2323832)|HEAP_ALLOCATE|[342]|Bytes:408
17:00:00.0 (2334818)|HEAP_ALLOCATE|[355]|Bytes:408
17:00:00.0 (2345155)|HEAP_ALLOCATE|[467]|Bytes:48
17:00:00.0 (2367035)|HEAP_ALLOCATE|[139]|Bytes:6
17:00:00.0 (2382210)|HEAP_ALLOCATE|[EXTERNAL]|Bytes:7
17:00:00.0 (2388142)|HEAP_ALLOCATE|[EXTERNAL]|Bytes:5
17:00:00.0 (2401173)|METHOD_ENTRY|[1]|01p1r000005a73H|SiteController.SiteController()
17:00:00.0 (2410433)|STATEMENT_EXECUTE|[1]
17:00:00.0 (2416419)|STATEMENT_EXECUTE|[1]
17:00:00.0 (2447428)|HEAP_ALLOCATE|[50]|Bytes:5
17:00:00.0 (2463311)|HEAP_ALLOCATE|[56]|Bytes:5
17:00:00.0 (2470549)|HEAP_ALLOCATE|[64]|Bytes:7
17:00:00.0 (2491208)|SYSTEM_MODE_ENTER|false
17:00:00.0 (2518654)|HEAP_ALLOCATE|[EXTERNAL]|Bytes:5
17:00:00.0 (2529200)|SYSTEM_MODE_EXIT|false
17:00:00.0 (2540720)|METHOD_EXIT|[1]|SiteController
17:00:00.0 (2554158)|SYSTEM_MODE_ENTER|false
17:00:00.0 (2567934)|HEAP_ALLOCATE|[6]|Bytes:5
17:00:00.0 (2572534)|STATEMENT_EXECUTE|[4]
17:00:00.0 (2574073)|STATEMENT_EXECUTE|[6]
17:00:00.0 (2576780)|HEAP_ALLOCATE|[6]|Bytes:59
17:00:00.0 (2590596)|HEAP_ALLOCATE|[6]|Bytes:4
17:00:00.0 (2866421)|SOQL_EXECUTE_BEGIN|[6]|Aggregations:0|SELECT Id, Name, Content__c, Date__c, like__c FROM Topic__c
17:00:00.0 (10417954)|SOQL_EXECUTE_END|[6]|Rows:16
17:00:00.0 (10445091)|HEAP_ALLOCATE|[6]|Bytes:68
17:00:00.0 (10480302)|HEAP_ALLOCATE|[6]|Bytes:5901
17:00:00.0 (10518735)|HEAP_ALLOCATE|[6]|Bytes:68
17:00:00.0 (10538265)|SYSTEM_MODE_EXIT|false
17:00:00.10 (10566265)|CUMULATIVE_LIMIT_USAGE
17:00:00.10 (10566265)|LIMIT_USAGE_FOR_NS|(default)|
  Number of SOQL queries: 1 out of 100
  Number of query rows: 16 out of 50000
  Number of SOSL queries: 0 out of 20
  Number of DML statements: 0 out of 150
  Number of DML rows: 0 out of 10000
  Maximum CPU time: 0 out of 10000
  Maximum heap size: 0 out of 6000000
  Number of callouts: 0 out of 100
  Number of Email Invocations: 0 out of 10
  Number of future calls: 0 out of 50
  Number of queueable jobs added to the queue: 0 out of 50
  Number of Mobile Apex push calls: 0 out of 10

17:00:00.10 (10566265)|CUMULATIVE_LIMIT_USAGE_END

17:00:00.0 (10606204)|CODE_UNIT_FINISHED|SiteController.getTopics
17:00:00.0 (10893785)|CODE_UNIT_FINISHED|Aura
17:00:00.0 (12302251)|EXECUTION_FINISHED
