42.0 APEX_CODE,FINEST;APEX_PROFILING,INFO;CALLOUT,INFO;DB,INFO;SYSTEM,DEBUG;VALIDATION,INFO;VISUALFORCE,INFO;WAVE,INFO;WORKFLOW,INFO
16:53:41.0 (328852)|USER_INFO|[EXTERNAL]|0051r000007nKPL|assh4884@cunning-goat-277018.com|Greenwich Mean Time|GMTZ
16:53:41.0 (366259)|EXECUTION_STARTED
16:53:41.0 (370109)|CODE_UNIT_STARTED|[EXTERNAL]|Aura
16:53:41.0 (1885927)|CODE_UNIT_STARTED|[EXTERNAL]|01p1r000005a73H|SiteController.getTopics
16:53:41.0 (2079762)|HEAP_ALLOCATE|[72]|Bytes:3
16:53:41.0 (2142177)|HEAP_ALLOCATE|[77]|Bytes:152
16:53:41.0 (2158828)|HEAP_ALLOCATE|[342]|Bytes:408
16:53:41.0 (2172262)|HEAP_ALLOCATE|[355]|Bytes:408
16:53:41.0 (2182494)|HEAP_ALLOCATE|[467]|Bytes:48
16:53:41.0 (2209514)|HEAP_ALLOCATE|[139]|Bytes:6
16:53:41.0 (2225735)|HEAP_ALLOCATE|[EXTERNAL]|Bytes:7
16:53:41.0 (2245328)|HEAP_ALLOCATE|[EXTERNAL]|Bytes:5
16:53:41.0 (2266241)|METHOD_ENTRY|[1]|01p1r000005a73H|SiteController.SiteController()
16:53:41.0 (2272376)|STATEMENT_EXECUTE|[1]
16:53:41.0 (2276788)|STATEMENT_EXECUTE|[1]
16:53:41.0 (2302291)|HEAP_ALLOCATE|[50]|Bytes:5
16:53:41.0 (2321084)|HEAP_ALLOCATE|[56]|Bytes:5
16:53:41.0 (2328068)|HEAP_ALLOCATE|[64]|Bytes:7
16:53:41.0 (2347734)|SYSTEM_MODE_ENTER|false
16:53:41.0 (2360967)|HEAP_ALLOCATE|[EXTERNAL]|Bytes:5
16:53:41.0 (2368547)|SYSTEM_MODE_EXIT|false
16:53:41.0 (2388604)|METHOD_EXIT|[1]|SiteController
16:53:41.0 (2403800)|SYSTEM_MODE_ENTER|false
16:53:41.0 (2416379)|HEAP_ALLOCATE|[6]|Bytes:5
16:53:41.0 (2420529)|STATEMENT_EXECUTE|[4]
16:53:41.0 (2422082)|STATEMENT_EXECUTE|[6]
16:53:41.0 (2425671)|HEAP_ALLOCATE|[6]|Bytes:59
16:53:41.0 (2438846)|HEAP_ALLOCATE|[6]|Bytes:4
16:53:41.0 (3162479)|SOQL_EXECUTE_BEGIN|[6]|Aggregations:0|SELECT Id, Name, Content__c, Date__c, like__c FROM Topic__c
16:53:41.0 (8695843)|SOQL_EXECUTE_END|[6]|Rows:16
16:53:41.0 (8718299)|HEAP_ALLOCATE|[6]|Bytes:68
16:53:41.0 (8748479)|HEAP_ALLOCATE|[6]|Bytes:5833
16:53:41.0 (8785384)|HEAP_ALLOCATE|[6]|Bytes:68
16:53:41.0 (8805897)|SYSTEM_MODE_EXIT|false
16:53:41.8 (8831852)|CUMULATIVE_LIMIT_USAGE
16:53:41.8 (8831852)|LIMIT_USAGE_FOR_NS|(default)|
  Number of SOQL queries: 1 out of 100
  Number of query rows: 16 out of 50000
  Number of SOSL queries: 0 out of 20
  Number of DML statements: 0 out of 150
  Number of DML rows: 0 out of 10000
  Maximum CPU time: 0 out of 10000
  Maximum heap size: 0 out of 6000000
  Number of callouts: 0 out of 100
  Number of Email Invocations: 0 out of 10
  Number of future calls: 0 out of 50
  Number of queueable jobs added to the queue: 0 out of 50
  Number of Mobile Apex push calls: 0 out of 10

16:53:41.8 (8831852)|CUMULATIVE_LIMIT_USAGE_END

16:53:41.0 (8867419)|CODE_UNIT_FINISHED|SiteController.getTopics
16:53:41.0 (9110656)|CODE_UNIT_FINISHED|Aura
16:53:41.0 (10260519)|EXECUTION_FINISHED
