42.0 APEX_CODE,FINEST;APEX_PROFILING,INFO;CALLOUT,INFO;DB,INFO;SYSTEM,DEBUG;VALIDATION,INFO;VISUALFORCE,INFO;WAVE,INFO;WORKFLOW,INFO
16:53:50.0 (315491)|USER_INFO|[EXTERNAL]|0051r000007nKPL|assh4884@cunning-goat-277018.com|Greenwich Mean Time|GMTZ
16:53:50.0 (354370)|EXECUTION_STARTED
16:53:50.0 (358784)|CODE_UNIT_STARTED|[EXTERNAL]|Aura
16:53:50.0 (1702268)|CODE_UNIT_STARTED|[EXTERNAL]|01p1r000005a73H|SiteController.getTopics
16:53:50.0 (1870450)|HEAP_ALLOCATE|[72]|Bytes:3
16:53:50.0 (1903250)|HEAP_ALLOCATE|[77]|Bytes:152
16:53:50.0 (1915613)|HEAP_ALLOCATE|[342]|Bytes:408
16:53:50.0 (1927805)|HEAP_ALLOCATE|[355]|Bytes:408
16:53:50.0 (1937973)|HEAP_ALLOCATE|[467]|Bytes:48
16:53:50.0 (1962770)|HEAP_ALLOCATE|[139]|Bytes:6
16:53:50.0 (1978687)|HEAP_ALLOCATE|[EXTERNAL]|Bytes:7
16:53:50.0 (1984049)|HEAP_ALLOCATE|[EXTERNAL]|Bytes:5
16:53:50.0 (1993961)|METHOD_ENTRY|[1]|01p1r000005a73H|SiteController.SiteController()
16:53:50.0 (1999938)|STATEMENT_EXECUTE|[1]
16:53:50.0 (2004374)|STATEMENT_EXECUTE|[1]
16:53:50.0 (2031549)|HEAP_ALLOCATE|[50]|Bytes:5
16:53:50.0 (2049352)|HEAP_ALLOCATE|[56]|Bytes:5
16:53:50.0 (2056134)|HEAP_ALLOCATE|[64]|Bytes:7
16:53:50.0 (2075100)|SYSTEM_MODE_ENTER|false
16:53:50.0 (2085016)|HEAP_ALLOCATE|[EXTERNAL]|Bytes:5
16:53:50.0 (2091654)|SYSTEM_MODE_EXIT|false
16:53:50.0 (2099103)|METHOD_EXIT|[1]|SiteController
16:53:50.0 (2108476)|SYSTEM_MODE_ENTER|false
16:53:50.0 (2119268)|HEAP_ALLOCATE|[6]|Bytes:5
16:53:50.0 (2123613)|STATEMENT_EXECUTE|[4]
16:53:50.0 (2125026)|STATEMENT_EXECUTE|[6]
16:53:50.0 (2127519)|HEAP_ALLOCATE|[6]|Bytes:59
16:53:50.0 (2141429)|HEAP_ALLOCATE|[6]|Bytes:4
16:53:50.0 (2825503)|SOQL_EXECUTE_BEGIN|[6]|Aggregations:0|SELECT Id, Name, Content__c, Date__c, like__c FROM Topic__c
16:53:50.0 (7843139)|SOQL_EXECUTE_END|[6]|Rows:16
16:53:50.0 (7864696)|HEAP_ALLOCATE|[6]|Bytes:68
16:53:50.0 (7894095)|HEAP_ALLOCATE|[6]|Bytes:5833
16:53:50.0 (7929693)|HEAP_ALLOCATE|[6]|Bytes:68
16:53:50.0 (7944781)|SYSTEM_MODE_EXIT|false
16:53:50.7 (7965134)|CUMULATIVE_LIMIT_USAGE
16:53:50.7 (7965134)|LIMIT_USAGE_FOR_NS|(default)|
  Number of SOQL queries: 1 out of 100
  Number of query rows: 16 out of 50000
  Number of SOSL queries: 0 out of 20
  Number of DML statements: 0 out of 150
  Number of DML rows: 0 out of 10000
  Maximum CPU time: 0 out of 10000
  Maximum heap size: 0 out of 6000000
  Number of callouts: 0 out of 100
  Number of Email Invocations: 0 out of 10
  Number of future calls: 0 out of 50
  Number of queueable jobs added to the queue: 0 out of 50
  Number of Mobile Apex push calls: 0 out of 10

16:53:50.7 (7965134)|CUMULATIVE_LIMIT_USAGE_END

16:53:50.0 (8001541)|CODE_UNIT_FINISHED|SiteController.getTopics
16:53:50.0 (8255872)|CODE_UNIT_FINISHED|Aura
16:53:50.0 (9324869)|EXECUTION_FINISHED
