42.0 APEX_CODE,FINEST;APEX_PROFILING,INFO;CALLOUT,INFO;DB,INFO;SYSTEM,DEBUG;VALIDATION,INFO;VISUALFORCE,INFO;WAVE,INFO;WORKFLOW,INFO
15:41:52.0 (92604)|USER_INFO|[EXTERNAL]|0051r000007nKPL|assh4884@cunning-goat-277018.com|Greenwich Mean Time|GMTZ
15:41:52.0 (246164)|EXECUTION_STARTED
15:41:52.0 (250965)|CODE_UNIT_STARTED|[EXTERNAL]|Aura
15:41:52.0 (1286824)|CODE_UNIT_STARTED|[EXTERNAL]|01p1r000005a73H|siteController.getTopics
15:41:52.0 (1547357)|HEAP_ALLOCATE|[72]|Bytes:3
15:41:52.0 (1609062)|HEAP_ALLOCATE|[77]|Bytes:152
15:41:52.0 (1626394)|HEAP_ALLOCATE|[342]|Bytes:408
15:41:52.0 (1644734)|HEAP_ALLOCATE|[355]|Bytes:408
15:41:52.0 (1655807)|HEAP_ALLOCATE|[467]|Bytes:48
15:41:52.0 (1724858)|HEAP_ALLOCATE|[139]|Bytes:6
15:41:52.0 (1741917)|HEAP_ALLOCATE|[EXTERNAL]|Bytes:4
15:41:52.0 (1759195)|HEAP_ALLOCATE|[EXTERNAL]|Bytes:4
15:41:52.0 (1779736)|METHOD_ENTRY|[1]|01p1r000005a73H|siteController.siteController()
15:41:52.0 (1785101)|STATEMENT_EXECUTE|[1]
15:41:52.0 (1789613)|STATEMENT_EXECUTE|[1]
15:41:52.0 (1820200)|HEAP_ALLOCATE|[50]|Bytes:5
15:41:52.0 (1842550)|HEAP_ALLOCATE|[56]|Bytes:5
15:41:52.0 (1848917)|HEAP_ALLOCATE|[64]|Bytes:7
15:41:52.0 (1871068)|SYSTEM_MODE_ENTER|false
15:41:52.0 (1954903)|HEAP_ALLOCATE|[EXTERNAL]|Bytes:5
15:41:52.0 (1963085)|SYSTEM_MODE_EXIT|false
15:41:52.0 (1986554)|METHOD_EXIT|[1]|siteController
15:41:52.0 (1998642)|SYSTEM_MODE_ENTER|false
15:41:52.0 (2012331)|HEAP_ALLOCATE|[5]|Bytes:5
15:41:52.0 (2017301)|STATEMENT_EXECUTE|[4]
15:41:52.0 (2018776)|STATEMENT_EXECUTE|[5]
15:41:52.0 (2021182)|HEAP_ALLOCATE|[5]|Bytes:4
15:41:52.0 (2094005)|USER_DEBUG|[5]|DEBUG|iiii
15:41:52.0 (2120659)|STATEMENT_EXECUTE|[6]
15:41:52.0 (2123249)|HEAP_ALLOCATE|[6]|Bytes:50
15:41:52.0 (2144667)|HEAP_ALLOCATE|[6]|Bytes:4
15:41:52.0 (2464706)|SOQL_EXECUTE_BEGIN|[6]|Aggregations:0|SELECT Id, Name, Content__c, Date__c FROM Topic__c
15:41:52.0 (7774473)|SOQL_EXECUTE_END|[6]|Rows:16
15:41:52.0 (7804071)|HEAP_ALLOCATE|[6]|Bytes:68
15:41:52.0 (7835076)|HEAP_ALLOCATE|[6]|Bytes:5063
15:41:52.0 (7897939)|HEAP_ALLOCATE|[6]|Bytes:68
15:41:52.0 (7936828)|SYSTEM_MODE_EXIT|false
15:41:52.7 (7961381)|CUMULATIVE_LIMIT_USAGE
15:41:52.7 (7961381)|LIMIT_USAGE_FOR_NS|(default)|
  Number of SOQL queries: 1 out of 100
  Number of query rows: 16 out of 50000
  Number of SOSL queries: 0 out of 20
  Number of DML statements: 0 out of 150
  Number of DML rows: 0 out of 10000
  Maximum CPU time: 0 out of 10000
  Maximum heap size: 0 out of 6000000
  Number of callouts: 0 out of 100
  Number of Email Invocations: 0 out of 10
  Number of future calls: 0 out of 50
  Number of queueable jobs added to the queue: 0 out of 50
  Number of Mobile Apex push calls: 0 out of 10

15:41:52.7 (7961381)|CUMULATIVE_LIMIT_USAGE_END

15:41:52.0 (8004891)|CODE_UNIT_FINISHED|siteController.getTopics
15:41:52.0 (8240380)|CODE_UNIT_FINISHED|Aura
15:41:52.0 (9278544)|EXECUTION_FINISHED
