42.0 APEX_CODE,FINEST;APEX_PROFILING,INFO;CALLOUT,INFO;DB,INFO;SYSTEM,DEBUG;VALIDATION,INFO;VISUALFORCE,INFO;WAVE,INFO;WORKFLOW,INFO
16:52:32.0 (84550)|USER_INFO|[EXTERNAL]|0051r000007nKPL|assh4884@cunning-goat-277018.com|Greenwich Mean Time|GMTZ
16:52:32.0 (137350)|EXECUTION_STARTED
16:52:32.0 (143627)|CODE_UNIT_STARTED|[EXTERNAL]|Aura
16:52:32.0 (824685)|HEAP_ALLOCATE|[72]|Bytes:3
16:52:32.0 (866178)|HEAP_ALLOCATE|[77]|Bytes:152
16:52:32.0 (885175)|HEAP_ALLOCATE|[342]|Bytes:408
16:52:32.0 (906106)|HEAP_ALLOCATE|[355]|Bytes:408
16:52:32.0 (925253)|HEAP_ALLOCATE|[467]|Bytes:48
16:52:32.0 (953026)|HEAP_ALLOCATE|[139]|Bytes:6
16:52:32.0 (977157)|HEAP_ALLOCATE|[EXTERNAL]|Bytes:18
16:52:32.0 (989022)|HEAP_ALLOCATE|[EXTERNAL]|Bytes:18
16:52:32.0 (1859201)|CODE_UNIT_STARTED|[EXTERNAL]|01p1r000005a73H|SiteController.setLikeField
16:52:32.0 (1928178)|HEAP_ALLOCATE|[EXTERNAL]|Bytes:7
16:52:32.0 (1935533)|HEAP_ALLOCATE|[EXTERNAL]|Bytes:5
16:52:32.0 (1943935)|METHOD_ENTRY|[1]|01p1r000005a73H|SiteController.SiteController()
16:52:32.0 (1949808)|STATEMENT_EXECUTE|[1]
16:52:32.0 (1954984)|STATEMENT_EXECUTE|[1]
16:52:32.0 (1981118)|HEAP_ALLOCATE|[50]|Bytes:5
16:52:32.0 (2000137)|HEAP_ALLOCATE|[56]|Bytes:5
16:52:32.0 (2008056)|HEAP_ALLOCATE|[64]|Bytes:7
16:52:32.0 (2032618)|SYSTEM_MODE_ENTER|false
16:52:32.0 (2040725)|HEAP_ALLOCATE|[EXTERNAL]|Bytes:5
16:52:32.0 (2047472)|SYSTEM_MODE_EXIT|false
16:52:32.0 (2054370)|METHOD_EXIT|[1]|SiteController
16:52:32.0 (2059779)|HEAP_ALLOCATE|[EXTERNAL]|Bytes:18
16:52:32.0 (2063509)|HEAP_ALLOCATE|[EXTERNAL]|Bytes:5
16:52:32.0 (2071983)|SYSTEM_MODE_ENTER|false
16:52:32.0 (2078431)|VARIABLE_SCOPE_BEGIN|[24]|id|String|false|false
16:52:32.0 (2101880)|VARIABLE_ASSIGNMENT|[24]|id|"a001r00000nOV2wAAG"
16:52:32.0 (2107081)|VARIABLE_SCOPE_BEGIN|[24]|likeTopic|Boolean|false|false
16:52:32.0 (2115282)|VARIABLE_ASSIGNMENT|[24]|likeTopic|false
16:52:32.0 (2127105)|HEAP_ALLOCATE|[25]|Bytes:5
16:52:32.0 (2131937)|STATEMENT_EXECUTE|[24]
16:52:32.0 (2133635)|STATEMENT_EXECUTE|[25]
16:52:32.0 (2136464)|HEAP_ALLOCATE|[25]|Bytes:60
16:52:32.0 (2149259)|HEAP_ALLOCATE|[25]|Bytes:4
16:52:32.0 (2157588)|HEAP_ALLOCATE|[25]|Bytes:7
16:52:32.0 (2456590)|SOQL_EXECUTE_BEGIN|[25]|Aggregations:0|SELECT Id, like__c FROM Topic__c WHERE Id = :tmpVar1 LIMIT 1
16:52:32.0 (4470754)|SOQL_EXECUTE_END|[25]|Rows:1
16:52:32.0 (4494043)|HEAP_ALLOCATE|[25]|Bytes:8
16:52:32.0 (4510828)|HEAP_ALLOCATE|[25]|Bytes:44
16:52:32.0 (4593180)|HEAP_ALLOCATE|[25]|Bytes:8
16:52:32.0 (4609460)|VARIABLE_SCOPE_BEGIN|[25]|t|List<Topic__c>|true|false
16:52:32.0 (4638391)|VARIABLE_ASSIGNMENT|[25]|t|[{"Id":"a001r00000nOV2wAAG","like__c":false}]|0x60852273
16:52:32.0 (4644862)|STATEMENT_EXECUTE|[26]
16:52:32.0 (4646677)|STATEMENT_EXECUTE|[26]
16:52:32.0 (4648002)|STATEMENT_EXECUTE|[27]
16:52:32.0 (4682496)|HEAP_ALLOCATE|[27]|Bytes:12
16:52:32.0 (4733552)|VARIABLE_ASSIGNMENT|[27]|this.like__c|false|0x42191fc2
16:52:32.0 (4745708)|STATEMENT_EXECUTE|[28]
16:52:32.0 (4788719)|DML_BEGIN|[28]|Op:Update|Type:Topic__c|Rows:1
16:52:32.0 (4815208)|HEAP_ALLOCATE|[EXTERNAL]|Bytes:8
16:52:32.0 (20281904)|DML_END|[28]
16:52:32.0 (20334470)|HEAP_ALLOCATE|[EXTERNAL]|Bytes:8
16:52:32.0 (20360821)|SYSTEM_MODE_EXIT|false
16:52:32.22 (22710893)|CUMULATIVE_LIMIT_USAGE
16:52:32.22 (22710893)|LIMIT_USAGE_FOR_NS|(default)|
  Number of SOQL queries: 1 out of 100
  Number of query rows: 1 out of 50000
  Number of SOSL queries: 0 out of 20
  Number of DML statements: 1 out of 150
  Number of DML rows: 1 out of 10000
  Maximum CPU time: 0 out of 10000
  Maximum heap size: 0 out of 6000000
  Number of callouts: 0 out of 100
  Number of Email Invocations: 0 out of 10
  Number of future calls: 0 out of 50
  Number of queueable jobs added to the queue: 0 out of 50
  Number of Mobile Apex push calls: 0 out of 10

16:52:32.22 (22710893)|CUMULATIVE_LIMIT_USAGE_END

16:52:32.0 (22756525)|CODE_UNIT_FINISHED|SiteController.setLikeField
16:52:32.0 (23365803)|CODE_UNIT_FINISHED|Aura
16:52:32.0 (24282623)|EXECUTION_FINISHED
