42.0 APEX_CODE,FINEST;APEX_PROFILING,INFO;CALLOUT,INFO;DB,INFO;SYSTEM,DEBUG;VALIDATION,INFO;VISUALFORCE,INFO;WAVE,INFO;WORKFLOW,INFO
16:52:09.0 (310597)|USER_INFO|[EXTERNAL]|0051r000007nKPL|assh4884@cunning-goat-277018.com|Greenwich Mean Time|GMTZ
16:52:09.0 (346171)|EXECUTION_STARTED
16:52:09.0 (350315)|CODE_UNIT_STARTED|[EXTERNAL]|Aura
16:52:09.0 (1717500)|CODE_UNIT_STARTED|[EXTERNAL]|01p1r000005a73H|SiteController.getTopics
16:52:09.0 (1992763)|HEAP_ALLOCATE|[72]|Bytes:3
16:52:09.0 (2038197)|HEAP_ALLOCATE|[77]|Bytes:152
16:52:09.0 (2054052)|HEAP_ALLOCATE|[342]|Bytes:408
16:52:09.0 (2066002)|HEAP_ALLOCATE|[355]|Bytes:408
16:52:09.0 (2076362)|HEAP_ALLOCATE|[467]|Bytes:48
16:52:09.0 (2104177)|HEAP_ALLOCATE|[139]|Bytes:6
16:52:09.0 (2118970)|HEAP_ALLOCATE|[EXTERNAL]|Bytes:7
16:52:09.0 (2124450)|HEAP_ALLOCATE|[EXTERNAL]|Bytes:5
16:52:09.0 (2146322)|METHOD_ENTRY|[1]|01p1r000005a73H|SiteController.SiteController()
16:52:09.0 (2153110)|STATEMENT_EXECUTE|[1]
16:52:09.0 (2157857)|STATEMENT_EXECUTE|[1]
16:52:09.0 (2187618)|HEAP_ALLOCATE|[50]|Bytes:5
16:52:09.0 (2210060)|HEAP_ALLOCATE|[56]|Bytes:5
16:52:09.0 (2216705)|HEAP_ALLOCATE|[64]|Bytes:7
16:52:09.0 (2237968)|SYSTEM_MODE_ENTER|false
16:52:09.0 (2252266)|HEAP_ALLOCATE|[EXTERNAL]|Bytes:5
16:52:09.0 (2261917)|SYSTEM_MODE_EXIT|false
16:52:09.0 (2269513)|METHOD_EXIT|[1]|SiteController
16:52:09.0 (2280345)|SYSTEM_MODE_ENTER|false
16:52:09.0 (2293465)|HEAP_ALLOCATE|[6]|Bytes:5
16:52:09.0 (2297515)|STATEMENT_EXECUTE|[4]
16:52:09.0 (2298891)|STATEMENT_EXECUTE|[6]
16:52:09.0 (2301861)|HEAP_ALLOCATE|[6]|Bytes:59
16:52:09.0 (2321004)|HEAP_ALLOCATE|[6]|Bytes:4
16:52:09.0 (2629903)|SOQL_EXECUTE_BEGIN|[6]|Aggregations:0|SELECT Id, Name, Content__c, Date__c, like__c FROM Topic__c
16:52:09.0 (7969508)|SOQL_EXECUTE_END|[6]|Rows:16
16:52:09.0 (7997439)|HEAP_ALLOCATE|[6]|Bytes:68
16:52:09.0 (8027053)|HEAP_ALLOCATE|[6]|Bytes:5833
16:52:09.0 (8083892)|HEAP_ALLOCATE|[6]|Bytes:68
16:52:09.0 (8105665)|SYSTEM_MODE_EXIT|false
16:52:09.8 (8129716)|CUMULATIVE_LIMIT_USAGE
16:52:09.8 (8129716)|LIMIT_USAGE_FOR_NS|(default)|
  Number of SOQL queries: 1 out of 100
  Number of query rows: 16 out of 50000
  Number of SOSL queries: 0 out of 20
  Number of DML statements: 0 out of 150
  Number of DML rows: 0 out of 10000
  Maximum CPU time: 0 out of 10000
  Maximum heap size: 0 out of 6000000
  Number of callouts: 0 out of 100
  Number of Email Invocations: 0 out of 10
  Number of future calls: 0 out of 50
  Number of queueable jobs added to the queue: 0 out of 50
  Number of Mobile Apex push calls: 0 out of 10

16:52:09.8 (8129716)|CUMULATIVE_LIMIT_USAGE_END

16:52:09.0 (8159948)|CODE_UNIT_FINISHED|SiteController.getTopics
16:52:09.0 (8401561)|CODE_UNIT_FINISHED|Aura
16:52:09.0 (9498759)|EXECUTION_FINISHED
