42.0 APEX_CODE,FINEST;APEX_PROFILING,INFO;CALLOUT,INFO;DB,INFO;SYSTEM,DEBUG;VALIDATION,INFO;VISUALFORCE,INFO;WAVE,INFO;WORKFLOW,INFO
16:37:21.0 (301618)|USER_INFO|[EXTERNAL]|0051r000007nKPL|assh4884@cunning-goat-277018.com|Greenwich Mean Time|GMTZ
16:37:21.0 (333276)|EXECUTION_STARTED
16:37:21.0 (337163)|CODE_UNIT_STARTED|[EXTERNAL]|Aura
16:37:21.0 (2052657)|CODE_UNIT_STARTED|[EXTERNAL]|01p1r000005a73H|SiteController.getTopics
16:37:21.0 (2301896)|HEAP_ALLOCATE|[72]|Bytes:3
16:37:21.0 (2336914)|HEAP_ALLOCATE|[77]|Bytes:152
16:37:21.0 (2349455)|HEAP_ALLOCATE|[342]|Bytes:408
16:37:21.0 (2360624)|HEAP_ALLOCATE|[355]|Bytes:408
16:37:21.0 (2370809)|HEAP_ALLOCATE|[467]|Bytes:48
16:37:21.0 (2395549)|HEAP_ALLOCATE|[139]|Bytes:6
16:37:21.0 (2408579)|HEAP_ALLOCATE|[EXTERNAL]|Bytes:7
16:37:21.0 (2413738)|HEAP_ALLOCATE|[EXTERNAL]|Bytes:5
16:37:21.0 (2422572)|METHOD_ENTRY|[1]|01p1r000005a73H|SiteController.SiteController()
16:37:21.0 (2429928)|STATEMENT_EXECUTE|[1]
16:37:21.0 (2434234)|STATEMENT_EXECUTE|[1]
16:37:21.0 (2458972)|HEAP_ALLOCATE|[50]|Bytes:5
16:37:21.0 (2476145)|HEAP_ALLOCATE|[56]|Bytes:5
16:37:21.0 (2483066)|HEAP_ALLOCATE|[64]|Bytes:7
16:37:21.0 (2500728)|SYSTEM_MODE_ENTER|false
16:37:21.0 (2512291)|HEAP_ALLOCATE|[EXTERNAL]|Bytes:5
16:37:21.0 (2520488)|SYSTEM_MODE_EXIT|false
16:37:21.0 (2528381)|METHOD_EXIT|[1]|SiteController
16:37:21.0 (2536966)|SYSTEM_MODE_ENTER|false
16:37:21.0 (2547455)|HEAP_ALLOCATE|[6]|Bytes:5
16:37:21.0 (2551161)|STATEMENT_EXECUTE|[4]
16:37:21.0 (2552794)|STATEMENT_EXECUTE|[6]
16:37:21.0 (2555009)|HEAP_ALLOCATE|[6]|Bytes:59
16:37:21.0 (2570703)|HEAP_ALLOCATE|[6]|Bytes:4
16:37:21.0 (3349349)|SOQL_EXECUTE_BEGIN|[6]|Aggregations:0|SELECT Id, Name, Content__c, Date__c, like__c FROM Topic__c
16:37:21.0 (8560050)|SOQL_EXECUTE_END|[6]|Rows:16
16:37:21.0 (8582010)|HEAP_ALLOCATE|[6]|Bytes:68
16:37:21.0 (8613190)|HEAP_ALLOCATE|[6]|Bytes:5833
16:37:21.0 (8652813)|HEAP_ALLOCATE|[6]|Bytes:68
16:37:21.0 (8666884)|SYSTEM_MODE_EXIT|false
16:37:21.8 (8691631)|CUMULATIVE_LIMIT_USAGE
16:37:21.8 (8691631)|LIMIT_USAGE_FOR_NS|(default)|
  Number of SOQL queries: 1 out of 100
  Number of query rows: 16 out of 50000
  Number of SOSL queries: 0 out of 20
  Number of DML statements: 0 out of 150
  Number of DML rows: 0 out of 10000
  Maximum CPU time: 0 out of 10000
  Maximum heap size: 0 out of 6000000
  Number of callouts: 0 out of 100
  Number of Email Invocations: 0 out of 10
  Number of future calls: 0 out of 50
  Number of queueable jobs added to the queue: 0 out of 50
  Number of Mobile Apex push calls: 0 out of 10

16:37:21.8 (8691631)|CUMULATIVE_LIMIT_USAGE_END

16:37:21.0 (8726919)|CODE_UNIT_FINISHED|SiteController.getTopics
16:37:21.0 (8965646)|CODE_UNIT_FINISHED|Aura
16:37:21.0 (10083828)|EXECUTION_FINISHED
