42.0 APEX_CODE,FINEST;APEX_PROFILING,INFO;CALLOUT,INFO;DB,INFO;SYSTEM,DEBUG;VALIDATION,INFO;VISUALFORCE,INFO;WAVE,INFO;WORKFLOW,INFO
16:42:14.0 (56845)|USER_INFO|[EXTERNAL]|0051r000007nKPL|assh4884@cunning-goat-277018.com|Greenwich Mean Time|GMTZ
16:42:14.0 (109252)|EXECUTION_STARTED
16:42:14.0 (113718)|CODE_UNIT_STARTED|[EXTERNAL]|Aura
16:42:14.0 (1099746)|CODE_UNIT_STARTED|[EXTERNAL]|01p1r000005a73H|SiteController.getTopics
16:42:14.0 (1333805)|HEAP_ALLOCATE|[72]|Bytes:3
16:42:14.0 (1365556)|HEAP_ALLOCATE|[77]|Bytes:152
16:42:14.0 (1384358)|HEAP_ALLOCATE|[342]|Bytes:408
16:42:14.0 (1406632)|HEAP_ALLOCATE|[355]|Bytes:408
16:42:14.0 (1426182)|HEAP_ALLOCATE|[467]|Bytes:48
16:42:14.0 (1461595)|HEAP_ALLOCATE|[139]|Bytes:6
16:42:14.0 (1485368)|HEAP_ALLOCATE|[EXTERNAL]|Bytes:7
16:42:14.0 (1493268)|HEAP_ALLOCATE|[EXTERNAL]|Bytes:11
16:42:14.0 (1505676)|METHOD_ENTRY|[1]|01p1r000005a73H|SiteController.SiteController()
16:42:14.0 (1514518)|STATEMENT_EXECUTE|[1]
16:42:14.0 (1520588)|STATEMENT_EXECUTE|[1]
16:42:14.0 (1556488)|HEAP_ALLOCATE|[50]|Bytes:5
16:42:14.0 (1584041)|HEAP_ALLOCATE|[56]|Bytes:5
16:42:14.0 (1596066)|HEAP_ALLOCATE|[64]|Bytes:7
16:42:14.0 (1621964)|SYSTEM_MODE_ENTER|false
16:42:14.0 (1636706)|HEAP_ALLOCATE|[EXTERNAL]|Bytes:5
16:42:14.0 (1645898)|SYSTEM_MODE_EXIT|false
16:42:14.0 (1657373)|METHOD_EXIT|[1]|SiteController
16:42:14.0 (1673000)|SYSTEM_MODE_ENTER|false
16:42:14.0 (1690290)|HEAP_ALLOCATE|[6]|Bytes:5
16:42:14.0 (1696878)|STATEMENT_EXECUTE|[4]
16:42:14.0 (1699008)|STATEMENT_EXECUTE|[6]
16:42:14.0 (1702578)|HEAP_ALLOCATE|[6]|Bytes:59
16:42:14.0 (1720361)|HEAP_ALLOCATE|[6]|Bytes:4
16:42:14.0 (2083765)|SOQL_EXECUTE_BEGIN|[6]|Aggregations:0|SELECT Id, Name, Content__c, Date__c, like__c FROM Topic__c
16:42:14.0 (7511554)|SOQL_EXECUTE_END|[6]|Rows:16
16:42:14.0 (7535417)|HEAP_ALLOCATE|[6]|Bytes:68
16:42:14.0 (7565499)|HEAP_ALLOCATE|[6]|Bytes:5833
16:42:14.0 (7598130)|HEAP_ALLOCATE|[6]|Bytes:68
16:42:14.0 (7612204)|SYSTEM_MODE_EXIT|false
16:42:14.7 (7640616)|CUMULATIVE_LIMIT_USAGE
16:42:14.7 (7640616)|LIMIT_USAGE_FOR_NS|(default)|
  Number of SOQL queries: 1 out of 100
  Number of query rows: 16 out of 50000
  Number of SOSL queries: 0 out of 20
  Number of DML statements: 0 out of 150
  Number of DML rows: 0 out of 10000
  Maximum CPU time: 0 out of 10000
  Maximum heap size: 0 out of 6000000
  Number of callouts: 0 out of 100
  Number of Email Invocations: 0 out of 10
  Number of future calls: 0 out of 50
  Number of queueable jobs added to the queue: 0 out of 50
  Number of Mobile Apex push calls: 0 out of 10

16:42:14.7 (7640616)|CUMULATIVE_LIMIT_USAGE_END

16:42:14.0 (7677488)|CODE_UNIT_FINISHED|SiteController.getTopics
16:42:14.0 (7915351)|CODE_UNIT_FINISHED|Aura
16:42:14.0 (9173529)|EXECUTION_FINISHED
