42.0 APEX_CODE,FINEST;APEX_PROFILING,INFO;CALLOUT,INFO;DB,INFO;SYSTEM,DEBUG;VALIDATION,INFO;VISUALFORCE,INFO;WAVE,INFO;WORKFLOW,INFO
16:35:38.0 (318564)|USER_INFO|[EXTERNAL]|0051r000007nKPL|assh4884@cunning-goat-277018.com|Greenwich Mean Time|GMTZ
16:35:38.0 (362916)|EXECUTION_STARTED
16:35:38.0 (368404)|CODE_UNIT_STARTED|[EXTERNAL]|Aura
16:35:38.0 (2001288)|CODE_UNIT_STARTED|[EXTERNAL]|01p1r000005a73H|SiteController.getTopics
16:35:38.0 (2200025)|HEAP_ALLOCATE|[72]|Bytes:3
16:35:38.0 (2243641)|HEAP_ALLOCATE|[77]|Bytes:152
16:35:38.0 (2258582)|HEAP_ALLOCATE|[342]|Bytes:408
16:35:38.0 (2271006)|HEAP_ALLOCATE|[355]|Bytes:408
16:35:38.0 (2281228)|HEAP_ALLOCATE|[467]|Bytes:48
16:35:38.0 (2310442)|HEAP_ALLOCATE|[139]|Bytes:6
16:35:38.0 (2328009)|HEAP_ALLOCATE|[EXTERNAL]|Bytes:7
16:35:38.0 (2332498)|HEAP_ALLOCATE|[EXTERNAL]|Bytes:5
16:35:38.0 (2341609)|METHOD_ENTRY|[1]|01p1r000005a73H|SiteController.SiteController()
16:35:38.0 (2347749)|STATEMENT_EXECUTE|[1]
16:35:38.0 (2353789)|STATEMENT_EXECUTE|[1]
16:35:38.0 (2382541)|HEAP_ALLOCATE|[50]|Bytes:5
16:35:38.0 (2406501)|HEAP_ALLOCATE|[56]|Bytes:5
16:35:38.0 (2413284)|HEAP_ALLOCATE|[64]|Bytes:7
16:35:38.0 (2433323)|SYSTEM_MODE_ENTER|false
16:35:38.0 (2453087)|HEAP_ALLOCATE|[EXTERNAL]|Bytes:5
16:35:38.0 (2460611)|SYSTEM_MODE_EXIT|false
16:35:38.0 (2470972)|METHOD_EXIT|[1]|SiteController
16:35:38.0 (2480948)|SYSTEM_MODE_ENTER|false
16:35:38.0 (2494069)|HEAP_ALLOCATE|[6]|Bytes:5
16:35:38.0 (2498243)|STATEMENT_EXECUTE|[4]
16:35:38.0 (2499564)|STATEMENT_EXECUTE|[6]
16:35:38.0 (2502014)|HEAP_ALLOCATE|[6]|Bytes:59
16:35:38.0 (2525104)|HEAP_ALLOCATE|[6]|Bytes:4
16:35:38.0 (3238756)|SOQL_EXECUTE_BEGIN|[6]|Aggregations:0|SELECT Id, Name, Content__c, Date__c, like__c FROM Topic__c
16:35:38.0 (16737899)|SOQL_EXECUTE_END|[6]|Rows:16
16:35:38.0 (16762907)|HEAP_ALLOCATE|[6]|Bytes:68
16:35:38.0 (16792976)|HEAP_ALLOCATE|[6]|Bytes:5833
16:35:38.0 (16854556)|HEAP_ALLOCATE|[6]|Bytes:68
16:35:38.0 (16876195)|SYSTEM_MODE_EXIT|false
16:35:38.16 (16899609)|CUMULATIVE_LIMIT_USAGE
16:35:38.16 (16899609)|LIMIT_USAGE_FOR_NS|(default)|
  Number of SOQL queries: 1 out of 100
  Number of query rows: 16 out of 50000
  Number of SOSL queries: 0 out of 20
  Number of DML statements: 0 out of 150
  Number of DML rows: 0 out of 10000
  Maximum CPU time: 0 out of 10000
  Maximum heap size: 0 out of 6000000
  Number of callouts: 0 out of 100
  Number of Email Invocations: 0 out of 10
  Number of future calls: 0 out of 50
  Number of queueable jobs added to the queue: 0 out of 50
  Number of Mobile Apex push calls: 0 out of 10

16:35:38.16 (16899609)|CUMULATIVE_LIMIT_USAGE_END

16:35:38.0 (16932953)|CODE_UNIT_FINISHED|SiteController.getTopics
16:35:38.0 (17186380)|CODE_UNIT_FINISHED|Aura
16:35:38.0 (19123735)|EXECUTION_FINISHED
