42.0 APEX_CODE,FINEST;APEX_PROFILING,INFO;CALLOUT,INFO;DB,INFO;SYSTEM,DEBUG;VALIDATION,INFO;VISUALFORCE,INFO;WAVE,INFO;WORKFLOW,INFO
15:48:02.0 (386657)|USER_INFO|[EXTERNAL]|0051r000007nKPL|assh4884@cunning-goat-277018.com|Greenwich Mean Time|GMTZ
15:48:02.0 (424600)|EXECUTION_STARTED
15:48:02.0 (429924)|CODE_UNIT_STARTED|[EXTERNAL]|Aura
15:48:02.0 (2106252)|CODE_UNIT_STARTED|[EXTERNAL]|01p1r000007BH1U|ContactController.getContacts
15:48:02.0 (2441215)|HEAP_ALLOCATE|[72]|Bytes:3
15:48:02.0 (2491855)|HEAP_ALLOCATE|[77]|Bytes:152
15:48:02.0 (2508786)|HEAP_ALLOCATE|[342]|Bytes:408
15:48:02.0 (2522229)|HEAP_ALLOCATE|[355]|Bytes:408
15:48:02.0 (2532839)|HEAP_ALLOCATE|[467]|Bytes:48
15:48:02.0 (2562316)|HEAP_ALLOCATE|[139]|Bytes:6
15:48:02.0 (2578912)|HEAP_ALLOCATE|[EXTERNAL]|Bytes:1
15:48:02.0 (2592201)|METHOD_ENTRY|[1]|01p1r000007BH1U|ContactController.ContactController()
15:48:02.0 (2600158)|STATEMENT_EXECUTE|[1]
15:48:02.0 (2605977)|STATEMENT_EXECUTE|[1]
15:48:02.0 (2643319)|HEAP_ALLOCATE|[50]|Bytes:5
15:48:02.0 (2667888)|HEAP_ALLOCATE|[56]|Bytes:5
15:48:02.0 (2675236)|HEAP_ALLOCATE|[64]|Bytes:7
15:48:02.0 (2698619)|SYSTEM_MODE_ENTER|false
15:48:02.0 (2715095)|HEAP_ALLOCATE|[EXTERNAL]|Bytes:5
15:48:02.0 (2722251)|SYSTEM_MODE_EXIT|false
15:48:02.0 (2732453)|METHOD_EXIT|[1]|ContactController
15:48:02.0 (2742665)|SYSTEM_MODE_ENTER|false
15:48:02.0 (2756789)|HEAP_ALLOCATE|[5]|Bytes:5
15:48:02.0 (2761152)|STATEMENT_EXECUTE|[4]
15:48:02.0 (2762737)|STATEMENT_EXECUTE|[5]
15:48:02.0 (2765524)|HEAP_ALLOCATE|[5]|Bytes:69
15:48:02.0 (2785806)|HEAP_ALLOCATE|[5]|Bytes:4
15:48:02.0 (3265602)|SOQL_EXECUTE_BEGIN|[5]|Aggregations:0|SELECT Id, Name, MailingStreet, Phone, Email, LeadSource FROM Contact
15:48:02.0 (7304363)|SOQL_EXECUTE_END|[5]|Rows:20
15:48:02.0 (7328522)|HEAP_ALLOCATE|[5]|Bytes:84
15:48:02.0 (7383604)|HEAP_ALLOCATE|[5]|Bytes:3564
15:48:02.0 (7431132)|HEAP_ALLOCATE|[5]|Bytes:84
15:48:02.0 (7446734)|VARIABLE_SCOPE_BEGIN|[5]|contacts|List<Contact>|true|false
15:48:02.0 (7480709)|VARIABLE_ASSIGNMENT|[5]|contacts|"List of size 20 too large to display"|0x15d9543a
15:48:02.0 (7488020)|STATEMENT_EXECUTE|[9]
15:48:02.0 (7496839)|SYSTEM_MODE_EXIT|false
15:48:02.7 (7522890)|CUMULATIVE_LIMIT_USAGE
15:48:02.7 (7522890)|LIMIT_USAGE_FOR_NS|(default)|
  Number of SOQL queries: 1 out of 100
  Number of query rows: 20 out of 50000
  Number of SOSL queries: 0 out of 20
  Number of DML statements: 0 out of 150
  Number of DML rows: 0 out of 10000
  Maximum CPU time: 0 out of 10000
  Maximum heap size: 0 out of 6000000
  Number of callouts: 0 out of 100
  Number of Email Invocations: 0 out of 10
  Number of future calls: 0 out of 50
  Number of queueable jobs added to the queue: 0 out of 50
  Number of Mobile Apex push calls: 0 out of 10

15:48:02.7 (7522890)|CUMULATIVE_LIMIT_USAGE_END

15:48:02.0 (7565135)|CODE_UNIT_FINISHED|ContactController.getContacts
15:48:02.0 (7775115)|CODE_UNIT_FINISHED|Aura
15:48:02.0 (9105227)|EXECUTION_FINISHED
