42.0 APEX_CODE,FINEST;APEX_PROFILING,INFO;CALLOUT,INFO;DB,INFO;SYSTEM,DEBUG;VALIDATION,INFO;VISUALFORCE,INFO;WAVE,INFO;WORKFLOW,INFO
16:58:54.0 (68096)|USER_INFO|[EXTERNAL]|0051r000007nKPL|assh4884@cunning-goat-277018.com|Greenwich Mean Time|GMTZ
16:58:54.0 (104872)|EXECUTION_STARTED
16:58:54.0 (109577)|CODE_UNIT_STARTED|[EXTERNAL]|Aura
16:58:54.0 (1073951)|CODE_UNIT_STARTED|[EXTERNAL]|01p1r000005a73H|SiteController.getTopics
16:58:54.0 (1206860)|HEAP_ALLOCATE|[72]|Bytes:3
16:58:54.0 (1251276)|HEAP_ALLOCATE|[77]|Bytes:152
16:58:54.0 (1268198)|HEAP_ALLOCATE|[342]|Bytes:408
16:58:54.0 (1283221)|HEAP_ALLOCATE|[355]|Bytes:408
16:58:54.0 (1296456)|HEAP_ALLOCATE|[467]|Bytes:48
16:58:54.0 (1323434)|HEAP_ALLOCATE|[139]|Bytes:6
16:58:54.0 (1386710)|HEAP_ALLOCATE|[EXTERNAL]|Bytes:7
16:58:54.0 (1392530)|HEAP_ALLOCATE|[EXTERNAL]|Bytes:5
16:58:54.0 (1401227)|METHOD_ENTRY|[1]|01p1r000005a73H|SiteController.SiteController()
16:58:54.0 (1407114)|STATEMENT_EXECUTE|[1]
16:58:54.0 (1411857)|STATEMENT_EXECUTE|[1]
16:58:54.0 (1443666)|HEAP_ALLOCATE|[50]|Bytes:5
16:58:54.0 (1466493)|HEAP_ALLOCATE|[56]|Bytes:5
16:58:54.0 (1473602)|HEAP_ALLOCATE|[64]|Bytes:7
16:58:54.0 (1496377)|SYSTEM_MODE_ENTER|false
16:58:54.0 (1510105)|HEAP_ALLOCATE|[EXTERNAL]|Bytes:5
16:58:54.0 (1518856)|SYSTEM_MODE_EXIT|false
16:58:54.0 (1528463)|METHOD_EXIT|[1]|SiteController
16:58:54.0 (1538073)|SYSTEM_MODE_ENTER|false
16:58:54.0 (1550543)|HEAP_ALLOCATE|[6]|Bytes:5
16:58:54.0 (1554865)|STATEMENT_EXECUTE|[4]
16:58:54.0 (1556322)|STATEMENT_EXECUTE|[6]
16:58:54.0 (1558720)|HEAP_ALLOCATE|[6]|Bytes:59
16:58:54.0 (1579802)|HEAP_ALLOCATE|[6]|Bytes:4
16:58:54.0 (1890554)|SOQL_EXECUTE_BEGIN|[6]|Aggregations:0|SELECT Id, Name, Content__c, Date__c, like__c FROM Topic__c
16:58:54.0 (6612281)|SOQL_EXECUTE_END|[6]|Rows:16
16:58:54.0 (6636879)|HEAP_ALLOCATE|[6]|Bytes:68
16:58:54.0 (6668445)|HEAP_ALLOCATE|[6]|Bytes:5833
16:58:54.0 (6763341)|HEAP_ALLOCATE|[6]|Bytes:68
16:58:54.0 (6781528)|SYSTEM_MODE_EXIT|false
16:58:54.6 (6804176)|CUMULATIVE_LIMIT_USAGE
16:58:54.6 (6804176)|LIMIT_USAGE_FOR_NS|(default)|
  Number of SOQL queries: 1 out of 100
  Number of query rows: 16 out of 50000
  Number of SOSL queries: 0 out of 20
  Number of DML statements: 0 out of 150
  Number of DML rows: 0 out of 10000
  Maximum CPU time: 0 out of 10000
  Maximum heap size: 0 out of 6000000
  Number of callouts: 0 out of 100
  Number of Email Invocations: 0 out of 10
  Number of future calls: 0 out of 50
  Number of queueable jobs added to the queue: 0 out of 50
  Number of Mobile Apex push calls: 0 out of 10

16:58:54.6 (6804176)|CUMULATIVE_LIMIT_USAGE_END

16:58:54.0 (6838581)|CODE_UNIT_FINISHED|SiteController.getTopics
16:58:54.0 (7083841)|CODE_UNIT_FINISHED|Aura
16:58:54.0 (8140704)|EXECUTION_FINISHED
:54.40 (47426992)|STATEMENT_EXECUTE|[26]
16:58:54.40 (47428674)|STATEMENT_EXECUTE|[26]
16:58:54.40 (47430322)|STATEMENT_EXECUTE|[27]
16:58:54.40 (47473144)|HEAP_ALLOCATE|[27]|Bytes:12
16:58:54.40 (47526844)|VARIABLE_ASSIGNMENT|[27]|this.like__c|false|0x1d26a306
16:58:54.40 (47533828)|STATEMENT_EXECUTE|[28]
16:58:54.40 (47576747)|DML_BEGIN|[28]|Op:Update|Type:Topic__c|Rows:1
16:58:54.40 (47601472)|HEAP_ALLOCATE|[EXTERNAL]|Bytes:8
16:58:54.40 (68542458)|DML_END|[28]
16:58:54.40 (68593853)|HEAP_ALLOCATE|[EXTERNAL]|Bytes:8
16:58:54.40 (68615113)|SYSTEM_MODE_EXIT|false
16:58:54.71 (71488278)|CUMULATIVE_LIMIT_USAGE
16:58:54.71 (71488278)|LIMIT_USAGE_FOR_NS|(default)|
  Number of SOQL queries: 1 out of 100
  Number of query rows: 1 out of 50000
  Number of SOSL queries: 0 out of 20
  Number of DML statements: 1 out of 150
  Number of DML rows: 1 out of 10000
  Maximum CPU time: 0 out of 10000
  Maximum heap size: 0 out of 6000000
  Number of callouts: 0 out of 100
  Number of Email Invocations: 0 out of 10
  Number of future calls: 0 out of 50
  Number of queueable jobs added to the queue: 0 out of 50
  Number of Mobile Apex push calls: 0 out of 10

16:58:54.71 (71488278)|CUMULATIVE_LIMIT_USAGE_END

16:58:54.40 (71525971)|CODE_UNIT_FINISHED|SiteController.setLikeField
16:58:54.40 (71590575)|CODE_UNIT_FINISHED|Aura
16:58:54.40 (72395287)|EXECUTION_FINISHED
