42.0 APEX_CODE,FINEST;APEX_PROFILING,INFO;CALLOUT,INFO;DB,INFO;SYSTEM,DEBUG;VALIDATION,INFO;VISUALFORCE,INFO;WAVE,INFO;WORKFLOW,INFO
16:52:43.0 (294402)|USER_INFO|[EXTERNAL]|0051r000007nKPL|assh4884@cunning-goat-277018.com|Greenwich Mean Time|GMTZ
16:52:43.0 (330864)|EXECUTION_STARTED
16:52:43.0 (334608)|CODE_UNIT_STARTED|[EXTERNAL]|Aura
16:52:43.0 (2054202)|CODE_UNIT_STARTED|[EXTERNAL]|01p1r000005a73H|SiteController.getTopics
16:52:43.0 (2269189)|HEAP_ALLOCATE|[72]|Bytes:3
16:52:43.0 (2323721)|HEAP_ALLOCATE|[77]|Bytes:152
16:52:43.0 (2337283)|HEAP_ALLOCATE|[342]|Bytes:408
16:52:43.0 (2349904)|HEAP_ALLOCATE|[355]|Bytes:408
16:52:43.0 (2361358)|HEAP_ALLOCATE|[467]|Bytes:48
16:52:43.0 (2386036)|HEAP_ALLOCATE|[139]|Bytes:6
16:52:43.0 (2400625)|HEAP_ALLOCATE|[EXTERNAL]|Bytes:7
16:52:43.0 (2420662)|HEAP_ALLOCATE|[EXTERNAL]|Bytes:5
16:52:43.0 (2440245)|METHOD_ENTRY|[1]|01p1r000005a73H|SiteController.SiteController()
16:52:43.0 (2447185)|STATEMENT_EXECUTE|[1]
16:52:43.0 (2451420)|STATEMENT_EXECUTE|[1]
16:52:43.0 (2478111)|HEAP_ALLOCATE|[50]|Bytes:5
16:52:43.0 (2496354)|HEAP_ALLOCATE|[56]|Bytes:5
16:52:43.0 (2503849)|HEAP_ALLOCATE|[64]|Bytes:7
16:52:43.0 (2523541)|SYSTEM_MODE_ENTER|false
16:52:43.0 (2639636)|HEAP_ALLOCATE|[EXTERNAL]|Bytes:5
16:52:43.0 (2646705)|SYSTEM_MODE_EXIT|false
16:52:43.0 (2664359)|METHOD_EXIT|[1]|SiteController
16:52:43.0 (2676253)|SYSTEM_MODE_ENTER|false
16:52:43.0 (2688097)|HEAP_ALLOCATE|[6]|Bytes:5
16:52:43.0 (2692045)|STATEMENT_EXECUTE|[4]
16:52:43.0 (2693523)|STATEMENT_EXECUTE|[6]
16:52:43.0 (2696411)|HEAP_ALLOCATE|[6]|Bytes:59
16:52:43.0 (2710975)|HEAP_ALLOCATE|[6]|Bytes:4
16:52:43.0 (3436688)|SOQL_EXECUTE_BEGIN|[6]|Aggregations:0|SELECT Id, Name, Content__c, Date__c, like__c FROM Topic__c
16:52:43.0 (8641675)|SOQL_EXECUTE_END|[6]|Rows:16
16:52:43.0 (8662666)|HEAP_ALLOCATE|[6]|Bytes:68
16:52:43.0 (8691861)|HEAP_ALLOCATE|[6]|Bytes:5833
16:52:43.0 (8726648)|HEAP_ALLOCATE|[6]|Bytes:68
16:52:43.0 (8742998)|SYSTEM_MODE_EXIT|false
16:52:43.8 (8769210)|CUMULATIVE_LIMIT_USAGE
16:52:43.8 (8769210)|LIMIT_USAGE_FOR_NS|(default)|
  Number of SOQL queries: 1 out of 100
  Number of query rows: 16 out of 50000
  Number of SOSL queries: 0 out of 20
  Number of DML statements: 0 out of 150
  Number of DML rows: 0 out of 10000
  Maximum CPU time: 0 out of 10000
  Maximum heap size: 0 out of 6000000
  Number of callouts: 0 out of 100
  Number of Email Invocations: 0 out of 10
  Number of future calls: 0 out of 50
  Number of queueable jobs added to the queue: 0 out of 50
  Number of Mobile Apex push calls: 0 out of 10

16:52:43.8 (8769210)|CUMULATIVE_LIMIT_USAGE_END

16:52:43.0 (8803067)|CODE_UNIT_FINISHED|SiteController.getTopics
16:52:43.0 (9059826)|CODE_UNIT_FINISHED|Aura
16:52:43.0 (10234172)|EXECUTION_FINISHED
