42.0 APEX_CODE,FINEST;APEX_PROFILING,INFO;CALLOUT,INFO;DB,INFO;SYSTEM,DEBUG;VALIDATION,INFO;VISUALFORCE,INFO;WAVE,INFO;WORKFLOW,INFO
15:33:38.0 (320047)|USER_INFO|[EXTERNAL]|0051r000007nKPL|assh4884@cunning-goat-277018.com|Greenwich Mean Time|GMTZ
15:33:38.0 (351671)|EXECUTION_STARTED
15:33:38.0 (356093)|CODE_UNIT_STARTED|[EXTERNAL]|Aura
15:33:38.0 (1795094)|CODE_UNIT_STARTED|[EXTERNAL]|01p1r000005a73H|SiteController.getTopics
15:33:38.0 (2033541)|HEAP_ALLOCATE|[72]|Bytes:3
15:33:38.0 (2075687)|HEAP_ALLOCATE|[77]|Bytes:152
15:33:38.0 (2091503)|HEAP_ALLOCATE|[342]|Bytes:408
15:33:38.0 (2105090)|HEAP_ALLOCATE|[355]|Bytes:408
15:33:38.0 (2116308)|HEAP_ALLOCATE|[467]|Bytes:48
15:33:38.0 (2142757)|HEAP_ALLOCATE|[139]|Bytes:6
15:33:38.0 (2157473)|HEAP_ALLOCATE|[EXTERNAL]|Bytes:4
15:33:38.0 (2162520)|HEAP_ALLOCATE|[EXTERNAL]|Bytes:2
15:33:38.0 (2172065)|METHOD_ENTRY|[1]|01p1r000005a73H|SiteController.SiteController()
15:33:38.0 (2177904)|STATEMENT_EXECUTE|[1]
15:33:38.0 (2182625)|STATEMENT_EXECUTE|[1]
15:33:38.0 (2212339)|HEAP_ALLOCATE|[50]|Bytes:5
15:33:38.0 (2233484)|HEAP_ALLOCATE|[56]|Bytes:5
15:33:38.0 (2240347)|HEAP_ALLOCATE|[64]|Bytes:7
15:33:38.0 (2259881)|SYSTEM_MODE_ENTER|false
15:33:38.0 (2273165)|HEAP_ALLOCATE|[EXTERNAL]|Bytes:5
15:33:38.0 (2281392)|SYSTEM_MODE_EXIT|false
15:33:38.0 (2289165)|METHOD_EXIT|[1]|SiteController
15:33:38.0 (2297800)|SYSTEM_MODE_ENTER|false
15:33:38.0 (2313798)|HEAP_ALLOCATE|[6]|Bytes:5
15:33:38.0 (2318257)|STATEMENT_EXECUTE|[4]
15:33:38.0 (2319898)|STATEMENT_EXECUTE|[6]
15:33:38.0 (2322516)|HEAP_ALLOCATE|[6]|Bytes:59
15:33:38.0 (2340064)|HEAP_ALLOCATE|[6]|Bytes:4
15:33:38.0 (3044837)|SOQL_EXECUTE_BEGIN|[6]|Aggregations:0|SELECT Id, Name, Content__c, Date__c, like__c FROM Topic__c
15:33:38.0 (8438062)|SOQL_EXECUTE_END|[6]|Rows:16
15:33:38.0 (8461730)|HEAP_ALLOCATE|[6]|Bytes:68
15:33:38.0 (8491944)|HEAP_ALLOCATE|[6]|Bytes:5833
15:33:38.0 (8525485)|HEAP_ALLOCATE|[6]|Bytes:68
15:33:38.0 (8539249)|SYSTEM_MODE_EXIT|false
15:33:38.8 (8563005)|CUMULATIVE_LIMIT_USAGE
15:33:38.8 (8563005)|LIMIT_USAGE_FOR_NS|(default)|
  Number of SOQL queries: 1 out of 100
  Number of query rows: 16 out of 50000
  Number of SOSL queries: 0 out of 20
  Number of DML statements: 0 out of 150
  Number of DML rows: 0 out of 10000
  Maximum CPU time: 0 out of 10000
  Maximum heap size: 0 out of 6000000
  Number of callouts: 0 out of 100
  Number of Email Invocations: 0 out of 10
  Number of future calls: 0 out of 50
  Number of queueable jobs added to the queue: 0 out of 50
  Number of Mobile Apex push calls: 0 out of 10

15:33:38.8 (8563005)|CUMULATIVE_LIMIT_USAGE_END

15:33:38.0 (8596823)|CODE_UNIT_FINISHED|SiteController.getTopics
15:33:38.0 (8843962)|CODE_UNIT_FINISHED|Aura
15:33:38.0 (10017031)|EXECUTION_FINISHED
