42.0 APEX_CODE,FINEST;APEX_PROFILING,INFO;CALLOUT,INFO;DB,INFO;SYSTEM,DEBUG;VALIDATION,INFO;VISUALFORCE,INFO;WAVE,INFO;WORKFLOW,INFO
16:43:20.0 (63100)|USER_INFO|[EXTERNAL]|0051r000007nKPL|assh4884@cunning-goat-277018.com|Greenwich Mean Time|GMTZ
16:43:20.0 (97186)|EXECUTION_STARTED
16:43:20.0 (100999)|CODE_UNIT_STARTED|[EXTERNAL]|Aura
16:43:20.0 (694033)|HEAP_ALLOCATE|[72]|Bytes:3
16:43:20.0 (729392)|HEAP_ALLOCATE|[77]|Bytes:152
16:43:20.0 (741810)|HEAP_ALLOCATE|[342]|Bytes:408
16:43:20.0 (753716)|HEAP_ALLOCATE|[355]|Bytes:408
16:43:20.0 (764099)|HEAP_ALLOCATE|[467]|Bytes:48
16:43:20.0 (786694)|HEAP_ALLOCATE|[139]|Bytes:6
16:43:20.0 (805971)|HEAP_ALLOCATE|[EXTERNAL]|Bytes:18
16:43:20.0 (814169)|HEAP_ALLOCATE|[EXTERNAL]|Bytes:18
16:43:20.0 (1606419)|CODE_UNIT_STARTED|[EXTERNAL]|01p1r000005a73H|SiteController.setLikeField
16:43:20.0 (1692461)|HEAP_ALLOCATE|[EXTERNAL]|Bytes:7
16:43:20.0 (1698969)|HEAP_ALLOCATE|[EXTERNAL]|Bytes:11
16:43:20.0 (1708976)|METHOD_ENTRY|[1]|01p1r000005a73H|SiteController.SiteController()
16:43:20.0 (1714370)|STATEMENT_EXECUTE|[1]
16:43:20.0 (1719190)|STATEMENT_EXECUTE|[1]
16:43:20.0 (1747010)|HEAP_ALLOCATE|[50]|Bytes:5
16:43:20.0 (1767829)|HEAP_ALLOCATE|[56]|Bytes:5
16:43:20.0 (1775054)|HEAP_ALLOCATE|[64]|Bytes:7
16:43:20.0 (1797628)|SYSTEM_MODE_ENTER|false
16:43:20.0 (1809460)|HEAP_ALLOCATE|[EXTERNAL]|Bytes:5
16:43:20.0 (1815462)|SYSTEM_MODE_EXIT|false
16:43:20.0 (1822709)|METHOD_EXIT|[1]|SiteController
16:43:20.0 (1827718)|HEAP_ALLOCATE|[EXTERNAL]|Bytes:18
16:43:20.0 (1831175)|HEAP_ALLOCATE|[EXTERNAL]|Bytes:5
16:43:20.0 (1838927)|SYSTEM_MODE_ENTER|false
16:43:20.0 (1844775)|VARIABLE_SCOPE_BEGIN|[24]|id|String|false|false
16:43:20.0 (1865147)|VARIABLE_ASSIGNMENT|[24]|id|"a001r00000nOV2wAAG"
16:43:20.0 (1870506)|VARIABLE_SCOPE_BEGIN|[24]|likeTopic|Boolean|false|false
16:43:20.0 (1879071)|VARIABLE_ASSIGNMENT|[24]|likeTopic|true
16:43:20.0 (1891619)|HEAP_ALLOCATE|[25]|Bytes:5
16:43:20.0 (1895937)|STATEMENT_EXECUTE|[24]
16:43:20.0 (1897598)|STATEMENT_EXECUTE|[25]
16:43:20.0 (1899997)|HEAP_ALLOCATE|[25]|Bytes:60
16:43:20.0 (1913664)|HEAP_ALLOCATE|[25]|Bytes:4
16:43:20.0 (1923348)|HEAP_ALLOCATE|[25]|Bytes:7
16:43:20.0 (2228984)|SOQL_EXECUTE_BEGIN|[25]|Aggregations:0|SELECT Id, like__c FROM Topic__c WHERE Id = :tmpVar1 LIMIT 1
16:43:20.0 (4186917)|SOQL_EXECUTE_END|[25]|Rows:1
16:43:20.0 (4206292)|HEAP_ALLOCATE|[25]|Bytes:8
16:43:20.0 (4221666)|HEAP_ALLOCATE|[25]|Bytes:44
16:43:20.0 (4303845)|HEAP_ALLOCATE|[25]|Bytes:8
16:43:20.0 (4316075)|VARIABLE_SCOPE_BEGIN|[25]|t|List<Topic__c>|true|false
16:43:20.0 (4341400)|VARIABLE_ASSIGNMENT|[25]|t|[{"Id":"a001r00000nOV2wAAG","like__c":false}]|0x6a1d6995
16:43:20.0 (4348120)|STATEMENT_EXECUTE|[27]
16:43:20.0 (4349856)|STATEMENT_EXECUTE|[27]
16:43:20.0 (4351103)|STATEMENT_EXECUTE|[28]
16:43:20.0 (4395680)|HEAP_ALLOCATE|[28]|Bytes:12
16:43:20.0 (4453169)|VARIABLE_ASSIGNMENT|[28]|this.like__c|true|0x44d1d18c
16:43:20.0 (4459628)|STATEMENT_EXECUTE|[29]
16:43:20.0 (4523841)|USER_DEBUG|[29]|DEBUG|(Topic__c:{Id=a001r00000nOV2wAAG, like__c=true})
16:43:20.0 (4534873)|STATEMENT_EXECUTE|[30]
16:43:20.0 (4567998)|DML_BEGIN|[30]|Op:Update|Type:Topic__c|Rows:1
16:43:20.0 (4595915)|HEAP_ALLOCATE|[EXTERNAL]|Bytes:8
16:43:20.0 (17919841)|DML_END|[30]
16:43:20.0 (17958774)|HEAP_ALLOCATE|[EXTERNAL]|Bytes:8
16:43:20.0 (17969201)|STATEMENT_EXECUTE|[31]
16:43:20.0 (17973063)|HEAP_ALLOCATE|[31]|Bytes:8
16:43:20.0 (17998128)|USER_DEBUG|[31]|DEBUG|dffsdfsd
16:43:20.0 (18011670)|SYSTEM_MODE_EXIT|false
16:43:20.19 (19687038)|CUMULATIVE_LIMIT_USAGE
16:43:20.19 (19687038)|LIMIT_USAGE_FOR_NS|(default)|
  Number of SOQL queries: 1 out of 100
  Number of query rows: 1 out of 50000
  Number of SOSL queries: 0 out of 20
  Number of DML statements: 1 out of 150
  Number of DML rows: 1 out of 10000
  Maximum CPU time: 0 out of 10000
  Maximum heap size: 0 out of 6000000
  Number of callouts: 0 out of 100
  Number of Email Invocations: 0 out of 10
  Number of future calls: 0 out of 50
  Number of queueable jobs added to the queue: 0 out of 50
  Number of Mobile Apex push calls: 0 out of 10

16:43:20.19 (19687038)|CUMULATIVE_LIMIT_USAGE_END

16:43:20.0 (19718756)|CODE_UNIT_FINISHED|SiteController.setLikeField
16:43:20.0 (19773327)|CODE_UNIT_FINISHED|Aura
16:43:20.0 (20831476)|EXECUTION_FINISHED
