42.0 APEX_CODE,FINEST;APEX_PROFILING,INFO;CALLOUT,INFO;DB,INFO;SYSTEM,DEBUG;VALIDATION,INFO;VISUALFORCE,INFO;WAVE,INFO;WORKFLOW,INFO
16:52:18.0 (347689)|USER_INFO|[EXTERNAL]|0051r000007nKPL|assh4884@cunning-goat-277018.com|Greenwich Mean Time|GMTZ
16:52:18.0 (382797)|EXECUTION_STARTED
16:52:18.0 (387379)|CODE_UNIT_STARTED|[EXTERNAL]|Aura
16:52:18.0 (1459572)|HEAP_ALLOCATE|[72]|Bytes:3
16:52:18.0 (1492537)|HEAP_ALLOCATE|[77]|Bytes:152
16:52:18.0 (1504935)|HEAP_ALLOCATE|[342]|Bytes:408
16:52:18.0 (1517293)|HEAP_ALLOCATE|[355]|Bytes:408
16:52:18.0 (1527710)|HEAP_ALLOCATE|[467]|Bytes:48
16:52:18.0 (1549484)|HEAP_ALLOCATE|[139]|Bytes:6
16:52:18.0 (1566548)|HEAP_ALLOCATE|[EXTERNAL]|Bytes:18
16:52:18.0 (1574716)|HEAP_ALLOCATE|[EXTERNAL]|Bytes:18
16:52:18.0 (2570198)|CODE_UNIT_STARTED|[EXTERNAL]|01p1r000005a73H|SiteController.setLikeField
16:52:18.0 (2689290)|HEAP_ALLOCATE|[EXTERNAL]|Bytes:7
16:52:18.0 (2699750)|HEAP_ALLOCATE|[EXTERNAL]|Bytes:5
16:52:18.0 (2713777)|METHOD_ENTRY|[1]|01p1r000005a73H|SiteController.SiteController()
16:52:18.0 (2722028)|STATEMENT_EXECUTE|[1]
16:52:18.0 (2727657)|STATEMENT_EXECUTE|[1]
16:52:18.0 (2761960)|HEAP_ALLOCATE|[50]|Bytes:5
16:52:18.0 (2786071)|HEAP_ALLOCATE|[56]|Bytes:5
16:52:18.0 (2796289)|HEAP_ALLOCATE|[64]|Bytes:7
16:52:18.0 (2823175)|SYSTEM_MODE_ENTER|false
16:52:18.0 (2835175)|HEAP_ALLOCATE|[EXTERNAL]|Bytes:5
16:52:18.0 (2844113)|SYSTEM_MODE_EXIT|false
16:52:18.0 (2854352)|METHOD_EXIT|[1]|SiteController
16:52:18.0 (2861346)|HEAP_ALLOCATE|[EXTERNAL]|Bytes:18
16:52:18.0 (2867132)|HEAP_ALLOCATE|[EXTERNAL]|Bytes:5
16:52:18.0 (2881466)|SYSTEM_MODE_ENTER|false
16:52:18.0 (2894481)|VARIABLE_SCOPE_BEGIN|[24]|id|String|false|false
16:52:18.0 (2925404)|VARIABLE_ASSIGNMENT|[24]|id|"a001r00000nP0hiAAC"
16:52:18.0 (2936170)|VARIABLE_SCOPE_BEGIN|[24]|likeTopic|Boolean|false|false
16:52:18.0 (2945578)|VARIABLE_ASSIGNMENT|[24]|likeTopic|true
16:52:18.0 (2960717)|HEAP_ALLOCATE|[25]|Bytes:5
16:52:18.0 (2965378)|STATEMENT_EXECUTE|[24]
16:52:18.0 (2967036)|STATEMENT_EXECUTE|[25]
16:52:18.0 (2970649)|HEAP_ALLOCATE|[25]|Bytes:60
16:52:18.0 (2985701)|HEAP_ALLOCATE|[25]|Bytes:4
16:52:18.0 (2997774)|HEAP_ALLOCATE|[25]|Bytes:7
16:52:18.0 (3302287)|SOQL_EXECUTE_BEGIN|[25]|Aggregations:0|SELECT Id, like__c FROM Topic__c WHERE Id = :tmpVar1 LIMIT 1
16:52:18.0 (6035046)|SOQL_EXECUTE_END|[25]|Rows:1
16:52:18.0 (6055000)|HEAP_ALLOCATE|[25]|Bytes:8
16:52:18.0 (6067960)|HEAP_ALLOCATE|[25]|Bytes:44
16:52:18.0 (6179209)|HEAP_ALLOCATE|[25]|Bytes:8
16:52:18.0 (6197706)|VARIABLE_SCOPE_BEGIN|[25]|t|List<Topic__c>|true|false
16:52:18.0 (6234118)|VARIABLE_ASSIGNMENT|[25]|t|[{"Id":"a001r00000nP0hiAAC","like__c":false}]|0x5a9ee2ec
16:52:18.0 (6244305)|STATEMENT_EXECUTE|[26]
16:52:18.0 (6246644)|STATEMENT_EXECUTE|[26]
16:52:18.0 (6248567)|STATEMENT_EXECUTE|[27]
16:52:18.0 (6297619)|HEAP_ALLOCATE|[27]|Bytes:12
16:52:18.0 (6371116)|VARIABLE_ASSIGNMENT|[27]|this.like__c|true|0x9c2ae50
16:52:18.0 (6381413)|STATEMENT_EXECUTE|[28]
16:52:18.0 (6439002)|DML_BEGIN|[28]|Op:Update|Type:Topic__c|Rows:1
16:52:18.0 (6478769)|HEAP_ALLOCATE|[EXTERNAL]|Bytes:8
16:52:18.0 (24430253)|DML_END|[28]
16:52:18.0 (24490997)|HEAP_ALLOCATE|[EXTERNAL]|Bytes:8
16:52:18.0 (24520664)|SYSTEM_MODE_EXIT|false
16:52:18.26 (26999500)|CUMULATIVE_LIMIT_USAGE
16:52:18.26 (26999500)|LIMIT_USAGE_FOR_NS|(default)|
  Number of SOQL queries: 1 out of 100
  Number of query rows: 1 out of 50000
  Number of SOSL queries: 0 out of 20
  Number of DML statements: 1 out of 150
  Number of DML rows: 1 out of 10000
  Maximum CPU time: 0 out of 10000
  Maximum heap size: 0 out of 6000000
  Number of callouts: 0 out of 100
  Number of Email Invocations: 0 out of 10
  Number of future calls: 0 out of 50
  Number of queueable jobs added to the queue: 0 out of 50
  Number of Mobile Apex push calls: 0 out of 10

16:52:18.26 (26999500)|CUMULATIVE_LIMIT_USAGE_END

16:52:18.0 (27037046)|CODE_UNIT_FINISHED|SiteController.setLikeField
16:52:18.0 (27109876)|CODE_UNIT_FINISHED|Aura
16:52:18.0 (27995812)|EXECUTION_FINISHED
