42.0 APEX_CODE,FINEST;APEX_PROFILING,INFO;CALLOUT,INFO;DB,INFO;SYSTEM,DEBUG;VALIDATION,INFO;VISUALFORCE,INFO;WAVE,INFO;WORKFLOW,INFO
15:42:18.0 (345173)|USER_INFO|[EXTERNAL]|0051r000007nKPL|assh4884@cunning-goat-277018.com|Greenwich Mean Time|GMTZ
15:42:18.0 (386128)|EXECUTION_STARTED
15:42:18.0 (389651)|CODE_UNIT_STARTED|[EXTERNAL]|Aura
15:42:18.0 (1832370)|CODE_UNIT_STARTED|[EXTERNAL]|01p1r000005a73H|siteController.getTopics
15:42:18.0 (2027036)|HEAP_ALLOCATE|[72]|Bytes:3
15:42:18.0 (2071837)|HEAP_ALLOCATE|[77]|Bytes:152
15:42:18.0 (2088294)|HEAP_ALLOCATE|[342]|Bytes:408
15:42:18.0 (2101271)|HEAP_ALLOCATE|[355]|Bytes:408
15:42:18.0 (2111463)|HEAP_ALLOCATE|[467]|Bytes:48
15:42:18.0 (2138596)|HEAP_ALLOCATE|[139]|Bytes:6
15:42:18.0 (2156515)|HEAP_ALLOCATE|[EXTERNAL]|Bytes:4
15:42:18.0 (2161457)|HEAP_ALLOCATE|[EXTERNAL]|Bytes:4
15:42:18.0 (2172199)|METHOD_ENTRY|[1]|01p1r000005a73H|siteController.siteController()
15:42:18.0 (2179494)|STATEMENT_EXECUTE|[1]
15:42:18.0 (2185025)|STATEMENT_EXECUTE|[1]
15:42:18.0 (2217173)|HEAP_ALLOCATE|[50]|Bytes:5
15:42:18.0 (2242133)|HEAP_ALLOCATE|[56]|Bytes:5
15:42:18.0 (2249008)|HEAP_ALLOCATE|[64]|Bytes:7
15:42:18.0 (2270479)|SYSTEM_MODE_ENTER|false
15:42:18.0 (2286021)|HEAP_ALLOCATE|[EXTERNAL]|Bytes:5
15:42:18.0 (2294199)|SYSTEM_MODE_EXIT|false
15:42:18.0 (2302072)|METHOD_EXIT|[1]|siteController
15:42:18.0 (2311822)|SYSTEM_MODE_ENTER|false
15:42:18.0 (2324152)|HEAP_ALLOCATE|[5]|Bytes:5
15:42:18.0 (2328025)|STATEMENT_EXECUTE|[4]
15:42:18.0 (2329549)|STATEMENT_EXECUTE|[5]
15:42:18.0 (2332704)|HEAP_ALLOCATE|[5]|Bytes:4
15:42:18.0 (2380042)|USER_DEBUG|[5]|DEBUG|iiii
15:42:18.0 (2391426)|STATEMENT_EXECUTE|[6]
15:42:18.0 (2394311)|HEAP_ALLOCATE|[6]|Bytes:50
15:42:18.0 (2415096)|HEAP_ALLOCATE|[6]|Bytes:4
15:42:18.0 (3160910)|SOQL_EXECUTE_BEGIN|[6]|Aggregations:0|SELECT Id, Name, Content__c, Date__c FROM Topic__c
15:42:18.0 (7703179)|SOQL_EXECUTE_END|[6]|Rows:16
15:42:18.0 (7727439)|HEAP_ALLOCATE|[6]|Bytes:68
15:42:18.0 (7754811)|HEAP_ALLOCATE|[6]|Bytes:5063
15:42:18.0 (7808372)|HEAP_ALLOCATE|[6]|Bytes:68
15:42:18.0 (7826480)|SYSTEM_MODE_EXIT|false
15:42:18.7 (7855155)|CUMULATIVE_LIMIT_USAGE
15:42:18.7 (7855155)|LIMIT_USAGE_FOR_NS|(default)|
  Number of SOQL queries: 1 out of 100
  Number of query rows: 16 out of 50000
  Number of SOSL queries: 0 out of 20
  Number of DML statements: 0 out of 150
  Number of DML rows: 0 out of 10000
  Maximum CPU time: 0 out of 10000
  Maximum heap size: 0 out of 6000000
  Number of callouts: 0 out of 100
  Number of Email Invocations: 0 out of 10
  Number of future calls: 0 out of 50
  Number of queueable jobs added to the queue: 0 out of 50
  Number of Mobile Apex push calls: 0 out of 10

15:42:18.7 (7855155)|CUMULATIVE_LIMIT_USAGE_END

15:42:18.0 (7889221)|CODE_UNIT_FINISHED|siteController.getTopics
15:42:18.0 (8121883)|CODE_UNIT_FINISHED|Aura
15:42:18.0 (9197535)|EXECUTION_FINISHED
