42.0 APEX_CODE,FINEST;APEX_PROFILING,INFO;CALLOUT,INFO;DB,INFO;SYSTEM,DEBUG;VALIDATION,INFO;VISUALFORCE,INFO;WAVE,INFO;WORKFLOW,INFO
16:39:59.0 (65562)|USER_INFO|[EXTERNAL]|0051r000007nKPL|assh4884@cunning-goat-277018.com|Greenwich Mean Time|GMTZ
16:39:59.0 (104056)|EXECUTION_STARTED
16:39:59.0 (107773)|CODE_UNIT_STARTED|[EXTERNAL]|Aura
16:39:59.0 (1330003)|CODE_UNIT_STARTED|[EXTERNAL]|01p1r000005a73H|SiteController.getTopics
16:39:59.0 (1491145)|HEAP_ALLOCATE|[72]|Bytes:3
16:39:59.0 (1531430)|HEAP_ALLOCATE|[77]|Bytes:152
16:39:59.0 (1550523)|HEAP_ALLOCATE|[342]|Bytes:408
16:39:59.0 (1571378)|HEAP_ALLOCATE|[355]|Bytes:408
16:39:59.0 (1589727)|HEAP_ALLOCATE|[467]|Bytes:48
16:39:59.0 (1629971)|HEAP_ALLOCATE|[139]|Bytes:6
16:39:59.0 (1684850)|HEAP_ALLOCATE|[EXTERNAL]|Bytes:7
16:39:59.0 (1690561)|HEAP_ALLOCATE|[EXTERNAL]|Bytes:8
16:39:59.0 (1698572)|METHOD_ENTRY|[1]|01p1r000005a73H|SiteController.SiteController()
16:39:59.0 (1704964)|STATEMENT_EXECUTE|[1]
16:39:59.0 (1709166)|STATEMENT_EXECUTE|[1]
16:39:59.0 (1735972)|HEAP_ALLOCATE|[50]|Bytes:5
16:39:59.0 (1753593)|HEAP_ALLOCATE|[56]|Bytes:5
16:39:59.0 (1760566)|HEAP_ALLOCATE|[64]|Bytes:7
16:39:59.0 (1783781)|SYSTEM_MODE_ENTER|false
16:39:59.0 (1794030)|HEAP_ALLOCATE|[EXTERNAL]|Bytes:5
16:39:59.0 (1800446)|SYSTEM_MODE_EXIT|false
16:39:59.0 (1808502)|METHOD_EXIT|[1]|SiteController
16:39:59.0 (1819673)|SYSTEM_MODE_ENTER|false
16:39:59.0 (1830704)|HEAP_ALLOCATE|[6]|Bytes:5
16:39:59.0 (1835078)|STATEMENT_EXECUTE|[4]
16:39:59.0 (1836564)|STATEMENT_EXECUTE|[6]
16:39:59.0 (1839598)|HEAP_ALLOCATE|[6]|Bytes:59
16:39:59.0 (1852994)|HEAP_ALLOCATE|[6]|Bytes:4
16:39:59.0 (2140959)|SOQL_EXECUTE_BEGIN|[6]|Aggregations:0|SELECT Id, Name, Content__c, Date__c, like__c FROM Topic__c
16:39:59.0 (8520906)|SOQL_EXECUTE_END|[6]|Rows:16
16:39:59.0 (8559902)|HEAP_ALLOCATE|[6]|Bytes:68
16:39:59.0 (8603254)|HEAP_ALLOCATE|[6]|Bytes:5833
16:39:59.0 (8760385)|HEAP_ALLOCATE|[6]|Bytes:68
16:39:59.0 (8796175)|SYSTEM_MODE_EXIT|false
16:39:59.8 (8828959)|CUMULATIVE_LIMIT_USAGE
16:39:59.8 (8828959)|LIMIT_USAGE_FOR_NS|(default)|
  Number of SOQL queries: 1 out of 100
  Number of query rows: 16 out of 50000
  Number of SOSL queries: 0 out of 20
  Number of DML statements: 0 out of 150
  Number of DML rows: 0 out of 10000
  Maximum CPU time: 0 out of 10000
  Maximum heap size: 0 out of 6000000
  Number of callouts: 0 out of 100
  Number of Email Invocations: 0 out of 10
  Number of future calls: 0 out of 50
  Number of queueable jobs added to the queue: 0 out of 50
  Number of Mobile Apex push calls: 0 out of 10

16:39:59.8 (8828959)|CUMULATIVE_LIMIT_USAGE_END

16:39:59.0 (8888787)|CODE_UNIT_FINISHED|SiteController.getTopics
16:39:59.0 (9322593)|CODE_UNIT_FINISHED|Aura
16:39:59.0 (10596631)|EXECUTION_FINISHED
6)|STATEMENT_EXECUTE|[28]
16:39:59.0 (5483666)|HEAP_ALLOCATE|[28]|Bytes:12
16:39:59.0 (5539931)|VARIABLE_ASSIGNMENT|[28]|this.like__c|true|0x762620a2
16:39:59.0 (5546462)|STATEMENT_EXECUTE|[29]
16:39:59.0 (5594324)|DML_BEGIN|[29]|Op:Update|Type:Topic__c|Rows:1
16:39:59.0 (5622440)|HEAP_ALLOCATE|[EXTERNAL]|Bytes:8
16:39:59.0 (55556754)|DML_END|[29]
16:39:59.0 (55615013)|HEAP_ALLOCATE|[EXTERNAL]|Bytes:8
16:39:59.0 (55634578)|STATEMENT_EXECUTE|[30]
16:39:59.0 (55748187)|USER_DEBUG|[30]|DEBUG|(Topic__c:{Id=a001r00000nOgpoAAC, like__c=true})
16:39:59.0 (55774976)|SYSTEM_MODE_EXIT|false
16:39:59.57 (57801386)|CUMULATIVE_LIMIT_USAGE
16:39:59.57 (57801386)|LIMIT_USAGE_FOR_NS|(default)|
  Number of SOQL queries: 1 out of 100
  Number of query rows: 1 out of 50000
  Number of SOSL queries: 0 out of 20
  Number of DML statements: 1 out of 150
  Number of DML rows: 1 out of 10000
  Maximum CPU time: 0 out of 10000
  Maximum heap size: 0 out of 6000000
  Number of callouts: 0 out of 100
  Number of Email Invocations: 0 out of 10
  Number of future calls: 0 out of 50
  Number of queueable jobs added to the queue: 0 out of 50
  Number of Mobile Apex push calls: 0 out of 10

16:39:59.57 (57801386)|CUMULATIVE_LIMIT_USAGE_END

16:39:59.0 (57854671)|CODE_UNIT_FINISHED|SiteController.setLikeField
16:39:59.0 (57925156)|CODE_UNIT_FINISHED|Aura
16:39:59.0 (58797890)|EXECUTION_FINISHED
