42.0 APEX_CODE,FINEST;APEX_PROFILING,INFO;CALLOUT,INFO;DB,INFO;SYSTEM,DEBUG;VALIDATION,INFO;VISUALFORCE,INFO;WAVE,INFO;WORKFLOW,INFO
16:41:11.0 (355633)|USER_INFO|[EXTERNAL]|0051r000007nKPL|assh4884@cunning-goat-277018.com|Greenwich Mean Time|GMTZ
16:41:11.0 (399854)|EXECUTION_STARTED
16:41:11.0 (404889)|CODE_UNIT_STARTED|[EXTERNAL]|Aura
16:41:11.0 (1520217)|HEAP_ALLOCATE|[72]|Bytes:3
16:41:11.0 (1587828)|HEAP_ALLOCATE|[77]|Bytes:152
16:41:11.0 (1607494)|HEAP_ALLOCATE|[342]|Bytes:408
16:41:11.0 (1629053)|HEAP_ALLOCATE|[355]|Bytes:408
16:41:11.0 (1650454)|HEAP_ALLOCATE|[467]|Bytes:48
16:41:11.0 (1683361)|HEAP_ALLOCATE|[139]|Bytes:6
16:41:11.0 (1711141)|HEAP_ALLOCATE|[EXTERNAL]|Bytes:18
16:41:11.0 (1749835)|HEAP_ALLOCATE|[EXTERNAL]|Bytes:18
16:41:11.0 (2832470)|CODE_UNIT_STARTED|[EXTERNAL]|01p1r000005a73H|SiteController.setLikeField
16:41:11.0 (2947278)|HEAP_ALLOCATE|[EXTERNAL]|Bytes:7
16:41:11.0 (2958682)|HEAP_ALLOCATE|[EXTERNAL]|Bytes:8
16:41:11.0 (2998910)|METHOD_ENTRY|[1]|01p1r000005a73H|SiteController.SiteController()
16:41:11.0 (3010027)|STATEMENT_EXECUTE|[1]
16:41:11.0 (3017760)|STATEMENT_EXECUTE|[1]
16:41:11.0 (3050704)|HEAP_ALLOCATE|[50]|Bytes:5
16:41:11.0 (3076742)|HEAP_ALLOCATE|[56]|Bytes:5
16:41:11.0 (3090384)|HEAP_ALLOCATE|[64]|Bytes:7
16:41:11.0 (3120361)|SYSTEM_MODE_ENTER|false
16:41:11.0 (3134004)|HEAP_ALLOCATE|[EXTERNAL]|Bytes:5
16:41:11.0 (3144394)|SYSTEM_MODE_EXIT|false
16:41:11.0 (3173620)|METHOD_EXIT|[1]|SiteController
16:41:11.0 (3182812)|HEAP_ALLOCATE|[EXTERNAL]|Bytes:18
16:41:11.0 (3190078)|HEAP_ALLOCATE|[EXTERNAL]|Bytes:5
16:41:11.0 (3204044)|SYSTEM_MODE_ENTER|false
16:41:11.0 (3216396)|VARIABLE_SCOPE_BEGIN|[24]|id|String|false|false
16:41:11.0 (3245219)|VARIABLE_ASSIGNMENT|[24]|id|"a001r00000nOV2wAAG"
16:41:11.0 (3254730)|VARIABLE_SCOPE_BEGIN|[24]|likeTopic|Boolean|false|false
16:41:11.0 (3268560)|VARIABLE_ASSIGNMENT|[24]|likeTopic|false
16:41:11.0 (3287353)|HEAP_ALLOCATE|[25]|Bytes:5
16:41:11.0 (3294196)|STATEMENT_EXECUTE|[24]
16:41:11.0 (3296584)|STATEMENT_EXECUTE|[25]
16:41:11.0 (3300865)|HEAP_ALLOCATE|[25]|Bytes:60
16:41:11.0 (3320913)|HEAP_ALLOCATE|[25]|Bytes:4
16:41:11.0 (3335366)|HEAP_ALLOCATE|[25]|Bytes:7
16:41:11.0 (4111774)|SOQL_EXECUTE_BEGIN|[25]|Aggregations:0|SELECT Id, like__c FROM Topic__c WHERE Id = :tmpVar1 LIMIT 1
16:41:11.0 (7101481)|SOQL_EXECUTE_END|[25]|Rows:1
16:41:11.0 (7123343)|HEAP_ALLOCATE|[25]|Bytes:8
16:41:11.0 (7137406)|HEAP_ALLOCATE|[25]|Bytes:44
16:41:11.0 (7171633)|HEAP_ALLOCATE|[25]|Bytes:8
16:41:11.0 (7182224)|VARIABLE_SCOPE_BEGIN|[25]|t|List<Topic__c>|true|false
16:41:11.0 (7207527)|VARIABLE_ASSIGNMENT|[25]|t|[{"Id":"a001r00000nOV2wAAG","like__c":true}]|0x3cef9127
16:41:11.0 (7213685)|STATEMENT_EXECUTE|[27]
16:41:11.0 (7215545)|STATEMENT_EXECUTE|[27]
16:41:11.0 (7216860)|STATEMENT_EXECUTE|[28]
16:41:11.0 (7243902)|HEAP_ALLOCATE|[28]|Bytes:12
16:41:11.0 (7299500)|VARIABLE_ASSIGNMENT|[28]|this.like__c|false|0x37548b0b
16:41:11.0 (7306043)|STATEMENT_EXECUTE|[29]
16:41:11.0 (7346461)|DML_BEGIN|[29]|Op:Update|Type:Topic__c|Rows:1
16:41:11.0 (7369685)|HEAP_ALLOCATE|[EXTERNAL]|Bytes:8
16:41:11.0 (26861191)|DML_END|[29]
16:41:11.0 (26923549)|HEAP_ALLOCATE|[EXTERNAL]|Bytes:8
16:41:11.0 (26941612)|STATEMENT_EXECUTE|[30]
16:41:11.0 (26947245)|HEAP_ALLOCATE|[30]|Bytes:5
16:41:11.0 (26995973)|USER_DEBUG|[30]|DEBUG|sssss
16:41:11.0 (27013820)|SYSTEM_MODE_EXIT|false
16:41:11.29 (29738184)|CUMULATIVE_LIMIT_USAGE
16:41:11.29 (29738184)|LIMIT_USAGE_FOR_NS|(default)|
  Number of SOQL queries: 1 out of 100
  Number of query rows: 1 out of 50000
  Number of SOSL queries: 0 out of 20
  Number of DML statements: 1 out of 150
  Number of DML rows: 1 out of 10000
  Maximum CPU time: 0 out of 10000
  Maximum heap size: 0 out of 6000000
  Number of callouts: 0 out of 100
  Number of Email Invocations: 0 out of 10
  Number of future calls: 0 out of 50
  Number of queueable jobs added to the queue: 0 out of 50
  Number of Mobile Apex push calls: 0 out of 10

16:41:11.29 (29738184)|CUMULATIVE_LIMIT_USAGE_END

16:41:11.0 (29771648)|CODE_UNIT_FINISHED|SiteController.setLikeField
16:41:11.0 (29840689)|CODE_UNIT_FINISHED|Aura
16:41:11.0 (30673470)|EXECUTION_FINISHED
