42.0 APEX_CODE,FINEST;APEX_PROFILING,INFO;CALLOUT,INFO;DB,INFO;SYSTEM,DEBUG;VALIDATION,INFO;VISUALFORCE,INFO;WAVE,INFO;WORKFLOW,INFO
15:49:54.0 (351108)|USER_INFO|[EXTERNAL]|0051r000007nKPL|assh4884@cunning-goat-277018.com|Greenwich Mean Time|GMTZ
15:49:54.0 (387814)|EXECUTION_STARTED
15:49:54.0 (391174)|CODE_UNIT_STARTED|[EXTERNAL]|Aura
15:49:54.0 (1868056)|CODE_UNIT_STARTED|[EXTERNAL]|01p1r000005a73H|SiteController.getTopics
15:49:54.0 (2127566)|HEAP_ALLOCATE|[72]|Bytes:3
15:49:54.0 (2206618)|HEAP_ALLOCATE|[77]|Bytes:152
15:49:54.0 (2217448)|HEAP_ALLOCATE|[342]|Bytes:408
15:49:54.0 (2227942)|HEAP_ALLOCATE|[355]|Bytes:408
15:49:54.0 (2237688)|HEAP_ALLOCATE|[467]|Bytes:48
15:49:54.0 (2258454)|HEAP_ALLOCATE|[139]|Bytes:6
15:49:54.0 (2271616)|HEAP_ALLOCATE|[EXTERNAL]|Bytes:4
15:49:54.0 (2291805)|HEAP_ALLOCATE|[EXTERNAL]|Bytes:2
15:49:54.0 (2314534)|METHOD_ENTRY|[1]|01p1r000005a73H|SiteController.SiteController()
15:49:54.0 (2322742)|STATEMENT_EXECUTE|[1]
15:49:54.0 (2326664)|STATEMENT_EXECUTE|[1]
15:49:54.0 (2360291)|HEAP_ALLOCATE|[50]|Bytes:5
15:49:54.0 (2379139)|HEAP_ALLOCATE|[56]|Bytes:5
15:49:54.0 (2386341)|HEAP_ALLOCATE|[64]|Bytes:7
15:49:54.0 (2406528)|SYSTEM_MODE_ENTER|false
15:49:54.0 (2418200)|HEAP_ALLOCATE|[EXTERNAL]|Bytes:5
15:49:54.0 (2424370)|SYSTEM_MODE_EXIT|false
15:49:54.0 (2442998)|METHOD_EXIT|[1]|SiteController
15:49:54.0 (2453853)|SYSTEM_MODE_ENTER|false
15:49:54.0 (2466612)|HEAP_ALLOCATE|[6]|Bytes:5
15:49:54.0 (2471051)|STATEMENT_EXECUTE|[4]
15:49:54.0 (2472568)|STATEMENT_EXECUTE|[6]
15:49:54.0 (2475398)|HEAP_ALLOCATE|[6]|Bytes:59
15:49:54.0 (2491585)|HEAP_ALLOCATE|[6]|Bytes:4
15:49:54.0 (3337110)|SOQL_EXECUTE_BEGIN|[6]|Aggregations:0|SELECT Id, Name, Content__c, Date__c, like__c FROM Topic__c
15:49:54.0 (8786367)|SOQL_EXECUTE_END|[6]|Rows:16
15:49:54.0 (8815041)|HEAP_ALLOCATE|[6]|Bytes:68
15:49:54.0 (8848427)|HEAP_ALLOCATE|[6]|Bytes:5833
15:49:54.0 (8894447)|HEAP_ALLOCATE|[6]|Bytes:68
15:49:54.0 (8917073)|SYSTEM_MODE_EXIT|false
15:49:54.8 (8946434)|CUMULATIVE_LIMIT_USAGE
15:49:54.8 (8946434)|LIMIT_USAGE_FOR_NS|(default)|
  Number of SOQL queries: 1 out of 100
  Number of query rows: 16 out of 50000
  Number of SOSL queries: 0 out of 20
  Number of DML statements: 0 out of 150
  Number of DML rows: 0 out of 10000
  Maximum CPU time: 0 out of 10000
  Maximum heap size: 0 out of 6000000
  Number of callouts: 0 out of 100
  Number of Email Invocations: 0 out of 10
  Number of future calls: 0 out of 50
  Number of queueable jobs added to the queue: 0 out of 50
  Number of Mobile Apex push calls: 0 out of 10

15:49:54.8 (8946434)|CUMULATIVE_LIMIT_USAGE_END

15:49:54.0 (8981682)|CODE_UNIT_FINISHED|SiteController.getTopics
15:49:54.0 (9261082)|CODE_UNIT_FINISHED|Aura
15:49:54.0 (10429440)|EXECUTION_FINISHED
