42.0 APEX_CODE,FINEST;APEX_PROFILING,INFO;CALLOUT,INFO;DB,INFO;SYSTEM,DEBUG;VALIDATION,INFO;VISUALFORCE,INFO;WAVE,INFO;WORKFLOW,INFO
16:40:03.0 (66945)|USER_INFO|[EXTERNAL]|0051r000007nKPL|assh4884@cunning-goat-277018.com|Greenwich Mean Time|GMTZ
16:40:03.0 (114328)|EXECUTION_STARTED
16:40:03.0 (118146)|CODE_UNIT_STARTED|[EXTERNAL]|Aura
16:40:03.0 (789897)|HEAP_ALLOCATE|[72]|Bytes:3
16:40:03.0 (830992)|HEAP_ALLOCATE|[77]|Bytes:152
16:40:03.0 (845155)|HEAP_ALLOCATE|[342]|Bytes:408
16:40:03.0 (858060)|HEAP_ALLOCATE|[355]|Bytes:408
16:40:03.0 (869746)|HEAP_ALLOCATE|[467]|Bytes:48
16:40:03.0 (896355)|HEAP_ALLOCATE|[139]|Bytes:6
16:40:03.0 (912814)|HEAP_ALLOCATE|[EXTERNAL]|Bytes:18
16:40:03.0 (921200)|HEAP_ALLOCATE|[EXTERNAL]|Bytes:18
16:40:03.0 (2025454)|CODE_UNIT_STARTED|[EXTERNAL]|01p1r000005a73H|SiteController.setLikeField
16:40:03.0 (2100646)|HEAP_ALLOCATE|[EXTERNAL]|Bytes:7
16:40:03.0 (2107270)|HEAP_ALLOCATE|[EXTERNAL]|Bytes:8
16:40:03.0 (2115661)|METHOD_ENTRY|[1]|01p1r000005a73H|SiteController.SiteController()
16:40:03.0 (2121353)|STATEMENT_EXECUTE|[1]
16:40:03.0 (2126002)|STATEMENT_EXECUTE|[1]
16:40:03.0 (2157032)|HEAP_ALLOCATE|[50]|Bytes:5
16:40:03.0 (2179786)|HEAP_ALLOCATE|[56]|Bytes:5
16:40:03.0 (2187258)|HEAP_ALLOCATE|[64]|Bytes:7
16:40:03.0 (2210084)|SYSTEM_MODE_ENTER|false
16:40:03.0 (2223730)|HEAP_ALLOCATE|[EXTERNAL]|Bytes:5
16:40:03.0 (2230647)|SYSTEM_MODE_EXIT|false
16:40:03.0 (2239900)|METHOD_EXIT|[1]|SiteController
16:40:03.0 (2244858)|HEAP_ALLOCATE|[EXTERNAL]|Bytes:18
16:40:03.0 (2248417)|HEAP_ALLOCATE|[EXTERNAL]|Bytes:5
16:40:03.0 (2255919)|SYSTEM_MODE_ENTER|false
16:40:03.0 (2262312)|VARIABLE_SCOPE_BEGIN|[24]|id|String|false|false
16:40:03.0 (2284839)|VARIABLE_ASSIGNMENT|[24]|id|"a001r00000nOgpoAAC"
16:40:03.0 (2290404)|VARIABLE_SCOPE_BEGIN|[24]|likeTopic|Boolean|false|false
16:40:03.0 (2299466)|VARIABLE_ASSIGNMENT|[24]|likeTopic|false
16:40:03.0 (2315956)|HEAP_ALLOCATE|[25]|Bytes:5
16:40:03.0 (2320261)|STATEMENT_EXECUTE|[24]
16:40:03.0 (2321893)|STATEMENT_EXECUTE|[25]
16:40:03.0 (2324810)|HEAP_ALLOCATE|[25]|Bytes:60
16:40:03.0 (2342905)|HEAP_ALLOCATE|[25]|Bytes:4
16:40:03.0 (2354481)|HEAP_ALLOCATE|[25]|Bytes:7
16:40:03.0 (2687902)|SOQL_EXECUTE_BEGIN|[25]|Aggregations:0|SELECT Id, like__c FROM Topic__c WHERE Id = :tmpVar1 LIMIT 1
16:40:03.0 (4953349)|SOQL_EXECUTE_END|[25]|Rows:1
16:40:03.0 (4974681)|HEAP_ALLOCATE|[25]|Bytes:8
16:40:03.0 (4988667)|HEAP_ALLOCATE|[25]|Bytes:44
16:40:03.0 (5081939)|HEAP_ALLOCATE|[25]|Bytes:8
16:40:03.0 (5099608)|VARIABLE_SCOPE_BEGIN|[25]|t|List<Topic__c>|true|false
16:40:03.0 (5132405)|VARIABLE_ASSIGNMENT|[25]|t|[{"Id":"a001r00000nOgpoAAC","like__c":true}]|0x23f781fe
16:40:03.0 (5139287)|STATEMENT_EXECUTE|[27]
16:40:03.0 (5140786)|STATEMENT_EXECUTE|[27]
16:40:03.0 (5142441)|STATEMENT_EXECUTE|[28]
16:40:03.0 (5172503)|HEAP_ALLOCATE|[28]|Bytes:12
16:40:03.0 (5230277)|VARIABLE_ASSIGNMENT|[28]|this.like__c|false|0x59b6c639
16:40:03.0 (5236883)|STATEMENT_EXECUTE|[29]
16:40:03.0 (5281212)|DML_BEGIN|[29]|Op:Update|Type:Topic__c|Rows:1
16:40:03.0 (5308970)|HEAP_ALLOCATE|[EXTERNAL]|Bytes:8
16:40:03.0 (60028564)|DML_END|[29]
16:40:03.0 (60122556)|HEAP_ALLOCATE|[EXTERNAL]|Bytes:8
16:40:03.0 (60147869)|STATEMENT_EXECUTE|[30]
16:40:03.0 (60270565)|USER_DEBUG|[30]|DEBUG|(Topic__c:{Id=a001r00000nOgpoAAC, like__c=false})
16:40:03.0 (60295044)|SYSTEM_MODE_EXIT|false
16:40:03.62 (62316631)|CUMULATIVE_LIMIT_USAGE
16:40:03.62 (62316631)|LIMIT_USAGE_FOR_NS|(default)|
  Number of SOQL queries: 1 out of 100
  Number of query rows: 1 out of 50000
  Number of SOSL queries: 0 out of 20
  Number of DML statements: 1 out of 150
  Number of DML rows: 1 out of 10000
  Maximum CPU time: 0 out of 10000
  Maximum heap size: 0 out of 6000000
  Number of callouts: 0 out of 100
  Number of Email Invocations: 0 out of 10
  Number of future calls: 0 out of 50
  Number of queueable jobs added to the queue: 0 out of 50
  Number of Mobile Apex push calls: 0 out of 10

16:40:03.62 (62316631)|CUMULATIVE_LIMIT_USAGE_END

16:40:03.0 (62370600)|CODE_UNIT_FINISHED|SiteController.setLikeField
16:40:03.0 (62449159)|CODE_UNIT_FINISHED|Aura
16:40:03.0 (63668199)|EXECUTION_FINISHED
