42.0 APEX_CODE,FINEST;APEX_PROFILING,INFO;CALLOUT,INFO;DB,INFO;SYSTEM,DEBUG;VALIDATION,INFO;VISUALFORCE,INFO;WAVE,INFO;WORKFLOW,INFO
16:39:47.0 (355890)|USER_INFO|[EXTERNAL]|0051r000007nKPL|assh4884@cunning-goat-277018.com|Greenwich Mean Time|GMTZ
16:39:47.0 (395145)|EXECUTION_STARTED
16:39:47.0 (399900)|CODE_UNIT_STARTED|[EXTERNAL]|Aura
16:39:47.0 (2015179)|CODE_UNIT_STARTED|[EXTERNAL]|01p1r000005a73H|SiteController.getTopics
16:39:47.0 (2219408)|HEAP_ALLOCATE|[72]|Bytes:3
16:39:47.0 (2284073)|HEAP_ALLOCATE|[77]|Bytes:152
16:39:47.0 (2297951)|HEAP_ALLOCATE|[342]|Bytes:408
16:39:47.0 (2309743)|HEAP_ALLOCATE|[355]|Bytes:408
16:39:47.0 (2321833)|HEAP_ALLOCATE|[467]|Bytes:48
16:39:47.0 (2349625)|HEAP_ALLOCATE|[139]|Bytes:6
16:39:47.0 (2367775)|HEAP_ALLOCATE|[EXTERNAL]|Bytes:7
16:39:47.0 (2389221)|HEAP_ALLOCATE|[EXTERNAL]|Bytes:8
16:39:47.0 (2413766)|METHOD_ENTRY|[1]|01p1r000005a73H|SiteController.SiteController()
16:39:47.0 (2420870)|STATEMENT_EXECUTE|[1]
16:39:47.0 (2426411)|STATEMENT_EXECUTE|[1]
16:39:47.0 (2456583)|HEAP_ALLOCATE|[50]|Bytes:5
16:39:47.0 (2479514)|HEAP_ALLOCATE|[56]|Bytes:5
16:39:47.0 (2492071)|HEAP_ALLOCATE|[64]|Bytes:7
16:39:47.0 (2512865)|SYSTEM_MODE_ENTER|false
16:39:47.0 (2524196)|HEAP_ALLOCATE|[EXTERNAL]|Bytes:5
16:39:47.0 (2532817)|SYSTEM_MODE_EXIT|false
16:39:47.0 (2553225)|METHOD_EXIT|[1]|SiteController
16:39:47.0 (2564325)|SYSTEM_MODE_ENTER|false
16:39:47.0 (2578911)|HEAP_ALLOCATE|[6]|Bytes:5
16:39:47.0 (2583513)|STATEMENT_EXECUTE|[4]
16:39:47.0 (2585030)|STATEMENT_EXECUTE|[6]
16:39:47.0 (2588022)|HEAP_ALLOCATE|[6]|Bytes:59
16:39:47.0 (2606823)|HEAP_ALLOCATE|[6]|Bytes:4
16:39:47.0 (2947658)|SOQL_EXECUTE_BEGIN|[6]|Aggregations:0|SELECT Id, Name, Content__c, Date__c, like__c FROM Topic__c
16:39:47.0 (9328235)|SOQL_EXECUTE_END|[6]|Rows:16
16:39:47.0 (9377057)|HEAP_ALLOCATE|[6]|Bytes:68
16:39:47.0 (9410787)|HEAP_ALLOCATE|[6]|Bytes:5833
16:39:47.0 (9465514)|HEAP_ALLOCATE|[6]|Bytes:68
16:39:47.0 (9493649)|SYSTEM_MODE_EXIT|false
16:39:47.9 (9522374)|CUMULATIVE_LIMIT_USAGE
16:39:47.9 (9522374)|LIMIT_USAGE_FOR_NS|(default)|
  Number of SOQL queries: 1 out of 100
  Number of query rows: 16 out of 50000
  Number of SOSL queries: 0 out of 20
  Number of DML statements: 0 out of 150
  Number of DML rows: 0 out of 10000
  Maximum CPU time: 0 out of 10000
  Maximum heap size: 0 out of 6000000
  Number of callouts: 0 out of 100
  Number of Email Invocations: 0 out of 10
  Number of future calls: 0 out of 50
  Number of queueable jobs added to the queue: 0 out of 50
  Number of Mobile Apex push calls: 0 out of 10

16:39:47.9 (9522374)|CUMULATIVE_LIMIT_USAGE_END

16:39:47.0 (9562119)|CODE_UNIT_FINISHED|SiteController.getTopics
16:39:47.0 (9820160)|CODE_UNIT_FINISHED|Aura
16:39:47.0 (10976999)|EXECUTION_FINISHED
