42.0 APEX_CODE,FINEST;APEX_PROFILING,INFO;CALLOUT,INFO;DB,INFO;SYSTEM,DEBUG;VALIDATION,INFO;VISUALFORCE,INFO;WAVE,INFO;WORKFLOW,INFO
16:47:57.0 (68451)|USER_INFO|[EXTERNAL]|0051r000007nKPL|assh4884@cunning-goat-277018.com|Greenwich Mean Time|GMTZ
16:47:57.0 (108017)|EXECUTION_STARTED
16:47:57.0 (113464)|CODE_UNIT_STARTED|[EXTERNAL]|Aura
16:47:57.0 (1135234)|CODE_UNIT_STARTED|[EXTERNAL]|01p1r000005a73H|SiteController.getTopics
16:47:57.0 (1274799)|HEAP_ALLOCATE|[72]|Bytes:3
16:47:57.0 (1322538)|HEAP_ALLOCATE|[77]|Bytes:152
16:47:57.0 (1339499)|HEAP_ALLOCATE|[342]|Bytes:408
16:47:57.0 (1352418)|HEAP_ALLOCATE|[355]|Bytes:408
16:47:57.0 (1363414)|HEAP_ALLOCATE|[467]|Bytes:48
16:47:57.0 (1390824)|HEAP_ALLOCATE|[139]|Bytes:6
16:47:57.0 (1458488)|HEAP_ALLOCATE|[EXTERNAL]|Bytes:7
16:47:57.0 (1464818)|HEAP_ALLOCATE|[EXTERNAL]|Bytes:8
16:47:57.0 (1472965)|METHOD_ENTRY|[1]|01p1r000005a73H|SiteController.SiteController()
16:47:57.0 (1479271)|STATEMENT_EXECUTE|[1]
16:47:57.0 (1483491)|STATEMENT_EXECUTE|[1]
16:47:57.0 (1514248)|HEAP_ALLOCATE|[50]|Bytes:5
16:47:57.0 (1538499)|HEAP_ALLOCATE|[56]|Bytes:5
16:47:57.0 (1545511)|HEAP_ALLOCATE|[64]|Bytes:7
16:47:57.0 (1567937)|SYSTEM_MODE_ENTER|false
16:47:57.0 (1581435)|HEAP_ALLOCATE|[EXTERNAL]|Bytes:5
16:47:57.0 (1590955)|SYSTEM_MODE_EXIT|false
16:47:57.0 (1600609)|METHOD_EXIT|[1]|SiteController
16:47:57.0 (1610824)|SYSTEM_MODE_ENTER|false
16:47:57.0 (1622760)|HEAP_ALLOCATE|[6]|Bytes:5
16:47:57.0 (1627547)|STATEMENT_EXECUTE|[4]
16:47:57.0 (1629002)|STATEMENT_EXECUTE|[6]
16:47:57.0 (1632239)|HEAP_ALLOCATE|[6]|Bytes:59
16:47:57.0 (1653913)|HEAP_ALLOCATE|[6]|Bytes:4
16:47:57.0 (2007450)|SOQL_EXECUTE_BEGIN|[6]|Aggregations:0|SELECT Id, Name, Content__c, Date__c, like__c FROM Topic__c
16:47:57.0 (7179369)|SOQL_EXECUTE_END|[6]|Rows:16
16:47:57.0 (7204287)|HEAP_ALLOCATE|[6]|Bytes:68
16:47:57.0 (7236457)|HEAP_ALLOCATE|[6]|Bytes:5833
16:47:57.0 (7354269)|HEAP_ALLOCATE|[6]|Bytes:68
16:47:57.0 (7369857)|SYSTEM_MODE_EXIT|false
16:47:57.7 (7395578)|CUMULATIVE_LIMIT_USAGE
16:47:57.7 (7395578)|LIMIT_USAGE_FOR_NS|(default)|
  Number of SOQL queries: 1 out of 100
  Number of query rows: 16 out of 50000
  Number of SOSL queries: 0 out of 20
  Number of DML statements: 0 out of 150
  Number of DML rows: 0 out of 10000
  Maximum CPU time: 0 out of 10000
  Maximum heap size: 0 out of 6000000
  Number of callouts: 0 out of 100
  Number of Email Invocations: 0 out of 10
  Number of future calls: 0 out of 50
  Number of queueable jobs added to the queue: 0 out of 50
  Number of Mobile Apex push calls: 0 out of 10

16:47:57.7 (7395578)|CUMULATIVE_LIMIT_USAGE_END

16:47:57.0 (7434747)|CODE_UNIT_FINISHED|SiteController.getTopics
16:47:57.0 (7701282)|CODE_UNIT_FINISHED|Aura
16:47:57.0 (8841960)|EXECUTION_FINISHED
