42.0 APEX_CODE,FINEST;APEX_PROFILING,INFO;CALLOUT,INFO;DB,INFO;SYSTEM,DEBUG;VALIDATION,INFO;VISUALFORCE,INFO;WAVE,INFO;WORKFLOW,INFO
15:36:03.0 (88893)|USER_INFO|[EXTERNAL]|0051r000007nKPL|assh4884@cunning-goat-277018.com|Greenwich Mean Time|GMTZ
15:36:03.0 (135008)|EXECUTION_STARTED
15:36:03.0 (139212)|CODE_UNIT_STARTED|[EXTERNAL]|Aura
15:36:03.0 (1233412)|CODE_UNIT_STARTED|[EXTERNAL]|01p1r000005a73H|SiteController.getTopics
15:36:03.0 (1395553)|HEAP_ALLOCATE|[72]|Bytes:3
15:36:03.0 (1445216)|HEAP_ALLOCATE|[77]|Bytes:152
15:36:03.0 (1466095)|HEAP_ALLOCATE|[342]|Bytes:408
15:36:03.0 (1484988)|HEAP_ALLOCATE|[355]|Bytes:408
15:36:03.0 (1502764)|HEAP_ALLOCATE|[467]|Bytes:48
15:36:03.0 (1540181)|HEAP_ALLOCATE|[139]|Bytes:6
15:36:03.0 (1601789)|HEAP_ALLOCATE|[EXTERNAL]|Bytes:4
15:36:03.0 (1610252)|HEAP_ALLOCATE|[EXTERNAL]|Bytes:2
15:36:03.0 (1627787)|METHOD_ENTRY|[1]|01p1r000005a73H|SiteController.SiteController()
15:36:03.0 (1636677)|STATEMENT_EXECUTE|[1]
15:36:03.0 (1643265)|STATEMENT_EXECUTE|[1]
15:36:03.0 (1681546)|HEAP_ALLOCATE|[50]|Bytes:5
15:36:03.0 (1710209)|HEAP_ALLOCATE|[56]|Bytes:5
15:36:03.0 (1725027)|HEAP_ALLOCATE|[64]|Bytes:7
15:36:03.0 (1757602)|SYSTEM_MODE_ENTER|false
15:36:03.0 (1776506)|HEAP_ALLOCATE|[EXTERNAL]|Bytes:5
15:36:03.0 (1787200)|SYSTEM_MODE_EXIT|false
15:36:03.0 (1798985)|METHOD_EXIT|[1]|SiteController
15:36:03.0 (1813421)|SYSTEM_MODE_ENTER|false
15:36:03.0 (1833508)|HEAP_ALLOCATE|[6]|Bytes:5
15:36:03.0 (1839916)|STATEMENT_EXECUTE|[4]
15:36:03.0 (1842124)|STATEMENT_EXECUTE|[6]
15:36:03.0 (1845951)|HEAP_ALLOCATE|[6]|Bytes:59
15:36:03.0 (1866259)|HEAP_ALLOCATE|[6]|Bytes:4
15:36:03.0 (2296831)|SOQL_EXECUTE_BEGIN|[6]|Aggregations:0|SELECT Id, Name, Content__c, Date__c, like__c FROM Topic__c
15:36:03.0 (7877265)|SOQL_EXECUTE_END|[6]|Rows:16
15:36:03.0 (7901138)|HEAP_ALLOCATE|[6]|Bytes:68
15:36:03.0 (7937606)|HEAP_ALLOCATE|[6]|Bytes:5833
15:36:03.0 (8014159)|HEAP_ALLOCATE|[6]|Bytes:68
15:36:03.0 (8034492)|SYSTEM_MODE_EXIT|false
15:36:03.8 (8061222)|CUMULATIVE_LIMIT_USAGE
15:36:03.8 (8061222)|LIMIT_USAGE_FOR_NS|(default)|
  Number of SOQL queries: 1 out of 100
  Number of query rows: 16 out of 50000
  Number of SOSL queries: 0 out of 20
  Number of DML statements: 0 out of 150
  Number of DML rows: 0 out of 10000
  Maximum CPU time: 0 out of 10000
  Maximum heap size: 0 out of 6000000
  Number of callouts: 0 out of 100
  Number of Email Invocations: 0 out of 10
  Number of future calls: 0 out of 50
  Number of queueable jobs added to the queue: 0 out of 50
  Number of Mobile Apex push calls: 0 out of 10

15:36:03.8 (8061222)|CUMULATIVE_LIMIT_USAGE_END

15:36:03.0 (8094111)|CODE_UNIT_FINISHED|SiteController.getTopics
15:36:03.0 (8357768)|CODE_UNIT_FINISHED|Aura
15:36:03.0 (9475811)|EXECUTION_FINISHED
