42.0 APEX_CODE,FINEST;APEX_PROFILING,INFO;CALLOUT,INFO;DB,INFO;SYSTEM,DEBUG;VALIDATION,INFO;VISUALFORCE,INFO;WAVE,INFO;WORKFLOW,INFO
16:53:44.0 (330120)|USER_INFO|[EXTERNAL]|0051r000007nKPL|assh4884@cunning-goat-277018.com|Greenwich Mean Time|GMTZ
16:53:44.0 (365498)|EXECUTION_STARTED
16:53:44.0 (369549)|CODE_UNIT_STARTED|[EXTERNAL]|Aura
16:53:44.0 (1351082)|HEAP_ALLOCATE|[72]|Bytes:3
16:53:44.0 (1422930)|HEAP_ALLOCATE|[77]|Bytes:152
16:53:44.0 (1439622)|HEAP_ALLOCATE|[342]|Bytes:408
16:53:44.0 (1452319)|HEAP_ALLOCATE|[355]|Bytes:408
16:53:44.0 (1466853)|HEAP_ALLOCATE|[467]|Bytes:48
16:53:44.0 (1493203)|HEAP_ALLOCATE|[139]|Bytes:6
16:53:44.0 (1514991)|HEAP_ALLOCATE|[EXTERNAL]|Bytes:18
16:53:44.0 (1534547)|HEAP_ALLOCATE|[EXTERNAL]|Bytes:18
16:53:44.0 (2394220)|CODE_UNIT_STARTED|[EXTERNAL]|01p1r000005a73H|SiteController.setLikeField
16:53:44.0 (2517520)|HEAP_ALLOCATE|[EXTERNAL]|Bytes:7
16:53:44.0 (2525149)|HEAP_ALLOCATE|[EXTERNAL]|Bytes:5
16:53:44.0 (2559361)|METHOD_ENTRY|[1]|01p1r000005a73H|SiteController.SiteController()
16:53:44.0 (2569563)|STATEMENT_EXECUTE|[1]
16:53:44.0 (2577842)|STATEMENT_EXECUTE|[1]
16:53:44.0 (2616363)|HEAP_ALLOCATE|[50]|Bytes:5
16:53:44.0 (2642956)|HEAP_ALLOCATE|[56]|Bytes:5
16:53:44.0 (2650124)|HEAP_ALLOCATE|[64]|Bytes:7
16:53:44.0 (2678407)|SYSTEM_MODE_ENTER|false
16:53:44.0 (2700364)|HEAP_ALLOCATE|[EXTERNAL]|Bytes:5
16:53:44.0 (2714841)|SYSTEM_MODE_EXIT|false
16:53:44.0 (2735465)|METHOD_EXIT|[1]|SiteController
16:53:44.0 (2741491)|HEAP_ALLOCATE|[EXTERNAL]|Bytes:18
16:53:44.0 (2746622)|HEAP_ALLOCATE|[EXTERNAL]|Bytes:5
16:53:44.0 (2762915)|SYSTEM_MODE_ENTER|false
16:53:44.0 (2777507)|VARIABLE_SCOPE_BEGIN|[24]|id|String|false|false
16:53:44.0 (2807467)|VARIABLE_ASSIGNMENT|[24]|id|"a001r00000nOgpoAAC"
16:53:44.0 (2814470)|VARIABLE_SCOPE_BEGIN|[24]|likeTopic|Boolean|false|false
16:53:44.0 (2822905)|VARIABLE_ASSIGNMENT|[24]|likeTopic|true
16:53:44.0 (2841152)|HEAP_ALLOCATE|[25]|Bytes:5
16:53:44.0 (2845554)|STATEMENT_EXECUTE|[24]
16:53:44.0 (2847411)|STATEMENT_EXECUTE|[25]
16:53:44.0 (2850193)|HEAP_ALLOCATE|[25]|Bytes:60
16:53:44.0 (2873473)|HEAP_ALLOCATE|[25]|Bytes:4
16:53:44.0 (2896286)|HEAP_ALLOCATE|[25]|Bytes:7
16:53:44.0 (3758214)|SOQL_EXECUTE_BEGIN|[25]|Aggregations:0|SELECT Id, like__c FROM Topic__c WHERE Id = :tmpVar1 LIMIT 1
16:53:44.0 (7020391)|SOQL_EXECUTE_END|[25]|Rows:1
16:53:44.0 (7045197)|HEAP_ALLOCATE|[25]|Bytes:8
16:53:44.0 (7067810)|HEAP_ALLOCATE|[25]|Bytes:44
16:53:44.0 (7123692)|HEAP_ALLOCATE|[25]|Bytes:8
16:53:44.0 (7135587)|VARIABLE_SCOPE_BEGIN|[25]|t|List<Topic__c>|true|false
16:53:44.0 (7167239)|VARIABLE_ASSIGNMENT|[25]|t|[{"Id":"a001r00000nOgpoAAC","like__c":false}]|0x75f03853
16:53:44.0 (7173545)|STATEMENT_EXECUTE|[26]
16:53:44.0 (7175129)|STATEMENT_EXECUTE|[26]
16:53:44.0 (7176522)|STATEMENT_EXECUTE|[27]
16:53:44.0 (7220143)|HEAP_ALLOCATE|[27]|Bytes:12
16:53:44.0 (7287627)|VARIABLE_ASSIGNMENT|[27]|this.like__c|true|0x76f50586
16:53:44.0 (7296323)|STATEMENT_EXECUTE|[28]
16:53:44.0 (7347010)|DML_BEGIN|[28]|Op:Update|Type:Topic__c|Rows:1
16:53:44.0 (7376803)|HEAP_ALLOCATE|[EXTERNAL]|Bytes:8
16:53:44.0 (27661466)|DML_END|[28]
16:53:44.0 (27726490)|HEAP_ALLOCATE|[EXTERNAL]|Bytes:8
16:53:44.0 (27756153)|SYSTEM_MODE_EXIT|false
16:53:44.30 (30956676)|CUMULATIVE_LIMIT_USAGE
16:53:44.30 (30956676)|LIMIT_USAGE_FOR_NS|(default)|
  Number of SOQL queries: 1 out of 100
  Number of query rows: 1 out of 50000
  Number of SOSL queries: 0 out of 20
  Number of DML statements: 1 out of 150
  Number of DML rows: 1 out of 10000
  Maximum CPU time: 0 out of 10000
  Maximum heap size: 0 out of 6000000
  Number of callouts: 0 out of 100
  Number of Email Invocations: 0 out of 10
  Number of future calls: 0 out of 50
  Number of queueable jobs added to the queue: 0 out of 50
  Number of Mobile Apex push calls: 0 out of 10

16:53:44.30 (30956676)|CUMULATIVE_LIMIT_USAGE_END

16:53:44.0 (30991857)|CODE_UNIT_FINISHED|SiteController.setLikeField
16:53:44.0 (31058674)|CODE_UNIT_FINISHED|Aura
16:53:44.0 (31844850)|EXECUTION_FINISHED
