42.0 APEX_CODE,FINEST;APEX_PROFILING,INFO;CALLOUT,INFO;DB,INFO;SYSTEM,DEBUG;VALIDATION,INFO;VISUALFORCE,INFO;WAVE,INFO;WORKFLOW,INFO
16:52:22.0 (68004)|USER_INFO|[EXTERNAL]|0051r000007nKPL|assh4884@cunning-goat-277018.com|Greenwich Mean Time|GMTZ
16:52:22.0 (106266)|EXECUTION_STARTED
16:52:22.0 (110886)|CODE_UNIT_STARTED|[EXTERNAL]|Aura
16:52:22.0 (738501)|HEAP_ALLOCATE|[72]|Bytes:3
16:52:22.0 (777406)|HEAP_ALLOCATE|[77]|Bytes:152
16:52:22.0 (792661)|HEAP_ALLOCATE|[342]|Bytes:408
16:52:22.0 (805053)|HEAP_ALLOCATE|[355]|Bytes:408
16:52:22.0 (815464)|HEAP_ALLOCATE|[467]|Bytes:48
16:52:22.0 (838943)|HEAP_ALLOCATE|[139]|Bytes:6
16:52:22.0 (856299)|HEAP_ALLOCATE|[EXTERNAL]|Bytes:18
16:52:22.0 (865185)|HEAP_ALLOCATE|[EXTERNAL]|Bytes:18
16:52:22.0 (2080797)|CODE_UNIT_STARTED|[EXTERNAL]|01p1r000005a73H|SiteController.setLikeField
16:52:22.0 (2185984)|HEAP_ALLOCATE|[EXTERNAL]|Bytes:7
16:52:22.0 (2196352)|HEAP_ALLOCATE|[EXTERNAL]|Bytes:5
16:52:22.0 (2219765)|METHOD_ENTRY|[1]|01p1r000005a73H|SiteController.SiteController()
16:52:22.0 (2232086)|STATEMENT_EXECUTE|[1]
16:52:22.0 (2238936)|STATEMENT_EXECUTE|[1]
16:52:22.0 (2278541)|HEAP_ALLOCATE|[50]|Bytes:5
16:52:22.0 (2305355)|HEAP_ALLOCATE|[56]|Bytes:5
16:52:22.0 (2312855)|HEAP_ALLOCATE|[64]|Bytes:7
16:52:22.0 (2339885)|SYSTEM_MODE_ENTER|false
16:52:22.0 (2353153)|HEAP_ALLOCATE|[EXTERNAL]|Bytes:5
16:52:22.0 (2361505)|SYSTEM_MODE_EXIT|false
16:52:22.0 (2370417)|METHOD_EXIT|[1]|SiteController
16:52:22.0 (2375864)|HEAP_ALLOCATE|[EXTERNAL]|Bytes:18
16:52:22.0 (2380047)|HEAP_ALLOCATE|[EXTERNAL]|Bytes:5
16:52:22.0 (2388898)|SYSTEM_MODE_ENTER|false
16:52:22.0 (2395127)|VARIABLE_SCOPE_BEGIN|[24]|id|String|false|false
16:52:22.0 (2418446)|VARIABLE_ASSIGNMENT|[24]|id|"a001r00000nPbaFAAS"
16:52:22.0 (2424470)|VARIABLE_SCOPE_BEGIN|[24]|likeTopic|Boolean|false|false
16:52:22.0 (2432831)|VARIABLE_ASSIGNMENT|[24]|likeTopic|true
16:52:22.0 (2447369)|HEAP_ALLOCATE|[25]|Bytes:5
16:52:22.0 (2452019)|STATEMENT_EXECUTE|[24]
16:52:22.0 (2453820)|STATEMENT_EXECUTE|[25]
16:52:22.0 (2457412)|HEAP_ALLOCATE|[25]|Bytes:60
16:52:22.0 (2477916)|HEAP_ALLOCATE|[25]|Bytes:4
16:52:22.0 (2506762)|HEAP_ALLOCATE|[25]|Bytes:7
16:52:22.0 (2893064)|SOQL_EXECUTE_BEGIN|[25]|Aggregations:0|SELECT Id, like__c FROM Topic__c WHERE Id = :tmpVar1 LIMIT 1
16:52:22.0 (5353277)|SOQL_EXECUTE_END|[25]|Rows:1
16:52:22.0 (5379506)|HEAP_ALLOCATE|[25]|Bytes:8
16:52:22.0 (5398438)|HEAP_ALLOCATE|[25]|Bytes:44
16:52:22.0 (5512739)|HEAP_ALLOCATE|[25]|Bytes:8
16:52:22.0 (5532855)|VARIABLE_SCOPE_BEGIN|[25]|t|List<Topic__c>|true|false
16:52:22.0 (5567923)|VARIABLE_ASSIGNMENT|[25]|t|[{"Id":"a001r00000nPbaFAAS","like__c":false}]|0x5dc2562e
16:52:22.0 (5577564)|STATEMENT_EXECUTE|[26]
16:52:22.0 (5579901)|STATEMENT_EXECUTE|[26]
16:52:22.0 (5581742)|STATEMENT_EXECUTE|[27]
16:52:22.0 (5616343)|HEAP_ALLOCATE|[27]|Bytes:12
16:52:22.0 (5686934)|VARIABLE_ASSIGNMENT|[27]|this.like__c|true|0x72c68b50
16:52:22.0 (5695907)|STATEMENT_EXECUTE|[28]
16:52:22.0 (5765509)|DML_BEGIN|[28]|Op:Update|Type:Topic__c|Rows:1
16:52:22.0 (5806788)|HEAP_ALLOCATE|[EXTERNAL]|Bytes:8
16:52:22.0 (27114963)|DML_END|[28]
16:52:22.0 (27189356)|HEAP_ALLOCATE|[EXTERNAL]|Bytes:8
16:52:22.0 (27229667)|SYSTEM_MODE_EXIT|false
16:52:22.29 (29702260)|CUMULATIVE_LIMIT_USAGE
16:52:22.29 (29702260)|LIMIT_USAGE_FOR_NS|(default)|
  Number of SOQL queries: 1 out of 100
  Number of query rows: 1 out of 50000
  Number of SOSL queries: 0 out of 20
  Number of DML statements: 1 out of 150
  Number of DML rows: 1 out of 10000
  Maximum CPU time: 0 out of 10000
  Maximum heap size: 0 out of 6000000
  Number of callouts: 0 out of 100
  Number of Email Invocations: 0 out of 10
  Number of future calls: 0 out of 50
  Number of queueable jobs added to the queue: 0 out of 50
  Number of Mobile Apex push calls: 0 out of 10

16:52:22.29 (29702260)|CUMULATIVE_LIMIT_USAGE_END

16:52:22.0 (29748294)|CODE_UNIT_FINISHED|SiteController.setLikeField
16:52:22.0 (29837331)|CODE_UNIT_FINISHED|Aura
16:52:22.0 (30965094)|EXECUTION_FINISHED
