42.0 APEX_CODE,FINEST;APEX_PROFILING,INFO;CALLOUT,INFO;DB,INFO;SYSTEM,DEBUG;VALIDATION,INFO;VISUALFORCE,INFO;WAVE,INFO;WORKFLOW,INFO
16:43:04.0 (67623)|USER_INFO|[EXTERNAL]|0051r000007nKPL|assh4884@cunning-goat-277018.com|Greenwich Mean Time|GMTZ
16:43:04.0 (104618)|EXECUTION_STARTED
16:43:04.0 (109141)|CODE_UNIT_STARTED|[EXTERNAL]|Aura
16:43:04.0 (726628)|HEAP_ALLOCATE|[72]|Bytes:3
16:43:04.0 (764061)|HEAP_ALLOCATE|[77]|Bytes:152
16:43:04.0 (778323)|HEAP_ALLOCATE|[342]|Bytes:408
16:43:04.0 (790352)|HEAP_ALLOCATE|[355]|Bytes:408
16:43:04.0 (800767)|HEAP_ALLOCATE|[467]|Bytes:48
16:43:04.0 (825382)|HEAP_ALLOCATE|[139]|Bytes:6
16:43:04.0 (843731)|HEAP_ALLOCATE|[EXTERNAL]|Bytes:18
16:43:04.0 (851242)|HEAP_ALLOCATE|[EXTERNAL]|Bytes:18
16:43:04.0 (1699850)|CODE_UNIT_STARTED|[EXTERNAL]|01p1r000005a73H|SiteController.setLikeField
16:43:04.0 (1789559)|HEAP_ALLOCATE|[EXTERNAL]|Bytes:7
16:43:04.0 (1795953)|HEAP_ALLOCATE|[EXTERNAL]|Bytes:11
16:43:04.0 (1805926)|METHOD_ENTRY|[1]|01p1r000005a73H|SiteController.SiteController()
16:43:04.0 (1811371)|STATEMENT_EXECUTE|[1]
16:43:04.0 (1816113)|STATEMENT_EXECUTE|[1]
16:43:04.0 (1845482)|HEAP_ALLOCATE|[50]|Bytes:5
16:43:04.0 (1868648)|HEAP_ALLOCATE|[56]|Bytes:5
16:43:04.0 (1876219)|HEAP_ALLOCATE|[64]|Bytes:7
16:43:04.0 (1898467)|SYSTEM_MODE_ENTER|false
16:43:04.0 (1911154)|HEAP_ALLOCATE|[EXTERNAL]|Bytes:5
16:43:04.0 (1919200)|SYSTEM_MODE_EXIT|false
16:43:04.0 (1927980)|METHOD_EXIT|[1]|SiteController
16:43:04.0 (1932807)|HEAP_ALLOCATE|[EXTERNAL]|Bytes:18
16:43:04.0 (1936644)|HEAP_ALLOCATE|[EXTERNAL]|Bytes:5
16:43:04.0 (1944152)|SYSTEM_MODE_ENTER|false
16:43:04.0 (1950995)|VARIABLE_SCOPE_BEGIN|[24]|id|String|false|false
16:43:04.0 (1972179)|VARIABLE_ASSIGNMENT|[24]|id|"a001r00000nOvjrAAC"
16:43:04.0 (1977386)|VARIABLE_SCOPE_BEGIN|[24]|likeTopic|Boolean|false|false
16:43:04.0 (1985341)|VARIABLE_ASSIGNMENT|[24]|likeTopic|true
16:43:04.0 (1998100)|HEAP_ALLOCATE|[25]|Bytes:5
16:43:04.0 (2002700)|STATEMENT_EXECUTE|[24]
16:43:04.0 (2005045)|STATEMENT_EXECUTE|[25]
16:43:04.0 (2007299)|HEAP_ALLOCATE|[25]|Bytes:60
16:43:04.0 (2024141)|HEAP_ALLOCATE|[25]|Bytes:4
16:43:04.0 (2033250)|HEAP_ALLOCATE|[25]|Bytes:7
16:43:04.0 (2324586)|SOQL_EXECUTE_BEGIN|[25]|Aggregations:0|SELECT Id, like__c FROM Topic__c WHERE Id = :tmpVar1 LIMIT 1
16:43:04.0 (4296723)|SOQL_EXECUTE_END|[25]|Rows:1
16:43:04.0 (4319241)|HEAP_ALLOCATE|[25]|Bytes:8
16:43:04.0 (4335136)|HEAP_ALLOCATE|[25]|Bytes:44
16:43:04.0 (4426759)|HEAP_ALLOCATE|[25]|Bytes:8
16:43:04.0 (4439300)|VARIABLE_SCOPE_BEGIN|[25]|t|List<Topic__c>|true|false
16:43:04.0 (4465753)|VARIABLE_ASSIGNMENT|[25]|t|[{"Id":"a001r00000nOvjrAAC","like__c":false}]|0x5a7235ff
16:43:04.0 (4472415)|STATEMENT_EXECUTE|[27]
16:43:04.0 (4474218)|STATEMENT_EXECUTE|[27]
16:43:04.0 (4475700)|STATEMENT_EXECUTE|[28]
16:43:04.0 (4521686)|HEAP_ALLOCATE|[28]|Bytes:12
16:43:04.0 (4585184)|VARIABLE_ASSIGNMENT|[28]|this.like__c|true|0x669a052d
16:43:04.0 (4591226)|STATEMENT_EXECUTE|[29]
16:43:04.0 (4657208)|USER_DEBUG|[29]|DEBUG|(Topic__c:{Id=a001r00000nOvjrAAC, like__c=true})
16:43:04.0 (4668440)|STATEMENT_EXECUTE|[30]
16:43:04.0 (4704371)|DML_BEGIN|[30]|Op:Update|Type:Topic__c|Rows:1
16:43:04.0 (4733105)|HEAP_ALLOCATE|[EXTERNAL]|Bytes:8
16:43:04.0 (26330835)|DML_END|[30]
16:43:04.0 (26411364)|HEAP_ALLOCATE|[EXTERNAL]|Bytes:8
16:43:04.0 (26432999)|STATEMENT_EXECUTE|[31]
16:43:04.0 (26441251)|HEAP_ALLOCATE|[31]|Bytes:8
16:43:04.0 (26497260)|USER_DEBUG|[31]|DEBUG|dffsdfsd
16:43:04.0 (26521203)|SYSTEM_MODE_EXIT|false
16:43:04.28 (28750867)|CUMULATIVE_LIMIT_USAGE
16:43:04.28 (28750867)|LIMIT_USAGE_FOR_NS|(default)|
  Number of SOQL queries: 1 out of 100
  Number of query rows: 1 out of 50000
  Number of SOSL queries: 0 out of 20
  Number of DML statements: 1 out of 150
  Number of DML rows: 1 out of 10000
  Maximum CPU time: 0 out of 10000
  Maximum heap size: 0 out of 6000000
  Number of callouts: 0 out of 100
  Number of Email Invocations: 0 out of 10
  Number of future calls: 0 out of 50
  Number of queueable jobs added to the queue: 0 out of 50
  Number of Mobile Apex push calls: 0 out of 10

16:43:04.28 (28750867)|CUMULATIVE_LIMIT_USAGE_END

16:43:04.0 (28794352)|CODE_UNIT_FINISHED|SiteController.setLikeField
16:43:04.0 (28867746)|CODE_UNIT_FINISHED|Aura
16:43:04.0 (29867969)|EXECUTION_FINISHED
