42.0 APEX_CODE,FINEST;APEX_PROFILING,INFO;CALLOUT,INFO;DB,INFO;SYSTEM,DEBUG;VALIDATION,INFO;VISUALFORCE,INFO;WAVE,INFO;WORKFLOW,INFO
16:44:01.0 (64872)|USER_INFO|[EXTERNAL]|0051r000007nKPL|assh4884@cunning-goat-277018.com|Greenwich Mean Time|GMTZ
16:44:01.0 (103713)|EXECUTION_STARTED
16:44:01.0 (108779)|CODE_UNIT_STARTED|[EXTERNAL]|Aura
16:44:01.0 (1225016)|CODE_UNIT_STARTED|[EXTERNAL]|01p1r000005a73H|SiteController.getTopics
16:44:01.0 (1374817)|HEAP_ALLOCATE|[72]|Bytes:3
16:44:01.0 (1420783)|HEAP_ALLOCATE|[77]|Bytes:152
16:44:01.0 (1436278)|HEAP_ALLOCATE|[342]|Bytes:408
16:44:01.0 (1451840)|HEAP_ALLOCATE|[355]|Bytes:408
16:44:01.0 (1469872)|HEAP_ALLOCATE|[467]|Bytes:48
16:44:01.0 (1507516)|HEAP_ALLOCATE|[139]|Bytes:6
16:44:01.0 (1575604)|HEAP_ALLOCATE|[EXTERNAL]|Bytes:7
16:44:01.0 (1581648)|HEAP_ALLOCATE|[EXTERNAL]|Bytes:11
16:44:01.0 (1590832)|METHOD_ENTRY|[1]|01p1r000005a73H|SiteController.SiteController()
16:44:01.0 (1598848)|STATEMENT_EXECUTE|[1]
16:44:01.0 (1605931)|STATEMENT_EXECUTE|[1]
16:44:01.0 (1645313)|HEAP_ALLOCATE|[50]|Bytes:5
16:44:01.0 (1676708)|HEAP_ALLOCATE|[56]|Bytes:5
16:44:01.0 (1688553)|HEAP_ALLOCATE|[64]|Bytes:7
16:44:01.0 (1712250)|SYSTEM_MODE_ENTER|false
16:44:01.0 (1728064)|HEAP_ALLOCATE|[EXTERNAL]|Bytes:5
16:44:01.0 (1736897)|SYSTEM_MODE_EXIT|false
16:44:01.0 (1745329)|METHOD_EXIT|[1]|SiteController
16:44:01.0 (1754736)|SYSTEM_MODE_ENTER|false
16:44:01.0 (1766484)|HEAP_ALLOCATE|[6]|Bytes:5
16:44:01.0 (1770460)|STATEMENT_EXECUTE|[4]
16:44:01.0 (1772061)|STATEMENT_EXECUTE|[6]
16:44:01.0 (1774320)|HEAP_ALLOCATE|[6]|Bytes:59
16:44:01.0 (1796715)|HEAP_ALLOCATE|[6]|Bytes:4
16:44:01.0 (2160861)|SOQL_EXECUTE_BEGIN|[6]|Aggregations:0|SELECT Id, Name, Content__c, Date__c, like__c FROM Topic__c
16:44:01.0 (7367107)|SOQL_EXECUTE_END|[6]|Rows:16
16:44:01.0 (7398284)|HEAP_ALLOCATE|[6]|Bytes:68
16:44:01.0 (7439302)|HEAP_ALLOCATE|[6]|Bytes:5833
16:44:01.0 (7562017)|HEAP_ALLOCATE|[6]|Bytes:68
16:44:01.0 (7583372)|SYSTEM_MODE_EXIT|false
16:44:01.7 (7614296)|CUMULATIVE_LIMIT_USAGE
16:44:01.7 (7614296)|LIMIT_USAGE_FOR_NS|(default)|
  Number of SOQL queries: 1 out of 100
  Number of query rows: 16 out of 50000
  Number of SOSL queries: 0 out of 20
  Number of DML statements: 0 out of 150
  Number of DML rows: 0 out of 10000
  Maximum CPU time: 0 out of 10000
  Maximum heap size: 0 out of 6000000
  Number of callouts: 0 out of 100
  Number of Email Invocations: 0 out of 10
  Number of future calls: 0 out of 50
  Number of queueable jobs added to the queue: 0 out of 50
  Number of Mobile Apex push calls: 0 out of 10

16:44:01.7 (7614296)|CUMULATIVE_LIMIT_USAGE_END

16:44:01.0 (7660615)|CODE_UNIT_FINISHED|SiteController.getTopics
16:44:01.0 (7991488)|CODE_UNIT_FINISHED|Aura
16:44:01.0 (9162770)|EXECUTION_FINISHED
