42.0 APEX_CODE,FINEST;APEX_PROFILING,INFO;CALLOUT,INFO;DB,INFO;SYSTEM,DEBUG;VALIDATION,INFO;VISUALFORCE,INFO;WAVE,INFO;WORKFLOW,INFO
16:47:36.0 (311927)|USER_INFO|[EXTERNAL]|0051r000007nKPL|assh4884@cunning-goat-277018.com|Greenwich Mean Time|GMTZ
16:47:36.0 (343398)|EXECUTION_STARTED
16:47:36.0 (347931)|CODE_UNIT_STARTED|[EXTERNAL]|Aura
16:47:36.0 (1233255)|HEAP_ALLOCATE|[72]|Bytes:3
16:47:36.0 (1307798)|HEAP_ALLOCATE|[77]|Bytes:152
16:47:36.0 (1323948)|HEAP_ALLOCATE|[342]|Bytes:408
16:47:36.0 (1336815)|HEAP_ALLOCATE|[355]|Bytes:408
16:47:36.0 (1348410)|HEAP_ALLOCATE|[467]|Bytes:48
16:47:36.0 (1372358)|HEAP_ALLOCATE|[139]|Bytes:6
16:47:36.0 (1391768)|HEAP_ALLOCATE|[EXTERNAL]|Bytes:18
16:47:36.0 (1400301)|HEAP_ALLOCATE|[EXTERNAL]|Bytes:18
16:47:36.0 (2318049)|CODE_UNIT_STARTED|[EXTERNAL]|01p1r000005a73H|SiteController.setLikeField
16:47:36.0 (2427168)|HEAP_ALLOCATE|[EXTERNAL]|Bytes:7
16:47:36.0 (2434921)|HEAP_ALLOCATE|[EXTERNAL]|Bytes:8
16:47:36.0 (2445269)|METHOD_ENTRY|[1]|01p1r000005a73H|SiteController.SiteController()
16:47:36.0 (2455751)|STATEMENT_EXECUTE|[1]
16:47:36.0 (2461627)|STATEMENT_EXECUTE|[1]
16:47:36.0 (2498260)|HEAP_ALLOCATE|[50]|Bytes:5
16:47:36.0 (2523076)|HEAP_ALLOCATE|[56]|Bytes:5
16:47:36.0 (2531323)|HEAP_ALLOCATE|[64]|Bytes:7
16:47:36.0 (2554521)|SYSTEM_MODE_ENTER|false
16:47:36.0 (2569367)|HEAP_ALLOCATE|[EXTERNAL]|Bytes:5
16:47:36.0 (2577090)|SYSTEM_MODE_EXIT|false
16:47:36.0 (2587222)|METHOD_EXIT|[1]|SiteController
16:47:36.0 (2594532)|HEAP_ALLOCATE|[EXTERNAL]|Bytes:18
16:47:36.0 (2600654)|HEAP_ALLOCATE|[EXTERNAL]|Bytes:5
16:47:36.0 (2613766)|SYSTEM_MODE_ENTER|false
16:47:36.0 (2626281)|VARIABLE_SCOPE_BEGIN|[24]|id|String|false|false
16:47:36.0 (2654068)|VARIABLE_ASSIGNMENT|[24]|id|"a001r00000nOV2wAAG"
16:47:36.0 (2660941)|VARIABLE_SCOPE_BEGIN|[24]|likeTopic|Boolean|false|false
16:47:36.0 (2670309)|VARIABLE_ASSIGNMENT|[24]|likeTopic|true
16:47:36.0 (2689993)|HEAP_ALLOCATE|[25]|Bytes:5
16:47:36.0 (2694511)|STATEMENT_EXECUTE|[24]
16:47:36.0 (2696204)|STATEMENT_EXECUTE|[25]
16:47:36.0 (2699381)|HEAP_ALLOCATE|[25]|Bytes:60
16:47:36.0 (2718661)|HEAP_ALLOCATE|[25]|Bytes:4
16:47:36.0 (2731910)|HEAP_ALLOCATE|[25]|Bytes:7
16:47:36.0 (3471299)|SOQL_EXECUTE_BEGIN|[25]|Aggregations:0|SELECT Id, like__c FROM Topic__c WHERE Id = :tmpVar1 LIMIT 1
16:47:36.0 (6322171)|SOQL_EXECUTE_END|[25]|Rows:1
16:47:36.0 (6343951)|HEAP_ALLOCATE|[25]|Bytes:8
16:47:36.0 (6360705)|HEAP_ALLOCATE|[25]|Bytes:44
16:47:36.0 (6405466)|HEAP_ALLOCATE|[25]|Bytes:8
16:47:36.0 (6416225)|VARIABLE_SCOPE_BEGIN|[25]|t|List<Topic__c>|true|false
16:47:36.0 (6440173)|VARIABLE_ASSIGNMENT|[25]|t|[{"Id":"a001r00000nOV2wAAG","like__c":false}]|0x5758a4d5
16:47:36.0 (6446675)|STATEMENT_EXECUTE|[27]
16:47:36.0 (6448316)|STATEMENT_EXECUTE|[27]
16:47:36.0 (6449540)|STATEMENT_EXECUTE|[28]
16:47:36.0 (6495443)|HEAP_ALLOCATE|[28]|Bytes:12
16:47:36.0 (6551753)|VARIABLE_ASSIGNMENT|[28]|this.like__c|true|0x2bc13bd9
16:47:36.0 (6558892)|STATEMENT_EXECUTE|[30]
16:47:36.0 (6610962)|DML_BEGIN|[30]|Op:Upsert|Type:Topic__c|Rows:1
16:47:36.0 (6637274)|HEAP_ALLOCATE|[EXTERNAL]|Bytes:8
16:47:36.0 (29572057)|DML_END|[30]
16:47:36.0 (29631643)|HEAP_ALLOCATE|[EXTERNAL]|Bytes:8
16:47:36.0 (29644956)|STATEMENT_EXECUTE|[31]
16:47:36.0 (29650013)|HEAP_ALLOCATE|[31]|Bytes:6
16:47:36.0 (29693823)|USER_DEBUG|[31]|DEBUG|upsert
16:47:36.0 (29719809)|SYSTEM_MODE_EXIT|false
16:47:36.32 (32922649)|CUMULATIVE_LIMIT_USAGE
16:47:36.32 (32922649)|LIMIT_USAGE_FOR_NS|(default)|
  Number of SOQL queries: 1 out of 100
  Number of query rows: 1 out of 50000
  Number of SOSL queries: 0 out of 20
  Number of DML statements: 1 out of 150
  Number of DML rows: 1 out of 10000
  Maximum CPU time: 0 out of 10000
  Maximum heap size: 0 out of 6000000
  Number of callouts: 0 out of 100
  Number of Email Invocations: 0 out of 10
  Number of future calls: 0 out of 50
  Number of queueable jobs added to the queue: 0 out of 50
  Number of Mobile Apex push calls: 0 out of 10

16:47:36.32 (32922649)|CUMULATIVE_LIMIT_USAGE_END

16:47:36.0 (32963771)|CODE_UNIT_FINISHED|SiteController.setLikeField
16:47:36.0 (33020437)|CODE_UNIT_FINISHED|Aura
16:47:36.0 (33875477)|EXECUTION_FINISHED
