42.0 APEX_CODE,FINEST;APEX_PROFILING,INFO;CALLOUT,INFO;DB,INFO;SYSTEM,DEBUG;VALIDATION,INFO;VISUALFORCE,INFO;WAVE,INFO;WORKFLOW,INFO
15:48:06.0 (60098)|USER_INFO|[EXTERNAL]|0051r000007nKPL|assh4884@cunning-goat-277018.com|Greenwich Mean Time|GMTZ
15:48:06.0 (93628)|EXECUTION_STARTED
15:48:06.0 (98271)|CODE_UNIT_STARTED|[EXTERNAL]|Aura
15:48:06.0 (1568337)|CODE_UNIT_STARTED|[EXTERNAL]|01p1r000007BH1U|ContactController.getContacts
15:48:06.0 (1695473)|HEAP_ALLOCATE|[72]|Bytes:3
15:48:06.0 (1729034)|HEAP_ALLOCATE|[77]|Bytes:152
15:48:06.0 (1744373)|HEAP_ALLOCATE|[342]|Bytes:408
15:48:06.0 (1757862)|HEAP_ALLOCATE|[355]|Bytes:408
15:48:06.0 (1769168)|HEAP_ALLOCATE|[467]|Bytes:48
15:48:06.0 (1796443)|HEAP_ALLOCATE|[139]|Bytes:6
15:48:06.0 (1855434)|HEAP_ALLOCATE|[EXTERNAL]|Bytes:1
15:48:06.0 (1868920)|METHOD_ENTRY|[1]|01p1r000007BH1U|ContactController.ContactController()
15:48:06.0 (1875185)|STATEMENT_EXECUTE|[1]
15:48:06.0 (1880631)|STATEMENT_EXECUTE|[1]
15:48:06.0 (1909438)|HEAP_ALLOCATE|[50]|Bytes:5
15:48:06.0 (1932890)|HEAP_ALLOCATE|[56]|Bytes:5
15:48:06.0 (1940396)|HEAP_ALLOCATE|[64]|Bytes:7
15:48:06.0 (1966664)|SYSTEM_MODE_ENTER|false
15:48:06.0 (1978027)|HEAP_ALLOCATE|[EXTERNAL]|Bytes:5
15:48:06.0 (1984097)|SYSTEM_MODE_EXIT|false
15:48:06.0 (1991519)|METHOD_EXIT|[1]|ContactController
15:48:06.0 (2001109)|SYSTEM_MODE_ENTER|false
15:48:06.0 (2012893)|HEAP_ALLOCATE|[5]|Bytes:5
15:48:06.0 (2017223)|STATEMENT_EXECUTE|[4]
15:48:06.0 (2018825)|STATEMENT_EXECUTE|[5]
15:48:06.0 (2021498)|HEAP_ALLOCATE|[5]|Bytes:69
15:48:06.0 (2036982)|HEAP_ALLOCATE|[5]|Bytes:4
15:48:06.0 (2369474)|SOQL_EXECUTE_BEGIN|[5]|Aggregations:0|SELECT Id, Name, MailingStreet, Phone, Email, LeadSource FROM Contact
15:48:06.0 (6012219)|SOQL_EXECUTE_END|[5]|Rows:20
15:48:06.0 (6033227)|HEAP_ALLOCATE|[5]|Bytes:84
15:48:06.0 (6089653)|HEAP_ALLOCATE|[5]|Bytes:3564
15:48:06.0 (6185505)|HEAP_ALLOCATE|[5]|Bytes:84
15:48:06.0 (6199577)|VARIABLE_SCOPE_BEGIN|[5]|contacts|List<Contact>|true|false
15:48:06.0 (6229449)|VARIABLE_ASSIGNMENT|[5]|contacts|"List of size 20 too large to display"|0x47e91abe
15:48:06.0 (6236792)|STATEMENT_EXECUTE|[9]
15:48:06.0 (6244442)|SYSTEM_MODE_EXIT|false
15:48:06.6 (6265356)|CUMULATIVE_LIMIT_USAGE
15:48:06.6 (6265356)|LIMIT_USAGE_FOR_NS|(default)|
  Number of SOQL queries: 1 out of 100
  Number of query rows: 20 out of 50000
  Number of SOSL queries: 0 out of 20
  Number of DML statements: 0 out of 150
  Number of DML rows: 0 out of 10000
  Maximum CPU time: 0 out of 10000
  Maximum heap size: 0 out of 6000000
  Number of callouts: 0 out of 100
  Number of Email Invocations: 0 out of 10
  Number of future calls: 0 out of 50
  Number of queueable jobs added to the queue: 0 out of 50
  Number of Mobile Apex push calls: 0 out of 10

15:48:06.6 (6265356)|CUMULATIVE_LIMIT_USAGE_END

15:48:06.0 (6308183)|CODE_UNIT_FINISHED|ContactController.getContacts
15:48:06.0 (6505492)|CODE_UNIT_FINISHED|Aura
15:48:06.0 (7936433)|EXECUTION_FINISHED
