42.0 APEX_CODE,FINEST;APEX_PROFILING,INFO;CALLOUT,INFO;DB,INFO;SYSTEM,DEBUG;VALIDATION,INFO;VISUALFORCE,INFO;WAVE,INFO;WORKFLOW,INFO
15:47:55.0 (341395)|USER_INFO|[EXTERNAL]|0051r000007nKPL|assh4884@cunning-goat-277018.com|Greenwich Mean Time|GMTZ
15:47:55.0 (383479)|EXECUTION_STARTED
15:47:55.0 (387983)|CODE_UNIT_STARTED|[EXTERNAL]|Aura
15:47:55.0 (1930395)|CODE_UNIT_STARTED|[EXTERNAL]|01p1r000007BH1U|ContactController.getContacts
15:47:55.0 (2163715)|HEAP_ALLOCATE|[72]|Bytes:3
15:47:55.0 (2193408)|HEAP_ALLOCATE|[77]|Bytes:152
15:47:55.0 (2205972)|HEAP_ALLOCATE|[342]|Bytes:408
15:47:55.0 (2217751)|HEAP_ALLOCATE|[355]|Bytes:408
15:47:55.0 (2228203)|HEAP_ALLOCATE|[467]|Bytes:48
15:47:55.0 (2250826)|HEAP_ALLOCATE|[139]|Bytes:6
15:47:55.0 (2264528)|HEAP_ALLOCATE|[EXTERNAL]|Bytes:1
15:47:55.0 (2275603)|METHOD_ENTRY|[1]|01p1r000007BH1U|ContactController.ContactController()
15:47:55.0 (2281744)|STATEMENT_EXECUTE|[1]
15:47:55.0 (2286782)|STATEMENT_EXECUTE|[1]
15:47:55.0 (2311071)|HEAP_ALLOCATE|[50]|Bytes:5
15:47:55.0 (2329890)|HEAP_ALLOCATE|[56]|Bytes:5
15:47:55.0 (2336773)|HEAP_ALLOCATE|[64]|Bytes:7
15:47:55.0 (2360999)|SYSTEM_MODE_ENTER|false
15:47:55.0 (2372827)|HEAP_ALLOCATE|[EXTERNAL]|Bytes:5
15:47:55.0 (2378746)|SYSTEM_MODE_EXIT|false
15:47:55.0 (2386877)|METHOD_EXIT|[1]|ContactController
15:47:55.0 (2397401)|SYSTEM_MODE_ENTER|false
15:47:55.0 (2408765)|HEAP_ALLOCATE|[5]|Bytes:5
15:47:55.0 (2412884)|STATEMENT_EXECUTE|[4]
15:47:55.0 (2414577)|STATEMENT_EXECUTE|[5]
15:47:55.0 (2417491)|HEAP_ALLOCATE|[5]|Bytes:69
15:47:55.0 (2432961)|HEAP_ALLOCATE|[5]|Bytes:4
15:47:55.0 (3300472)|SOQL_EXECUTE_BEGIN|[5]|Aggregations:0|SELECT Id, Name, MailingStreet, Phone, Email, LeadSource FROM Contact
15:47:55.0 (13111641)|SOQL_EXECUTE_END|[5]|Rows:20
15:47:55.0 (13152739)|HEAP_ALLOCATE|[5]|Bytes:84
15:47:55.0 (13236460)|HEAP_ALLOCATE|[5]|Bytes:3564
15:47:55.0 (13323297)|HEAP_ALLOCATE|[5]|Bytes:84
15:47:55.0 (13350156)|VARIABLE_SCOPE_BEGIN|[5]|contacts|List<Contact>|true|false
15:47:55.0 (13393209)|VARIABLE_ASSIGNMENT|[5]|contacts|"List of size 20 too large to display"|0x5d7767ca
15:47:55.0 (13405142)|STATEMENT_EXECUTE|[9]
15:47:55.0 (13422716)|SYSTEM_MODE_EXIT|false
15:47:55.13 (13463900)|CUMULATIVE_LIMIT_USAGE
15:47:55.13 (13463900)|LIMIT_USAGE_FOR_NS|(default)|
  Number of SOQL queries: 1 out of 100
  Number of query rows: 20 out of 50000
  Number of SOSL queries: 0 out of 20
  Number of DML statements: 0 out of 150
  Number of DML rows: 0 out of 10000
  Maximum CPU time: 0 out of 10000
  Maximum heap size: 0 out of 6000000
  Number of callouts: 0 out of 100
  Number of Email Invocations: 0 out of 10
  Number of future calls: 0 out of 50
  Number of queueable jobs added to the queue: 0 out of 50
  Number of Mobile Apex push calls: 0 out of 10

15:47:55.13 (13463900)|CUMULATIVE_LIMIT_USAGE_END

15:47:55.0 (13511546)|CODE_UNIT_FINISHED|ContactController.getContacts
15:47:55.0 (13855239)|CODE_UNIT_FINISHED|Aura
15:47:55.0 (15153629)|EXECUTION_FINISHED
