42.0 APEX_CODE,FINEST;APEX_PROFILING,INFO;CALLOUT,INFO;DB,INFO;SYSTEM,DEBUG;VALIDATION,INFO;VISUALFORCE,INFO;WAVE,INFO;WORKFLOW,INFO
15:42:21.0 (301751)|USER_INFO|[EXTERNAL]|0051r000007nKPL|assh4884@cunning-goat-277018.com|Greenwich Mean Time|GMTZ
15:42:21.0 (339474)|EXECUTION_STARTED
15:42:21.0 (344372)|CODE_UNIT_STARTED|[EXTERNAL]|Aura
15:42:21.0 (1805437)|CODE_UNIT_STARTED|[EXTERNAL]|01p1r000005a73H|siteController.getTopics
15:42:21.0 (1987000)|HEAP_ALLOCATE|[72]|Bytes:3
15:42:21.0 (2026281)|HEAP_ALLOCATE|[77]|Bytes:152
15:42:21.0 (2040888)|HEAP_ALLOCATE|[342]|Bytes:408
15:42:21.0 (2052977)|HEAP_ALLOCATE|[355]|Bytes:408
15:42:21.0 (2063230)|HEAP_ALLOCATE|[467]|Bytes:48
15:42:21.0 (2089457)|HEAP_ALLOCATE|[139]|Bytes:6
15:42:21.0 (2106600)|HEAP_ALLOCATE|[EXTERNAL]|Bytes:4
15:42:21.0 (2111323)|HEAP_ALLOCATE|[EXTERNAL]|Bytes:4
15:42:21.0 (2121153)|METHOD_ENTRY|[1]|01p1r000005a73H|siteController.siteController()
15:42:21.0 (2127018)|STATEMENT_EXECUTE|[1]
15:42:21.0 (2130787)|STATEMENT_EXECUTE|[1]
15:42:21.0 (2160847)|HEAP_ALLOCATE|[50]|Bytes:5
15:42:21.0 (2183697)|HEAP_ALLOCATE|[56]|Bytes:5
15:42:21.0 (2189926)|HEAP_ALLOCATE|[64]|Bytes:7
15:42:21.0 (2210535)|SYSTEM_MODE_ENTER|false
15:42:21.0 (2221528)|HEAP_ALLOCATE|[EXTERNAL]|Bytes:5
15:42:21.0 (2229339)|SYSTEM_MODE_EXIT|false
15:42:21.0 (2237287)|METHOD_EXIT|[1]|siteController
15:42:21.0 (2248186)|SYSTEM_MODE_ENTER|false
15:42:21.0 (2261115)|HEAP_ALLOCATE|[5]|Bytes:5
15:42:21.0 (2265311)|STATEMENT_EXECUTE|[4]
15:42:21.0 (2266766)|STATEMENT_EXECUTE|[5]
15:42:21.0 (2269432)|HEAP_ALLOCATE|[5]|Bytes:4
15:42:21.0 (2312522)|USER_DEBUG|[5]|DEBUG|iiii
15:42:21.0 (2324309)|STATEMENT_EXECUTE|[6]
15:42:21.0 (2327037)|HEAP_ALLOCATE|[6]|Bytes:50
15:42:21.0 (2346791)|HEAP_ALLOCATE|[6]|Bytes:4
15:42:21.0 (2649504)|SOQL_EXECUTE_BEGIN|[6]|Aggregations:0|SELECT Id, Name, Content__c, Date__c FROM Topic__c
15:42:21.0 (7168807)|SOQL_EXECUTE_END|[6]|Rows:16
15:42:21.0 (7195018)|HEAP_ALLOCATE|[6]|Bytes:68
15:42:21.0 (7224417)|HEAP_ALLOCATE|[6]|Bytes:5063
15:42:21.0 (7265735)|HEAP_ALLOCATE|[6]|Bytes:68
15:42:21.0 (7285822)|SYSTEM_MODE_EXIT|false
15:42:21.7 (7313431)|CUMULATIVE_LIMIT_USAGE
15:42:21.7 (7313431)|LIMIT_USAGE_FOR_NS|(default)|
  Number of SOQL queries: 1 out of 100
  Number of query rows: 16 out of 50000
  Number of SOSL queries: 0 out of 20
  Number of DML statements: 0 out of 150
  Number of DML rows: 0 out of 10000
  Maximum CPU time: 0 out of 10000
  Maximum heap size: 0 out of 6000000
  Number of callouts: 0 out of 100
  Number of Email Invocations: 0 out of 10
  Number of future calls: 0 out of 50
  Number of queueable jobs added to the queue: 0 out of 50
  Number of Mobile Apex push calls: 0 out of 10

15:42:21.7 (7313431)|CUMULATIVE_LIMIT_USAGE_END

15:42:21.0 (7343899)|CODE_UNIT_FINISHED|siteController.getTopics
15:42:21.0 (7566224)|CODE_UNIT_FINISHED|Aura
15:42:21.0 (8627235)|EXECUTION_FINISHED
