42.0 APEX_CODE,FINEST;APEX_PROFILING,INFO;CALLOUT,INFO;DB,INFO;SYSTEM,DEBUG;VALIDATION,INFO;VISUALFORCE,INFO;WAVE,INFO;WORKFLOW,INFO
16:50:26.0 (347942)|USER_INFO|[EXTERNAL]|0051r000007nKPL|assh4884@cunning-goat-277018.com|Greenwich Mean Time|GMTZ
16:50:26.0 (425318)|EXECUTION_STARTED
16:50:26.0 (430834)|CODE_UNIT_STARTED|[EXTERNAL]|Aura
16:50:26.0 (1486425)|HEAP_ALLOCATE|[72]|Bytes:3
16:50:26.0 (1524031)|HEAP_ALLOCATE|[77]|Bytes:152
16:50:26.0 (1543093)|HEAP_ALLOCATE|[342]|Bytes:408
16:50:26.0 (1555473)|HEAP_ALLOCATE|[355]|Bytes:408
16:50:26.0 (1566221)|HEAP_ALLOCATE|[467]|Bytes:48
16:50:26.0 (1622809)|HEAP_ALLOCATE|[139]|Bytes:6
16:50:26.0 (1645860)|HEAP_ALLOCATE|[EXTERNAL]|Bytes:18
16:50:26.0 (1656224)|HEAP_ALLOCATE|[EXTERNAL]|Bytes:18
16:50:26.0 (2736449)|CODE_UNIT_STARTED|[EXTERNAL]|01p1r000005a73H|SiteController.setLikeField
16:50:26.0 (2851309)|HEAP_ALLOCATE|[EXTERNAL]|Bytes:7
16:50:26.0 (2858938)|HEAP_ALLOCATE|[EXTERNAL]|Bytes:5
16:50:26.0 (2869643)|METHOD_ENTRY|[1]|01p1r000005a73H|SiteController.SiteController()
16:50:26.0 (2876399)|STATEMENT_EXECUTE|[1]
16:50:26.0 (2880555)|STATEMENT_EXECUTE|[1]
16:50:26.0 (2914521)|HEAP_ALLOCATE|[50]|Bytes:5
16:50:26.0 (2935807)|HEAP_ALLOCATE|[56]|Bytes:5
16:50:26.0 (2943536)|HEAP_ALLOCATE|[64]|Bytes:7
16:50:26.0 (2965189)|SYSTEM_MODE_ENTER|false
16:50:26.0 (2977129)|HEAP_ALLOCATE|[EXTERNAL]|Bytes:5
16:50:26.0 (2985601)|SYSTEM_MODE_EXIT|false
16:50:26.0 (2993827)|METHOD_EXIT|[1]|SiteController
16:50:26.0 (2998707)|HEAP_ALLOCATE|[EXTERNAL]|Bytes:18
16:50:26.0 (3002922)|HEAP_ALLOCATE|[EXTERNAL]|Bytes:5
16:50:26.0 (3010618)|SYSTEM_MODE_ENTER|false
16:50:26.0 (3018841)|VARIABLE_SCOPE_BEGIN|[24]|id|String|false|false
16:50:26.0 (3043718)|VARIABLE_ASSIGNMENT|[24]|id|"a001r00000nOV2wAAG"
16:50:26.0 (3049373)|VARIABLE_SCOPE_BEGIN|[24]|likeTopic|Boolean|false|false
16:50:26.0 (3057943)|VARIABLE_ASSIGNMENT|[24]|likeTopic|true
16:50:26.0 (3069158)|HEAP_ALLOCATE|[25]|Bytes:5
16:50:26.0 (3073432)|STATEMENT_EXECUTE|[24]
16:50:26.0 (3074921)|STATEMENT_EXECUTE|[25]
16:50:26.0 (3077287)|HEAP_ALLOCATE|[25]|Bytes:60
16:50:26.0 (3091907)|HEAP_ALLOCATE|[25]|Bytes:4
16:50:26.0 (3102596)|HEAP_ALLOCATE|[25]|Bytes:7
16:50:26.0 (3926613)|SOQL_EXECUTE_BEGIN|[25]|Aggregations:0|SELECT Id, like__c FROM Topic__c WHERE Id = :tmpVar1 LIMIT 1
16:50:26.0 (6584265)|SOQL_EXECUTE_END|[25]|Rows:1
16:50:26.0 (6607494)|HEAP_ALLOCATE|[25]|Bytes:8
16:50:26.0 (6624673)|HEAP_ALLOCATE|[25]|Bytes:44
16:50:26.0 (6671307)|HEAP_ALLOCATE|[25]|Bytes:8
16:50:26.0 (6682191)|VARIABLE_SCOPE_BEGIN|[25]|t|List<Topic__c>|true|false
16:50:26.0 (6710604)|VARIABLE_ASSIGNMENT|[25]|t|[{"Id":"a001r00000nOV2wAAG","like__c":false}]|0x7630dab2
16:50:26.0 (6717148)|STATEMENT_EXECUTE|[26]
16:50:26.0 (6718721)|STATEMENT_EXECUTE|[26]
16:50:26.0 (6719910)|STATEMENT_EXECUTE|[27]
16:50:26.0 (6769449)|HEAP_ALLOCATE|[27]|Bytes:12
16:50:26.0 (6824217)|VARIABLE_ASSIGNMENT|[27]|this.like__c|true|0x299ac36e
16:50:26.0 (6830738)|STATEMENT_EXECUTE|[28]
16:50:26.0 (6887961)|DML_BEGIN|[28]|Op:Update|Type:Topic__c|Rows:1
16:50:26.0 (6917107)|HEAP_ALLOCATE|[EXTERNAL]|Bytes:8
16:50:26.0 (30459417)|DML_END|[28]
16:50:26.0 (30522488)|HEAP_ALLOCATE|[EXTERNAL]|Bytes:8
16:50:26.0 (30552907)|SYSTEM_MODE_EXIT|false
16:50:26.33 (33620476)|CUMULATIVE_LIMIT_USAGE
16:50:26.33 (33620476)|LIMIT_USAGE_FOR_NS|(default)|
  Number of SOQL queries: 1 out of 100
  Number of query rows: 1 out of 50000
  Number of SOSL queries: 0 out of 20
  Number of DML statements: 1 out of 150
  Number of DML rows: 1 out of 10000
  Maximum CPU time: 0 out of 10000
  Maximum heap size: 0 out of 6000000
  Number of callouts: 0 out of 100
  Number of Email Invocations: 0 out of 10
  Number of future calls: 0 out of 50
  Number of queueable jobs added to the queue: 0 out of 50
  Number of Mobile Apex push calls: 0 out of 10

16:50:26.33 (33620476)|CUMULATIVE_LIMIT_USAGE_END

16:50:26.0 (33663528)|CODE_UNIT_FINISHED|SiteController.setLikeField
16:50:26.0 (33736338)|CODE_UNIT_FINISHED|Aura
16:50:26.0 (34560199)|EXECUTION_FINISHED
