42.0 APEX_CODE,FINEST;APEX_PROFILING,INFO;CALLOUT,INFO;DB,INFO;SYSTEM,DEBUG;VALIDATION,INFO;VISUALFORCE,INFO;WAVE,INFO;WORKFLOW,INFO
16:43:20.0 (64175)|USER_INFO|[EXTERNAL]|0051r000007nKPL|assh4884@cunning-goat-277018.com|Greenwich Mean Time|GMTZ
16:43:20.0 (96155)|EXECUTION_STARTED
16:43:20.0 (99948)|CODE_UNIT_STARTED|[EXTERNAL]|Aura
16:43:20.0 (1129573)|CODE_UNIT_STARTED|[EXTERNAL]|01p1r000005a73H|SiteController.getTopics
16:43:20.0 (1261681)|HEAP_ALLOCATE|[72]|Bytes:3
16:43:20.0 (1303079)|HEAP_ALLOCATE|[77]|Bytes:152
16:43:20.0 (1317456)|HEAP_ALLOCATE|[342]|Bytes:408
16:43:20.0 (1329239)|HEAP_ALLOCATE|[355]|Bytes:408
16:43:20.0 (1339170)|HEAP_ALLOCATE|[467]|Bytes:48
16:43:20.0 (1365895)|HEAP_ALLOCATE|[139]|Bytes:6
16:43:20.0 (1425187)|HEAP_ALLOCATE|[EXTERNAL]|Bytes:7
16:43:20.0 (1431193)|HEAP_ALLOCATE|[EXTERNAL]|Bytes:11
16:43:20.0 (1440034)|METHOD_ENTRY|[1]|01p1r000005a73H|SiteController.SiteController()
16:43:20.0 (1446813)|STATEMENT_EXECUTE|[1]
16:43:20.0 (1451296)|STATEMENT_EXECUTE|[1]
16:43:20.0 (1478680)|HEAP_ALLOCATE|[50]|Bytes:5
16:43:20.0 (1500103)|HEAP_ALLOCATE|[56]|Bytes:5
16:43:20.0 (1506247)|HEAP_ALLOCATE|[64]|Bytes:7
16:43:20.0 (1530206)|SYSTEM_MODE_ENTER|false
16:43:20.0 (1545206)|HEAP_ALLOCATE|[EXTERNAL]|Bytes:5
16:43:20.0 (1552620)|SYSTEM_MODE_EXIT|false
16:43:20.0 (1567459)|METHOD_EXIT|[1]|SiteController
16:43:20.0 (1577957)|SYSTEM_MODE_ENTER|false
16:43:20.0 (1590974)|HEAP_ALLOCATE|[6]|Bytes:5
16:43:20.0 (1594985)|STATEMENT_EXECUTE|[4]
16:43:20.0 (1596512)|STATEMENT_EXECUTE|[6]
16:43:20.0 (1598735)|HEAP_ALLOCATE|[6]|Bytes:59
16:43:20.0 (1618325)|HEAP_ALLOCATE|[6]|Bytes:4
16:43:20.0 (1881673)|SOQL_EXECUTE_BEGIN|[6]|Aggregations:0|SELECT Id, Name, Content__c, Date__c, like__c FROM Topic__c
16:43:20.0 (6711591)|SOQL_EXECUTE_END|[6]|Rows:16
16:43:20.0 (6735697)|HEAP_ALLOCATE|[6]|Bytes:68
16:43:20.0 (6767749)|HEAP_ALLOCATE|[6]|Bytes:5833
16:43:20.0 (6853892)|HEAP_ALLOCATE|[6]|Bytes:68
16:43:20.0 (6869377)|SYSTEM_MODE_EXIT|false
16:43:20.6 (6894953)|CUMULATIVE_LIMIT_USAGE
16:43:20.6 (6894953)|LIMIT_USAGE_FOR_NS|(default)|
  Number of SOQL queries: 1 out of 100
  Number of query rows: 16 out of 50000
  Number of SOSL queries: 0 out of 20
  Number of DML statements: 0 out of 150
  Number of DML rows: 0 out of 10000
  Maximum CPU time: 0 out of 10000
  Maximum heap size: 0 out of 6000000
  Number of callouts: 0 out of 100
  Number of Email Invocations: 0 out of 10
  Number of future calls: 0 out of 50
  Number of queueable jobs added to the queue: 0 out of 50
  Number of Mobile Apex push calls: 0 out of 10

16:43:20.6 (6894953)|CUMULATIVE_LIMIT_USAGE_END

16:43:20.0 (6925443)|CODE_UNIT_FINISHED|SiteController.getTopics
16:43:20.0 (7158449)|CODE_UNIT_FINISHED|Aura
16:43:20.0 (8238922)|EXECUTION_FINISHED
