42.0 APEX_CODE,FINEST;APEX_PROFILING,INFO;CALLOUT,INFO;DB,INFO;SYSTEM,DEBUG;VALIDATION,INFO;VISUALFORCE,INFO;WAVE,INFO;WORKFLOW,INFO
16:50:19.0 (341640)|USER_INFO|[EXTERNAL]|0051r000007nKPL|assh4884@cunning-goat-277018.com|Greenwich Mean Time|GMTZ
16:50:19.0 (380879)|EXECUTION_STARTED
16:50:19.0 (386156)|CODE_UNIT_STARTED|[EXTERNAL]|Aura
16:50:19.0 (1417560)|HEAP_ALLOCATE|[72]|Bytes:3
16:50:19.0 (1460824)|HEAP_ALLOCATE|[77]|Bytes:152
16:50:19.0 (1475677)|HEAP_ALLOCATE|[342]|Bytes:408
16:50:19.0 (1487756)|HEAP_ALLOCATE|[355]|Bytes:408
16:50:19.0 (1497461)|HEAP_ALLOCATE|[467]|Bytes:48
16:50:19.0 (1522251)|HEAP_ALLOCATE|[139]|Bytes:6
16:50:19.0 (1542497)|HEAP_ALLOCATE|[EXTERNAL]|Bytes:18
16:50:19.0 (1551526)|HEAP_ALLOCATE|[EXTERNAL]|Bytes:18
16:50:19.0 (2319507)|CODE_UNIT_STARTED|[EXTERNAL]|01p1r000005a73H|SiteController.setLikeField
16:50:19.0 (2439738)|HEAP_ALLOCATE|[EXTERNAL]|Bytes:7
16:50:19.0 (2446507)|HEAP_ALLOCATE|[EXTERNAL]|Bytes:5
16:50:19.0 (2456470)|METHOD_ENTRY|[1]|01p1r000005a73H|SiteController.SiteController()
16:50:19.0 (2462466)|STATEMENT_EXECUTE|[1]
16:50:19.0 (2467420)|STATEMENT_EXECUTE|[1]
16:50:19.0 (2499562)|HEAP_ALLOCATE|[50]|Bytes:5
16:50:19.0 (2525298)|HEAP_ALLOCATE|[56]|Bytes:5
16:50:19.0 (2532358)|HEAP_ALLOCATE|[64]|Bytes:7
16:50:19.0 (2554619)|SYSTEM_MODE_ENTER|false
16:50:19.0 (2569525)|HEAP_ALLOCATE|[EXTERNAL]|Bytes:5
16:50:19.0 (2577612)|SYSTEM_MODE_EXIT|false
16:50:19.0 (2585723)|METHOD_EXIT|[1]|SiteController
16:50:19.0 (2590344)|HEAP_ALLOCATE|[EXTERNAL]|Bytes:18
16:50:19.0 (2593915)|HEAP_ALLOCATE|[EXTERNAL]|Bytes:5
16:50:19.0 (2601939)|SYSTEM_MODE_ENTER|false
16:50:19.0 (2610429)|VARIABLE_SCOPE_BEGIN|[24]|id|String|false|false
16:50:19.0 (2634186)|VARIABLE_ASSIGNMENT|[24]|id|"a001r00000nOgpoAAC"
16:50:19.0 (2639262)|VARIABLE_SCOPE_BEGIN|[24]|likeTopic|Boolean|false|false
16:50:19.0 (2647848)|VARIABLE_ASSIGNMENT|[24]|likeTopic|false
16:50:19.0 (2663010)|HEAP_ALLOCATE|[25]|Bytes:5
16:50:19.0 (2667166)|STATEMENT_EXECUTE|[24]
16:50:19.0 (2668872)|STATEMENT_EXECUTE|[25]
16:50:19.0 (2671295)|HEAP_ALLOCATE|[25]|Bytes:60
16:50:19.0 (2692703)|HEAP_ALLOCATE|[25]|Bytes:4
16:50:19.0 (2704126)|HEAP_ALLOCATE|[25]|Bytes:7
16:50:19.0 (3040463)|SOQL_EXECUTE_BEGIN|[25]|Aggregations:0|SELECT Id, like__c FROM Topic__c WHERE Id = :tmpVar1 LIMIT 1
16:50:19.0 (5714409)|SOQL_EXECUTE_END|[25]|Rows:1
16:50:19.0 (5737456)|HEAP_ALLOCATE|[25]|Bytes:8
16:50:19.0 (5753293)|HEAP_ALLOCATE|[25]|Bytes:44
16:50:19.0 (5806914)|HEAP_ALLOCATE|[25]|Bytes:8
16:50:19.0 (5818613)|VARIABLE_SCOPE_BEGIN|[25]|t|List<Topic__c>|true|false
16:50:19.0 (5845399)|VARIABLE_ASSIGNMENT|[25]|t|[{"Id":"a001r00000nOgpoAAC","like__c":true}]|0x1c0d7816
16:50:19.0 (5851966)|STATEMENT_EXECUTE|[26]
16:50:19.0 (5853538)|STATEMENT_EXECUTE|[26]
16:50:19.0 (5854932)|STATEMENT_EXECUTE|[27]
16:50:19.0 (5896057)|HEAP_ALLOCATE|[27]|Bytes:12
16:50:19.0 (5954456)|VARIABLE_ASSIGNMENT|[27]|this.like__c|false|0x181f7d42
16:50:19.0 (5960669)|STATEMENT_EXECUTE|[28]
16:50:19.0 (6001807)|DML_BEGIN|[28]|Op:Update|Type:Topic__c|Rows:1
16:50:19.0 (6030455)|HEAP_ALLOCATE|[EXTERNAL]|Bytes:8
16:50:19.0 (59736566)|DML_END|[28]
16:50:19.0 (59792311)|HEAP_ALLOCATE|[EXTERNAL]|Bytes:8
16:50:19.0 (59817612)|SYSTEM_MODE_EXIT|false
16:50:19.62 (62116368)|CUMULATIVE_LIMIT_USAGE
16:50:19.62 (62116368)|LIMIT_USAGE_FOR_NS|(default)|
  Number of SOQL queries: 1 out of 100
  Number of query rows: 1 out of 50000
  Number of SOSL queries: 0 out of 20
  Number of DML statements: 1 out of 150
  Number of DML rows: 1 out of 10000
  Maximum CPU time: 0 out of 10000
  Maximum heap size: 0 out of 6000000
  Number of callouts: 0 out of 100
  Number of Email Invocations: 0 out of 10
  Number of future calls: 0 out of 50
  Number of queueable jobs added to the queue: 0 out of 50
  Number of Mobile Apex push calls: 0 out of 10

16:50:19.62 (62116368)|CUMULATIVE_LIMIT_USAGE_END

16:50:19.0 (62151243)|CODE_UNIT_FINISHED|SiteController.setLikeField
16:50:19.0 (62215751)|CODE_UNIT_FINISHED|Aura
16:50:19.0 (63018807)|EXECUTION_FINISHED
