42.0 APEX_CODE,FINEST;APEX_PROFILING,INFO;CALLOUT,INFO;DB,INFO;SYSTEM,DEBUG;VALIDATION,INFO;VISUALFORCE,INFO;WAVE,INFO;WORKFLOW,INFO
16:53:56.0 (53388)|USER_INFO|[EXTERNAL]|0051r000007nKPL|assh4884@cunning-goat-277018.com|Greenwich Mean Time|GMTZ
16:53:56.0 (84599)|EXECUTION_STARTED
16:53:56.0 (88088)|CODE_UNIT_STARTED|[EXTERNAL]|Aura
16:53:56.0 (659779)|HEAP_ALLOCATE|[72]|Bytes:3
16:53:56.0 (691864)|HEAP_ALLOCATE|[77]|Bytes:152
16:53:56.0 (705569)|HEAP_ALLOCATE|[342]|Bytes:408
16:53:56.0 (719787)|HEAP_ALLOCATE|[355]|Bytes:408
16:53:56.0 (730065)|HEAP_ALLOCATE|[467]|Bytes:48
16:53:56.0 (752958)|HEAP_ALLOCATE|[139]|Bytes:6
16:53:56.0 (769080)|HEAP_ALLOCATE|[EXTERNAL]|Bytes:18
16:53:56.0 (776491)|HEAP_ALLOCATE|[EXTERNAL]|Bytes:18
16:53:56.0 (1614315)|CODE_UNIT_STARTED|[EXTERNAL]|01p1r000005a73H|SiteController.setLikeField
16:53:56.0 (1680374)|HEAP_ALLOCATE|[EXTERNAL]|Bytes:7
16:53:56.0 (1686857)|HEAP_ALLOCATE|[EXTERNAL]|Bytes:5
16:53:56.0 (1695041)|METHOD_ENTRY|[1]|01p1r000005a73H|SiteController.SiteController()
16:53:56.0 (1700708)|STATEMENT_EXECUTE|[1]
16:53:56.0 (1704458)|STATEMENT_EXECUTE|[1]
16:53:56.0 (1739119)|HEAP_ALLOCATE|[50]|Bytes:5
16:53:56.0 (1760358)|HEAP_ALLOCATE|[56]|Bytes:5
16:53:56.0 (1767445)|HEAP_ALLOCATE|[64]|Bytes:7
16:53:56.0 (1789302)|SYSTEM_MODE_ENTER|false
16:53:56.0 (1800523)|HEAP_ALLOCATE|[EXTERNAL]|Bytes:5
16:53:56.0 (1807210)|SYSTEM_MODE_EXIT|false
16:53:56.0 (1815714)|METHOD_EXIT|[1]|SiteController
16:53:56.0 (1820919)|HEAP_ALLOCATE|[EXTERNAL]|Bytes:18
16:53:56.0 (1824642)|HEAP_ALLOCATE|[EXTERNAL]|Bytes:5
16:53:56.0 (1832141)|SYSTEM_MODE_ENTER|false
16:53:56.0 (1839001)|VARIABLE_SCOPE_BEGIN|[24]|id|String|false|false
16:53:56.0 (1860345)|VARIABLE_ASSIGNMENT|[24]|id|"a001r00000nOgpoAAC"
16:53:56.0 (1865352)|VARIABLE_SCOPE_BEGIN|[24]|likeTopic|Boolean|false|false
16:53:56.0 (1873361)|VARIABLE_ASSIGNMENT|[24]|likeTopic|true
16:53:56.0 (1886558)|HEAP_ALLOCATE|[25]|Bytes:5
16:53:56.0 (1891335)|STATEMENT_EXECUTE|[24]
16:53:56.0 (1892952)|STATEMENT_EXECUTE|[25]
16:53:56.0 (1895418)|HEAP_ALLOCATE|[25]|Bytes:60
16:53:56.0 (1909423)|HEAP_ALLOCATE|[25]|Bytes:4
16:53:56.0 (1920173)|HEAP_ALLOCATE|[25]|Bytes:7
16:53:56.0 (2202144)|SOQL_EXECUTE_BEGIN|[25]|Aggregations:0|SELECT Id, like__c FROM Topic__c WHERE Id = :tmpVar1 LIMIT 1
16:53:56.0 (4191417)|SOQL_EXECUTE_END|[25]|Rows:1
16:53:56.0 (4211640)|HEAP_ALLOCATE|[25]|Bytes:8
16:53:56.0 (4228389)|HEAP_ALLOCATE|[25]|Bytes:44
16:53:56.0 (4306187)|HEAP_ALLOCATE|[25]|Bytes:8
16:53:56.0 (4319257)|VARIABLE_SCOPE_BEGIN|[25]|t|List<Topic__c>|true|false
16:53:56.0 (4342908)|VARIABLE_ASSIGNMENT|[25]|t|[{"Id":"a001r00000nOgpoAAC","like__c":false}]|0x3788b7bb
16:53:56.0 (4349459)|STATEMENT_EXECUTE|[26]
16:53:56.0 (4351083)|STATEMENT_EXECUTE|[26]
16:53:56.0 (4352505)|STATEMENT_EXECUTE|[27]
16:53:56.0 (4386523)|HEAP_ALLOCATE|[27]|Bytes:12
16:53:56.0 (4435246)|VARIABLE_ASSIGNMENT|[27]|this.like__c|true|0x548b1583
16:53:56.0 (4441560)|STATEMENT_EXECUTE|[28]
16:53:56.0 (4495219)|DML_BEGIN|[28]|Op:Update|Type:Topic__c|Rows:1
16:53:56.0 (4522875)|HEAP_ALLOCATE|[EXTERNAL]|Bytes:8
16:53:56.0 (17820639)|DML_END|[28]
16:53:56.0 (17871946)|HEAP_ALLOCATE|[EXTERNAL]|Bytes:8
16:53:56.0 (17896301)|SYSTEM_MODE_EXIT|false
16:53:56.19 (19685841)|CUMULATIVE_LIMIT_USAGE
16:53:56.19 (19685841)|LIMIT_USAGE_FOR_NS|(default)|
  Number of SOQL queries: 1 out of 100
  Number of query rows: 1 out of 50000
  Number of SOSL queries: 0 out of 20
  Number of DML statements: 1 out of 150
  Number of DML rows: 1 out of 10000
  Maximum CPU time: 0 out of 10000
  Maximum heap size: 0 out of 6000000
  Number of callouts: 0 out of 100
  Number of Email Invocations: 0 out of 10
  Number of future calls: 0 out of 50
  Number of queueable jobs added to the queue: 0 out of 50
  Number of Mobile Apex push calls: 0 out of 10

16:53:56.19 (19685841)|CUMULATIVE_LIMIT_USAGE_END

16:53:56.0 (19723928)|CODE_UNIT_FINISHED|SiteController.setLikeField
16:53:56.0 (19786306)|CODE_UNIT_FINISHED|Aura
16:53:56.0 (20625440)|EXECUTION_FINISHED
