42.0 APEX_CODE,FINEST;APEX_PROFILING,INFO;CALLOUT,INFO;DB,INFO;SYSTEM,DEBUG;VALIDATION,INFO;VISUALFORCE,INFO;WAVE,INFO;WORKFLOW,INFO
16:47:33.0 (80090)|USER_INFO|[EXTERNAL]|0051r000007nKPL|assh4884@cunning-goat-277018.com|Greenwich Mean Time|GMTZ
16:47:33.0 (130214)|EXECUTION_STARTED
16:47:33.0 (135957)|CODE_UNIT_STARTED|[EXTERNAL]|Aura
16:47:33.0 (1207281)|CODE_UNIT_STARTED|[EXTERNAL]|01p1r000005a73H|SiteController.getTopics
16:47:33.0 (1373347)|HEAP_ALLOCATE|[72]|Bytes:3
16:47:33.0 (1421525)|HEAP_ALLOCATE|[77]|Bytes:152
16:47:33.0 (1441121)|HEAP_ALLOCATE|[342]|Bytes:408
16:47:33.0 (1460731)|HEAP_ALLOCATE|[355]|Bytes:408
16:47:33.0 (1478253)|HEAP_ALLOCATE|[467]|Bytes:48
16:47:33.0 (1512683)|HEAP_ALLOCATE|[139]|Bytes:6
16:47:33.0 (1595648)|HEAP_ALLOCATE|[EXTERNAL]|Bytes:7
16:47:33.0 (1603651)|HEAP_ALLOCATE|[EXTERNAL]|Bytes:8
16:47:33.0 (1615484)|METHOD_ENTRY|[1]|01p1r000005a73H|SiteController.SiteController()
16:47:33.0 (1623389)|STATEMENT_EXECUTE|[1]
16:47:33.0 (1630697)|STATEMENT_EXECUTE|[1]
16:47:33.0 (1666391)|HEAP_ALLOCATE|[50]|Bytes:5
16:47:33.0 (1691533)|HEAP_ALLOCATE|[56]|Bytes:5
16:47:33.0 (1700759)|HEAP_ALLOCATE|[64]|Bytes:7
16:47:33.0 (1727108)|SYSTEM_MODE_ENTER|false
16:47:33.0 (1743670)|HEAP_ALLOCATE|[EXTERNAL]|Bytes:5
16:47:33.0 (1753692)|SYSTEM_MODE_EXIT|false
16:47:33.0 (1770951)|METHOD_EXIT|[1]|SiteController
16:47:33.0 (1783828)|SYSTEM_MODE_ENTER|false
16:47:33.0 (1799170)|HEAP_ALLOCATE|[6]|Bytes:5
16:47:33.0 (1805064)|STATEMENT_EXECUTE|[4]
16:47:33.0 (1807376)|STATEMENT_EXECUTE|[6]
16:47:33.0 (1811028)|HEAP_ALLOCATE|[6]|Bytes:59
16:47:33.0 (1832929)|HEAP_ALLOCATE|[6]|Bytes:4
16:47:33.0 (2189331)|SOQL_EXECUTE_BEGIN|[6]|Aggregations:0|SELECT Id, Name, Content__c, Date__c, like__c FROM Topic__c
16:47:33.0 (7287253)|SOQL_EXECUTE_END|[6]|Rows:16
16:47:33.0 (7318072)|HEAP_ALLOCATE|[6]|Bytes:68
16:47:33.0 (7358514)|HEAP_ALLOCATE|[6]|Bytes:5833
16:47:33.0 (7479846)|HEAP_ALLOCATE|[6]|Bytes:68
16:47:33.0 (7503237)|SYSTEM_MODE_EXIT|false
16:47:33.7 (7534712)|CUMULATIVE_LIMIT_USAGE
16:47:33.7 (7534712)|LIMIT_USAGE_FOR_NS|(default)|
  Number of SOQL queries: 1 out of 100
  Number of query rows: 16 out of 50000
  Number of SOSL queries: 0 out of 20
  Number of DML statements: 0 out of 150
  Number of DML rows: 0 out of 10000
  Maximum CPU time: 0 out of 10000
  Maximum heap size: 0 out of 6000000
  Number of callouts: 0 out of 100
  Number of Email Invocations: 0 out of 10
  Number of future calls: 0 out of 50
  Number of queueable jobs added to the queue: 0 out of 50
  Number of Mobile Apex push calls: 0 out of 10

16:47:33.7 (7534712)|CUMULATIVE_LIMIT_USAGE_END

16:47:33.0 (7572757)|CODE_UNIT_FINISHED|SiteController.getTopics
16:47:33.0 (7926421)|CODE_UNIT_FINISHED|Aura
16:47:33.0 (9062219)|EXECUTION_FINISHED
