42.0 APEX_CODE,FINEST;APEX_PROFILING,INFO;CALLOUT,INFO;DB,INFO;SYSTEM,DEBUG;VALIDATION,INFO;VISUALFORCE,INFO;WAVE,INFO;WORKFLOW,INFO
16:44:30.0 (319464)|USER_INFO|[EXTERNAL]|0051r000007nKPL|assh4884@cunning-goat-277018.com|Greenwich Mean Time|GMTZ
16:44:30.0 (358541)|EXECUTION_STARTED
16:44:30.0 (364327)|CODE_UNIT_STARTED|[EXTERNAL]|Aura
16:44:30.0 (1488248)|HEAP_ALLOCATE|[72]|Bytes:3
16:44:30.0 (1552751)|HEAP_ALLOCATE|[77]|Bytes:152
16:44:30.0 (1568871)|HEAP_ALLOCATE|[342]|Bytes:408
16:44:30.0 (1580660)|HEAP_ALLOCATE|[355]|Bytes:408
16:44:30.0 (1591421)|HEAP_ALLOCATE|[467]|Bytes:48
16:44:30.0 (1617826)|HEAP_ALLOCATE|[139]|Bytes:6
16:44:30.0 (1639211)|HEAP_ALLOCATE|[EXTERNAL]|Bytes:18
16:44:30.0 (1659646)|HEAP_ALLOCATE|[EXTERNAL]|Bytes:18
16:44:30.0 (2610138)|CODE_UNIT_STARTED|[EXTERNAL]|01p1r000005a73H|SiteController.setLikeField
16:44:30.0 (2762981)|HEAP_ALLOCATE|[EXTERNAL]|Bytes:7
16:44:30.0 (2770798)|HEAP_ALLOCATE|[EXTERNAL]|Bytes:11
16:44:30.0 (2805923)|METHOD_ENTRY|[1]|01p1r000005a73H|SiteController.SiteController()
16:44:30.0 (2816841)|STATEMENT_EXECUTE|[1]
16:44:30.0 (2823146)|STATEMENT_EXECUTE|[1]
16:44:30.0 (2860415)|HEAP_ALLOCATE|[50]|Bytes:5
16:44:30.0 (2895755)|HEAP_ALLOCATE|[56]|Bytes:5
16:44:30.0 (2910067)|HEAP_ALLOCATE|[64]|Bytes:7
16:44:30.0 (2940921)|SYSTEM_MODE_ENTER|false
16:44:30.0 (2961257)|HEAP_ALLOCATE|[EXTERNAL]|Bytes:5
16:44:30.0 (2972660)|SYSTEM_MODE_EXIT|false
16:44:30.0 (3001376)|METHOD_EXIT|[1]|SiteController
16:44:30.0 (3010668)|HEAP_ALLOCATE|[EXTERNAL]|Bytes:18
16:44:30.0 (3016192)|HEAP_ALLOCATE|[EXTERNAL]|Bytes:5
16:44:30.0 (3033378)|SYSTEM_MODE_ENTER|false
16:44:30.0 (3045919)|VARIABLE_SCOPE_BEGIN|[24]|id|String|false|false
16:44:30.0 (3077259)|VARIABLE_ASSIGNMENT|[24]|id|"a001r00000nOvjrAAC"
16:44:30.0 (3085837)|VARIABLE_SCOPE_BEGIN|[24]|likeTopic|Boolean|false|false
16:44:30.0 (3098245)|VARIABLE_ASSIGNMENT|[24]|likeTopic|false
16:44:30.0 (3120835)|HEAP_ALLOCATE|[25]|Bytes:5
16:44:30.0 (3127802)|STATEMENT_EXECUTE|[24]
16:44:30.0 (3130126)|STATEMENT_EXECUTE|[25]
16:44:30.0 (3134624)|HEAP_ALLOCATE|[25]|Bytes:60
16:44:30.0 (3169688)|HEAP_ALLOCATE|[25]|Bytes:4
16:44:30.0 (3203183)|HEAP_ALLOCATE|[25]|Bytes:7
16:44:30.0 (3682339)|SOQL_EXECUTE_BEGIN|[25]|Aggregations:0|SELECT Id, like__c FROM Topic__c WHERE Id = :tmpVar1 LIMIT 1
16:44:30.0 (7074067)|SOQL_EXECUTE_END|[25]|Rows:1
16:44:30.0 (7100065)|HEAP_ALLOCATE|[25]|Bytes:8
16:44:30.0 (7118446)|HEAP_ALLOCATE|[25]|Bytes:44
16:44:30.0 (7166860)|HEAP_ALLOCATE|[25]|Bytes:8
16:44:30.0 (7180238)|VARIABLE_SCOPE_BEGIN|[25]|t|List<Topic__c>|true|false
16:44:30.0 (7212788)|VARIABLE_ASSIGNMENT|[25]|t|[{"Id":"a001r00000nOvjrAAC","like__c":true}]|0x25f949cf
16:44:30.0 (7222538)|STATEMENT_EXECUTE|[27]
16:44:30.0 (7224537)|STATEMENT_EXECUTE|[27]
16:44:30.0 (7225962)|STATEMENT_EXECUTE|[28]
16:44:30.0 (7270560)|HEAP_ALLOCATE|[28]|Bytes:12
16:44:30.0 (7337940)|VARIABLE_ASSIGNMENT|[28]|this.like__c|false|0x1c432ea4
16:44:30.0 (7349029)|STATEMENT_EXECUTE|[29]
16:44:30.0 (7500811)|USER_DEBUG|[29]|DEBUG|(Topic__c:{Id=a001r00000nOvjrAAC, like__c=false})
16:44:30.0 (7544620)|STATEMENT_EXECUTE|[30]
16:44:30.0 (7607023)|DML_BEGIN|[30]|Op:Update|Type:Topic__c|Rows:1
16:44:30.0 (7648312)|HEAP_ALLOCATE|[EXTERNAL]|Bytes:8
16:44:30.0 (29945614)|DML_END|[30]
16:44:30.0 (30012136)|HEAP_ALLOCATE|[EXTERNAL]|Bytes:8
16:44:30.0 (30032116)|STATEMENT_EXECUTE|[31]
16:44:30.0 (30039176)|HEAP_ALLOCATE|[31]|Bytes:8
16:44:30.0 (30089349)|USER_DEBUG|[31]|DEBUG|dffsdfsd
16:44:30.0 (30111674)|SYSTEM_MODE_EXIT|false
16:44:30.33 (33129949)|CUMULATIVE_LIMIT_USAGE
16:44:30.33 (33129949)|LIMIT_USAGE_FOR_NS|(default)|
  Number of SOQL queries: 1 out of 100
  Number of query rows: 1 out of 50000
  Number of SOSL queries: 0 out of 20
  Number of DML statements: 1 out of 150
  Number of DML rows: 1 out of 10000
  Maximum CPU time: 0 out of 10000
  Maximum heap size: 0 out of 6000000
  Number of callouts: 0 out of 100
  Number of Email Invocations: 0 out of 10
  Number of future calls: 0 out of 50
  Number of queueable jobs added to the queue: 0 out of 50
  Number of Mobile Apex push calls: 0 out of 10

16:44:30.33 (33129949)|CUMULATIVE_LIMIT_USAGE_END

16:44:30.0 (33183850)|CODE_UNIT_FINISHED|SiteController.setLikeField
16:44:30.0 (33254526)|CODE_UNIT_FINISHED|Aura
16:44:30.0 (34190492)|EXECUTION_FINISHED
