42.0 APEX_CODE,FINEST;APEX_PROFILING,INFO;CALLOUT,INFO;DB,INFO;SYSTEM,DEBUG;VALIDATION,INFO;VISUALFORCE,INFO;WAVE,INFO;WORKFLOW,INFO
16:50:23.0 (79059)|USER_INFO|[EXTERNAL]|0051r000007nKPL|assh4884@cunning-goat-277018.com|Greenwich Mean Time|GMTZ
16:50:23.0 (124552)|EXECUTION_STARTED
16:50:23.0 (129184)|CODE_UNIT_STARTED|[EXTERNAL]|Aura
16:50:23.0 (1275356)|CODE_UNIT_STARTED|[EXTERNAL]|01p1r000005a73H|SiteController.getTopics
16:50:23.0 (1401682)|HEAP_ALLOCATE|[72]|Bytes:3
16:50:23.0 (1434609)|HEAP_ALLOCATE|[77]|Bytes:152
16:50:23.0 (1450111)|HEAP_ALLOCATE|[342]|Bytes:408
16:50:23.0 (1461662)|HEAP_ALLOCATE|[355]|Bytes:408
16:50:23.0 (1471802)|HEAP_ALLOCATE|[467]|Bytes:48
16:50:23.0 (1496327)|HEAP_ALLOCATE|[139]|Bytes:6
16:50:23.0 (1544389)|HEAP_ALLOCATE|[EXTERNAL]|Bytes:7
16:50:23.0 (1549917)|HEAP_ALLOCATE|[EXTERNAL]|Bytes:5
16:50:23.0 (1558466)|METHOD_ENTRY|[1]|01p1r000005a73H|SiteController.SiteController()
16:50:23.0 (1564206)|STATEMENT_EXECUTE|[1]
16:50:23.0 (1567724)|STATEMENT_EXECUTE|[1]
16:50:23.0 (1596296)|HEAP_ALLOCATE|[50]|Bytes:5
16:50:23.0 (1614736)|HEAP_ALLOCATE|[56]|Bytes:5
16:50:23.0 (1621513)|HEAP_ALLOCATE|[64]|Bytes:7
16:50:23.0 (1643858)|SYSTEM_MODE_ENTER|false
16:50:23.0 (1655941)|HEAP_ALLOCATE|[EXTERNAL]|Bytes:5
16:50:23.0 (1664960)|SYSTEM_MODE_EXIT|false
16:50:23.0 (1673341)|METHOD_EXIT|[1]|SiteController
16:50:23.0 (1682656)|SYSTEM_MODE_ENTER|false
16:50:23.0 (1693833)|HEAP_ALLOCATE|[6]|Bytes:5
16:50:23.0 (1697760)|STATEMENT_EXECUTE|[4]
16:50:23.0 (1699126)|STATEMENT_EXECUTE|[6]
16:50:23.0 (1701446)|HEAP_ALLOCATE|[6]|Bytes:59
16:50:23.0 (1717091)|HEAP_ALLOCATE|[6]|Bytes:4
16:50:23.0 (2116023)|SOQL_EXECUTE_BEGIN|[6]|Aggregations:0|SELECT Id, Name, Content__c, Date__c, like__c FROM Topic__c
16:50:23.0 (7613738)|SOQL_EXECUTE_END|[6]|Rows:16
16:50:23.0 (7642380)|HEAP_ALLOCATE|[6]|Bytes:68
16:50:23.0 (7674479)|HEAP_ALLOCATE|[6]|Bytes:5833
16:50:23.0 (7770454)|HEAP_ALLOCATE|[6]|Bytes:68
16:50:23.0 (7790118)|SYSTEM_MODE_EXIT|false
16:50:23.7 (7817234)|CUMULATIVE_LIMIT_USAGE
16:50:23.7 (7817234)|LIMIT_USAGE_FOR_NS|(default)|
  Number of SOQL queries: 1 out of 100
  Number of query rows: 16 out of 50000
  Number of SOSL queries: 0 out of 20
  Number of DML statements: 0 out of 150
  Number of DML rows: 0 out of 10000
  Maximum CPU time: 0 out of 10000
  Maximum heap size: 0 out of 6000000
  Number of callouts: 0 out of 100
  Number of Email Invocations: 0 out of 10
  Number of future calls: 0 out of 50
  Number of queueable jobs added to the queue: 0 out of 50
  Number of Mobile Apex push calls: 0 out of 10

16:50:23.7 (7817234)|CUMULATIVE_LIMIT_USAGE_END

16:50:23.0 (7851105)|CODE_UNIT_FINISHED|SiteController.getTopics
16:50:23.0 (8108512)|CODE_UNIT_FINISHED|Aura
16:50:23.0 (9367632)|EXECUTION_FINISHED
