42.0 APEX_CODE,FINEST;APEX_PROFILING,INFO;CALLOUT,INFO;DB,INFO;SYSTEM,DEBUG;VALIDATION,INFO;VISUALFORCE,INFO;WAVE,INFO;WORKFLOW,INFO
16:42:03.0 (371564)|USER_INFO|[EXTERNAL]|0051r000007nKPL|assh4884@cunning-goat-277018.com|Greenwich Mean Time|GMTZ
16:42:03.0 (406885)|EXECUTION_STARTED
16:42:03.0 (411874)|CODE_UNIT_STARTED|[EXTERNAL]|Aura
16:42:03.0 (1846990)|CODE_UNIT_STARTED|[EXTERNAL]|01p1r000005a73H|SiteController.getTopics
16:42:03.0 (2042029)|HEAP_ALLOCATE|[72]|Bytes:3
16:42:03.0 (2080704)|HEAP_ALLOCATE|[77]|Bytes:152
16:42:03.0 (2095154)|HEAP_ALLOCATE|[342]|Bytes:408
16:42:03.0 (2106362)|HEAP_ALLOCATE|[355]|Bytes:408
16:42:03.0 (2117852)|HEAP_ALLOCATE|[467]|Bytes:48
16:42:03.0 (2146021)|HEAP_ALLOCATE|[139]|Bytes:6
16:42:03.0 (2165941)|HEAP_ALLOCATE|[EXTERNAL]|Bytes:7
16:42:03.0 (2171799)|HEAP_ALLOCATE|[EXTERNAL]|Bytes:11
16:42:03.0 (2181439)|METHOD_ENTRY|[1]|01p1r000005a73H|SiteController.SiteController()
16:42:03.0 (2187821)|STATEMENT_EXECUTE|[1]
16:42:03.0 (2192231)|STATEMENT_EXECUTE|[1]
16:42:03.0 (2221049)|HEAP_ALLOCATE|[50]|Bytes:5
16:42:03.0 (2240523)|HEAP_ALLOCATE|[56]|Bytes:5
16:42:03.0 (2247256)|HEAP_ALLOCATE|[64]|Bytes:7
16:42:03.0 (2266576)|SYSTEM_MODE_ENTER|false
16:42:03.0 (2277819)|HEAP_ALLOCATE|[EXTERNAL]|Bytes:5
16:42:03.0 (2284151)|SYSTEM_MODE_EXIT|false
16:42:03.0 (2291950)|METHOD_EXIT|[1]|SiteController
16:42:03.0 (2301759)|SYSTEM_MODE_ENTER|false
16:42:03.0 (2313564)|HEAP_ALLOCATE|[6]|Bytes:5
16:42:03.0 (2317756)|STATEMENT_EXECUTE|[4]
16:42:03.0 (2319448)|STATEMENT_EXECUTE|[6]
16:42:03.0 (2322304)|HEAP_ALLOCATE|[6]|Bytes:59
16:42:03.0 (2337623)|HEAP_ALLOCATE|[6]|Bytes:4
16:42:03.0 (2633378)|SOQL_EXECUTE_BEGIN|[6]|Aggregations:0|SELECT Id, Name, Content__c, Date__c, like__c FROM Topic__c
16:42:03.0 (7811259)|SOQL_EXECUTE_END|[6]|Rows:16
16:42:03.0 (7833829)|HEAP_ALLOCATE|[6]|Bytes:68
16:42:03.0 (7863517)|HEAP_ALLOCATE|[6]|Bytes:5833
16:42:03.0 (7900195)|HEAP_ALLOCATE|[6]|Bytes:68
16:42:03.0 (7914410)|SYSTEM_MODE_EXIT|false
16:42:03.7 (7942980)|CUMULATIVE_LIMIT_USAGE
16:42:03.7 (7942980)|LIMIT_USAGE_FOR_NS|(default)|
  Number of SOQL queries: 1 out of 100
  Number of query rows: 16 out of 50000
  Number of SOSL queries: 0 out of 20
  Number of DML statements: 0 out of 150
  Number of DML rows: 0 out of 10000
  Maximum CPU time: 0 out of 10000
  Maximum heap size: 0 out of 6000000
  Number of callouts: 0 out of 100
  Number of Email Invocations: 0 out of 10
  Number of future calls: 0 out of 50
  Number of queueable jobs added to the queue: 0 out of 50
  Number of Mobile Apex push calls: 0 out of 10

16:42:03.7 (7942980)|CUMULATIVE_LIMIT_USAGE_END

16:42:03.0 (7975879)|CODE_UNIT_FINISHED|SiteController.getTopics
16:42:03.0 (8286895)|CODE_UNIT_FINISHED|Aura
16:42:03.0 (9423822)|EXECUTION_FINISHED
