42.0 APEX_CODE,FINEST;APEX_PROFILING,INFO;CALLOUT,INFO;DB,INFO;SYSTEM,DEBUG;VALIDATION,INFO;VISUALFORCE,INFO;WAVE,INFO;WORKFLOW,INFO
15:35:12.0 (306014)|USER_INFO|[EXTERNAL]|0051r000007nKPL|assh4884@cunning-goat-277018.com|Greenwich Mean Time|GMTZ
15:35:12.0 (339122)|EXECUTION_STARTED
15:35:12.0 (343253)|CODE_UNIT_STARTED|[EXTERNAL]|Aura
15:35:12.0 (1921636)|CODE_UNIT_STARTED|[EXTERNAL]|01p1r000005a73H|SiteController.getTopics
15:35:12.0 (2112736)|HEAP_ALLOCATE|[72]|Bytes:3
15:35:12.0 (2156437)|HEAP_ALLOCATE|[77]|Bytes:152
15:35:12.0 (2171220)|HEAP_ALLOCATE|[342]|Bytes:408
15:35:12.0 (2184140)|HEAP_ALLOCATE|[355]|Bytes:408
15:35:12.0 (2195217)|HEAP_ALLOCATE|[467]|Bytes:48
15:35:12.0 (2224197)|HEAP_ALLOCATE|[139]|Bytes:6
15:35:12.0 (2241476)|HEAP_ALLOCATE|[EXTERNAL]|Bytes:4
15:35:12.0 (2246092)|HEAP_ALLOCATE|[EXTERNAL]|Bytes:2
15:35:12.0 (2255481)|METHOD_ENTRY|[1]|01p1r000005a73H|SiteController.SiteController()
15:35:12.0 (2262200)|STATEMENT_EXECUTE|[1]
15:35:12.0 (2266812)|STATEMENT_EXECUTE|[1]
15:35:12.0 (2297779)|HEAP_ALLOCATE|[50]|Bytes:5
15:35:12.0 (2322375)|HEAP_ALLOCATE|[56]|Bytes:5
15:35:12.0 (2329033)|HEAP_ALLOCATE|[64]|Bytes:7
15:35:12.0 (2348136)|SYSTEM_MODE_ENTER|false
15:35:12.0 (2360702)|HEAP_ALLOCATE|[EXTERNAL]|Bytes:5
15:35:12.0 (2368528)|SYSTEM_MODE_EXIT|false
15:35:12.0 (2376195)|METHOD_EXIT|[1]|SiteController
15:35:12.0 (2385776)|SYSTEM_MODE_ENTER|false
15:35:12.0 (2397392)|HEAP_ALLOCATE|[6]|Bytes:5
15:35:12.0 (2401524)|STATEMENT_EXECUTE|[4]
15:35:12.0 (2402942)|STATEMENT_EXECUTE|[6]
15:35:12.0 (2405747)|HEAP_ALLOCATE|[6]|Bytes:59
15:35:12.0 (2426374)|HEAP_ALLOCATE|[6]|Bytes:4
15:35:12.0 (3159003)|SOQL_EXECUTE_BEGIN|[6]|Aggregations:0|SELECT Id, Name, Content__c, Date__c, like__c FROM Topic__c
15:35:12.0 (9545976)|SOQL_EXECUTE_END|[6]|Rows:16
15:35:12.0 (9569029)|HEAP_ALLOCATE|[6]|Bytes:68
15:35:12.0 (9598531)|HEAP_ALLOCATE|[6]|Bytes:5833
15:35:12.0 (9648446)|HEAP_ALLOCATE|[6]|Bytes:68
15:35:12.0 (9662981)|SYSTEM_MODE_EXIT|false
15:35:12.9 (9685828)|CUMULATIVE_LIMIT_USAGE
15:35:12.9 (9685828)|LIMIT_USAGE_FOR_NS|(default)|
  Number of SOQL queries: 1 out of 100
  Number of query rows: 16 out of 50000
  Number of SOSL queries: 0 out of 20
  Number of DML statements: 0 out of 150
  Number of DML rows: 0 out of 10000
  Maximum CPU time: 0 out of 10000
  Maximum heap size: 0 out of 6000000
  Number of callouts: 0 out of 100
  Number of Email Invocations: 0 out of 10
  Number of future calls: 0 out of 50
  Number of queueable jobs added to the queue: 0 out of 50
  Number of Mobile Apex push calls: 0 out of 10

15:35:12.9 (9685828)|CUMULATIVE_LIMIT_USAGE_END

15:35:12.0 (9721138)|CODE_UNIT_FINISHED|SiteController.getTopics
15:35:12.0 (9963654)|CODE_UNIT_FINISHED|Aura
15:35:12.0 (11113616)|EXECUTION_FINISHED
