42.0 APEX_CODE,FINEST;APEX_PROFILING,INFO;CALLOUT,INFO;DB,INFO;SYSTEM,DEBUG;VALIDATION,INFO;VISUALFORCE,INFO;WAVE,INFO;WORKFLOW,INFO
16:57:12.0 (66634)|USER_INFO|[EXTERNAL]|0051r000007nKPL|assh4884@cunning-goat-277018.com|Greenwich Mean Time|GMTZ
16:57:12.0 (99956)|EXECUTION_STARTED
16:57:12.0 (104181)|CODE_UNIT_STARTED|[EXTERNAL]|Aura
16:57:12.0 (733892)|HEAP_ALLOCATE|[72]|Bytes:3
16:57:12.0 (780061)|HEAP_ALLOCATE|[77]|Bytes:152
16:57:12.0 (797803)|HEAP_ALLOCATE|[342]|Bytes:408
16:57:12.0 (809815)|HEAP_ALLOCATE|[355]|Bytes:408
16:57:12.0 (820386)|HEAP_ALLOCATE|[467]|Bytes:48
16:57:12.0 (844748)|HEAP_ALLOCATE|[139]|Bytes:6
16:57:12.0 (862218)|HEAP_ALLOCATE|[EXTERNAL]|Bytes:18
16:57:12.0 (870317)|HEAP_ALLOCATE|[EXTERNAL]|Bytes:18
16:57:12.0 (1644687)|CODE_UNIT_STARTED|[EXTERNAL]|01p1r000005a73H|SiteController.setLikeField
16:57:12.0 (1736803)|HEAP_ALLOCATE|[EXTERNAL]|Bytes:7
16:57:12.0 (1743841)|HEAP_ALLOCATE|[EXTERNAL]|Bytes:5
16:57:12.0 (1752813)|METHOD_ENTRY|[1]|01p1r000005a73H|SiteController.SiteController()
16:57:12.0 (1758351)|STATEMENT_EXECUTE|[1]
16:57:12.0 (1763603)|STATEMENT_EXECUTE|[1]
16:57:12.0 (1793848)|HEAP_ALLOCATE|[50]|Bytes:5
16:57:12.0 (1819967)|HEAP_ALLOCATE|[56]|Bytes:5
16:57:12.0 (1827353)|HEAP_ALLOCATE|[64]|Bytes:7
16:57:12.0 (1849751)|SYSTEM_MODE_ENTER|false
16:57:12.0 (1863754)|HEAP_ALLOCATE|[EXTERNAL]|Bytes:5
16:57:12.0 (1872849)|SYSTEM_MODE_EXIT|false
16:57:12.0 (1880961)|METHOD_EXIT|[1]|SiteController
16:57:12.0 (1885901)|HEAP_ALLOCATE|[EXTERNAL]|Bytes:18
16:57:12.0 (1889531)|HEAP_ALLOCATE|[EXTERNAL]|Bytes:5
16:57:12.0 (1897076)|SYSTEM_MODE_ENTER|false
16:57:12.0 (1904742)|VARIABLE_SCOPE_BEGIN|[24]|id|String|false|false
16:57:12.0 (1927265)|VARIABLE_ASSIGNMENT|[24]|id|"a001r00000nPbaFAAS"
16:57:12.0 (1932635)|VARIABLE_SCOPE_BEGIN|[24]|likeTopic|Boolean|false|false
16:57:12.0 (1941230)|VARIABLE_ASSIGNMENT|[24]|likeTopic|true
16:57:12.0 (1954331)|HEAP_ALLOCATE|[25]|Bytes:5
16:57:12.0 (1958452)|STATEMENT_EXECUTE|[24]
16:57:12.0 (1960066)|STATEMENT_EXECUTE|[25]
16:57:12.0 (1962340)|HEAP_ALLOCATE|[25]|Bytes:60
16:57:12.0 (1983422)|HEAP_ALLOCATE|[25]|Bytes:4
16:57:12.0 (1995384)|HEAP_ALLOCATE|[25]|Bytes:7
16:57:12.0 (2384153)|SOQL_EXECUTE_BEGIN|[25]|Aggregations:0|SELECT Id, like__c FROM Topic__c WHERE Id = :tmpVar1 LIMIT 1
16:57:12.0 (4489652)|SOQL_EXECUTE_END|[25]|Rows:1
16:57:12.0 (4512257)|HEAP_ALLOCATE|[25]|Bytes:8
16:57:12.0 (4528814)|HEAP_ALLOCATE|[25]|Bytes:44
16:57:12.0 (4634196)|HEAP_ALLOCATE|[25]|Bytes:8
16:57:12.0 (4648348)|VARIABLE_SCOPE_BEGIN|[25]|t|List<Topic__c>|true|false
16:57:12.0 (4678752)|VARIABLE_ASSIGNMENT|[25]|t|[{"Id":"a001r00000nPbaFAAS","like__c":false}]|0x62faf373
16:57:12.0 (4684637)|STATEMENT_EXECUTE|[26]
16:57:12.0 (4686226)|STATEMENT_EXECUTE|[26]
16:57:12.0 (4687529)|STATEMENT_EXECUTE|[27]
16:57:12.0 (4732239)|HEAP_ALLOCATE|[27]|Bytes:12
16:57:12.0 (4790776)|VARIABLE_ASSIGNMENT|[27]|this.like__c|true|0x32365c7
16:57:12.0 (4797027)|STATEMENT_EXECUTE|[28]
16:57:12.0 (4839676)|DML_BEGIN|[28]|Op:Update|Type:Topic__c|Rows:1
16:57:12.0 (4868357)|HEAP_ALLOCATE|[EXTERNAL]|Bytes:8
16:57:12.0 (18145498)|DML_END|[28]
16:57:12.0 (18210322)|HEAP_ALLOCATE|[EXTERNAL]|Bytes:8
16:57:12.0 (18239665)|SYSTEM_MODE_EXIT|false
16:57:12.19 (19995457)|CUMULATIVE_LIMIT_USAGE
16:57:12.19 (19995457)|LIMIT_USAGE_FOR_NS|(default)|
  Number of SOQL queries: 1 out of 100
  Number of query rows: 1 out of 50000
  Number of SOSL queries: 0 out of 20
  Number of DML statements: 1 out of 150
  Number of DML rows: 1 out of 10000
  Maximum CPU time: 0 out of 10000
  Maximum heap size: 0 out of 6000000
  Number of callouts: 0 out of 100
  Number of Email Invocations: 0 out of 10
  Number of future calls: 0 out of 50
  Number of queueable jobs added to the queue: 0 out of 50
  Number of Mobile Apex push calls: 0 out of 10

16:57:12.19 (19995457)|CUMULATIVE_LIMIT_USAGE_END

16:57:12.0 (20036242)|CODE_UNIT_FINISHED|SiteController.setLikeField
16:57:12.0 (20109398)|CODE_UNIT_FINISHED|Aura
16:57:12.0 (20961632)|EXECUTION_FINISHED
