42.0 APEX_CODE,FINEST;APEX_PROFILING,INFO;CALLOUT,INFO;DB,INFO;SYSTEM,DEBUG;VALIDATION,INFO;VISUALFORCE,INFO;WAVE,INFO;WORKFLOW,INFO
16:41:08.0 (382607)|USER_INFO|[EXTERNAL]|0051r000007nKPL|assh4884@cunning-goat-277018.com|Greenwich Mean Time|GMTZ
16:41:08.0 (417801)|EXECUTION_STARTED
16:41:08.0 (422043)|CODE_UNIT_STARTED|[EXTERNAL]|Aura
16:41:08.0 (1885568)|CODE_UNIT_STARTED|[EXTERNAL]|01p1r000005a73H|SiteController.getTopics
16:41:08.0 (2038071)|HEAP_ALLOCATE|[72]|Bytes:3
16:41:08.0 (2068943)|HEAP_ALLOCATE|[77]|Bytes:152
16:41:08.0 (2083960)|HEAP_ALLOCATE|[342]|Bytes:408
16:41:08.0 (2096677)|HEAP_ALLOCATE|[355]|Bytes:408
16:41:08.0 (2106891)|HEAP_ALLOCATE|[467]|Bytes:48
16:41:08.0 (2130384)|HEAP_ALLOCATE|[139]|Bytes:6
16:41:08.0 (2147224)|HEAP_ALLOCATE|[EXTERNAL]|Bytes:7
16:41:08.0 (2152476)|HEAP_ALLOCATE|[EXTERNAL]|Bytes:8
16:41:08.0 (2162315)|METHOD_ENTRY|[1]|01p1r000005a73H|SiteController.SiteController()
16:41:08.0 (2169217)|STATEMENT_EXECUTE|[1]
16:41:08.0 (2173692)|STATEMENT_EXECUTE|[1]
16:41:08.0 (2205116)|HEAP_ALLOCATE|[50]|Bytes:5
16:41:08.0 (2223268)|HEAP_ALLOCATE|[56]|Bytes:5
16:41:08.0 (2231000)|HEAP_ALLOCATE|[64]|Bytes:7
16:41:08.0 (2250379)|SYSTEM_MODE_ENTER|false
16:41:08.0 (2263779)|HEAP_ALLOCATE|[EXTERNAL]|Bytes:5
16:41:08.0 (2271151)|SYSTEM_MODE_EXIT|false
16:41:08.0 (2279676)|METHOD_EXIT|[1]|SiteController
16:41:08.0 (2289170)|SYSTEM_MODE_ENTER|false
16:41:08.0 (2302003)|HEAP_ALLOCATE|[6]|Bytes:5
16:41:08.0 (2306001)|STATEMENT_EXECUTE|[4]
16:41:08.0 (2307413)|STATEMENT_EXECUTE|[6]
16:41:08.0 (2310287)|HEAP_ALLOCATE|[6]|Bytes:59
16:41:08.0 (2330930)|HEAP_ALLOCATE|[6]|Bytes:4
16:41:08.0 (3114907)|SOQL_EXECUTE_BEGIN|[6]|Aggregations:0|SELECT Id, Name, Content__c, Date__c, like__c FROM Topic__c
16:41:08.0 (8099429)|SOQL_EXECUTE_END|[6]|Rows:16
16:41:08.0 (8123255)|HEAP_ALLOCATE|[6]|Bytes:68
16:41:08.0 (8152561)|HEAP_ALLOCATE|[6]|Bytes:5833
16:41:08.0 (8201729)|HEAP_ALLOCATE|[6]|Bytes:68
16:41:08.0 (8217216)|SYSTEM_MODE_EXIT|false
16:41:08.8 (8242418)|CUMULATIVE_LIMIT_USAGE
16:41:08.8 (8242418)|LIMIT_USAGE_FOR_NS|(default)|
  Number of SOQL queries: 1 out of 100
  Number of query rows: 16 out of 50000
  Number of SOSL queries: 0 out of 20
  Number of DML statements: 0 out of 150
  Number of DML rows: 0 out of 10000
  Maximum CPU time: 0 out of 10000
  Maximum heap size: 0 out of 6000000
  Number of callouts: 0 out of 100
  Number of Email Invocations: 0 out of 10
  Number of future calls: 0 out of 50
  Number of queueable jobs added to the queue: 0 out of 50
  Number of Mobile Apex push calls: 0 out of 10

16:41:08.8 (8242418)|CUMULATIVE_LIMIT_USAGE_END

16:41:08.0 (8271632)|CODE_UNIT_FINISHED|SiteController.getTopics
16:41:08.0 (8500669)|CODE_UNIT_FINISHED|Aura
16:41:08.0 (9565720)|EXECUTION_FINISHED
