42.0 APEX_CODE,FINEST;APEX_PROFILING,INFO;CALLOUT,INFO;DB,INFO;SYSTEM,DEBUG;VALIDATION,INFO;VISUALFORCE,INFO;WAVE,INFO;WORKFLOW,INFO
16:42:38.0 (304460)|USER_INFO|[EXTERNAL]|0051r000007nKPL|assh4884@cunning-goat-277018.com|Greenwich Mean Time|GMTZ
16:42:38.0 (335671)|EXECUTION_STARTED
16:42:38.0 (340600)|CODE_UNIT_STARTED|[EXTERNAL]|Aura
16:42:38.0 (1985823)|CODE_UNIT_STARTED|[EXTERNAL]|01p1r000005a73H|SiteController.getTopics
16:42:38.0 (2257104)|HEAP_ALLOCATE|[72]|Bytes:3
16:42:38.0 (2321142)|HEAP_ALLOCATE|[77]|Bytes:152
16:42:38.0 (2336946)|HEAP_ALLOCATE|[342]|Bytes:408
16:42:38.0 (2349873)|HEAP_ALLOCATE|[355]|Bytes:408
16:42:38.0 (2360288)|HEAP_ALLOCATE|[467]|Bytes:48
16:42:38.0 (2387720)|HEAP_ALLOCATE|[139]|Bytes:6
16:42:38.0 (2403179)|HEAP_ALLOCATE|[EXTERNAL]|Bytes:7
16:42:38.0 (2423548)|HEAP_ALLOCATE|[EXTERNAL]|Bytes:11
16:42:38.0 (2445885)|METHOD_ENTRY|[1]|01p1r000005a73H|SiteController.SiteController()
16:42:38.0 (2452550)|STATEMENT_EXECUTE|[1]
16:42:38.0 (2457490)|STATEMENT_EXECUTE|[1]
16:42:38.0 (2489498)|HEAP_ALLOCATE|[50]|Bytes:5
16:42:38.0 (2513556)|HEAP_ALLOCATE|[56]|Bytes:5
16:42:38.0 (2520454)|HEAP_ALLOCATE|[64]|Bytes:7
16:42:38.0 (2542103)|SYSTEM_MODE_ENTER|false
16:42:38.0 (2556009)|HEAP_ALLOCATE|[EXTERNAL]|Bytes:5
16:42:38.0 (2564339)|SYSTEM_MODE_EXIT|false
16:42:38.0 (2583870)|METHOD_EXIT|[1]|SiteController
16:42:38.0 (2597597)|SYSTEM_MODE_ENTER|false
16:42:38.0 (2612352)|HEAP_ALLOCATE|[6]|Bytes:5
16:42:38.0 (2616427)|STATEMENT_EXECUTE|[4]
16:42:38.0 (2618103)|STATEMENT_EXECUTE|[6]
16:42:38.0 (2621794)|HEAP_ALLOCATE|[6]|Bytes:59
16:42:38.0 (2646935)|HEAP_ALLOCATE|[6]|Bytes:4
16:42:38.0 (2967970)|SOQL_EXECUTE_BEGIN|[6]|Aggregations:0|SELECT Id, Name, Content__c, Date__c, like__c FROM Topic__c
16:42:38.0 (7800107)|SOQL_EXECUTE_END|[6]|Rows:16
16:42:38.0 (7823397)|HEAP_ALLOCATE|[6]|Bytes:68
16:42:38.0 (7854934)|HEAP_ALLOCATE|[6]|Bytes:5833
16:42:38.0 (7900742)|HEAP_ALLOCATE|[6]|Bytes:68
16:42:38.0 (7915477)|SYSTEM_MODE_EXIT|false
16:42:38.7 (7941173)|CUMULATIVE_LIMIT_USAGE
16:42:38.7 (7941173)|LIMIT_USAGE_FOR_NS|(default)|
  Number of SOQL queries: 1 out of 100
  Number of query rows: 16 out of 50000
  Number of SOSL queries: 0 out of 20
  Number of DML statements: 0 out of 150
  Number of DML rows: 0 out of 10000
  Maximum CPU time: 0 out of 10000
  Maximum heap size: 0 out of 6000000
  Number of callouts: 0 out of 100
  Number of Email Invocations: 0 out of 10
  Number of future calls: 0 out of 50
  Number of queueable jobs added to the queue: 0 out of 50
  Number of Mobile Apex push calls: 0 out of 10

16:42:38.7 (7941173)|CUMULATIVE_LIMIT_USAGE_END

16:42:38.0 (7973106)|CODE_UNIT_FINISHED|SiteController.getTopics
16:42:38.0 (8227364)|CODE_UNIT_FINISHED|Aura
16:42:38.0 (9327509)|EXECUTION_FINISHED
