42.0 APEX_CODE,FINEST;APEX_PROFILING,INFO;CALLOUT,INFO;DB,INFO;SYSTEM,DEBUG;VALIDATION,INFO;VISUALFORCE,INFO;WAVE,INFO;WORKFLOW,INFO
16:37:34.0 (540079)|USER_INFO|[EXTERNAL]|0051r000007nKPL|assh4884@cunning-goat-277018.com|Greenwich Mean Time|GMTZ
16:37:34.0 (573780)|EXECUTION_STARTED
16:37:34.0 (578376)|CODE_UNIT_STARTED|[EXTERNAL]|Aura
16:37:34.0 (2361487)|CODE_UNIT_STARTED|[EXTERNAL]|01p1r000005a73H|SiteController.getTopics
16:37:34.0 (2574210)|HEAP_ALLOCATE|[72]|Bytes:3
16:37:34.0 (2624664)|HEAP_ALLOCATE|[77]|Bytes:152
16:37:34.0 (2639170)|HEAP_ALLOCATE|[342]|Bytes:408
16:37:34.0 (2651262)|HEAP_ALLOCATE|[355]|Bytes:408
16:37:34.0 (2662586)|HEAP_ALLOCATE|[467]|Bytes:48
16:37:34.0 (2690929)|HEAP_ALLOCATE|[139]|Bytes:6
16:37:34.0 (2709508)|HEAP_ALLOCATE|[EXTERNAL]|Bytes:7
16:37:34.0 (2715079)|HEAP_ALLOCATE|[EXTERNAL]|Bytes:5
16:37:34.0 (2724337)|METHOD_ENTRY|[1]|01p1r000005a73H|SiteController.SiteController()
16:37:34.0 (2730709)|STATEMENT_EXECUTE|[1]
16:37:34.0 (2734675)|STATEMENT_EXECUTE|[1]
16:37:34.0 (2782894)|HEAP_ALLOCATE|[50]|Bytes:5
16:37:34.0 (2810953)|HEAP_ALLOCATE|[56]|Bytes:5
16:37:34.0 (2819054)|HEAP_ALLOCATE|[64]|Bytes:7
16:37:34.0 (2841561)|SYSTEM_MODE_ENTER|false
16:37:34.0 (2852355)|HEAP_ALLOCATE|[EXTERNAL]|Bytes:5
16:37:34.0 (2860425)|SYSTEM_MODE_EXIT|false
16:37:34.0 (2869073)|METHOD_EXIT|[1]|SiteController
16:37:34.0 (2879227)|SYSTEM_MODE_ENTER|false
16:37:34.0 (2891278)|HEAP_ALLOCATE|[6]|Bytes:5
16:37:34.0 (2895491)|STATEMENT_EXECUTE|[4]
16:37:34.0 (2897080)|STATEMENT_EXECUTE|[6]
16:37:34.0 (2900189)|HEAP_ALLOCATE|[6]|Bytes:59
16:37:34.0 (2922990)|HEAP_ALLOCATE|[6]|Bytes:4
16:37:34.0 (3615227)|SOQL_EXECUTE_BEGIN|[6]|Aggregations:0|SELECT Id, Name, Content__c, Date__c, like__c FROM Topic__c
16:37:34.0 (11585813)|SOQL_EXECUTE_END|[6]|Rows:16
16:37:34.0 (11610329)|HEAP_ALLOCATE|[6]|Bytes:68
16:37:34.0 (11640464)|HEAP_ALLOCATE|[6]|Bytes:5833
16:37:34.0 (11699297)|HEAP_ALLOCATE|[6]|Bytes:68
16:37:34.0 (11718903)|SYSTEM_MODE_EXIT|false
16:37:34.11 (11742701)|CUMULATIVE_LIMIT_USAGE
16:37:34.11 (11742701)|LIMIT_USAGE_FOR_NS|(default)|
  Number of SOQL queries: 1 out of 100
  Number of query rows: 16 out of 50000
  Number of SOSL queries: 0 out of 20
  Number of DML statements: 0 out of 150
  Number of DML rows: 0 out of 10000
  Maximum CPU time: 0 out of 10000
  Maximum heap size: 0 out of 6000000
  Number of callouts: 0 out of 100
  Number of Email Invocations: 0 out of 10
  Number of future calls: 0 out of 50
  Number of queueable jobs added to the queue: 0 out of 50
  Number of Mobile Apex push calls: 0 out of 10

16:37:34.11 (11742701)|CUMULATIVE_LIMIT_USAGE_END

16:37:34.0 (11785097)|CODE_UNIT_FINISHED|SiteController.getTopics
16:37:34.0 (12133549)|CODE_UNIT_FINISHED|Aura
16:37:34.0 (13770967)|EXECUTION_FINISHED
