42.0 APEX_CODE,FINEST;APEX_PROFILING,INFO;CALLOUT,INFO;DB,INFO;SYSTEM,DEBUG;VALIDATION,INFO;VISUALFORCE,INFO;WAVE,INFO;WORKFLOW,INFO
15:34:00.0 (314200)|USER_INFO|[EXTERNAL]|0051r000007nKPL|assh4884@cunning-goat-277018.com|Greenwich Mean Time|GMTZ
15:34:00.0 (348193)|EXECUTION_STARTED
15:34:00.0 (353326)|CODE_UNIT_STARTED|[EXTERNAL]|Aura
15:34:00.0 (2101641)|CODE_UNIT_STARTED|[EXTERNAL]|01p1r000005a73H|SiteController.getTopics
15:34:00.0 (2302425)|HEAP_ALLOCATE|[72]|Bytes:3
15:34:00.0 (2371912)|HEAP_ALLOCATE|[77]|Bytes:152
15:34:00.0 (2390652)|HEAP_ALLOCATE|[342]|Bytes:408
15:34:00.0 (2403267)|HEAP_ALLOCATE|[355]|Bytes:408
15:34:00.0 (2415425)|HEAP_ALLOCATE|[467]|Bytes:48
15:34:00.0 (2442910)|HEAP_ALLOCATE|[139]|Bytes:6
15:34:00.0 (2463564)|HEAP_ALLOCATE|[EXTERNAL]|Bytes:4
15:34:00.0 (2485573)|HEAP_ALLOCATE|[EXTERNAL]|Bytes:2
15:34:00.0 (2509743)|METHOD_ENTRY|[1]|01p1r000005a73H|SiteController.SiteController()
15:34:00.0 (2516753)|STATEMENT_EXECUTE|[1]
15:34:00.0 (2521949)|STATEMENT_EXECUTE|[1]
15:34:00.0 (2561661)|HEAP_ALLOCATE|[50]|Bytes:5
15:34:00.0 (2587205)|HEAP_ALLOCATE|[56]|Bytes:5
15:34:00.0 (2594712)|HEAP_ALLOCATE|[64]|Bytes:7
15:34:00.0 (2616913)|SYSTEM_MODE_ENTER|false
15:34:00.0 (2631258)|HEAP_ALLOCATE|[EXTERNAL]|Bytes:5
15:34:00.0 (2639369)|SYSTEM_MODE_EXIT|false
15:34:00.0 (2660508)|METHOD_EXIT|[1]|SiteController
15:34:00.0 (2670569)|SYSTEM_MODE_ENTER|false
15:34:00.0 (2685826)|HEAP_ALLOCATE|[6]|Bytes:5
15:34:00.0 (2690374)|STATEMENT_EXECUTE|[4]
15:34:00.0 (2692164)|STATEMENT_EXECUTE|[6]
15:34:00.0 (2694625)|HEAP_ALLOCATE|[6]|Bytes:59
15:34:00.0 (2719326)|HEAP_ALLOCATE|[6]|Bytes:4
15:34:00.0 (3461490)|SOQL_EXECUTE_BEGIN|[6]|Aggregations:0|SELECT Id, Name, Content__c, Date__c, like__c FROM Topic__c
15:34:00.0 (8835338)|SOQL_EXECUTE_END|[6]|Rows:16
15:34:00.0 (8864389)|HEAP_ALLOCATE|[6]|Bytes:68
15:34:00.0 (8896107)|HEAP_ALLOCATE|[6]|Bytes:5833
15:34:00.0 (8959050)|HEAP_ALLOCATE|[6]|Bytes:68
15:34:00.0 (8982714)|SYSTEM_MODE_EXIT|false
15:34:00.9 (9009143)|CUMULATIVE_LIMIT_USAGE
15:34:00.9 (9009143)|LIMIT_USAGE_FOR_NS|(default)|
  Number of SOQL queries: 1 out of 100
  Number of query rows: 16 out of 50000
  Number of SOSL queries: 0 out of 20
  Number of DML statements: 0 out of 150
  Number of DML rows: 0 out of 10000
  Maximum CPU time: 0 out of 10000
  Maximum heap size: 0 out of 6000000
  Number of callouts: 0 out of 100
  Number of Email Invocations: 0 out of 10
  Number of future calls: 0 out of 50
  Number of queueable jobs added to the queue: 0 out of 50
  Number of Mobile Apex push calls: 0 out of 10

15:34:00.9 (9009143)|CUMULATIVE_LIMIT_USAGE_END

15:34:00.0 (9044932)|CODE_UNIT_FINISHED|SiteController.getTopics
15:34:00.0 (9296245)|CODE_UNIT_FINISHED|Aura
15:34:00.0 (10606838)|EXECUTION_FINISHED
