42.0 APEX_CODE,FINEST;APEX_PROFILING,INFO;CALLOUT,INFO;DB,INFO;SYSTEM,DEBUG;VALIDATION,INFO;VISUALFORCE,INFO;WAVE,INFO;WORKFLOW,INFO
15:49:50.0 (350360)|USER_INFO|[EXTERNAL]|0051r000007nKPL|assh4884@cunning-goat-277018.com|Greenwich Mean Time|GMTZ
15:49:50.0 (385571)|EXECUTION_STARTED
15:49:50.0 (389940)|CODE_UNIT_STARTED|[EXTERNAL]|Aura
15:49:50.0 (1836098)|CODE_UNIT_STARTED|[EXTERNAL]|01p1r000005a73H|SiteController.getTopics
15:49:50.0 (2086195)|HEAP_ALLOCATE|[72]|Bytes:3
15:49:50.0 (2149320)|HEAP_ALLOCATE|[77]|Bytes:152
15:49:50.0 (2163172)|HEAP_ALLOCATE|[342]|Bytes:408
15:49:50.0 (2175219)|HEAP_ALLOCATE|[355]|Bytes:408
15:49:50.0 (2186070)|HEAP_ALLOCATE|[467]|Bytes:48
15:49:50.0 (2211665)|HEAP_ALLOCATE|[139]|Bytes:6
15:49:50.0 (2225907)|HEAP_ALLOCATE|[EXTERNAL]|Bytes:4
15:49:50.0 (2246488)|HEAP_ALLOCATE|[EXTERNAL]|Bytes:2
15:49:50.0 (2268010)|METHOD_ENTRY|[1]|01p1r000005a73H|SiteController.SiteController()
15:49:50.0 (2280013)|STATEMENT_EXECUTE|[1]
15:49:50.0 (2284013)|STATEMENT_EXECUTE|[1]
15:49:50.0 (2310730)|HEAP_ALLOCATE|[50]|Bytes:5
15:49:50.0 (2330883)|HEAP_ALLOCATE|[56]|Bytes:5
15:49:50.0 (2337521)|HEAP_ALLOCATE|[64]|Bytes:7
15:49:50.0 (2359947)|SYSTEM_MODE_ENTER|false
15:49:50.0 (2372538)|HEAP_ALLOCATE|[EXTERNAL]|Bytes:5
15:49:50.0 (2380479)|SYSTEM_MODE_EXIT|false
15:49:50.0 (2398949)|METHOD_EXIT|[1]|SiteController
15:49:50.0 (2410776)|SYSTEM_MODE_ENTER|false
15:49:50.0 (2422837)|HEAP_ALLOCATE|[6]|Bytes:5
15:49:50.0 (2426983)|STATEMENT_EXECUTE|[4]
15:49:50.0 (2428433)|STATEMENT_EXECUTE|[6]
15:49:50.0 (2431035)|HEAP_ALLOCATE|[6]|Bytes:59
15:49:50.0 (2450369)|HEAP_ALLOCATE|[6]|Bytes:4
15:49:50.0 (3240429)|SOQL_EXECUTE_BEGIN|[6]|Aggregations:0|SELECT Id, Name, Content__c, Date__c, like__c FROM Topic__c
15:49:50.0 (8237799)|SOQL_EXECUTE_END|[6]|Rows:16
15:49:50.0 (8261169)|HEAP_ALLOCATE|[6]|Bytes:68
15:49:50.0 (8295788)|HEAP_ALLOCATE|[6]|Bytes:5833
15:49:50.0 (8340056)|HEAP_ALLOCATE|[6]|Bytes:68
15:49:50.0 (8357351)|SYSTEM_MODE_EXIT|false
15:49:50.8 (8385540)|CUMULATIVE_LIMIT_USAGE
15:49:50.8 (8385540)|LIMIT_USAGE_FOR_NS|(default)|
  Number of SOQL queries: 1 out of 100
  Number of query rows: 16 out of 50000
  Number of SOSL queries: 0 out of 20
  Number of DML statements: 0 out of 150
  Number of DML rows: 0 out of 10000
  Maximum CPU time: 0 out of 10000
  Maximum heap size: 0 out of 6000000
  Number of callouts: 0 out of 100
  Number of Email Invocations: 0 out of 10
  Number of future calls: 0 out of 50
  Number of queueable jobs added to the queue: 0 out of 50
  Number of Mobile Apex push calls: 0 out of 10

15:49:50.8 (8385540)|CUMULATIVE_LIMIT_USAGE_END

15:49:50.0 (8422248)|CODE_UNIT_FINISHED|SiteController.getTopics
15:49:50.0 (8663632)|CODE_UNIT_FINISHED|Aura
15:49:50.0 (9726350)|EXECUTION_FINISHED
