42.0 APEX_CODE,FINEST;APEX_PROFILING,INFO;CALLOUT,INFO;DB,INFO;SYSTEM,DEBUG;VALIDATION,INFO;VISUALFORCE,INFO;WAVE,INFO;WORKFLOW,INFO
16:43:30.0 (410150)|USER_INFO|[EXTERNAL]|0051r000007nKPL|assh4884@cunning-goat-277018.com|Greenwich Mean Time|GMTZ
16:43:30.0 (473939)|EXECUTION_STARTED
16:43:30.0 (482258)|CODE_UNIT_STARTED|[EXTERNAL]|Aura
16:43:30.0 (2290979)|CODE_UNIT_STARTED|[EXTERNAL]|01p1r000005a73H|SiteController.getTopics
16:43:30.0 (2558824)|HEAP_ALLOCATE|[72]|Bytes:3
16:43:30.0 (2639281)|HEAP_ALLOCATE|[77]|Bytes:152
16:43:30.0 (2665830)|HEAP_ALLOCATE|[342]|Bytes:408
16:43:30.0 (2689166)|HEAP_ALLOCATE|[355]|Bytes:408
16:43:30.0 (2709339)|HEAP_ALLOCATE|[467]|Bytes:48
16:43:30.0 (2746759)|HEAP_ALLOCATE|[139]|Bytes:6
16:43:30.0 (2776736)|HEAP_ALLOCATE|[EXTERNAL]|Bytes:7
16:43:30.0 (2808920)|HEAP_ALLOCATE|[EXTERNAL]|Bytes:11
16:43:30.0 (2841337)|METHOD_ENTRY|[1]|01p1r000005a73H|SiteController.SiteController()
16:43:30.0 (2852070)|STATEMENT_EXECUTE|[1]
16:43:30.0 (2858736)|STATEMENT_EXECUTE|[1]
16:43:30.0 (2900050)|HEAP_ALLOCATE|[50]|Bytes:5
16:43:30.0 (2931044)|HEAP_ALLOCATE|[56]|Bytes:5
16:43:30.0 (2941880)|HEAP_ALLOCATE|[64]|Bytes:7
16:43:30.0 (2974241)|SYSTEM_MODE_ENTER|false
16:43:30.0 (2995892)|HEAP_ALLOCATE|[EXTERNAL]|Bytes:5
16:43:30.0 (3007184)|SYSTEM_MODE_EXIT|false
16:43:30.0 (3041714)|METHOD_EXIT|[1]|SiteController
16:43:30.0 (3060048)|SYSTEM_MODE_ENTER|false
16:43:30.0 (3080156)|HEAP_ALLOCATE|[6]|Bytes:5
16:43:30.0 (3087111)|STATEMENT_EXECUTE|[4]
16:43:30.0 (3089501)|STATEMENT_EXECUTE|[6]
16:43:30.0 (3093832)|HEAP_ALLOCATE|[6]|Bytes:59
16:43:30.0 (3124482)|HEAP_ALLOCATE|[6]|Bytes:4
16:43:30.0 (4114507)|SOQL_EXECUTE_BEGIN|[6]|Aggregations:0|SELECT Id, Name, Content__c, Date__c, like__c FROM Topic__c
16:43:30.0 (13093148)|SOQL_EXECUTE_END|[6]|Rows:16
16:43:30.0 (13135021)|HEAP_ALLOCATE|[6]|Bytes:68
16:43:30.0 (13169694)|HEAP_ALLOCATE|[6]|Bytes:5833
16:43:30.0 (13243095)|HEAP_ALLOCATE|[6]|Bytes:68
16:43:30.0 (13275519)|SYSTEM_MODE_EXIT|false
16:43:30.13 (13306820)|CUMULATIVE_LIMIT_USAGE
16:43:30.13 (13306820)|LIMIT_USAGE_FOR_NS|(default)|
  Number of SOQL queries: 1 out of 100
  Number of query rows: 16 out of 50000
  Number of SOSL queries: 0 out of 20
  Number of DML statements: 0 out of 150
  Number of DML rows: 0 out of 10000
  Maximum CPU time: 0 out of 10000
  Maximum heap size: 0 out of 6000000
  Number of callouts: 0 out of 100
  Number of Email Invocations: 0 out of 10
  Number of future calls: 0 out of 50
  Number of queueable jobs added to the queue: 0 out of 50
  Number of Mobile Apex push calls: 0 out of 10

16:43:30.13 (13306820)|CUMULATIVE_LIMIT_USAGE_END

16:43:30.0 (13360553)|CODE_UNIT_FINISHED|SiteController.getTopics
16:43:30.0 (13625301)|CODE_UNIT_FINISHED|Aura
16:43:30.0 (14848526)|EXECUTION_FINISHED
