42.0 APEX_CODE,FINEST;APEX_PROFILING,INFO;CALLOUT,INFO;DB,INFO;SYSTEM,DEBUG;VALIDATION,INFO;VISUALFORCE,INFO;WAVE,INFO;WORKFLOW,INFO
16:53:52.0 (54040)|USER_INFO|[EXTERNAL]|0051r000007nKPL|assh4884@cunning-goat-277018.com|Greenwich Mean Time|GMTZ
16:53:52.0 (88016)|EXECUTION_STARTED
16:53:52.0 (91926)|CODE_UNIT_STARTED|[EXTERNAL]|Aura
16:53:52.0 (1096384)|CODE_UNIT_STARTED|[EXTERNAL]|01p1r000005a73H|SiteController.getTopics
16:53:52.0 (1325688)|HEAP_ALLOCATE|[72]|Bytes:3
16:53:52.0 (1368146)|HEAP_ALLOCATE|[77]|Bytes:152
16:53:52.0 (1383178)|HEAP_ALLOCATE|[342]|Bytes:408
16:53:52.0 (1394997)|HEAP_ALLOCATE|[355]|Bytes:408
16:53:52.0 (1405064)|HEAP_ALLOCATE|[467]|Bytes:48
16:53:52.0 (1430754)|HEAP_ALLOCATE|[139]|Bytes:6
16:53:52.0 (1445209)|HEAP_ALLOCATE|[EXTERNAL]|Bytes:7
16:53:52.0 (1449812)|HEAP_ALLOCATE|[EXTERNAL]|Bytes:5
16:53:52.0 (1456854)|METHOD_ENTRY|[1]|01p1r000005a73H|SiteController.SiteController()
16:53:52.0 (1463146)|STATEMENT_EXECUTE|[1]
16:53:52.0 (1467655)|STATEMENT_EXECUTE|[1]
16:53:52.0 (1499402)|HEAP_ALLOCATE|[50]|Bytes:5
16:53:52.0 (1521815)|HEAP_ALLOCATE|[56]|Bytes:5
16:53:52.0 (1528203)|HEAP_ALLOCATE|[64]|Bytes:7
16:53:52.0 (1553851)|SYSTEM_MODE_ENTER|false
16:53:52.0 (1568147)|HEAP_ALLOCATE|[EXTERNAL]|Bytes:5
16:53:52.0 (1575412)|SYSTEM_MODE_EXIT|false
16:53:52.0 (1584023)|METHOD_EXIT|[1]|SiteController
16:53:52.0 (1592716)|SYSTEM_MODE_ENTER|false
16:53:52.0 (1605845)|HEAP_ALLOCATE|[6]|Bytes:5
16:53:52.0 (1609876)|STATEMENT_EXECUTE|[4]
16:53:52.0 (1611419)|STATEMENT_EXECUTE|[6]
16:53:52.0 (1613872)|HEAP_ALLOCATE|[6]|Bytes:59
16:53:52.0 (1632870)|HEAP_ALLOCATE|[6]|Bytes:4
16:53:52.0 (1913251)|SOQL_EXECUTE_BEGIN|[6]|Aggregations:0|SELECT Id, Name, Content__c, Date__c, like__c FROM Topic__c
16:53:52.0 (6773105)|SOQL_EXECUTE_END|[6]|Rows:16
16:53:52.0 (6796359)|HEAP_ALLOCATE|[6]|Bytes:68
16:53:52.0 (6827929)|HEAP_ALLOCATE|[6]|Bytes:5833
16:53:52.0 (6874444)|HEAP_ALLOCATE|[6]|Bytes:68
16:53:52.0 (6890679)|SYSTEM_MODE_EXIT|false
16:53:52.6 (6912356)|CUMULATIVE_LIMIT_USAGE
16:53:52.6 (6912356)|LIMIT_USAGE_FOR_NS|(default)|
  Number of SOQL queries: 1 out of 100
  Number of query rows: 16 out of 50000
  Number of SOSL queries: 0 out of 20
  Number of DML statements: 0 out of 150
  Number of DML rows: 0 out of 10000
  Maximum CPU time: 0 out of 10000
  Maximum heap size: 0 out of 6000000
  Number of callouts: 0 out of 100
  Number of Email Invocations: 0 out of 10
  Number of future calls: 0 out of 50
  Number of queueable jobs added to the queue: 0 out of 50
  Number of Mobile Apex push calls: 0 out of 10

16:53:52.6 (6912356)|CUMULATIVE_LIMIT_USAGE_END

16:53:52.0 (6945269)|CODE_UNIT_FINISHED|SiteController.getTopics
16:53:52.0 (7217725)|CODE_UNIT_FINISHED|Aura
16:53:52.0 (8268293)|EXECUTION_FINISHED
